--- Log File Created: 2025-05-20 06:19:34.125 ---
[2025-05-20 06:19:34.236]<DEBUG> [Detector]Robot Inferencer initializing...
[2025-05-20 06:19:34.239]<DEBUG> [Yolov8Inferencer]Model loaded: car_v8n
[2025-05-20 06:19:34.243]<DEBUG> [Yolov8Inferencer]Model class count: 1
[2025-05-20 06:19:34.244]<DEBUG> [Yolov8Inferencer]Model loaded: armor_v8n
[2025-05-20 06:19:34.245]<DEBUG> [Yolov8Inferencer]Model class count: 12
[2025-05-20 06:19:34.246]<DEBUG> [Detector]initialized.
[2025-05-20 06:19:37.755]<DEBUG> [SerialHandler]Serial port closed.
[2025-05-20 06:19:37.758]<DEBUG> [SerialHandler]Serial port opened: COM6
[2025-05-20 06:19:37.785]<DEBUG> [DataManager]Send data: {Hero: (1400, 750), Engineer: (1400, 750), Infantry3: (1400, 750), Infantry4: (1400, 750), Infantry5: (1400, 750), Sentry: (2170, 855)}
[2025-05-20 06:19:37.949]<DEBUG> [SerialHandler] <0x0003> GameRobotHp: Red1: 0, Red2: 0, Red3: 0, Red4: 0, Red5: 0, Red7: 0, RedOutpost: 0, RedBase: 0, Blue1: 0, Blue2: 0, Blue3: 0, Blue4: 0, Blue5: 0, Blue7: 400, BlueOutpost: 0, BlueBase: 0
[2025-05-20 06:19:38.096]<DEBUG> [DataManager]Send data: {Hero: (1400, 750), Engineer: (1400, 750), Infantry3: (1400, 750), Infantry4: (1400, 750), Infantry5: (1400, 750), Sentry: (2170, 855)}
[2025-05-20 06:19:38.153]<DEBUG> [SerialHandler] <0x0101> GameBuff: IsSupplyAreaOccupied: False, IsSupplyAreaOccupied2: False, IsSupplyAreaOccupied3: False, IsLittleEnergyOrganActivated: False, IsBigEnergyOrganActivated: False, IsCentralHighlandOccupied: False, IsTrapezoidalHighlandOccupied: False, EnemyDartHitTime: 0, EnemyDartHitTarget: 0, CenterGainPointStatus: 0
[2025-05-20 06:19:38.215]<DEBUG> [SerialHandler] <0x0003> GameRobotHp: Red1: 0, Red2: 0, Red3: 0, Red4: 0, Red5: 0, Red7: 0, RedOutpost: 0, RedBase: 0, Blue1: 0, Blue2: 0, Blue3: 0, Blue4: 0, Blue5: 0, Blue7: 400, BlueOutpost: 0, BlueBase: 0
[2025-05-20 06:19:38.375]<DEBUG> [DataManager]Send data: {Hero: (1400, 750), Engineer: (1400, 750), Infantry3: (1400, 750), Infantry4: (1400, 750), Infantry5: (1400, 750), Sentry: (2170, 855)}
[2025-05-20 06:19:38.524]<DEBUG> [SerialHandler] <0x0003> GameRobotHp: Red1: 0, Red2: 0, Red3: 0, Red4: 0, Red5: 0, Red7: 0, RedOutpost: 0, RedBase: 0, Blue1: 0, Blue2: 0, Blue3: 0, Blue4: 0, Blue5: 0, Blue7: 400, BlueOutpost: 0, BlueBase: 0
[2025-05-20 06:19:38.658]<DEBUG> [DataManager]Send data: {Hero: (1400, 750), Engineer: (1400, 750), Infantry3: (1400, 750), Infantry4: (1400, 750), Infantry5: (1400, 750), Sentry: (2170, 855)}
[2025-05-20 06:19:38.828]<DEBUG> [SerialHandler] <0x0003> GameRobotHp: Red1: 0, Red2: 0, Red3: 0, Red4: 0, Red5: 0, Red7: 0, RedOutpost: 0, RedBase: 0, Blue1: 0, Blue2: 0, Blue3: 0, Blue4: 0, Blue5: 0, Blue7: 400, BlueOutpost: 0, BlueBase: 0
[2025-05-20 06:19:38.937]<DEBUG> [DataManager]Send data: {Hero: (1400, 750), Engineer: (1400, 750), Infantry3: (1400, 750), Infantry4: (1400, 750), Infantry5: (1400, 750), Sentry: (2170, 855)}
[2025-05-20 06:19:39.221]<DEBUG> [DataManager]Send data: {Hero: (1400, 750), Engineer: (1400, 750), Infantry3: (1400, 750), Infantry4: (1400, 750), Infantry5: (1400, 750), Sentry: (2170, 855)}
[2025-05-20 06:19:39.442]<DEBUG> [SerialHandler] <0x0003> GameRobotHp: Red1: 0, Red2: 0, Red3: 0, Red4: 0, Red5: 0, Red7: 0, RedOutpost: 0, RedBase: 0, Blue1: 0, Blue2: 0, Blue3: 0, Blue4: 0, Blue5: 0, Blue7: 400, BlueOutpost: 0, BlueBase: 0
[2025-05-20 06:19:39.497]<DEBUG> [DataManager]Send data: {Hero: (1400, 750), Engineer: (1400, 750), Infantry3: (1400, 750), Infantry4: (1400, 750), Infantry5: (1400, 750), Sentry: (2170, 855)}
[2025-05-20 06:19:39.722]<DEBUG> [SerialHandler] <0x0003> GameRobotHp: Red1: 0, Red2: 0, Red3: 0, Red4: 0, Red5: 0, Red7: 0, RedOutpost: 0, RedBase: 0, Blue1: 0, Blue2: 0, Blue3: 0, Blue4: 0, Blue5: 0, Blue7: 400, BlueOutpost: 0, BlueBase: 0
[2025-05-20 06:19:39.779]<DEBUG> [DataManager]Send data: {Hero: (1400, 750), Engineer: (1400, 750), Infantry3: (1400, 750), Infantry4: (1400, 750), Infantry5: (1400, 750), Sentry: (2170, 855)}
[2025-05-20 06:19:40.048]<DEBUG> [SerialHandler] <0x0003> GameRobotHp: Red1: 0, Red2: 0, Red3: 0, Red4: 0, Red5: 0, Red7: 0, RedOutpost: 0, RedBase: 0, Blue1: 0, Blue2: 0, Blue3: 0, Blue4: 0, Blue5: 0, Blue7: 400, BlueOutpost: 0, BlueBase: 0
[2025-05-20 06:19:40.069]<DEBUG> [DataManager]Send data: {Hero: (1400, 750), Engineer: (1400, 750), Infantry3: (1400, 750), Infantry4: (1400, 750), Infantry5: (1400, 750), Sentry: (2170, 855)}
[2025-05-20 06:19:40.317]<DEBUG> [SerialHandler] <0x0003> GameRobotHp: Red1: 0, Red2: 0, Red3: 0, Red4: 0, Red5: 0, Red7: 0, RedOutpost: 0, RedBase: 0, Blue1: 0, Blue2: 0, Blue3: 0, Blue4: 0, Blue5: 0, Blue7: 400, BlueOutpost: 0, BlueBase: 0
[2025-05-20 06:19:40.344]<DEBUG> [DataManager]Send data: {Hero: (1400, 750), Engineer: (1400, 750), Infantry3: (1400, 750), Infantry4: (1400, 750), Infantry5: (1400, 750), Sentry: (2170, 855)}
[2025-05-20 06:19:40.622]<DEBUG> [SerialHandler] <0x0003> GameRobotHp: Red1: 0, Red2: 0, Red3: 0, Red4: 0, Red5: 0, Red7: 0, RedOutpost: 0, RedBase: 0, Blue1: 0, Blue2: 0, Blue3: 0, Blue4: 0, Blue5: 0, Blue7: 400, BlueOutpost: 0, BlueBase: 0
[2025-05-20 06:19:40.623]<DEBUG> [DataManager]Send data: {Hero: (1400, 750), Engineer: (1400, 750), Infantry3: (1400, 750), Infantry4: (1400, 750), Infantry5: (1400, 750), Sentry: (2170, 855)}
[2025-05-20 06:19:40.904]<DEBUG> [DataManager]Send data: {Hero: (1400, 750), Engineer: (1400, 750), Infantry3: (1400, 750), Infantry4: (1400, 750), Infantry5: (1400, 750), Sentry: (2170, 855)}
[2025-05-20 06:19:40.929]<DEBUG> [SerialHandler] <0x0003> GameRobotHp: Red1: 0, Red2: 0, Red3: 0, Red4: 0, Red5: 0, Red7: 0, RedOutpost: 0, RedBase: 0, Blue1: 0, Blue2: 0, Blue3: 0, Blue4: 0, Blue5: 0, Blue7: 400, BlueOutpost: 0, BlueBase: 0
[2025-05-20 06:19:41.177]<DEBUG> [DataManager]Send data: {Hero: (1400, 750), Engineer: (1400, 750), Infantry3: (1400, 750), Infantry4: (1400, 750), Infantry5: (1400, 750), Sentry: (2170, 855)}
[2025-05-20 06:19:41.237]<DEBUG> [SerialHandler] <0x0003> GameRobotHp: Red1: 0, Red2: 0, Red3: 0, Red4: 0, Red5: 0, Red7: 0, RedOutpost: 0, RedBase: 0, Blue1: 0, Blue2: 0, Blue3: 0, Blue4: 0, Blue5: 0, Blue7: 400, BlueOutpost: 0, BlueBase: 0
[2025-05-20 06:19:41.476]<DEBUG> [DataManager]Send data: {Hero: (1400, 750), Engineer: (1400, 750), Infantry3: (1400, 750), Infantry4: (1400, 750), Infantry5: (1400, 750), Sentry: (2170, 855)}
[2025-05-20 06:19:41.532]<DEBUG> [SerialHandler] <0x0003> GameRobotHp: Red1: 0, Red2: 0, Red3: 0, Red4: 0, Red5: 0, Red7: 0, RedOutpost: 0, RedBase: 0, Blue1: 0, Blue2: 0, Blue3: 0, Blue4: 0, Blue5: 0, Blue7: 400, BlueOutpost: 0, BlueBase: 0
[2025-05-20 06:19:41.762]<DEBUG> [DataManager]Send data: {Hero: (1400, 750), Engineer: (1400, 750), Infantry3: (1400, 750), Infantry4: (1400, 750), Infantry5: (1400, 750), Sentry: (2170, 855)}
[2025-05-20 06:19:41.821]<DEBUG> [SerialHandler] <0x0003> GameRobotHp: Red1: 0, Red2: 0, Red3: 0, Red4: 0, Red5: 0, Red7: 0, RedOutpost: 0, RedBase: 0, Blue1: 0, Blue2: 0, Blue3: 0, Blue4: 0, Blue5: 0, Blue7: 400, BlueOutpost: 0, BlueBase: 0
[2025-05-20 06:19:42.037]<DEBUG> [DataManager]Send data: {Hero: (1400, 750), Engineer: (1400, 750), Infantry3: (1400, 750), Infantry4: (1400, 750), Infantry5: (1400, 750), Sentry: (2170, 855)}
[2025-05-20 06:19:42.322]<DEBUG> [DataManager]Send data: {Hero: (1400, 750), Engineer: (1400, 750), Infantry3: (1400, 750), Infantry4: (1400, 750), Infantry5: (1400, 750), Sentry: (2170, 855)}
[2025-05-20 06:19:42.406]<DEBUG> [SerialHandler] <0x0003> GameRobotHp: Red1: 0, Red2: 0, Red3: 0, Red4: 0, Red5: 0, Red7: 0, RedOutpost: 0, RedBase: 0, Blue1: 0, Blue2: 0, Blue3: 0, Blue4: 0, Blue5: 0, Blue7: 400, BlueOutpost: 0, BlueBase: 0
[2025-05-20 06:19:42.605]<DEBUG> [DataManager]Send data: {Hero: (1400, 750), Engineer: (1400, 750), Infantry3: (1400, 750), Infantry4: (1400, 750), Infantry5: (1400, 750), Sentry: (2170, 855)}
[2025-05-20 06:19:42.740]<DEBUG> [SerialHandler] <0x0003> GameRobotHp: Red1: 0, Red2: 0, Red3: 0, Red4: 0, Red5: 0, Red7: 0, RedOutpost: 0, RedBase: 0, Blue1: 0, Blue2: 0, Blue3: 0, Blue4: 0, Blue5: 0, Blue7: 400, BlueOutpost: 0, BlueBase: 0
[2025-05-20 06:19:42.886]<DEBUG> [DataManager]Send data: {Hero: (1400, 750), Engineer: (1400, 750), Infantry3: (1400, 750), Infantry4: (1400, 750), Infantry5: (1400, 750), Sentry: (2170, 855)}
[2025-05-20 06:19:43.077]<DEBUG> [SerialHandler] <0x0003> GameRobotHp: Red1: 0, Red2: 0, Red3: 0, Red4: 0, Red5: 0, Red7: 0, RedOutpost: 0, RedBase: 0, Blue1: 0, Blue2: 0, Blue3: 0, Blue4: 0, Blue5: 0, Blue7: 400, BlueOutpost: 0, BlueBase: 0
[2025-05-20 06:19:43.130]<DEBUG> [SerialHandler] <0x0001> GameStatus: GameType: 1, GameStage: NotStarted, StageRemainTime: 0, SyncTimestamp: 0
[2025-05-20 06:19:43.159]<DEBUG> [DataManager]Send data: {Hero: (1400, 750), Engineer: (1400, 750), Infantry3: (1400, 750), Infantry4: (1400, 750), Infantry5: (1400, 750), Sentry: (2170, 855)}
[2025-05-20 06:19:43.321]<DEBUG> [SerialHandler] <0x0003> GameRobotHp: Red1: 0, Red2: 0, Red3: 0, Red4: 0, Red5: 0, Red7: 0, RedOutpost: 0, RedBase: 0, Blue1: 0, Blue2: 0, Blue3: 0, Blue4: 0, Blue5: 0, Blue7: 400, BlueOutpost: 0, BlueBase: 0
[2025-05-20 06:19:43.431]<DEBUG> [DataManager]Send data: {Hero: (1400, 750), Engineer: (1400, 750), Infantry3: (1400, 750), Infantry4: (1400, 750), Infantry5: (1400, 750), Sentry: (2170, 855)}
[2025-05-20 06:19:43.635]<DEBUG> [SerialHandler] <0x0003> GameRobotHp: Red1: 0, Red2: 0, Red3: 0, Red4: 0, Red5: 0, Red7: 0, RedOutpost: 0, RedBase: 0, Blue1: 0, Blue2: 0, Blue3: 0, Blue4: 0, Blue5: 0, Blue7: 400, BlueOutpost: 0, BlueBase: 0
[2025-05-20 06:19:43.715]<DEBUG> [DataManager]Send data: {Hero: (1400, 750), Engineer: (1400, 750), Infantry3: (1400, 750), Infantry4: (1400, 750), Infantry5: (1400, 750), Sentry: (2170, 855)}
[2025-05-20 06:19:43.937]<DEBUG> [SerialHandler] <0x0003> GameRobotHp: Red1: 0, Red2: 0, Red3: 0, Red4: 0, Red5: 0, Red7: 0, RedOutpost: 0, RedBase: 0, Blue1: 0, Blue2: 0, Blue3: 0, Blue4: 0, Blue5: 0, Blue7: 400, BlueOutpost: 0, BlueBase: 0
[2025-05-20 06:19:43.993]<DEBUG> [DataManager]Send data: {Hero: (1400, 750), Engineer: (1400, 750), Infantry3: (1400, 750), Infantry4: (1400, 750), Infantry5: (1400, 750), Sentry: (2170, 855)}
[2025-05-20 06:19:44.214]<DEBUG> [SerialHandler] <0x0003> GameRobotHp: Red1: 0, Red2: 0, Red3: 0, Red4: 0, Red5: 0, Red7: 0, RedOutpost: 0, RedBase: 0, Blue1: 0, Blue2: 0, Blue3: 0, Blue4: 0, Blue5: 0, Blue7: 400, BlueOutpost: 0, BlueBase: 0
[2025-05-20 06:19:44.269]<DEBUG> [DataManager]Send data: {Hero: (1400, 750), Engineer: (1400, 750), Infantry3: (1400, 750), Infantry4: (1400, 750), Infantry5: (1400, 750), Sentry: (2170, 855)}
[2025-05-20 06:19:44.520]<DEBUG> [SerialHandler] <0x0003> GameRobotHp: Red1: 0, Red2: 0, Red3: 0, Red4: 0, Red5: 0, Red7: 0, RedOutpost: 0, RedBase: 0, Blue1: 0, Blue2: 0, Blue3: 0, Blue4: 0, Blue5: 0, Blue7: 400, BlueOutpost: 0, BlueBase: 0
[2025-05-20 06:19:44.548]<DEBUG> [DataManager]Send data: {Hero: (1400, 750), Engineer: (1400, 750), Infantry3: (1400, 750), Infantry4: (1400, 750), Infantry5: (1400, 750), Sentry: (2170, 855)}
[2025-05-20 06:19:44.827]<DEBUG> [SerialHandler] <0x0003> GameRobotHp: Red1: 0, Red2: 0, Red3: 0, Red4: 0, Red5: 0, Red7: 0, RedOutpost: 0, RedBase: 0, Blue1: 0, Blue2: 0, Blue3: 0, Blue4: 0, Blue5: 0, Blue7: 400, BlueOutpost: 0, BlueBase: 0
[2025-05-20 06:19:44.828]<DEBUG> [DataManager]Send data: {Hero: (1400, 750), Engineer: (1400, 750), Infantry3: (1400, 750), Infantry4: (1400, 750), Infantry5: (1400, 750), Sentry: (2170, 855)}
[2025-05-20 06:19:45.107]<DEBUG> [DataManager]Send data: {Hero: (1400, 750), Engineer: (1400, 750), Infantry3: (1400, 750), Infantry4: (1400, 750), Infantry5: (1400, 750), Sentry: (2170, 855)}
[2025-05-20 06:19:45.391]<DEBUG> [DataManager]Send data: {Hero: (1400, 750), Engineer: (1400, 750), Infantry3: (1400, 750), Infantry4: (1400, 750), Infantry5: (1400, 750), Sentry: (2170, 855)}
[2025-05-20 06:19:45.419]<DEBUG> [SerialHandler] <0x0003> GameRobotHp: Red1: 0, Red2: 0, Red3: 0, Red4: 0, Red5: 0, Red7: 0, RedOutpost: 0, RedBase: 0, Blue1: 0, Blue2: 0, Blue3: 0, Blue4: 0, Blue5: 0, Blue7: 400, BlueOutpost: 0, BlueBase: 0
[2025-05-20 06:19:45.679]<DEBUG> [DataManager]Send data: {Hero: (1400, 750), Engineer: (1400, 750), Infantry3: (1400, 750), Infantry4: (1400, 750), Infantry5: (1400, 750), Sentry: (2170, 855)}
[2025-05-20 06:19:45.736]<DEBUG> [SerialHandler] <0x0003> GameRobotHp: Red1: 0, Red2: 0, Red3: 0, Red4: 0, Red5: 0, Red7: 0, RedOutpost: 0, RedBase: 0, Blue1: 0, Blue2: 0, Blue3: 0, Blue4: 0, Blue5: 0, Blue7: 400, BlueOutpost: 0, BlueBase: 0
[2025-05-20 06:19:45.955]<DEBUG> [DataManager]Send data: {Hero: (1400, 750), Engineer: (1400, 750), Infantry3: (1400, 750), Infantry4: (1400, 750), Infantry5: (1400, 750), Sentry: (2170, 855)}
[2025-05-20 06:19:46.012]<DEBUG> [SerialHandler] <0x0003> GameRobotHp: Red1: 0, Red2: 0, Red3: 0, Red4: 0, Red5: 0, Red7: 0, RedOutpost: 0, RedBase: 0, Blue1: 0, Blue2: 0, Blue3: 0, Blue4: 0, Blue5: 0, Blue7: 400, BlueOutpost: 0, BlueBase: 0
[2025-05-20 06:19:46.231]<DEBUG> [DataManager]Send data: {Hero: (1400, 750), Engineer: (1400, 750), Infantry3: (1400, 750), Infantry4: (1400, 750), Infantry5: (1400, 750), Sentry: (2170, 855)}
[2025-05-20 06:19:46.340]<DEBUG> [SerialHandler] <0x0003> GameRobotHp: Red1: 0, Red2: 0, Red3: 0, Red4: 0, Red5: 0, Red7: 0, RedOutpost: 0, RedBase: 0, Blue1: 0, Blue2: 0, Blue3: 0, Blue4: 0, Blue5: 0, Blue7: 400, BlueOutpost: 0, BlueBase: 0
[2025-05-20 06:19:46.507]<DEBUG> [DataManager]Send data: {Hero: (1400, 750), Engineer: (1400, 750), Infantry3: (1400, 750), Infantry4: (1400, 750), Infantry5: (1400, 750), Sentry: (2170, 855)}
[2025-05-20 06:19:46.616]<DEBUG> [SerialHandler] <0x0003> GameRobotHp: Red1: 0, Red2: 0, Red3: 0, Red4: 0, Red5: 0, Red7: 0, RedOutpost: 0, RedBase: 0, Blue1: 0, Blue2: 0, Blue3: 0, Blue4: 0, Blue5: 0, Blue7: 400, BlueOutpost: 0, BlueBase: 0
[2025-05-20 06:19:46.782]<DEBUG> [DataManager]Send data: {Hero: (1400, 750), Engineer: (1400, 750), Infantry3: (1400, 750), Infantry4: (1400, 750), Infantry5: (1400, 750), Sentry: (2170, 855)}
[2025-05-20 06:19:46.945]<DEBUG> [SerialHandler] <0x0003> GameRobotHp: Red1: 0, Red2: 0, Red3: 0, Red4: 0, Red5: 0, Red7: 0, RedOutpost: 0, RedBase: 0, Blue1: 0, Blue2: 0, Blue3: 0, Blue4: 0, Blue5: 0, Blue7: 400, BlueOutpost: 0, BlueBase: 0
[2025-05-20 06:19:47.054]<DEBUG> [DataManager]Send data: {Hero: (1400, 750), Engineer: (1400, 750), Infantry3: (1400, 750), Infantry4: (1400, 750), Infantry5: (1400, 750), Sentry: (2170, 855)}
[2025-05-20 06:19:47.244]<DEBUG> [SerialHandler] <0x0003> GameRobotHp: Red1: 0, Red2: 0, Red3: 0, Red4: 0, Red5: 0, Red7: 0, RedOutpost: 0, RedBase: 0, Blue1: 0, Blue2: 0, Blue3: 0, Blue4: 0, Blue5: 0, Blue7: 400, BlueOutpost: 0, BlueBase: 0
[2025-05-20 06:19:47.326]<DEBUG> [DataManager]Send data: {Hero: (1400, 750), Engineer: (1400, 750), Infantry3: (1400, 750), Infantry4: (1400, 750), Infantry5: (1400, 750), Sentry: (2170, 855)}
[2025-05-20 06:19:47.516]<DEBUG> [SerialHandler] <0x0003> GameRobotHp: Red1: 0, Red2: 0, Red3: 0, Red4: 0, Red5: 0, Red7: 0, RedOutpost: 0, RedBase: 0, Blue1: 0, Blue2: 0, Blue3: 0, Blue4: 0, Blue5: 0, Blue7: 400, BlueOutpost: 0, BlueBase: 0
[2025-05-20 06:19:47.599]<DEBUG> [DataManager]Send data: {Hero: (1400, 750), Engineer: (1400, 750), Infantry3: (1400, 750), Infantry4: (1400, 750), Infantry5: (1400, 750), Sentry: (2170, 855)}
[2025-05-20 06:19:47.847]<DEBUG> [SerialHandler] <0x0003> GameRobotHp: Red1: 0, Red2: 0, Red3: 0, Red4: 0, Red5: 0, Red7: 0, RedOutpost: 0, RedBase: 0, Blue1: 0, Blue2: 0, Blue3: 0, Blue4: 0, Blue5: 0, Blue7: 400, BlueOutpost: 0, BlueBase: 0
[2025-05-20 06:19:47.874]<DEBUG> [DataManager]Send data: {Hero: (1400, 750), Engineer: (1400, 750), Infantry3: (1400, 750), Infantry4: (1400, 750), Infantry5: (1400, 750), Sentry: (2170, 855)}
[2025-05-20 06:19:48.127]<DEBUG> [SerialHandler] <0x020E> RadarStatus: DoubleDebuffChances: 2,IsDoubleDebuffAble: False
[2025-05-20 06:19:48.128]<DEBUG> [DataManager]Send double debuff command:1
[2025-05-20 06:19:48.152]<DEBUG> [DataManager]Send data: {Hero: (1400, 750), Engineer: (1400, 750), Infantry3: (1400, 750), Infantry4: (1400, 750), Infantry5: (1400, 750), Sentry: (2170, 855)}
[2025-05-20 06:19:48.154]<DEBUG> [DataManager]Send double debuff command:2
[2025-05-20 06:19:48.425]<DEBUG> [SerialHandler] <0x0003> GameRobotHp: Red1: 0, Red2: 0, Red3: 0, Red4: 0, Red5: 0, Red7: 0, RedOutpost: 0, RedBase: 0, Blue1: 0, Blue2: 0, Blue3: 0, Blue4: 0, Blue5: 0, Blue7: 400, BlueOutpost: 0, BlueBase: 0
[2025-05-20 06:19:48.426]<DEBUG> [DataManager]Send data: {Hero: (1400, 750), Engineer: (1400, 750), Infantry3: (1400, 750), Infantry4: (1400, 750), Infantry5: (1400, 750), Sentry: (2170, 855)}
[2025-05-20 06:19:48.696]<DEBUG> [DataManager]Send data: {Hero: (1400, 750), Engineer: (1400, 750), Infantry3: (1400, 750), Infantry4: (1400, 750), Infantry5: (1400, 750), Sentry: (2170, 855)}
[2025-05-20 06:19:48.723]<DEBUG> [SerialHandler] <0x0003> GameRobotHp: Red1: 0, Red2: 0, Red3: 0, Red4: 0, Red5: 0, Red7: 0, RedOutpost: 0, RedBase: 0, Blue1: 0, Blue2: 0, Blue3: 0, Blue4: 0, Blue5: 0, Blue7: 400, BlueOutpost: 0, BlueBase: 0
[2025-05-20 06:19:48.973]<DEBUG> [DataManager]Send data: {Hero: (1400, 750), Engineer: (1400, 750), Infantry3: (1400, 750), Infantry4: (1400, 750), Infantry5: (1400, 750), Sentry: (2170, 855)}
[2025-05-20 06:19:49.026]<DEBUG> [SerialHandler] <0x0003> GameRobotHp: Red1: 0, Red2: 0, Red3: 0, Red4: 0, Red5: 0, Red7: 0, RedOutpost: 0, RedBase: 0, Blue1: 0, Blue2: 0, Blue3: 0, Blue4: 0, Blue5: 0, Blue7: 400, BlueOutpost: 0, BlueBase: 0
[2025-05-20 06:19:49.265]<DEBUG> [DataManager]Send data: {Hero: (1400, 750), Engineer: (1400, 750), Infantry3: (1400, 750), Infantry4: (1400, 750), Infantry5: (1400, 750), Sentry: (2170, 855)}
[2025-05-20 06:19:49.322]<DEBUG> [SerialHandler] <0x0003> GameRobotHp: Red1: 0, Red2: 0, Red3: 0, Red4: 0, Red5: 0, Red7: 0, RedOutpost: 0, RedBase: 0, Blue1: 0, Blue2: 0, Blue3: 0, Blue4: 0, Blue5: 0, Blue7: 400, BlueOutpost: 0, BlueBase: 0
[2025-05-20 06:19:49.545]<DEBUG> [DataManager]Send data: {Hero: (1400, 750), Engineer: (1400, 750), Infantry3: (1400, 750), Infantry4: (1400, 750), Infantry5: (1400, 750), Sentry: (2170, 855)}
[2025-05-20 06:19:49.630]<DEBUG> [SerialHandler] <0x0003> GameRobotHp: Red1: 0, Red2: 0, Red3: 0, Red4: 0, Red5: 0, Red7: 0, RedOutpost: 0, RedBase: 0, Blue1: 0, Blue2: 0, Blue3: 0, Blue4: 0, Blue5: 0, Blue7: 400, BlueOutpost: 0, BlueBase: 0
[2025-05-20 06:19:49.826]<DEBUG> [DataManager]Send data: {Hero: (1400, 750), Engineer: (1400, 750), Infantry3: (1400, 750), Infantry4: (1400, 750), Infantry5: (1400, 750), Sentry: (2170, 855)}
[2025-05-20 06:19:49.935]<DEBUG> [SerialHandler] <0x0003> GameRobotHp: Red1: 0, Red2: 0, Red3: 0, Red4: 0, Red5: 0, Red7: 0, RedOutpost: 0, RedBase: 0, Blue1: 0, Blue2: 0, Blue3: 0, Blue4: 0, Blue5: 0, Blue7: 400, BlueOutpost: 0, BlueBase: 0
[2025-05-20 06:19:50.100]<DEBUG> [DataManager]Send data: {Hero: (1400, 750), Engineer: (1400, 750), Infantry3: (1400, 750), Infantry4: (1400, 750), Infantry5: (1400, 750), Sentry: (2170, 855)}
[2025-05-20 06:19:50.129]<DEBUG> [SerialHandler] <0x0101> GameBuff: IsSupplyAreaOccupied: False, IsSupplyAreaOccupied2: False, IsSupplyAreaOccupied3: False, IsLittleEnergyOrganActivated: False, IsBigEnergyOrganActivated: False, IsCentralHighlandOccupied: False, IsTrapezoidalHighlandOccupied: False, EnemyDartHitTime: 0, EnemyDartHitTarget: 0, CenterGainPointStatus: 0
[2025-05-20 06:19:50.213]<DEBUG> [SerialHandler] <0x0003> GameRobotHp: Red1: 0, Red2: 0, Red3: 0, Red4: 0, Red5: 0, Red7: 0, RedOutpost: 0, RedBase: 0, Blue1: 0, Blue2: 0, Blue3: 0, Blue4: 0, Blue5: 0, Blue7: 400, BlueOutpost: 0, BlueBase: 0
[2025-05-20 06:19:50.374]<DEBUG> [DataManager]Send data: {Hero: (1400, 750), Engineer: (1400, 750), Infantry3: (1400, 750), Infantry4: (1400, 750), Infantry5: (1400, 750), Sentry: (2170, 855)}
[2025-05-20 06:19:50.519]<DEBUG> [SerialHandler] <0x0003> GameRobotHp: Red1: 0, Red2: 0, Red3: 0, Red4: 0, Red5: 0, Red7: 0, RedOutpost: 0, RedBase: 0, Blue1: 0, Blue2: 0, Blue3: 0, Blue4: 0, Blue5: 0, Blue7: 400, BlueOutpost: 0, BlueBase: 0
[2025-05-20 06:19:50.654]<DEBUG> [DataManager]Send data: {Hero: (1400, 750), Engineer: (1400, 750), Infantry3: (1400, 750), Infantry4: (1400, 750), Infantry5: (1400, 750), Sentry: (2170, 855)}
[2025-05-20 06:19:50.843]<DEBUG> [SerialHandler] <0x0003> GameRobotHp: Red1: 0, Red2: 0, Red3: 0, Red4: 0, Red5: 0, Red7: 0, RedOutpost: 0, RedBase: 0, Blue1: 0, Blue2: 0, Blue3: 0, Blue4: 0, Blue5: 0, Blue7: 400, BlueOutpost: 0, BlueBase: 0
[2025-05-20 06:19:50.924]<DEBUG> [DataManager]Send data: {Hero: (1400, 750), Engineer: (1400, 750), Infantry3: (1400, 750), Infantry4: (1400, 750), Infantry5: (1400, 750), Sentry: (2170, 855)}
[2025-05-20 06:19:51.123]<DEBUG> [SerialHandler] <0x0101> GameBuff: IsSupplyAreaOccupied: False, IsSupplyAreaOccupied2: False, IsSupplyAreaOccupied3: False, IsLittleEnergyOrganActivated: False, IsBigEnergyOrganActivated: False, IsCentralHighlandOccupied: False, IsTrapezoidalHighlandOccupied: False, EnemyDartHitTime: 0, EnemyDartHitTarget: 0, CenterGainPointStatus: 0
[2025-05-20 06:19:51.205]<DEBUG> [DataManager]Send data: {Hero: (1400, 750), Engineer: (1400, 750), Infantry3: (1400, 750), Infantry4: (1400, 750), Infantry5: (1400, 750), Sentry: (2170, 855)}
[2025-05-20 06:19:51.423]<DEBUG> [SerialHandler] <0x0003> GameRobotHp: Red1: 0, Red2: 0, Red3: 0, Red4: 0, Red5: 0, Red7: 0, RedOutpost: 0, RedBase: 0, Blue1: 0, Blue2: 0, Blue3: 0, Blue4: 0, Blue5: 0, Blue7: 400, BlueOutpost: 0, BlueBase: 0
[2025-05-20 06:19:51.477]<DEBUG> [DataManager]Send data: {Hero: (1400, 750), Engineer: (1400, 750), Infantry3: (1400, 750), Infantry4: (1400, 750), Infantry5: (1400, 750), Sentry: (2170, 855)}
[2025-05-20 06:19:51.727]<DEBUG> [SerialHandler] <0x0003> GameRobotHp: Red1: 0, Red2: 0, Red3: 0, Red4: 0, Red5: 0, Red7: 0, RedOutpost: 0, RedBase: 0, Blue1: 0, Blue2: 0, Blue3: 0, Blue4: 0, Blue5: 0, Blue7: 400, BlueOutpost: 0, BlueBase: 0
[2025-05-20 06:19:51.750]<DEBUG> [DataManager]Send data: {Hero: (1400, 750), Engineer: (1400, 750), Infantry3: (1400, 750), Infantry4: (1400, 750), Infantry5: (1400, 750), Sentry: (2170, 855)}
[2025-05-20 06:19:52.029]<DEBUG> [SerialHandler] <0x0003> GameRobotHp: Red1: 0, Red2: 0, Red3: 0, Red4: 0, Red5: 0, Red7: 0, RedOutpost: 0, RedBase: 0, Blue1: 0, Blue2: 0, Blue3: 0, Blue4: 0, Blue5: 0, Blue7: 400, BlueOutpost: 0, BlueBase: 0
[2025-05-20 06:19:52.030]<DEBUG> [DataManager]Send data: {Hero: (1400, 750), Engineer: (1400, 750), Infantry3: (1400, 750), Infantry4: (1400, 750), Infantry5: (1400, 750), Sentry: (2170, 855)}
[2025-05-20 06:19:52.135]<DEBUG> [SerialHandler] <0x0101> GameBuff: IsSupplyAreaOccupied: False, IsSupplyAreaOccupied2: False, IsSupplyAreaOccupied3: False, IsLittleEnergyOrganActivated: False, IsBigEnergyOrganActivated: False, IsCentralHighlandOccupied: False, IsTrapezoidalHighlandOccupied: False, EnemyDartHitTime: 0, EnemyDartHitTarget: 0, CenterGainPointStatus: 0
[2025-05-20 06:19:52.296]<DEBUG> [DataManager]Send data: {Hero: (1400, 750), Engineer: (1400, 750), Infantry3: (1400, 750), Infantry4: (1400, 750), Infantry5: (1400, 750), Sentry: (2170, 855)}
[2025-05-20 06:19:52.323]<DEBUG> [SerialHandler] <0x0003> GameRobotHp: Red1: 0, Red2: 0, Red3: 0, Red4: 0, Red5: 0, Red7: 0, RedOutpost: 0, RedBase: 0, Blue1: 0, Blue2: 0, Blue3: 0, Blue4: 0, Blue5: 0, Blue7: 400, BlueOutpost: 0, BlueBase: 0
[2025-05-20 06:19:52.565]<DEBUG> [DataManager]Send data: {Hero: (1400, 750), Engineer: (1400, 750), Infantry3: (1400, 750), Infantry4: (1400, 750), Infantry5: (1400, 750), Sentry: (2170, 855)}
[2025-05-20 06:19:52.619]<DEBUG> [SerialHandler] <0x0003> GameRobotHp: Red1: 0, Red2: 0, Red3: 0, Red4: 0, Red5: 0, Red7: 0, RedOutpost: 0, RedBase: 0, Blue1: 0, Blue2: 0, Blue3: 0, Blue4: 0, Blue5: 0, Blue7: 400, BlueOutpost: 0, BlueBase: 0
[2025-05-20 06:19:52.836]<DEBUG> [DataManager]Send data: {Hero: (1400, 750), Engineer: (1400, 750), Infantry3: (1400, 750), Infantry4: (1400, 750), Infantry5: (1400, 750), Sentry: (2170, 855)}
[2025-05-20 06:19:52.917]<DEBUG> [SerialHandler] <0x0003> GameRobotHp: Red1: 0, Red2: 0, Red3: 0, Red4: 0, Red5: 0, Red7: 0, RedOutpost: 0, RedBase: 0, Blue1: 0, Blue2: 0, Blue3: 0, Blue4: 0, Blue5: 0, Blue7: 400, BlueOutpost: 0, BlueBase: 0
[2025-05-20 06:19:53.111]<DEBUG> [DataManager]Send data: {Hero: (1400, 750), Engineer: (1400, 750), Infantry3: (1400, 750), Infantry4: (1400, 750), Infantry5: (1400, 750), Sentry: (2170, 855)}
[2025-05-20 06:19:53.223]<DEBUG> [SerialHandler] <0x0003> GameRobotHp: Red1: 0, Red2: 0, Red3: 0, Red4: 0, Red5: 0, Red7: 0, RedOutpost: 0, RedBase: 0, Blue1: 0, Blue2: 0, Blue3: 0, Blue4: 0, Blue5: 0, Blue7: 400, BlueOutpost: 0, BlueBase: 0
[2025-05-20 06:19:53.407]<DEBUG> [DataManager]Send data: {Hero: (1400, 750), Engineer: (1400, 750), Infantry3: (1400, 750), Infantry4: (1400, 750), Infantry5: (1400, 750), Sentry: (2170, 855)}
[2025-05-20 06:19:53.519]<DEBUG> [SerialHandler] <0x0003> GameRobotHp: Red1: 0, Red2: 0, Red3: 0, Red4: 0, Red5: 0, Red7: 0, RedOutpost: 0, RedBase: 0, Blue1: 0, Blue2: 0, Blue3: 0, Blue4: 0, Blue5: 0, Blue7: 400, BlueOutpost: 0, BlueBase: 0
[2025-05-20 06:19:53.687]<DEBUG> [DataManager]Send data: {Hero: (1400, 750), Engineer: (1400, 750), Infantry3: (1400, 750), Infantry4: (1400, 750), Infantry5: (1400, 750), Sentry: (2170, 855)}
[2025-05-20 06:19:53.830]<DEBUG> [SerialHandler] <0x0003> GameRobotHp: Red1: 0, Red2: 0, Red3: 0, Red4: 0, Red5: 0, Red7: 0, RedOutpost: 0, RedBase: 0, Blue1: 0, Blue2: 0, Blue3: 0, Blue4: 0, Blue5: 0, Blue7: 400, BlueOutpost: 0, BlueBase: 0
[2025-05-20 06:19:53.977]<DEBUG> [DataManager]Send data: {Hero: (1400, 750), Engineer: (1400, 750), Infantry3: (1400, 750), Infantry4: (1400, 750), Infantry5: (1400, 750), Sentry: (2170, 855)}
[2025-05-20 06:19:54.140]<DEBUG> [SerialHandler] <0x0101> GameBuff: IsSupplyAreaOccupied: False, IsSupplyAreaOccupied2: False, IsSupplyAreaOccupied3: False, IsLittleEnergyOrganActivated: False, IsBigEnergyOrganActivated: False, IsCentralHighlandOccupied: False, IsTrapezoidalHighlandOccupied: False, EnemyDartHitTime: 0, EnemyDartHitTarget: 0, CenterGainPointStatus: 0
[2025-05-20 06:19:54.248]<DEBUG> [DataManager]Send data: {Hero: (1400, 750), Engineer: (1400, 750), Infantry3: (1400, 750), Infantry4: (1400, 750), Infantry5: (1400, 750), Sentry: (2170, 855)}
[2025-05-20 06:19:54.441]<DEBUG> [SerialHandler] <0x0003> GameRobotHp: Red1: 0, Red2: 0, Red3: 0, Red4: 0, Red5: 0, Red7: 0, RedOutpost: 0, RedBase: 0, Blue1: 0, Blue2: 0, Blue3: 0, Blue4: 0, Blue5: 0, Blue7: 400, BlueOutpost: 0, BlueBase: 0
[2025-05-20 06:19:54.523]<DEBUG> [DataManager]Send data: {Hero: (1400, 750), Engineer: (1400, 750), Infantry3: (1400, 750), Infantry4: (1400, 750), Infantry5: (1400, 750), Sentry: (2170, 855)}
[2025-05-20 06:19:54.715]<DEBUG> [SerialHandler] <0x0003> GameRobotHp: Red1: 0, Red2: 0, Red3: 0, Red4: 0, Red5: 0, Red7: 0, RedOutpost: 0, RedBase: 0, Blue1: 0, Blue2: 0, Blue3: 0, Blue4: 0, Blue5: 0, Blue7: 400, BlueOutpost: 0, BlueBase: 0
[2025-05-20 06:19:54.796]<DEBUG> [DataManager]Send data: {Hero: (1400, 750), Engineer: (1400, 750), Infantry3: (1400, 750), Infantry4: (1400, 750), Infantry5: (1400, 750), Sentry: (2170, 855)}
[2025-05-20 06:19:55.014]<DEBUG> [SerialHandler] <0x0003> GameRobotHp: Red1: 0, Red2: 0, Red3: 0, Red4: 0, Red5: 0, Red7: 0, RedOutpost: 0, RedBase: 0, Blue1: 0, Blue2: 0, Blue3: 0, Blue4: 0, Blue5: 0, Blue7: 400, BlueOutpost: 0, BlueBase: 0
[2025-05-20 06:19:55.071]<DEBUG> [DataManager]Send data: {Hero: (1400, 750), Engineer: (1400, 750), Infantry3: (1400, 750), Infantry4: (1400, 750), Infantry5: (1400, 750), Sentry: (2170, 855)}
[2025-05-20 06:19:55.316]<DEBUG> [SerialHandler] <0x0003> GameRobotHp: Red1: 0, Red2: 0, Red3: 0, Red4: 0, Red5: 0, Red7: 0, RedOutpost: 0, RedBase: 0, Blue1: 0, Blue2: 0, Blue3: 0, Blue4: 0, Blue5: 0, Blue7: 400, BlueOutpost: 0, BlueBase: 0
[2025-05-20 06:19:55.344]<DEBUG> [DataManager]Send data: {Hero: (1400, 750), Engineer: (1400, 750), Infantry3: (1400, 750), Infantry4: (1400, 750), Infantry5: (1400, 750), Sentry: (2170, 855)}
[2025-05-20 06:19:55.618]<DEBUG> [SerialHandler] <0x0003> GameRobotHp: Red1: 0, Red2: 0, Red3: 0, Red4: 0, Red5: 0, Red7: 0, RedOutpost: 0, RedBase: 0, Blue1: 0, Blue2: 0, Blue3: 0, Blue4: 0, Blue5: 0, Blue7: 400, BlueOutpost: 0, BlueBase: 0
[2025-05-20 06:19:55.619]<DEBUG> [DataManager]Send data: {Hero: (1400, 750), Engineer: (1400, 750), Infantry3: (1400, 750), Infantry4: (1400, 750), Infantry5: (1400, 750), Sentry: (2170, 855)}
[2025-05-20 06:19:55.890]<DEBUG> [DataManager]Send data: {Hero: (1400, 750), Engineer: (1400, 750), Infantry3: (1400, 750), Infantry4: (1400, 750), Infantry5: (1400, 750), Sentry: (2170, 855)}
[2025-05-20 06:19:55.920]<DEBUG> [SerialHandler] <0x0003> GameRobotHp: Red1: 0, Red2: 0, Red3: 0, Red4: 0, Red5: 0, Red7: 0, RedOutpost: 0, RedBase: 0, Blue1: 0, Blue2: 0, Blue3: 0, Blue4: 0, Blue5: 0, Blue7: 400, BlueOutpost: 0, BlueBase: 0
[2025-05-20 06:19:56.127]<DEBUG> [SerialHandler] <0x020E> RadarStatus: DoubleDebuffChances: 2,IsDoubleDebuffAble: False
[2025-05-20 06:19:56.182]<DEBUG> [DataManager]Send data: {Hero: (1400, 750), Engineer: (1400, 750), Infantry3: (1400, 750), Infantry4: (1400, 750), Infantry5: (1400, 750), Sentry: (2170, 855)}
[2025-05-20 06:19:56.236]<DEBUG> [SerialHandler] <0x0003> GameRobotHp: Red1: 0, Red2: 0, Red3: 0, Red4: 0, Red5: 0, Red7: 0, RedOutpost: 0, RedBase: 0, Blue1: 0, Blue2: 0, Blue3: 0, Blue4: 0, Blue5: 0, Blue7: 400, BlueOutpost: 0, BlueBase: 0
[2025-05-20 06:19:56.453]<DEBUG> [DataManager]Send data: {Hero: (1400, 750), Engineer: (1400, 750), Infantry3: (1400, 750), Infantry4: (1400, 750), Infantry5: (1400, 750), Sentry: (2170, 855)}
[2025-05-20 06:19:56.510]<DEBUG> [SerialHandler] <0x0003> GameRobotHp: Red1: 0, Red2: 0, Red3: 0, Red4: 0, Red5: 0, Red7: 0, RedOutpost: 0, RedBase: 0, Blue1: 0, Blue2: 0, Blue3: 0, Blue4: 0, Blue5: 0, Blue7: 400, BlueOutpost: 0, BlueBase: 0
[2025-05-20 06:19:56.734]<DEBUG> [DataManager]Send data: {Hero: (1400, 750), Engineer: (1400, 750), Infantry3: (1400, 750), Infantry4: (1400, 750), Infantry5: (1400, 750), Sentry: (2170, 855)}
[2025-05-20 06:19:56.838]<DEBUG> [SerialHandler] <0x0003> GameRobotHp: Red1: 0, Red2: 0, Red3: 0, Red4: 0, Red5: 0, Red7: 0, RedOutpost: 0, RedBase: 0, Blue1: 0, Blue2: 0, Blue3: 0, Blue4: 0, Blue5: 0, Blue7: 400, BlueOutpost: 0, BlueBase: 0
[2025-05-20 06:19:57.000]<DEBUG> [DataManager]Send data: {Hero: (1400, 750), Engineer: (1400, 750), Infantry3: (1400, 750), Infantry4: (1400, 750), Infantry5: (1400, 750), Sentry: (2170, 855)}
[2025-05-20 06:19:57.157]<DEBUG> [SerialHandler] <0x0001> GameStatus: GameType: 1, GameStage: NotStarted, StageRemainTime: 0, SyncTimestamp: 0
[2025-05-20 06:19:57.275]<DEBUG> [DataManager]Send data: {Hero: (1400, 750), Engineer: (1400, 750), Infantry3: (1400, 750), Infantry4: (1400, 750), Infantry5: (1400, 750), Sentry: (2170, 855)}
