--- Log File Created: 2025-05-22 23:46:12.201 ---
[2025-05-22 23:46:12.404]<DEBUG> [Detector]Robot Inferencer initializing...
[2025-05-22 23:46:12.407]<DEBUG> [Yolov8Inferencer]Model loaded: car_v8n
[2025-05-22 23:46:12.410]<DEBUG> [Yolov8Inferencer]Model class count: 1
[2025-05-22 23:46:12.411]<DEBUG> [Yolov8Inferencer]Model loaded: armor_v8n
[2025-05-22 23:46:12.411]<DEBUG> [Yolov8Inferencer]Model class count: 12
[2025-05-22 23:46:12.412]<DEBUG> [Yolov8Inferencer]Model loaded: armor_v8n
[2025-05-22 23:46:12.413]<DEBUG> [Yolov8Inferencer]Model class count: 12
[2025-05-22 23:46:12.414]<DEBUG> [Yolov8Inferencer]Model loaded: armor_v8n
[2025-05-22 23:46:12.415]<DEBUG> [Yolov8Inferencer]Model class count: 12
[2025-05-22 23:46:12.416]<DEBUG> [Yolov8Inferencer]Model loaded: armor_v8n
[2025-05-22 23:46:12.417]<DEBUG> [Yolov8Inferencer]Model class count: 12
[2025-05-22 23:46:12.418]<DEBUG> [Yolov8Inferencer]Model loaded: armor_v8n
[2025-05-22 23:46:12.419]<DEBUG> [Yolov8Inferencer]Model class count: 12
[2025-05-22 23:46:12.420]<DEBUG> [Yolov8Inferencer]Model loaded: armor_v8n
[2025-05-22 23:46:12.420]<DEBUG> [Yolov8Inferencer]Model class count: 12
[2025-05-22 23:46:12.421]<DEBUG> [Yolov8Inferencer]Model loaded: armor_v8n
[2025-05-22 23:46:12.422]<DEBUG> [Yolov8Inferencer]Model class count: 12
[2025-05-22 23:46:12.423]<DEBUG> [Yolov8Inferencer]Model loaded: armor_v8n
[2025-05-22 23:46:12.424]<DEBUG> [Yolov8Inferencer]Model class count: 12
[2025-05-22 23:46:12.426]<DEBUG> [Yolov8Inferencer]Model loaded: armor_v8n
[2025-05-22 23:46:12.426]<DEBUG> [Yolov8Inferencer]Model class count: 12
[2025-05-22 23:46:12.427]<DEBUG> [Yolov8Inferencer]Model loaded: armor_v8n
[2025-05-22 23:46:12.428]<DEBUG> [Yolov8Inferencer]Model class count: 12
[2025-05-22 23:46:12.429]<DEBUG> [Yolov8Inferencer]Model loaded: armor_v8n
[2025-05-22 23:46:12.429]<DEBUG> [Yolov8Inferencer]Model class count: 12
[2025-05-22 23:46:12.430]<DEBUG> [Yolov8Inferencer]Model loaded: armor_v8n
[2025-05-22 23:46:12.431]<DEBUG> [Yolov8Inferencer]Model class count: 12
[2025-05-22 23:46:12.432]<DEBUG> [Detector]initialized.
[2025-05-22 23:46:25.799]<DEBUG> [WebCameraHandler]Camera devices scanned: 3 devices found.
[2025-05-22 23:46:25.801]<DEBUG> [WebCameraHandler]--- Camera device 0: DECXIN  CAMERA
[2025-05-22 23:46:25.802]<DEBUG> [WebCameraHandler]--- Camera device 1: DECXIN  CAMERA 1
[2025-05-22 23:46:25.803]<DEBUG> [WebCameraHandler]--- Camera device 2: OBS Virtual Camera
[2025-05-22 23:46:27.463]<DEBUG> [WebCameraHandler]DECXIN  CAMERA opened successfully.
[2025-05-22 23:46:29.344]<DEBUG> [WebCameraHandler]DECXIN  CAMERA 1 opened successfully.
