--- Log File Created: 2025-05-22 23:01:56.449 ---
[2025-05-22 23:01:56.659]<DEBUG> [Detector]Robot Inferencer initializing...
[2025-05-22 23:01:56.663]<DEBUG> [Yolov8Inferencer]Model loaded: car_v8n
[2025-05-22 23:01:56.666]<DEBUG> [Yolov8Inferencer]Model class count: 1
[2025-05-22 23:01:56.667]<DEBUG> [Yolov8Inferencer]Model loaded: armor_v8n
[2025-05-22 23:01:56.668]<DEBUG> [Yolov8Inferencer]Model class count: 12
[2025-05-22 23:01:56.668]<DEBUG> [Yolov8Inferencer]Model loaded: armor_v8n
[2025-05-22 23:01:56.669]<DEBUG> [Yolov8Inferencer]Model class count: 12
[2025-05-22 23:01:56.670]<DEBUG> [Yolov8Inferencer]Model loaded: armor_v8n
[2025-05-22 23:01:56.671]<DEBUG> [Yolov8Inferencer]Model class count: 12
[2025-05-22 23:01:56.672]<DEBUG> [Yolov8Inferencer]Model loaded: armor_v8n
[2025-05-22 23:01:56.673]<DEBUG> [Yolov8Inferencer]Model class count: 12
[2025-05-22 23:01:56.674]<DEBUG> [Yolov8Inferencer]Model loaded: armor_v8n
[2025-05-22 23:01:56.675]<DEBUG> [Yolov8Inferencer]Model class count: 12
[2025-05-22 23:01:56.676]<DEBUG> [Yolov8Inferencer]Model loaded: armor_v8n
[2025-05-22 23:01:56.676]<DEBUG> [Yolov8Inferencer]Model class count: 12
[2025-05-22 23:01:56.678]<DEBUG> [Yolov8Inferencer]Model loaded: armor_v8n
[2025-05-22 23:01:56.678]<DEBUG> [Yolov8Inferencer]Model class count: 12
[2025-05-22 23:01:56.679]<DEBUG> [Yolov8Inferencer]Model loaded: armor_v8n
[2025-05-22 23:01:56.680]<DEBUG> [Yolov8Inferencer]Model class count: 12
[2025-05-22 23:01:56.681]<DEBUG> [Yolov8Inferencer]Model loaded: armor_v8n
[2025-05-22 23:01:56.682]<DEBUG> [Yolov8Inferencer]Model class count: 12
[2025-05-22 23:01:56.683]<DEBUG> [Yolov8Inferencer]Model loaded: armor_v8n
[2025-05-22 23:01:56.683]<DEBUG> [Yolov8Inferencer]Model class count: 12
[2025-05-22 23:01:56.684]<DEBUG> [Yolov8Inferencer]Model loaded: armor_v8n
[2025-05-22 23:01:56.685]<DEBUG> [Yolov8Inferencer]Model class count: 12
[2025-05-22 23:01:56.686]<DEBUG> [Yolov8Inferencer]Model loaded: armor_v8n
[2025-05-22 23:01:56.687]<DEBUG> [Yolov8Inferencer]Model class count: 12
[2025-05-22 23:01:56.687]<DEBUG> [Detector]initialized.
[2025-05-22 23:02:02.901]<DEBUG> [WebCameraHandler]Camera devices scanned: 2 devices found.
[2025-05-22 23:02:02.904]<DEBUG> [WebCameraHandler]--- Camera device 0: DECXIN  CAMERA
[2025-05-22 23:02:02.905]<DEBUG> [WebCameraHandler]--- Camera device 1: OBS Virtual Camera
[2025-05-22 23:02:03.986]<DEBUG> [WebCameraHandler]DECXIN  CAMERA opened successfully.
