--- Log File Created: 2025-05-22 22:31:59.864 ---
[2025-05-22 22:32:00.050]<DEBUG> [Detector]Robot Inferencer initializing...
[2025-05-22 22:32:00.053]<DEBUG> [Yolov8Inferencer]Model loaded: car_v8n
[2025-05-22 22:32:00.055]<DEBUG> [Yolov8Inferencer]Model class count: 1
[2025-05-22 22:32:00.056]<DEBUG> [Yolov8Inferencer]Model loaded: armor_v8n
[2025-05-22 22:32:00.057]<DEBUG> [Yolov8Inferencer]Model class count: 12
[2025-05-22 22:32:00.058]<DEBUG> [Yolov8Inferencer]Model loaded: armor_v8n
[2025-05-22 22:32:00.059]<DEBUG> [Yolov8Inferencer]Model class count: 12
[2025-05-22 22:32:00.059]<DEBUG> [Yolov8Inferencer]Model loaded: armor_v8n
[2025-05-22 22:32:00.060]<DEBUG> [Yolov8Inferencer]Model class count: 12
[2025-05-22 22:32:00.061]<DEBUG> [Yolov8Inferencer]Model loaded: armor_v8n
[2025-05-22 22:32:00.062]<DEBUG> [Yolov8Inferencer]Model class count: 12
[2025-05-22 22:32:00.063]<DEBUG> [Yolov8Inferencer]Model loaded: armor_v8n
[2025-05-22 22:32:00.064]<DEBUG> [Yolov8Inferencer]Model class count: 12
[2025-05-22 22:32:00.064]<DEBUG> [Yolov8Inferencer]Model loaded: armor_v8n
[2025-05-22 22:32:00.065]<DEBUG> [Yolov8Inferencer]Model class count: 12
[2025-05-22 22:32:00.066]<DEBUG> [Yolov8Inferencer]Model loaded: armor_v8n
[2025-05-22 22:32:00.067]<DEBUG> [Yolov8Inferencer]Model class count: 12
[2025-05-22 22:32:00.067]<DEBUG> [Yolov8Inferencer]Model loaded: armor_v8n
[2025-05-22 22:32:00.068]<DEBUG> [Yolov8Inferencer]Model class count: 12
[2025-05-22 22:32:00.069]<DEBUG> [Yolov8Inferencer]Model loaded: armor_v8n
[2025-05-22 22:32:00.070]<DEBUG> [Yolov8Inferencer]Model class count: 12
[2025-05-22 22:32:00.071]<DEBUG> [Yolov8Inferencer]Model loaded: armor_v8n
[2025-05-22 22:32:00.071]<DEBUG> [Yolov8Inferencer]Model class count: 12
[2025-05-22 22:32:00.072]<DEBUG> [Yolov8Inferencer]Model loaded: armor_v8n
[2025-05-22 22:32:00.073]<DEBUG> [Yolov8Inferencer]Model class count: 12
[2025-05-22 22:32:00.074]<DEBUG> [Yolov8Inferencer]Model loaded: armor_v8n
[2025-05-22 22:32:00.074]<DEBUG> [Yolov8Inferencer]Model class count: 12
[2025-05-22 22:32:00.075]<DEBUG> [Detector]initialized.
[2025-05-22 22:32:03.402]<DEBUG> [WebCameraHandler]Camera devices scanned: 2 devices found.
[2025-05-22 22:32:03.406]<DEBUG> [WebCameraHandler]--- Camera device 0: DECXIN  CAMERA
[2025-05-22 22:32:03.406]<DEBUG> [WebCameraHandler]--- Camera device 1: OBS Virtual Camera
[2025-05-22 22:32:04.553]<DEBUG> [WebCameraHandler]DECXIN  CAMERA opened successfully.
[2025-05-22 22:32:11.660]<DEBUG> [Detector]Robot Inferencer initializing...
[2025-05-22 22:32:11.661]<DEBUG> [Detector]initialized.
[2025-05-22 22:32:11.662]<DEBUG> [Detector]Detection started.
