--- Log File Created: 2025-05-22 22:23:41.686 ---
[2025-05-22 22:23:42.089]<DEBUG> [Detector]Robot Inferencer initializing...
[2025-05-22 22:23:42.093]<DEBUG> [Yolov8Inferencer]Model loaded: car_v8n
[2025-05-22 22:23:42.096]<DEBUG> [Yolov8Inferencer]Model class count: 1
[2025-05-22 22:23:42.097]<DEBUG> [Yolov8Inferencer]Model loaded: armor_v8n
[2025-05-22 22:23:42.097]<DEBUG> [Yolov8Inferencer]Model class count: 12
[2025-05-22 22:23:42.099]<DEBUG> [Yolov8Inferencer]Model loaded: armor_v8n
[2025-05-22 22:23:42.100]<DEBUG> [Yolov8Inferencer]Model class count: 12
[2025-05-22 22:23:42.100]<DEBUG> [Yolov8Inferencer]Model loaded: armor_v8n
[2025-05-22 22:23:42.102]<DEBUG> [Yolov8Inferencer]Model class count: 12
[2025-05-22 22:23:42.103]<DEBUG> [Yolov8Inferencer]Model loaded: armor_v8n
[2025-05-22 22:23:42.104]<DEBUG> [Yolov8Inferencer]Model class count: 12
[2025-05-22 22:23:42.105]<DEBUG> [Yolov8Inferencer]Model loaded: armor_v8n
[2025-05-22 22:23:42.106]<DEBUG> [Yolov8Inferencer]Model class count: 12
[2025-05-22 22:23:42.107]<DEBUG> [Yolov8Inferencer]Model loaded: armor_v8n
[2025-05-22 22:23:42.108]<DEBUG> [Yolov8Inferencer]Model class count: 12
[2025-05-22 22:23:42.109]<DEBUG> [Yolov8Inferencer]Model loaded: armor_v8n
[2025-05-22 22:23:42.110]<DEBUG> [Yolov8Inferencer]Model class count: 12
[2025-05-22 22:23:42.111]<DEBUG> [Yolov8Inferencer]Model loaded: armor_v8n
[2025-05-22 22:23:42.112]<DEBUG> [Yolov8Inferencer]Model class count: 12
[2025-05-22 22:23:42.113]<DEBUG> [Yolov8Inferencer]Model loaded: armor_v8n
[2025-05-22 22:23:42.114]<DEBUG> [Yolov8Inferencer]Model class count: 12
[2025-05-22 22:23:42.115]<DEBUG> [Yolov8Inferencer]Model loaded: armor_v8n
[2025-05-22 22:23:42.116]<DEBUG> [Yolov8Inferencer]Model class count: 12
[2025-05-22 22:23:42.117]<DEBUG> [Yolov8Inferencer]Model loaded: armor_v8n
[2025-05-22 22:23:42.118]<DEBUG> [Yolov8Inferencer]Model class count: 12
[2025-05-22 22:23:42.119]<DEBUG> [Yolov8Inferencer]Model loaded: armor_v8n
[2025-05-22 22:23:42.120]<DEBUG> [Yolov8Inferencer]Model class count: 12
[2025-05-22 22:23:42.122]<DEBUG> [Detector]initialized.
[2025-05-22 22:23:45.776]<DEBUG> [WebCameraHandler]Camera devices scanned: 2 devices found.
[2025-05-22 22:23:45.779]<DEBUG> [WebCameraHandler]--- Camera device 0: DECXIN  CAMERA
[2025-05-22 22:23:45.780]<DEBUG> [WebCameraHandler]--- Camera device 1: OBS Virtual Camera
[2025-05-22 22:23:46.528]<ERROR> [WebCameraHandler]Failed to open DECXIN  CAMERA.
