--- Log File Created: 2025-05-22 23:50:18.055 ---
[2025-05-22 23:50:18.251]<DEBUG> [Detector]Robot Inferencer initializing...
[2025-05-22 23:50:18.254]<DEBUG> [Yolov8Inferencer]Model loaded: car_v8n
[2025-05-22 23:50:18.256]<DEBUG> [Yolov8Inferencer]Model class count: 1
[2025-05-22 23:50:18.257]<DEBUG> [Yolov8Inferencer]Model loaded: armor_v8n
[2025-05-22 23:50:18.258]<DEBUG> [Yolov8Inferencer]Model class count: 12
[2025-05-22 23:50:18.259]<DEBUG> [Yolov8Inferencer]Model loaded: armor_v8n
[2025-05-22 23:50:18.260]<DEBUG> [Yolov8Inferencer]Model class count: 12
[2025-05-22 23:50:18.260]<DEBUG> [Yolov8Inferencer]Model loaded: armor_v8n
[2025-05-22 23:50:18.261]<DEBUG> [Yolov8Inferencer]Model class count: 12
[2025-05-22 23:50:18.262]<DEBUG> [Yolov8Inferencer]Model loaded: armor_v8n
[2025-05-22 23:50:18.263]<DEBUG> [Yolov8Inferencer]Model class count: 12
[2025-05-22 23:50:18.264]<DEBUG> [Yolov8Inferencer]Model loaded: armor_v8n
[2025-05-22 23:50:18.265]<DEBUG> [Yolov8Inferencer]Model class count: 12
[2025-05-22 23:50:18.266]<DEBUG> [Yolov8Inferencer]Model loaded: armor_v8n
[2025-05-22 23:50:18.267]<DEBUG> [Yolov8Inferencer]Model class count: 12
[2025-05-22 23:50:18.267]<DEBUG> [Yolov8Inferencer]Model loaded: armor_v8n
[2025-05-22 23:50:18.268]<DEBUG> [Yolov8Inferencer]Model class count: 12
[2025-05-22 23:50:18.269]<DEBUG> [Yolov8Inferencer]Model loaded: armor_v8n
[2025-05-22 23:50:18.270]<DEBUG> [Yolov8Inferencer]Model class count: 12
[2025-05-22 23:50:18.271]<DEBUG> [Yolov8Inferencer]Model loaded: armor_v8n
[2025-05-22 23:50:18.272]<DEBUG> [Yolov8Inferencer]Model class count: 12
[2025-05-22 23:50:18.273]<DEBUG> [Yolov8Inferencer]Model loaded: armor_v8n
[2025-05-22 23:50:18.273]<DEBUG> [Yolov8Inferencer]Model class count: 12
[2025-05-22 23:50:18.274]<DEBUG> [Yolov8Inferencer]Model loaded: armor_v8n
[2025-05-22 23:50:18.275]<DEBUG> [Yolov8Inferencer]Model class count: 12
[2025-05-22 23:50:18.276]<DEBUG> [Yolov8Inferencer]Model loaded: armor_v8n
[2025-05-22 23:50:18.277]<DEBUG> [Yolov8Inferencer]Model class count: 12
[2025-05-22 23:50:18.278]<DEBUG> [Detector]initialized.
[2025-05-22 23:50:22.744]<DEBUG> [WebCameraHandler]Camera devices scanned: 3 devices found.
[2025-05-22 23:50:22.748]<DEBUG> [WebCameraHandler]--- Camera device 0: DECXIN  CAMERA
[2025-05-22 23:50:22.748]<DEBUG> [WebCameraHandler]--- Camera device 1: DECXIN  CAMERA 1
[2025-05-22 23:50:22.749]<DEBUG> [WebCameraHandler]--- Camera device 2: OBS Virtual Camera
[2025-05-22 23:50:23.955]<DEBUG> [WebCameraHandler]DECXIN  CAMERA opened successfully.
[2025-05-22 23:50:24.984]<DEBUG> [WebCameraHandler]DECXIN  CAMERA 1 opened successfully.
