--- Log File Created: 2025-05-22 23:33:05.809 ---
[2025-05-22 23:33:06.201]<DEBUG> [Detector]Robot Inferencer initializing...
[2025-05-22 23:33:06.205]<DEBUG> [Yolov8Inferencer]Model loaded: car_v8n
[2025-05-22 23:33:06.209]<DEBUG> [Yolov8Inferencer]Model class count: 1
[2025-05-22 23:33:06.210]<DEBUG> [Yolov8Inferencer]Model loaded: armor_v8n
[2025-05-22 23:33:06.211]<DEBUG> [Yolov8Inferencer]Model class count: 12
[2025-05-22 23:33:06.212]<DEBUG> [Yolov8Inferencer]Model loaded: armor_v8n
[2025-05-22 23:33:06.213]<DEBUG> [Yolov8Inferencer]Model class count: 12
[2025-05-22 23:33:06.214]<DEBUG> [Yolov8Inferencer]Model loaded: armor_v8n
[2025-05-22 23:33:06.215]<DEBUG> [Yolov8Inferencer]Model class count: 12
[2025-05-22 23:33:06.216]<DEBUG> [Yolov8Inferencer]Model loaded: armor_v8n
[2025-05-22 23:33:06.218]<DEBUG> [Yolov8Inferencer]Model class count: 12
[2025-05-22 23:33:06.219]<DEBUG> [Yolov8Inferencer]Model loaded: armor_v8n
[2025-05-22 23:33:06.220]<DEBUG> [Yolov8Inferencer]Model class count: 12
[2025-05-22 23:33:06.221]<DEBUG> [Yolov8Inferencer]Model loaded: armor_v8n
[2025-05-22 23:33:06.222]<DEBUG> [Yolov8Inferencer]Model class count: 12
[2025-05-22 23:33:06.223]<DEBUG> [Yolov8Inferencer]Model loaded: armor_v8n
[2025-05-22 23:33:06.224]<DEBUG> [Yolov8Inferencer]Model class count: 12
[2025-05-22 23:33:06.225]<DEBUG> [Yolov8Inferencer]Model loaded: armor_v8n
[2025-05-22 23:33:06.226]<DEBUG> [Yolov8Inferencer]Model class count: 12
[2025-05-22 23:33:06.227]<DEBUG> [Yolov8Inferencer]Model loaded: armor_v8n
[2025-05-22 23:33:06.228]<DEBUG> [Yolov8Inferencer]Model class count: 12
[2025-05-22 23:33:06.229]<DEBUG> [Yolov8Inferencer]Model loaded: armor_v8n
[2025-05-22 23:33:06.230]<DEBUG> [Yolov8Inferencer]Model class count: 12
[2025-05-22 23:33:06.231]<DEBUG> [Yolov8Inferencer]Model loaded: armor_v8n
[2025-05-22 23:33:06.232]<DEBUG> [Yolov8Inferencer]Model class count: 12
[2025-05-22 23:33:06.233]<DEBUG> [Yolov8Inferencer]Model loaded: armor_v8n
[2025-05-22 23:33:06.234]<DEBUG> [Yolov8Inferencer]Model class count: 12
[2025-05-22 23:33:06.235]<DEBUG> [Detector]initialized.
[2025-05-22 23:33:11.279]<DEBUG> [WebCameraHandler]Camera devices scanned: 3 devices found.
[2025-05-22 23:33:11.282]<DEBUG> [WebCameraHandler]--- Camera device 0: DECXIN  CAMERA
[2025-05-22 23:33:11.283]<DEBUG> [WebCameraHandler]--- Camera device 1: DECXIN  CAMERA 1
[2025-05-22 23:33:11.284]<DEBUG> [WebCameraHandler]--- Camera device 2: OBS Virtual Camera
[2025-05-22 23:33:12.687]<DEBUG> [WebCameraHandler]DECXIN  CAMERA opened successfully.
[2025-05-22 23:33:14.750]<DEBUG> [WebCameraHandler]DECXIN  CAMERA 1 opened successfully.
[2025-05-22 23:33:22.499]<DEBUG> [Detector]Robot Inferencer initializing...
[2025-05-22 23:33:22.501]<DEBUG> [Detector]initialized.
[2025-05-22 23:33:22.502]<DEBUG> [Detector]Detection started.
[2025-05-22 23:33:59.148]<DEBUG> [Detector]Detection stopped.
