--- Log File Created: 2025-05-22 23:05:40.223 ---
[2025-05-22 23:05:40.427]<DEBUG> [Detector]Robot Inferencer initializing...
[2025-05-22 23:05:40.430]<DEBUG> [Yolov8Inferencer]Model loaded: car_v8n
[2025-05-22 23:05:40.434]<DEBUG> [Yolov8Inferencer]Model class count: 1
[2025-05-22 23:05:40.435]<DEBUG> [Yolov8Inferencer]Model loaded: armor_v8n
[2025-05-22 23:05:40.436]<DEBUG> [Yolov8Inferencer]Model class count: 12
[2025-05-22 23:05:40.437]<DEBUG> [Yolov8Inferencer]Model loaded: armor_v8n
[2025-05-22 23:05:40.438]<DEBUG> [Yolov8Inferencer]Model class count: 12
[2025-05-22 23:05:40.438]<DEBUG> [Yolov8Inferencer]Model loaded: armor_v8n
[2025-05-22 23:05:40.439]<DEBUG> [Yolov8Inferencer]Model class count: 12
[2025-05-22 23:05:40.440]<DEBUG> [Yolov8Inferencer]Model loaded: armor_v8n
[2025-05-22 23:05:40.441]<DEBUG> [Yolov8Inferencer]Model class count: 12
[2025-05-22 23:05:40.442]<DEBUG> [Yolov8Inferencer]Model loaded: armor_v8n
[2025-05-22 23:05:40.443]<DEBUG> [Yolov8Inferencer]Model class count: 12
[2025-05-22 23:05:40.443]<DEBUG> [Yolov8Inferencer]Model loaded: armor_v8n
[2025-05-22 23:05:40.444]<DEBUG> [Yolov8Inferencer]Model class count: 12
[2025-05-22 23:05:40.445]<DEBUG> [Yolov8Inferencer]Model loaded: armor_v8n
[2025-05-22 23:05:40.446]<DEBUG> [Yolov8Inferencer]Model class count: 12
[2025-05-22 23:05:40.447]<DEBUG> [Yolov8Inferencer]Model loaded: armor_v8n
[2025-05-22 23:05:40.447]<DEBUG> [Yolov8Inferencer]Model class count: 12
[2025-05-22 23:05:40.448]<DEBUG> [Yolov8Inferencer]Model loaded: armor_v8n
[2025-05-22 23:05:40.449]<DEBUG> [Yolov8Inferencer]Model class count: 12
[2025-05-22 23:05:40.450]<DEBUG> [Yolov8Inferencer]Model loaded: armor_v8n
[2025-05-22 23:05:40.451]<DEBUG> [Yolov8Inferencer]Model class count: 12
[2025-05-22 23:05:40.451]<DEBUG> [Yolov8Inferencer]Model loaded: armor_v8n
[2025-05-22 23:05:40.452]<DEBUG> [Yolov8Inferencer]Model class count: 12
[2025-05-22 23:05:40.453]<DEBUG> [Yolov8Inferencer]Model loaded: armor_v8n
[2025-05-22 23:05:40.454]<DEBUG> [Yolov8Inferencer]Model class count: 12
[2025-05-22 23:05:40.454]<DEBUG> [Detector]initialized.
[2025-05-22 23:05:44.835]<DEBUG> [Detector]Robot Inferencer initializing...
[2025-05-22 23:05:44.836]<DEBUG> [Detector]initialized.
[2025-05-22 23:05:44.837]<DEBUG> [Detector]Detection started.
