--- Log File Created: 2025-05-22 22:05:54.599 ---
[2025-05-22 22:05:54.817]<DEBUG> [Detector]Robot Inferencer initializing...
[2025-05-22 22:05:54.820]<DEBUG> [Yolov8Inferencer]Model loaded: car_v8n
[2025-05-22 22:05:54.823]<DEBUG> [Yolov8Inferencer]Model class count: 1
[2025-05-22 22:05:54.824]<DEBUG> [Yolov8Inferencer]Model loaded: armor_v8n
[2025-05-22 22:05:54.825]<DEBUG> [Yolov8Inferencer]Model class count: 12
[2025-05-22 22:05:54.826]<DEBUG> [Yolov8Inferencer]Model loaded: armor_v8n
[2025-05-22 22:05:54.827]<DEBUG> [Yolov8Inferencer]Model class count: 12
[2025-05-22 22:05:54.827]<DEBUG> [Yolov8Inferencer]Model loaded: armor_v8n
[2025-05-22 22:05:54.829]<DEBUG> [Yolov8Inferencer]Model class count: 12
[2025-05-22 22:05:54.830]<DEBUG> [Yolov8Inferencer]Model loaded: armor_v8n
[2025-05-22 22:05:54.830]<DEBUG> [Yolov8Inferencer]Model class count: 12
[2025-05-22 22:05:54.831]<DEBUG> [Yolov8Inferencer]Model loaded: armor_v8n
[2025-05-22 22:05:54.832]<DEBUG> [Yolov8Inferencer]Model class count: 12
[2025-05-22 22:05:54.833]<DEBUG> [Yolov8Inferencer]Model loaded: armor_v8n
[2025-05-22 22:05:54.834]<DEBUG> [Yolov8Inferencer]Model class count: 12
[2025-05-22 22:05:54.835]<DEBUG> [Yolov8Inferencer]Model loaded: armor_v8n
[2025-05-22 22:05:54.835]<DEBUG> [Yolov8Inferencer]Model class count: 12
[2025-05-22 22:05:54.836]<DEBUG> [Yolov8Inferencer]Model loaded: armor_v8n
[2025-05-22 22:05:54.837]<DEBUG> [Yolov8Inferencer]Model class count: 12
[2025-05-22 22:05:54.838]<DEBUG> [Yolov8Inferencer]Model loaded: armor_v8n
[2025-05-22 22:05:54.839]<DEBUG> [Yolov8Inferencer]Model class count: 12
[2025-05-22 22:05:54.840]<DEBUG> [Yolov8Inferencer]Model loaded: armor_v8n
[2025-05-22 22:05:54.840]<DEBUG> [Yolov8Inferencer]Model class count: 12
[2025-05-22 22:05:54.841]<DEBUG> [Yolov8Inferencer]Model loaded: armor_v8n
[2025-05-22 22:05:54.842]<DEBUG> [Yolov8Inferencer]Model class count: 12
[2025-05-22 22:05:54.843]<DEBUG> [Yolov8Inferencer]Model loaded: armor_v8n
[2025-05-22 22:05:54.844]<DEBUG> [Yolov8Inferencer]Model class count: 12
[2025-05-22 22:05:54.845]<DEBUG> [Detector]initialized.
[2025-05-22 22:06:07.742]<DEBUG> [WebCameraHandler]Camera devices scanned: 2 devices found.
[2025-05-22 22:06:07.746]<DEBUG> [WebCameraHandler]--- Camera device 0: DECXIN  CAMERA
[2025-05-22 22:06:07.747]<DEBUG> [WebCameraHandler]--- Camera device 1: OBS Virtual Camera
[2025-05-22 22:06:08.568]<ERROR> [WebCameraHandler]Failed to open DECXIN  CAMERA.
[2025-05-22 22:06:11.368]<DEBUG> [Detector]Robot Inferencer initializing...
[2025-05-22 22:06:11.370]<DEBUG> [Detector]initialized.
[2025-05-22 22:06:11.370]<DEBUG> [Detector]Detection started.
