--- Log File Created: 2025-05-22 22:52:04.949 ---
[2025-05-22 22:52:05.164]<DEBUG> [Detector]Robot Inferencer initializing...
[2025-05-22 22:52:05.168]<DEBUG> [Yolov8Inferencer]Model loaded: car_v8n
[2025-05-22 22:52:05.170]<DEBUG> [Yolov8Inferencer]Model class count: 1
[2025-05-22 22:52:05.170]<DEBUG> [Yolov8Inferencer]Model loaded: armor_v8n
[2025-05-22 22:52:05.171]<DEBUG> [Yolov8Inferencer]Model class count: 12
[2025-05-22 22:52:05.172]<DEBUG> [Yolov8Inferencer]Model loaded: armor_v8n
[2025-05-22 22:52:05.173]<DEBUG> [Yolov8Inferencer]Model class count: 12
[2025-05-22 22:52:05.174]<DEBUG> [Yolov8Inferencer]Model loaded: armor_v8n
[2025-05-22 22:52:05.175]<DEBUG> [Yolov8Inferencer]Model class count: 12
[2025-05-22 22:52:05.176]<DEBUG> [Yolov8Inferencer]Model loaded: armor_v8n
[2025-05-22 22:52:05.176]<DEBUG> [Yolov8Inferencer]Model class count: 12
[2025-05-22 22:52:05.177]<DEBUG> [Yolov8Inferencer]Model loaded: armor_v8n
[2025-05-22 22:52:05.178]<DEBUG> [Yolov8Inferencer]Model class count: 12
[2025-05-22 22:52:05.179]<DEBUG> [Yolov8Inferencer]Model loaded: armor_v8n
[2025-05-22 22:52:05.180]<DEBUG> [Yolov8Inferencer]Model class count: 12
[2025-05-22 22:52:05.181]<DEBUG> [Yolov8Inferencer]Model loaded: armor_v8n
[2025-05-22 22:52:05.181]<DEBUG> [Yolov8Inferencer]Model class count: 12
[2025-05-22 22:52:05.182]<DEBUG> [Yolov8Inferencer]Model loaded: armor_v8n
[2025-05-22 22:52:05.183]<DEBUG> [Yolov8Inferencer]Model class count: 12
[2025-05-22 22:52:05.184]<DEBUG> [Yolov8Inferencer]Model loaded: armor_v8n
[2025-05-22 22:52:05.185]<DEBUG> [Yolov8Inferencer]Model class count: 12
[2025-05-22 22:52:05.186]<DEBUG> [Yolov8Inferencer]Model loaded: armor_v8n
[2025-05-22 22:52:05.186]<DEBUG> [Yolov8Inferencer]Model class count: 12
[2025-05-22 22:52:05.187]<DEBUG> [Yolov8Inferencer]Model loaded: armor_v8n
[2025-05-22 22:52:05.188]<DEBUG> [Yolov8Inferencer]Model class count: 12
[2025-05-22 22:52:05.189]<DEBUG> [Yolov8Inferencer]Model loaded: armor_v8n
[2025-05-22 22:52:05.190]<DEBUG> [Yolov8Inferencer]Model class count: 12
[2025-05-22 22:52:05.190]<DEBUG> [Detector]initialized.
[2025-05-22 22:52:08.445]<DEBUG> [WebCameraHandler]Camera devices scanned: 2 devices found.
[2025-05-22 22:52:08.448]<DEBUG> [WebCameraHandler]--- Camera device 0: DECXIN  CAMERA
[2025-05-22 22:52:08.449]<DEBUG> [WebCameraHandler]--- Camera device 1: OBS Virtual Camera
[2025-05-22 22:52:09.238]<DEBUG> [WebCameraHandler]DECXIN  CAMERA opened successfully.
