--- Log File Created: 2025-05-20 06:12:15.426 ---
[2025-05-20 06:12:15.540]<DEBUG> [Detector]Robot Inferencer initializing...
[2025-05-20 06:12:15.543]<DEBUG> [Yolov8Inferencer]Model loaded: car_v8n
[2025-05-20 06:12:15.547]<DEBUG> [Yolov8Inferencer]Model class count: 1
[2025-05-20 06:12:15.547]<DEBUG> [Yolov8Inferencer]Model loaded: armor_v8n
[2025-05-20 06:12:15.548]<DEBUG> [Yolov8Inferencer]Model class count: 12
[2025-05-20 06:12:15.549]<DEBUG> [Detector]initialized.
[2025-05-20 06:12:19.752]<DEBUG> [SerialHandler]Serial port closed.
[2025-05-20 06:12:19.755]<DEBUG> [SerialHandler]Serial port opened: COM6
[2025-05-20 06:12:19.864]<DEBUG> [DataManager]Send data: {Hero: (1400, 750), Engineer: (1400, 750), Infantry3: (1400, 750), Infantry4: (1400, 750), Infantry5: (1400, 750), Sentry: (2170, 855)}
[2025-05-20 06:12:19.989]<DEBUG> [SerialHandler] <0x0003> GameRobotHp: Red1: 0, Red2: 0, Red3: 0, Red4: 0, Red5: 0, Red7: 0, RedOutpost: 0, RedBase: 0, Blue1: 0, Blue2: 0, Blue3: 0, Blue4: 0, Blue5: 0, Blue7: 400, BlueOutpost: 0, BlueBase: 0
[2025-05-20 06:12:20.164]<DEBUG> [DataManager]Send data: {Hero: (1400, 750), Engineer: (1400, 750), Infantry3: (1400, 750), Infantry4: (1400, 750), Infantry5: (1400, 750), Sentry: (2170, 855)}
[2025-05-20 06:12:20.247]<DEBUG> [SerialHandler] <0x0003> GameRobotHp: Red1: 0, Red2: 0, Red3: 0, Red4: 0, Red5: 0, Red7: 0, RedOutpost: 0, RedBase: 0, Blue1: 0, Blue2: 0, Blue3: 0, Blue4: 0, Blue5: 0, Blue7: 400, BlueOutpost: 0, BlueBase: 0
[2025-05-20 06:12:20.447]<DEBUG> [DataManager]Send data: {Hero: (1400, 750), Engineer: (1400, 750), Infantry3: (1400, 750), Infantry4: (1400, 750), Infantry5: (1400, 750), Sentry: (2170, 855)}
[2025-05-20 06:12:20.531]<DEBUG> [SerialHandler] <0x0003> GameRobotHp: Red1: 0, Red2: 0, Red3: 0, Red4: 0, Red5: 0, Red7: 0, RedOutpost: 0, RedBase: 0, Blue1: 0, Blue2: 0, Blue3: 0, Blue4: 0, Blue5: 0, Blue7: 400, BlueOutpost: 0, BlueBase: 0
[2025-05-20 06:12:20.718]<DEBUG> [DataManager]Send data: {Hero: (1400, 750), Engineer: (1400, 750), Infantry3: (1400, 750), Infantry4: (1400, 750), Infantry5: (1400, 750), Sentry: (2170, 855)}
[2025-05-20 06:12:20.852]<DEBUG> [SerialHandler] <0x0003> GameRobotHp: Red1: 0, Red2: 0, Red3: 0, Red4: 0, Red5: 0, Red7: 0, RedOutpost: 0, RedBase: 0, Blue1: 0, Blue2: 0, Blue3: 0, Blue4: 0, Blue5: 0, Blue7: 400, BlueOutpost: 0, BlueBase: 0
[2025-05-20 06:12:20.989]<DEBUG> [DataManager]Send data: {Hero: (1400, 750), Engineer: (1400, 750), Infantry3: (1400, 750), Infantry4: (1400, 750), Infantry5: (1400, 750), Sentry: (2170, 855)}
[2025-05-20 06:12:21.135]<DEBUG> [SerialHandler] <0x0001> GameStatus: GameType: 1, GameStage: NotStarted, StageRemainTime: 0, SyncTimestamp: 0
[2025-05-20 06:12:21.279]<DEBUG> [DataManager]Send data: {Hero: (1400, 750), Engineer: (1400, 750), Infantry3: (1400, 750), Infantry4: (1400, 750), Infantry5: (1400, 750), Sentry: (2170, 855)}
[2025-05-20 06:12:21.461]<DEBUG> [SerialHandler] <0x0003> GameRobotHp: Red1: 0, Red2: 0, Red3: 0, Red4: 0, Red5: 0, Red7: 0, RedOutpost: 0, RedBase: 0, Blue1: 0, Blue2: 0, Blue3: 0, Blue4: 0, Blue5: 0, Blue7: 400, BlueOutpost: 0, BlueBase: 0
[2025-05-20 06:12:21.573]<DEBUG> [DataManager]Send data: {Hero: (1400, 750), Engineer: (1400, 750), Infantry3: (1400, 750), Infantry4: (1400, 750), Infantry5: (1400, 750), Sentry: (2170, 855)}
[2025-05-20 06:12:21.749]<DEBUG> [SerialHandler] <0x0003> GameRobotHp: Red1: 0, Red2: 0, Red3: 0, Red4: 0, Red5: 0, Red7: 0, RedOutpost: 0, RedBase: 0, Blue1: 0, Blue2: 0, Blue3: 0, Blue4: 0, Blue5: 0, Blue7: 400, BlueOutpost: 0, BlueBase: 0
[2025-05-20 06:12:21.863]<DEBUG> [DataManager]Send data: {Hero: (1400, 750), Engineer: (1400, 750), Infantry3: (1400, 750), Infantry4: (1400, 750), Infantry5: (1400, 750), Sentry: (2170, 855)}
[2025-05-20 06:12:22.035]<DEBUG> [SerialHandler] <0x0003> GameRobotHp: Red1: 0, Red2: 0, Red3: 0, Red4: 0, Red5: 0, Red7: 0, RedOutpost: 0, RedBase: 0, Blue1: 0, Blue2: 0, Blue3: 0, Blue4: 0, Blue5: 0, Blue7: 400, BlueOutpost: 0, BlueBase: 0
[2025-05-20 06:12:22.131]<DEBUG> [SerialHandler] <0x0001> GameStatus: GameType: 1, GameStage: NotStarted, StageRemainTime: 0, SyncTimestamp: 0
[2025-05-20 06:12:22.161]<DEBUG> [DataManager]Send data: {Hero: (1400, 750), Engineer: (1400, 750), Infantry3: (1400, 750), Infantry4: (1400, 750), Infantry5: (1400, 750), Sentry: (2170, 855)}
[2025-05-20 06:12:22.330]<DEBUG> [SerialHandler] <0x0003> GameRobotHp: Red1: 0, Red2: 0, Red3: 0, Red4: 0, Red5: 0, Red7: 0, RedOutpost: 0, RedBase: 0, Blue1: 0, Blue2: 0, Blue3: 0, Blue4: 0, Blue5: 0, Blue7: 400, BlueOutpost: 0, BlueBase: 0
[2025-05-20 06:12:22.442]<DEBUG> [DataManager]Send data: {Hero: (1400, 750), Engineer: (1400, 750), Infantry3: (1400, 750), Infantry4: (1400, 750), Infantry5: (1400, 750), Sentry: (2170, 855)}
[2025-05-20 06:12:22.642]<DEBUG> [SerialHandler] <0x0003> GameRobotHp: Red1: 0, Red2: 0, Red3: 0, Red4: 0, Red5: 0, Red7: 0, RedOutpost: 0, RedBase: 0, Blue1: 0, Blue2: 0, Blue3: 0, Blue4: 0, Blue5: 0, Blue7: 400, BlueOutpost: 0, BlueBase: 0
[2025-05-20 06:12:22.726]<DEBUG> [DataManager]Send data: {Hero: (1400, 750), Engineer: (1400, 750), Infantry3: (1400, 750), Infantry4: (1400, 750), Infantry5: (1400, 750), Sentry: (2170, 855)}
[2025-05-20 06:12:22.952]<DEBUG> [SerialHandler] <0x0003> GameRobotHp: Red1: 0, Red2: 0, Red3: 0, Red4: 0, Red5: 0, Red7: 0, RedOutpost: 0, RedBase: 0, Blue1: 0, Blue2: 0, Blue3: 0, Blue4: 0, Blue5: 0, Blue7: 400, BlueOutpost: 0, BlueBase: 0
[2025-05-20 06:12:23.035]<DEBUG> [DataManager]Send data: {Hero: (1400, 750), Engineer: (1400, 750), Infantry3: (1400, 750), Infantry4: (1400, 750), Infantry5: (1400, 750), Sentry: (2170, 855)}
[2025-05-20 06:12:23.151]<DEBUG> [SerialHandler] <0x020E> RadarStatus: DoubleDebuffChances: 1,IsDoubleDebuffAble: False
[2025-05-20 06:12:23.153]<DEBUG> [DataManager]Send double debuff command:1
[2025-05-20 06:12:23.180]<DEBUG> [DataManager]Send double debuff command:2
[2025-05-20 06:12:23.241]<DEBUG> [SerialHandler] <0x0003> GameRobotHp: Red1: 0, Red2: 0, Red3: 0, Red4: 0, Red5: 0, Red7: 0, RedOutpost: 0, RedBase: 0, Blue1: 0, Blue2: 0, Blue3: 0, Blue4: 0, Blue5: 0, Blue7: 400, BlueOutpost: 0, BlueBase: 0
[2025-05-20 06:12:23.325]<DEBUG> [DataManager]Send data: {Hero: (1400, 750), Engineer: (1400, 750), Infantry3: (1400, 750), Infantry4: (1400, 750), Infantry5: (1400, 750), Sentry: (2170, 855)}
[2025-05-20 06:12:23.526]<DEBUG> [SerialHandler] <0x0003> GameRobotHp: Red1: 0, Red2: 0, Red3: 0, Red4: 0, Red5: 0, Red7: 0, RedOutpost: 0, RedBase: 0, Blue1: 0, Blue2: 0, Blue3: 0, Blue4: 0, Blue5: 0, Blue7: 400, BlueOutpost: 0, BlueBase: 0
[2025-05-20 06:12:23.611]<DEBUG> [DataManager]Send data: {Hero: (1400, 750), Engineer: (1400, 750), Infantry3: (1400, 750), Infantry4: (1400, 750), Infantry5: (1400, 750), Sentry: (2170, 855)}
[2025-05-20 06:12:23.854]<DEBUG> [SerialHandler] <0x0003> GameRobotHp: Red1: 0, Red2: 0, Red3: 0, Red4: 0, Red5: 0, Red7: 0, RedOutpost: 0, RedBase: 0, Blue1: 0, Blue2: 0, Blue3: 0, Blue4: 0, Blue5: 0, Blue7: 400, BlueOutpost: 0, BlueBase: 0
[2025-05-20 06:12:23.915]<DEBUG> [DataManager]Send data: {Hero: (1400, 750), Engineer: (1400, 750), Infantry3: (1400, 750), Infantry4: (1400, 750), Infantry5: (1400, 750), Sentry: (2170, 855)}
[2025-05-20 06:12:24.205]<DEBUG> [DataManager]Send data: {Hero: (1400, 750), Engineer: (1400, 750), Infantry3: (1400, 750), Infantry4: (1400, 750), Infantry5: (1400, 750), Sentry: (2170, 855)}
[2025-05-20 06:12:24.454]<DEBUG> [SerialHandler] <0x0003> GameRobotHp: Red1: 0, Red2: 0, Red3: 0, Red4: 0, Red5: 0, Red7: 0, RedOutpost: 0, RedBase: 0, Blue1: 0, Blue2: 0, Blue3: 0, Blue4: 0, Blue5: 0, Blue7: 400, BlueOutpost: 0, BlueBase: 0
[2025-05-20 06:12:24.514]<DEBUG> [DataManager]Send data: {Hero: (1400, 750), Engineer: (1400, 750), Infantry3: (1400, 750), Infantry4: (1400, 750), Infantry5: (1400, 750), Sentry: (2170, 855)}
[2025-05-20 06:12:24.745]<DEBUG> [SerialHandler] <0x0003> GameRobotHp: Red1: 0, Red2: 0, Red3: 0, Red4: 0, Red5: 0, Red7: 0, RedOutpost: 0, RedBase: 0, Blue1: 0, Blue2: 0, Blue3: 0, Blue4: 0, Blue5: 0, Blue7: 400, BlueOutpost: 0, BlueBase: 0
[2025-05-20 06:12:24.804]<DEBUG> [DataManager]Send data: {Hero: (1400, 750), Engineer: (1400, 750), Infantry3: (1400, 750), Infantry4: (1400, 750), Infantry5: (1400, 750), Sentry: (2170, 855)}
[2025-05-20 06:12:25.067]<DEBUG> [SerialHandler] <0x0003> GameRobotHp: Red1: 0, Red2: 0, Red3: 0, Red4: 0, Red5: 0, Red7: 0, RedOutpost: 0, RedBase: 0, Blue1: 0, Blue2: 0, Blue3: 0, Blue4: 0, Blue5: 0, Blue7: 400, BlueOutpost: 0, BlueBase: 0
[2025-05-20 06:12:25.097]<DEBUG> [DataManager]Send data: {Hero: (1400, 750), Engineer: (1400, 750), Infantry3: (1400, 750), Infantry4: (1400, 750), Infantry5: (1400, 750), Sentry: (2170, 855)}
[2025-05-20 06:12:25.337]<DEBUG> [SerialHandler] <0x0003> GameRobotHp: Red1: 0, Red2: 0, Red3: 0, Red4: 0, Red5: 0, Red7: 0, RedOutpost: 0, RedBase: 0, Blue1: 0, Blue2: 0, Blue3: 0, Blue4: 0, Blue5: 0, Blue7: 400, BlueOutpost: 0, BlueBase: 0
[2025-05-20 06:12:25.394]<DEBUG> [DataManager]Send data: {Hero: (1400, 750), Engineer: (1400, 750), Infantry3: (1400, 750), Infantry4: (1400, 750), Infantry5: (1400, 750), Sentry: (2170, 855)}
[2025-05-20 06:12:25.627]<DEBUG> [SerialHandler] <0x0003> GameRobotHp: Red1: 0, Red2: 0, Red3: 0, Red4: 0, Red5: 0, Red7: 0, RedOutpost: 0, RedBase: 0, Blue1: 0, Blue2: 0, Blue3: 0, Blue4: 0, Blue5: 0, Blue7: 400, BlueOutpost: 0, BlueBase: 0
[2025-05-20 06:12:25.686]<DEBUG> [DataManager]Send data: {Hero: (1400, 750), Engineer: (1400, 750), Infantry3: (1400, 750), Infantry4: (1400, 750), Infantry5: (1400, 750), Sentry: (2170, 855)}
[2025-05-20 06:12:25.947]<DEBUG> [SerialHandler] <0x0003> GameRobotHp: Red1: 0, Red2: 0, Red3: 0, Red4: 0, Red5: 0, Red7: 0, RedOutpost: 0, RedBase: 0, Blue1: 0, Blue2: 0, Blue3: 0, Blue4: 0, Blue5: 0, Blue7: 400, BlueOutpost: 0, BlueBase: 0
[2025-05-20 06:12:25.974]<DEBUG> [DataManager]Send data: {Hero: (1400, 750), Engineer: (1400, 750), Infantry3: (1400, 750), Infantry4: (1400, 750), Infantry5: (1400, 750), Sentry: (2170, 855)}
[2025-05-20 06:12:26.145]<DEBUG> [SerialHandler] <0x0001> GameStatus: GameType: 1, GameStage: NotStarted, StageRemainTime: 0, SyncTimestamp: 0
[2025-05-20 06:12:26.230]<DEBUG> [SerialHandler] <0x0003> GameRobotHp: Red1: 0, Red2: 0, Red3: 0, Red4: 0, Red5: 0, Red7: 0, RedOutpost: 0, RedBase: 0, Blue1: 0, Blue2: 0, Blue3: 0, Blue4: 0, Blue5: 0, Blue7: 400, BlueOutpost: 0, BlueBase: 0
[2025-05-20 06:12:26.257]<DEBUG> [DataManager]Send data: {Hero: (1400, 750), Engineer: (1400, 750), Infantry3: (1400, 750), Infantry4: (1400, 750), Infantry5: (1400, 750), Sentry: (2170, 855)}
[2025-05-20 06:12:26.513]<DEBUG> [SerialHandler] <0x0003> GameRobotHp: Red1: 0, Red2: 0, Red3: 0, Red4: 0, Red5: 0, Red7: 0, RedOutpost: 0, RedBase: 0, Blue1: 0, Blue2: 0, Blue3: 0, Blue4: 0, Blue5: 0, Blue7: 400, BlueOutpost: 0, BlueBase: 0
[2025-05-20 06:12:26.541]<DEBUG> [DataManager]Send data: {Hero: (1400, 750), Engineer: (1400, 750), Infantry3: (1400, 750), Infantry4: (1400, 750), Infantry5: (1400, 750), Sentry: (2170, 855)}
[2025-05-20 06:12:26.823]<DEBUG> [SerialHandler] <0x0003> GameRobotHp: Red1: 0, Red2: 0, Red3: 0, Red4: 0, Red5: 0, Red7: 0, RedOutpost: 0, RedBase: 0, Blue1: 0, Blue2: 0, Blue3: 0, Blue4: 0, Blue5: 0, Blue7: 400, BlueOutpost: 0, BlueBase: 0
[2025-05-20 06:12:26.824]<DEBUG> [DataManager]Send data: {Hero: (1400, 750), Engineer: (1400, 750), Infantry3: (1400, 750), Infantry4: (1400, 750), Infantry5: (1400, 750), Sentry: (2170, 855)}
[2025-05-20 06:12:27.102]<DEBUG> [DataManager]Send data: {Hero: (1400, 750), Engineer: (1400, 750), Infantry3: (1400, 750), Infantry4: (1400, 750), Infantry5: (1400, 750), Sentry: (2170, 855)}
[2025-05-20 06:12:27.131]<DEBUG> [SerialHandler] <0x0003> GameRobotHp: Red1: 0, Red2: 0, Red3: 0, Red4: 0, Red5: 0, Red7: 0, RedOutpost: 0, RedBase: 0, Blue1: 0, Blue2: 0, Blue3: 0, Blue4: 0, Blue5: 0, Blue7: 400, BlueOutpost: 0, BlueBase: 0
[2025-05-20 06:12:27.386]<DEBUG> [DataManager]Send data: {Hero: (1400, 750), Engineer: (1400, 750), Infantry3: (1400, 750), Infantry4: (1400, 750), Infantry5: (1400, 750), Sentry: (2170, 855)}
[2025-05-20 06:12:27.666]<DEBUG> [DataManager]Send data: {Hero: (1400, 750), Engineer: (1400, 750), Infantry3: (1400, 750), Infantry4: (1400, 750), Infantry5: (1400, 750), Sentry: (2170, 855)}
[2025-05-20 06:12:27.723]<DEBUG> [SerialHandler] <0x0003> GameRobotHp: Red1: 0, Red2: 0, Red3: 0, Red4: 0, Red5: 0, Red7: 0, RedOutpost: 0, RedBase: 0, Blue1: 0, Blue2: 0, Blue3: 0, Blue4: 0, Blue5: 0, Blue7: 400, BlueOutpost: 0, BlueBase: 0
[2025-05-20 06:12:27.945]<DEBUG> [DataManager]Send data: {Hero: (1400, 750), Engineer: (1400, 750), Infantry3: (1400, 750), Infantry4: (1400, 750), Infantry5: (1400, 750), Sentry: (2170, 855)}
[2025-05-20 06:12:28.032]<DEBUG> [SerialHandler] <0x0003> GameRobotHp: Red1: 0, Red2: 0, Red3: 0, Red4: 0, Red5: 0, Red7: 0, RedOutpost: 0, RedBase: 0, Blue1: 0, Blue2: 0, Blue3: 0, Blue4: 0, Blue5: 0, Blue7: 400, BlueOutpost: 0, BlueBase: 0
[2025-05-20 06:12:28.230]<DEBUG> [DataManager]Send data: {Hero: (1400, 750), Engineer: (1400, 750), Infantry3: (1400, 750), Infantry4: (1400, 750), Infantry5: (1400, 750), Sentry: (2170, 855)}
[2025-05-20 06:12:28.340]<DEBUG> [SerialHandler] <0x0003> GameRobotHp: Red1: 0, Red2: 0, Red3: 0, Red4: 0, Red5: 0, Red7: 0, RedOutpost: 0, RedBase: 0, Blue1: 0, Blue2: 0, Blue3: 0, Blue4: 0, Blue5: 0, Blue7: 400, BlueOutpost: 0, BlueBase: 0
[2025-05-20 06:12:28.509]<DEBUG> [DataManager]Send data: {Hero: (1400, 750), Engineer: (1400, 750), Infantry3: (1400, 750), Infantry4: (1400, 750), Infantry5: (1400, 750), Sentry: (2170, 855)}
[2025-05-20 06:12:28.624]<DEBUG> [SerialHandler] <0x0003> GameRobotHp: Red1: 0, Red2: 0, Red3: 0, Red4: 0, Red5: 0, Red7: 0, RedOutpost: 0, RedBase: 0, Blue1: 0, Blue2: 0, Blue3: 0, Blue4: 0, Blue5: 0, Blue7: 400, BlueOutpost: 0, BlueBase: 0
[2025-05-20 06:12:28.803]<DEBUG> [DataManager]Send data: {Hero: (1400, 750), Engineer: (1400, 750), Infantry3: (1400, 750), Infantry4: (1400, 750), Infantry5: (1400, 750), Sentry: (2170, 855)}
[2025-05-20 06:12:28.940]<DEBUG> [SerialHandler] <0x0003> GameRobotHp: Red1: 0, Red2: 0, Red3: 0, Red4: 0, Red5: 0, Red7: 0, RedOutpost: 0, RedBase: 0, Blue1: 0, Blue2: 0, Blue3: 0, Blue4: 0, Blue5: 0, Blue7: 400, BlueOutpost: 0, BlueBase: 0
[2025-05-20 06:12:29.083]<DEBUG> [DataManager]Send data: {Hero: (1400, 750), Engineer: (1400, 750), Infantry3: (1400, 750), Infantry4: (1400, 750), Infantry5: (1400, 750), Sentry: (2170, 855)}
[2025-05-20 06:12:29.228]<DEBUG> [SerialHandler] <0x0003> GameRobotHp: Red1: 0, Red2: 0, Red3: 0, Red4: 0, Red5: 0, Red7: 0, RedOutpost: 0, RedBase: 0, Blue1: 0, Blue2: 0, Blue3: 0, Blue4: 0, Blue5: 0, Blue7: 400, BlueOutpost: 0, BlueBase: 0
[2025-05-20 06:12:29.373]<DEBUG> [DataManager]Send data: {Hero: (1400, 750), Engineer: (1400, 750), Infantry3: (1400, 750), Infantry4: (1400, 750), Infantry5: (1400, 750), Sentry: (2170, 855)}
[2025-05-20 06:12:29.573]<DEBUG> [SerialHandler] <0x0003> GameRobotHp: Red1: 0, Red2: 0, Red3: 0, Red4: 0, Red5: 0, Red7: 0, RedOutpost: 0, RedBase: 0, Blue1: 0, Blue2: 0, Blue3: 0, Blue4: 0, Blue5: 0, Blue7: 400, BlueOutpost: 0, BlueBase: 0
[2025-05-20 06:12:29.660]<DEBUG> [DataManager]Send data: {Hero: (1400, 750), Engineer: (1400, 750), Infantry3: (1400, 750), Infantry4: (1400, 750), Infantry5: (1400, 750), Sentry: (2170, 855)}
[2025-05-20 06:12:29.830]<DEBUG> [SerialHandler] <0x0003> GameRobotHp: Red1: 0, Red2: 0, Red3: 0, Red4: 0, Red5: 0, Red7: 0, RedOutpost: 0, RedBase: 0, Blue1: 0, Blue2: 0, Blue3: 0, Blue4: 0, Blue5: 0, Blue7: 400, BlueOutpost: 0, BlueBase: 0
[2025-05-20 06:12:29.942]<DEBUG> [DataManager]Send data: {Hero: (1400, 750), Engineer: (1400, 750), Infantry3: (1400, 750), Infantry4: (1400, 750), Infantry5: (1400, 750), Sentry: (2170, 855)}
[2025-05-20 06:12:30.140]<DEBUG> [SerialHandler] <0x020E> RadarStatus: DoubleDebuffChances: 1,IsDoubleDebuffAble: False
[2025-05-20 06:12:30.226]<DEBUG> [DataManager]Send data: {Hero: (1400, 750), Engineer: (1400, 750), Infantry3: (1400, 750), Infantry4: (1400, 750), Infantry5: (1400, 750), Sentry: (2170, 855)}
[2025-05-20 06:12:30.451]<DEBUG> [SerialHandler] <0x0003> GameRobotHp: Red1: 0, Red2: 0, Red3: 0, Red4: 0, Red5: 0, Red7: 0, RedOutpost: 0, RedBase: 0, Blue1: 0, Blue2: 0, Blue3: 0, Blue4: 0, Blue5: 0, Blue7: 400, BlueOutpost: 0, BlueBase: 0
[2025-05-20 06:12:30.508]<DEBUG> [DataManager]Send data: {Hero: (1400, 750), Engineer: (1400, 750), Infantry3: (1400, 750), Infantry4: (1400, 750), Infantry5: (1400, 750), Sentry: (2170, 855)}
[2025-05-20 06:12:30.731]<DEBUG> [SerialHandler] <0x0003> GameRobotHp: Red1: 0, Red2: 0, Red3: 0, Red4: 0, Red5: 0, Red7: 0, RedOutpost: 0, RedBase: 0, Blue1: 0, Blue2: 0, Blue3: 0, Blue4: 0, Blue5: 0, Blue7: 400, BlueOutpost: 0, BlueBase: 0
[2025-05-20 06:12:30.785]<DEBUG> [DataManager]Send data: {Hero: (1400, 750), Engineer: (1400, 750), Infantry3: (1400, 750), Infantry4: (1400, 750), Infantry5: (1400, 750), Sentry: (2170, 855)}
[2025-05-20 06:12:31.038]<DEBUG> [SerialHandler] <0x0003> GameRobotHp: Red1: 0, Red2: 0, Red3: 0, Red4: 0, Red5: 0, Red7: 0, RedOutpost: 0, RedBase: 0, Blue1: 0, Blue2: 0, Blue3: 0, Blue4: 0, Blue5: 0, Blue7: 400, BlueOutpost: 0, BlueBase: 0
[2025-05-20 06:12:31.065]<DEBUG> [DataManager]Send data: {Hero: (1400, 750), Engineer: (1400, 750), Infantry3: (1400, 750), Infantry4: (1400, 750), Infantry5: (1400, 750), Sentry: (2170, 855)}
[2025-05-20 06:12:31.347]<DEBUG> [SerialHandler] <0x0003> GameRobotHp: Red1: 0, Red2: 0, Red3: 0, Red4: 0, Red5: 0, Red7: 0, RedOutpost: 0, RedBase: 0, Blue1: 0, Blue2: 0, Blue3: 0, Blue4: 0, Blue5: 0, Blue7: 400, BlueOutpost: 0, BlueBase: 0
[2025-05-20 06:12:31.348]<DEBUG> [DataManager]Send data: {Hero: (1400, 750), Engineer: (1400, 750), Infantry3: (1400, 750), Infantry4: (1400, 750), Infantry5: (1400, 750), Sentry: (2170, 855)}
[2025-05-20 06:12:31.638]<DEBUG> [SerialHandler] <0x0003> GameRobotHp: Red1: 0, Red2: 0, Red3: 0, Red4: 0, Red5: 0, Red7: 0, RedOutpost: 0, RedBase: 0, Blue1: 0, Blue2: 0, Blue3: 0, Blue4: 0, Blue5: 0, Blue7: 400, BlueOutpost: 0, BlueBase: 0
[2025-05-20 06:12:31.640]<DEBUG> [DataManager]Send data: {Hero: (1400, 750), Engineer: (1400, 750), Infantry3: (1400, 750), Infantry4: (1400, 750), Infantry5: (1400, 750), Sentry: (2170, 855)}
[2025-05-20 06:12:31.937]<DEBUG> [SerialHandler] <0x0003> GameRobotHp: Red1: 0, Red2: 0, Red3: 0, Red4: 0, Red5: 0, Red7: 0, RedOutpost: 0, RedBase: 0, Blue1: 0, Blue2: 0, Blue3: 0, Blue4: 0, Blue5: 0, Blue7: 400, BlueOutpost: 0, BlueBase: 0
[2025-05-20 06:12:31.938]<DEBUG> [DataManager]Send data: {Hero: (1400, 750), Engineer: (1400, 750), Infantry3: (1400, 750), Infantry4: (1400, 750), Infantry5: (1400, 750), Sentry: (2170, 855)}
[2025-05-20 06:12:32.137]<DEBUG> [SerialHandler] <0x0001> GameStatus: GameType: 1, GameStage: NotStarted, StageRemainTime: 0, SyncTimestamp: 0
[2025-05-20 06:12:32.220]<DEBUG> [DataManager]Send data: {Hero: (1400, 750), Engineer: (1400, 750), Infantry3: (1400, 750), Infantry4: (1400, 750), Infantry5: (1400, 750), Sentry: (2170, 855)}
[2025-05-20 06:12:32.249]<DEBUG> [SerialHandler] <0x0003> GameRobotHp: Red1: 0, Red2: 0, Red3: 0, Red4: 0, Red5: 0, Red7: 0, RedOutpost: 0, RedBase: 0, Blue1: 0, Blue2: 0, Blue3: 0, Blue4: 0, Blue5: 0, Blue7: 400, BlueOutpost: 0, BlueBase: 0
[2025-05-20 06:12:32.510]<DEBUG> [DataManager]Send data: {Hero: (1400, 750), Engineer: (1400, 750), Infantry3: (1400, 750), Infantry4: (1400, 750), Infantry5: (1400, 750), Sentry: (2170, 855)}
[2025-05-20 06:12:32.540]<DEBUG> [SerialHandler] <0x0003> GameRobotHp: Red1: 0, Red2: 0, Red3: 0, Red4: 0, Red5: 0, Red7: 0, RedOutpost: 0, RedBase: 0, Blue1: 0, Blue2: 0, Blue3: 0, Blue4: 0, Blue5: 0, Blue7: 400, BlueOutpost: 0, BlueBase: 0
[2025-05-20 06:12:32.799]<DEBUG> [DataManager]Send data: {Hero: (1400, 750), Engineer: (1400, 750), Infantry3: (1400, 750), Infantry4: (1400, 750), Infantry5: (1400, 750), Sentry: (2170, 855)}
[2025-05-20 06:12:32.831]<DEBUG> [SerialHandler] <0x0003> GameRobotHp: Red1: 0, Red2: 0, Red3: 0, Red4: 0, Red5: 0, Red7: 0, RedOutpost: 0, RedBase: 0, Blue1: 0, Blue2: 0, Blue3: 0, Blue4: 0, Blue5: 0, Blue7: 400, BlueOutpost: 0, BlueBase: 0
[2025-05-20 06:12:33.096]<DEBUG> [DataManager]Send data: {Hero: (1400, 750), Engineer: (1400, 750), Infantry3: (1400, 750), Infantry4: (1400, 750), Infantry5: (1400, 750), Sentry: (2170, 855)}
[2025-05-20 06:12:33.151]<DEBUG> [SerialHandler] <0x020E> RadarStatus: DoubleDebuffChances: 1,IsDoubleDebuffAble: False
[2025-05-20 06:12:33.378]<DEBUG> [DataManager]Send data: {Hero: (1400, 750), Engineer: (1400, 750), Infantry3: (1400, 750), Infantry4: (1400, 750), Infantry5: (1400, 750), Sentry: (2170, 855)}
[2025-05-20 06:12:33.435]<DEBUG> [SerialHandler] <0x0003> GameRobotHp: Red1: 0, Red2: 0, Red3: 0, Red4: 0, Red5: 0, Red7: 0, RedOutpost: 0, RedBase: 0, Blue1: 0, Blue2: 0, Blue3: 0, Blue4: 0, Blue5: 0, Blue7: 400, BlueOutpost: 0, BlueBase: 0
[2025-05-20 06:12:33.659]<DEBUG> [DataManager]Send data: {Hero: (1400, 750), Engineer: (1400, 750), Infantry3: (1400, 750), Infantry4: (1400, 750), Infantry5: (1400, 750), Sentry: (2170, 855)}
[2025-05-20 06:12:33.744]<DEBUG> [SerialHandler] <0x0003> GameRobotHp: Red1: 0, Red2: 0, Red3: 0, Red4: 0, Red5: 0, Red7: 0, RedOutpost: 0, RedBase: 0, Blue1: 0, Blue2: 0, Blue3: 0, Blue4: 0, Blue5: 0, Blue7: 400, BlueOutpost: 0, BlueBase: 0
[2025-05-20 06:12:33.939]<DEBUG> [DataManager]Send data: {Hero: (1400, 750), Engineer: (1400, 750), Infantry3: (1400, 750), Infantry4: (1400, 750), Infantry5: (1400, 750), Sentry: (2170, 855)}
[2025-05-20 06:12:34.049]<DEBUG> [SerialHandler] <0x0003> GameRobotHp: Red1: 0, Red2: 0, Red3: 0, Red4: 0, Red5: 0, Red7: 0, RedOutpost: 0, RedBase: 0, Blue1: 0, Blue2: 0, Blue3: 0, Blue4: 0, Blue5: 0, Blue7: 400, BlueOutpost: 0, BlueBase: 0
[2025-05-20 06:12:34.214]<DEBUG> [DataManager]Send data: {Hero: (1400, 750), Engineer: (1400, 750), Infantry3: (1400, 750), Infantry4: (1400, 750), Infantry5: (1400, 750), Sentry: (2170, 855)}
[2025-05-20 06:12:34.325]<DEBUG> [SerialHandler] <0x0003> GameRobotHp: Red1: 0, Red2: 0, Red3: 0, Red4: 0, Red5: 0, Red7: 0, RedOutpost: 0, RedBase: 0, Blue1: 0, Blue2: 0, Blue3: 0, Blue4: 0, Blue5: 0, Blue7: 400, BlueOutpost: 0, BlueBase: 0
[2025-05-20 06:12:34.491]<DEBUG> [DataManager]Send data: {Hero: (1400, 750), Engineer: (1400, 750), Infantry3: (1400, 750), Infantry4: (1400, 750), Infantry5: (1400, 750), Sentry: (2170, 855)}
[2025-05-20 06:12:34.767]<DEBUG> [DataManager]Send data: {Hero: (1400, 750), Engineer: (1400, 750), Infantry3: (1400, 750), Infantry4: (1400, 750), Infantry5: (1400, 750), Sentry: (2170, 855)}
[2025-05-20 06:12:34.930]<DEBUG> [SerialHandler] <0x0003> GameRobotHp: Red1: 0, Red2: 0, Red3: 0, Red4: 0, Red5: 0, Red7: 0, RedOutpost: 0, RedBase: 0, Blue1: 0, Blue2: 0, Blue3: 0, Blue4: 0, Blue5: 0, Blue7: 400, BlueOutpost: 0, BlueBase: 0
[2025-05-20 06:12:35.043]<DEBUG> [DataManager]Send data: {Hero: (1400, 750), Engineer: (1400, 750), Infantry3: (1400, 750), Infantry4: (1400, 750), Infantry5: (1400, 750), Sentry: (2170, 855)}
[2025-05-20 06:12:35.134]<DEBUG> [SerialHandler] <0x0001> GameStatus: GameType: 1, GameStage: NotStarted, StageRemainTime: 0, SyncTimestamp: 0
[2025-05-20 06:12:35.244]<DEBUG> [SerialHandler] <0x0003> GameRobotHp: Red1: 0, Red2: 0, Red3: 0, Red4: 0, Red5: 0, Red7: 0, RedOutpost: 0, RedBase: 0, Blue1: 0, Blue2: 0, Blue3: 0, Blue4: 0, Blue5: 0, Blue7: 400, BlueOutpost: 0, BlueBase: 0
[2025-05-20 06:12:35.328]<DEBUG> [DataManager]Send data: {Hero: (1400, 750), Engineer: (1400, 750), Infantry3: (1400, 750), Infantry4: (1400, 750), Infantry5: (1400, 750), Sentry: (2170, 855)}
[2025-05-20 06:12:35.548]<DEBUG> [SerialHandler] <0x0003> GameRobotHp: Red1: 0, Red2: 0, Red3: 0, Red4: 0, Red5: 0, Red7: 0, RedOutpost: 0, RedBase: 0, Blue1: 0, Blue2: 0, Blue3: 0, Blue4: 0, Blue5: 0, Blue7: 400, BlueOutpost: 0, BlueBase: 0
[2025-05-20 06:12:35.602]<DEBUG> [DataManager]Send data: {Hero: (1400, 750), Engineer: (1400, 750), Infantry3: (1400, 750), Infantry4: (1400, 750), Infantry5: (1400, 750), Sentry: (2170, 855)}
[2025-05-20 06:12:35.850]<DEBUG> [SerialHandler] <0x0003> GameRobotHp: Red1: 0, Red2: 0, Red3: 0, Red4: 0, Red5: 0, Red7: 0, RedOutpost: 0, RedBase: 0, Blue1: 0, Blue2: 0, Blue3: 0, Blue4: 0, Blue5: 0, Blue7: 400, BlueOutpost: 0, BlueBase: 0
[2025-05-20 06:12:35.878]<DEBUG> [DataManager]Send data: {Hero: (1400, 750), Engineer: (1400, 750), Infantry3: (1400, 750), Infantry4: (1400, 750), Infantry5: (1400, 750), Sentry: (2170, 855)}
[2025-05-20 06:12:36.156]<DEBUG> [SerialHandler] <0x020E> RadarStatus: DoubleDebuffChances: 1,IsDoubleDebuffAble: False
[2025-05-20 06:12:36.157]<DEBUG> [DataManager]Send data: {Hero: (1400, 750), Engineer: (1400, 750), Infantry3: (1400, 750), Infantry4: (1400, 750), Infantry5: (1400, 750), Sentry: (2170, 855)}
[2025-05-20 06:12:36.426]<DEBUG> [SerialHandler] <0x0003> GameRobotHp: Red1: 0, Red2: 0, Red3: 0, Red4: 0, Red5: 0, Red7: 0, RedOutpost: 0, RedBase: 0, Blue1: 0, Blue2: 0, Blue3: 0, Blue4: 0, Blue5: 0, Blue7: 400, BlueOutpost: 0, BlueBase: 0
[2025-05-20 06:12:36.460]<DEBUG> [DataManager]Send data: {Hero: (1400, 750), Engineer: (1400, 750), Infantry3: (1400, 750), Infantry4: (1400, 750), Infantry5: (1400, 750), Sentry: (2170, 855)}
[2025-05-20 06:12:36.724]<DEBUG> [SerialHandler] <0x0003> GameRobotHp: Red1: 0, Red2: 0, Red3: 0, Red4: 0, Red5: 0, Red7: 0, RedOutpost: 0, RedBase: 0, Blue1: 0, Blue2: 0, Blue3: 0, Blue4: 0, Blue5: 0, Blue7: 400, BlueOutpost: 0, BlueBase: 0
[2025-05-20 06:12:36.754]<DEBUG> [DataManager]Send data: {Hero: (1400, 750), Engineer: (1400, 750), Infantry3: (1400, 750), Infantry4: (1400, 750), Infantry5: (1400, 750), Sentry: (2170, 855)}
[2025-05-20 06:12:37.047]<DEBUG> [SerialHandler] <0x0003> GameRobotHp: Red1: 0, Red2: 0, Red3: 0, Red4: 0, Red5: 0, Red7: 0, RedOutpost: 0, RedBase: 0, Blue1: 0, Blue2: 0, Blue3: 0, Blue4: 0, Blue5: 0, Blue7: 400, BlueOutpost: 0, BlueBase: 0
[2025-05-20 06:12:37.048]<DEBUG> [DataManager]Send data: {Hero: (1400, 750), Engineer: (1400, 750), Infantry3: (1400, 750), Infantry4: (1400, 750), Infantry5: (1400, 750), Sentry: (2170, 855)}
[2025-05-20 06:12:37.339]<DEBUG> [SerialHandler] <0x0003> GameRobotHp: Red1: 0, Red2: 0, Red3: 0, Red4: 0, Red5: 0, Red7: 0, RedOutpost: 0, RedBase: 0, Blue1: 0, Blue2: 0, Blue3: 0, Blue4: 0, Blue5: 0, Blue7: 400, BlueOutpost: 0, BlueBase: 0
[2025-05-20 06:12:37.341]<DEBUG> [DataManager]Send data: {Hero: (1400, 750), Engineer: (1400, 750), Infantry3: (1400, 750), Infantry4: (1400, 750), Infantry5: (1400, 750), Sentry: (2170, 855)}
[2025-05-20 06:12:37.648]<DEBUG> [SerialHandler] <0x0003> GameRobotHp: Red1: 0, Red2: 0, Red3: 0, Red4: 0, Red5: 0, Red7: 0, RedOutpost: 0, RedBase: 0, Blue1: 0, Blue2: 0, Blue3: 0, Blue4: 0, Blue5: 0, Blue7: 400, BlueOutpost: 0, BlueBase: 0
[2025-05-20 06:12:37.649]<DEBUG> [DataManager]Send data: {Hero: (1400, 750), Engineer: (1400, 750), Infantry3: (1400, 750), Infantry4: (1400, 750), Infantry5: (1400, 750), Sentry: (2170, 855)}
[2025-05-20 06:12:37.934]<DEBUG> [SerialHandler] <0x0003> GameRobotHp: Red1: 0, Red2: 0, Red3: 0, Red4: 0, Red5: 0, Red7: 0, RedOutpost: 0, RedBase: 0, Blue1: 0, Blue2: 0, Blue3: 0, Blue4: 0, Blue5: 0, Blue7: 400, BlueOutpost: 0, BlueBase: 0
[2025-05-20 06:12:37.935]<DEBUG> [DataManager]Send data: {Hero: (1400, 750), Engineer: (1400, 750), Infantry3: (1400, 750), Infantry4: (1400, 750), Infantry5: (1400, 750), Sentry: (2170, 855)}
[2025-05-20 06:12:38.135]<DEBUG> [SerialHandler] <0x020E> RadarStatus: DoubleDebuffChances: 2,IsDoubleDebuffAble: False
[2025-05-20 06:12:38.219]<DEBUG> [DataManager]Send data: {Hero: (1400, 750), Engineer: (1400, 750), Infantry3: (1400, 750), Infantry4: (1400, 750), Infantry5: (1400, 750), Sentry: (2170, 855)}
[2025-05-20 06:12:38.247]<DEBUG> [SerialHandler] <0x0003> GameRobotHp: Red1: 0, Red2: 0, Red3: 0, Red4: 0, Red5: 0, Red7: 0, RedOutpost: 0, RedBase: 0, Blue1: 0, Blue2: 0, Blue3: 0, Blue4: 0, Blue5: 0, Blue7: 400, BlueOutpost: 0, BlueBase: 0
[2025-05-20 06:12:38.501]<DEBUG> [DataManager]Send data: {Hero: (1400, 750), Engineer: (1400, 750), Infantry3: (1400, 750), Infantry4: (1400, 750), Infantry5: (1400, 750), Sentry: (2170, 855)}
[2025-05-20 06:12:38.530]<DEBUG> [SerialHandler] <0x0003> GameRobotHp: Red1: 0, Red2: 0, Red3: 0, Red4: 0, Red5: 0, Red7: 0, RedOutpost: 0, RedBase: 0, Blue1: 0, Blue2: 0, Blue3: 0, Blue4: 0, Blue5: 0, Blue7: 400, BlueOutpost: 0, BlueBase: 0
[2025-05-20 06:12:38.846]<DEBUG> [SerialHandler] <0x0003> GameRobotHp: Red1: 0, Red2: 0, Red3: 0, Red4: 0, Red5: 0, Red7: 0, RedOutpost: 0, RedBase: 0, Blue1: 0, Blue2: 0, Blue3: 0, Blue4: 0, Blue5: 0, Blue7: 400, BlueOutpost: 0, BlueBase: 0
[2025-05-20 06:12:39.152]<DEBUG> [SerialHandler] <0x0101> GameBuff: IsSupplyAreaOccupied: False, IsSupplyAreaOccupied2: False, IsSupplyAreaOccupied3: False, IsLittleEnergyOrganActivated: False, IsBigEnergyOrganActivated: False, IsCentralHighlandOccupied: False, IsTrapezoidalHighlandOccupied: False, EnemyDartHitTime: 0, EnemyDartHitTarget: 0, CenterGainPointStatus: 0
[2025-05-20 06:12:39.153]<DEBUG> [DataManager]Send data: {Hero: (1400, 750), Engineer: (1400, 750), Infantry3: (1400, 750), Infantry4: (1400, 750), Infantry5: (1400, 750), Sentry: (2170, 855)}
[2025-05-20 06:12:39.488]<DEBUG> [SerialHandler] <0x0003> GameRobotHp: Red1: 0, Red2: 0, Red3: 0, Red4: 0, Red5: 0, Red7: 0, RedOutpost: 0, RedBase: 0, Blue1: 0, Blue2: 0, Blue3: 0, Blue4: 0, Blue5: 0, Blue7: 400, BlueOutpost: 0, BlueBase: 0
[2025-05-20 06:12:39.545]<DEBUG> [DataManager]Send data: {Hero: (1400, 750), Engineer: (1400, 750), Infantry3: (1400, 750), Infantry4: (1400, 750), Infantry5: (1400, 750), Sentry: (2170, 855)}
[2025-05-20 06:12:39.737]<DEBUG> [SerialHandler] <0x0003> GameRobotHp: Red1: 0, Red2: 0, Red3: 0, Red4: 0, Red5: 0, Red7: 0, RedOutpost: 0, RedBase: 0, Blue1: 0, Blue2: 0, Blue3: 0, Blue4: 0, Blue5: 0, Blue7: 400, BlueOutpost: 0, BlueBase: 0
[2025-05-20 06:12:39.821]<DEBUG> [DataManager]Send data: {Hero: (1400, 750), Engineer: (1400, 750), Infantry3: (1400, 750), Infantry4: (1400, 750), Infantry5: (1400, 750), Sentry: (2170, 855)}
[2025-05-20 06:12:40.017]<DEBUG> [SerialHandler] <0x0003> GameRobotHp: Red1: 0, Red2: 0, Red3: 0, Red4: 0, Red5: 0, Red7: 0, RedOutpost: 0, RedBase: 0, Blue1: 0, Blue2: 0, Blue3: 0, Blue4: 0, Blue5: 0, Blue7: 400, BlueOutpost: 0, BlueBase: 0
[2025-05-20 06:12:40.099]<DEBUG> [DataManager]Send data: {Hero: (1400, 750), Engineer: (1400, 750), Infantry3: (1400, 750), Infantry4: (1400, 750), Infantry5: (1400, 750), Sentry: (2170, 855)}
[2025-05-20 06:12:40.328]<DEBUG> [SerialHandler] <0x0003> GameRobotHp: Red1: 0, Red2: 0, Red3: 0, Red4: 0, Red5: 0, Red7: 0, RedOutpost: 0, RedBase: 0, Blue1: 0, Blue2: 0, Blue3: 0, Blue4: 0, Blue5: 0, Blue7: 400, BlueOutpost: 0, BlueBase: 0
[2025-05-20 06:12:40.382]<DEBUG> [DataManager]Send data: {Hero: (1400, 750), Engineer: (1400, 750), Infantry3: (1400, 750), Infantry4: (1400, 750), Infantry5: (1400, 750), Sentry: (2170, 855)}
[2025-05-20 06:12:40.631]<DEBUG> [SerialHandler] <0x0003> GameRobotHp: Red1: 0, Red2: 0, Red3: 0, Red4: 0, Red5: 0, Red7: 0, RedOutpost: 0, RedBase: 0, Blue1: 0, Blue2: 0, Blue3: 0, Blue4: 0, Blue5: 0, Blue7: 400, BlueOutpost: 0, BlueBase: 0
[2025-05-20 06:12:40.659]<DEBUG> [DataManager]Send data: {Hero: (1400, 750), Engineer: (1400, 750), Infantry3: (1400, 750), Infantry4: (1400, 750), Infantry5: (1400, 750), Sentry: (2170, 855)}
[2025-05-20 06:12:40.937]<DEBUG> [SerialHandler] <0x0003> GameRobotHp: Red1: 0, Red2: 0, Red3: 0, Red4: 0, Red5: 0, Red7: 0, RedOutpost: 0, RedBase: 0, Blue1: 0, Blue2: 0, Blue3: 0, Blue4: 0, Blue5: 0, Blue7: 400, BlueOutpost: 0, BlueBase: 0
[2025-05-20 06:12:40.939]<DEBUG> [DataManager]Send data: {Hero: (1400, 750), Engineer: (1400, 750), Infantry3: (1400, 750), Infantry4: (1400, 750), Infantry5: (1400, 750), Sentry: (2170, 855)}
[2025-05-20 06:12:41.216]<DEBUG> [SerialHandler] <0x0003> GameRobotHp: Red1: 0, Red2: 0, Red3: 0, Red4: 0, Red5: 0, Red7: 0, RedOutpost: 0, RedBase: 0, Blue1: 0, Blue2: 0, Blue3: 0, Blue4: 0, Blue5: 0, Blue7: 400, BlueOutpost: 0, BlueBase: 0
[2025-05-20 06:12:41.217]<DEBUG> [DataManager]Send data: {Hero: (1400, 750), Engineer: (1400, 750), Infantry3: (1400, 750), Infantry4: (1400, 750), Infantry5: (1400, 750), Sentry: (2170, 855)}
[2025-05-20 06:12:41.506]<DEBUG> [DataManager]Send data: {Hero: (1400, 750), Engineer: (1400, 750), Infantry3: (1400, 750), Infantry4: (1400, 750), Infantry5: (1400, 750), Sentry: (2170, 855)}
[2025-05-20 06:12:41.538]<DEBUG> [SerialHandler] <0x0003> GameRobotHp: Red1: 0, Red2: 0, Red3: 0, Red4: 0, Red5: 0, Red7: 0, RedOutpost: 0, RedBase: 0, Blue1: 0, Blue2: 0, Blue3: 0, Blue4: 0, Blue5: 0, Blue7: 400, BlueOutpost: 0, BlueBase: 0
[2025-05-20 06:12:41.795]<DEBUG> [DataManager]Send data: {Hero: (1400, 750), Engineer: (1400, 750), Infantry3: (1400, 750), Infantry4: (1400, 750), Infantry5: (1400, 750), Sentry: (2170, 855)}
[2025-05-20 06:12:41.823]<DEBUG> [SerialHandler] <0x0003> GameRobotHp: Red1: 0, Red2: 0, Red3: 0, Red4: 0, Red5: 0, Red7: 0, RedOutpost: 0, RedBase: 0, Blue1: 0, Blue2: 0, Blue3: 0, Blue4: 0, Blue5: 0, Blue7: 400, BlueOutpost: 0, BlueBase: 0
[2025-05-20 06:12:42.073]<DEBUG> [DataManager]Send data: {Hero: (1400, 750), Engineer: (1400, 750), Infantry3: (1400, 750), Infantry4: (1400, 750), Infantry5: (1400, 750), Sentry: (2170, 855)}
[2025-05-20 06:12:42.350]<DEBUG> [DataManager]Send data: {Hero: (1400, 750), Engineer: (1400, 750), Infantry3: (1400, 750), Infantry4: (1400, 750), Infantry5: (1400, 750), Sentry: (2170, 855)}
[2025-05-20 06:12:42.435]<DEBUG> [SerialHandler] <0x0003> GameRobotHp: Red1: 0, Red2: 0, Red3: 0, Red4: 0, Red5: 0, Red7: 0, RedOutpost: 0, RedBase: 0, Blue1: 0, Blue2: 0, Blue3: 0, Blue4: 0, Blue5: 0, Blue7: 400, BlueOutpost: 0, BlueBase: 0
[2025-05-20 06:12:42.626]<DEBUG> [DataManager]Send data: {Hero: (1400, 750), Engineer: (1400, 750), Infantry3: (1400, 750), Infantry4: (1400, 750), Infantry5: (1400, 750), Sentry: (2170, 855)}
[2025-05-20 06:12:42.738]<DEBUG> [SerialHandler] <0x0003> GameRobotHp: Red1: 0, Red2: 0, Red3: 0, Red4: 0, Red5: 0, Red7: 0, RedOutpost: 0, RedBase: 0, Blue1: 0, Blue2: 0, Blue3: 0, Blue4: 0, Blue5: 0, Blue7: 400, BlueOutpost: 0, BlueBase: 0
[2025-05-20 06:12:42.900]<DEBUG> [DataManager]Send data: {Hero: (1400, 750), Engineer: (1400, 750), Infantry3: (1400, 750), Infantry4: (1400, 750), Infantry5: (1400, 750), Sentry: (2170, 855)}
[2025-05-20 06:12:43.039]<DEBUG> [SerialHandler] <0x0003> GameRobotHp: Red1: 0, Red2: 0, Red3: 0, Red4: 0, Red5: 0, Red7: 0, RedOutpost: 0, RedBase: 0, Blue1: 0, Blue2: 0, Blue3: 0, Blue4: 0, Blue5: 0, Blue7: 400, BlueOutpost: 0, BlueBase: 0
[2025-05-20 06:12:43.123]<DEBUG> [SerialHandler] <0x0001> GameStatus: GameType: 1, GameStage: NotStarted, StageRemainTime: 0, SyncTimestamp: 0
[2025-05-20 06:12:43.177]<DEBUG> [DataManager]Send data: {Hero: (1400, 750), Engineer: (1400, 750), Infantry3: (1400, 750), Infantry4: (1400, 750), Infantry5: (1400, 750), Sentry: (2170, 855)}
[2025-05-20 06:12:43.317]<DEBUG> [SerialHandler] <0x0003> GameRobotHp: Red1: 0, Red2: 0, Red3: 0, Red4: 0, Red5: 0, Red7: 0, RedOutpost: 0, RedBase: 0, Blue1: 0, Blue2: 0, Blue3: 0, Blue4: 0, Blue5: 0, Blue7: 400, BlueOutpost: 0, BlueBase: 0
[2025-05-20 06:12:43.468]<DEBUG> [DataManager]Send data: {Hero: (1400, 750), Engineer: (1400, 750), Infantry3: (1400, 750), Infantry4: (1400, 750), Infantry5: (1400, 750), Sentry: (2170, 855)}
[2025-05-20 06:12:43.610]<DEBUG> [SerialHandler] <0x0003> GameRobotHp: Red1: 0, Red2: 0, Red3: 0, Red4: 0, Red5: 0, Red7: 0, RedOutpost: 0, RedBase: 0, Blue1: 0, Blue2: 0, Blue3: 0, Blue4: 0, Blue5: 0, Blue7: 400, BlueOutpost: 0, BlueBase: 0
[2025-05-20 06:12:43.747]<DEBUG> [DataManager]Send data: {Hero: (1400, 750), Engineer: (1400, 750), Infantry3: (1400, 750), Infantry4: (1400, 750), Infantry5: (1400, 750), Sentry: (2170, 855)}
[2025-05-20 06:12:43.918]<DEBUG> [SerialHandler] <0x0003> GameRobotHp: Red1: 0, Red2: 0, Red3: 0, Red4: 0, Red5: 0, Red7: 0, RedOutpost: 0, RedBase: 0, Blue1: 0, Blue2: 0, Blue3: 0, Blue4: 0, Blue5: 0, Blue7: 400, BlueOutpost: 0, BlueBase: 0
[2025-05-20 06:12:44.033]<DEBUG> [DataManager]Send data: {Hero: (1400, 750), Engineer: (1400, 750), Infantry3: (1400, 750), Infantry4: (1400, 750), Infantry5: (1400, 750), Sentry: (2170, 855)}
[2025-05-20 06:12:44.240]<DEBUG> [SerialHandler] <0x0003> GameRobotHp: Red1: 0, Red2: 0, Red3: 0, Red4: 0, Red5: 0, Red7: 0, RedOutpost: 0, RedBase: 0, Blue1: 0, Blue2: 0, Blue3: 0, Blue4: 0, Blue5: 0, Blue7: 400, BlueOutpost: 0, BlueBase: 0
[2025-05-20 06:12:44.337]<DEBUG> [DataManager]Send data: {Hero: (1400, 750), Engineer: (1400, 750), Infantry3: (1400, 750), Infantry4: (1400, 750), Infantry5: (1400, 750), Sentry: (2170, 855)}
[2025-05-20 06:12:44.534]<DEBUG> [SerialHandler] <0x0003> GameRobotHp: Red1: 0, Red2: 0, Red3: 0, Red4: 0, Red5: 0, Red7: 0, RedOutpost: 0, RedBase: 0, Blue1: 0, Blue2: 0, Blue3: 0, Blue4: 0, Blue5: 0, Blue7: 400, BlueOutpost: 0, BlueBase: 0
[2025-05-20 06:12:44.621]<DEBUG> [DataManager]Send data: {Hero: (1400, 750), Engineer: (1400, 750), Infantry3: (1400, 750), Infantry4: (1400, 750), Infantry5: (1400, 750), Sentry: (2170, 855)}
[2025-05-20 06:12:44.851]<DEBUG> [SerialHandler] <0x0003> GameRobotHp: Red1: 0, Red2: 0, Red3: 0, Red4: 0, Red5: 0, Red7: 0, RedOutpost: 0, RedBase: 0, Blue1: 0, Blue2: 0, Blue3: 0, Blue4: 0, Blue5: 0, Blue7: 400, BlueOutpost: 0, BlueBase: 0
[2025-05-20 06:12:44.910]<DEBUG> [DataManager]Send data: {Hero: (1400, 750), Engineer: (1400, 750), Infantry3: (1400, 750), Infantry4: (1400, 750), Infantry5: (1400, 750), Sentry: (2170, 855)}
[2025-05-20 06:12:45.136]<DEBUG> [SerialHandler] <0x0101> GameBuff: IsSupplyAreaOccupied: False, IsSupplyAreaOccupied2: False, IsSupplyAreaOccupied3: False, IsLittleEnergyOrganActivated: False, IsBigEnergyOrganActivated: False, IsCentralHighlandOccupied: False, IsTrapezoidalHighlandOccupied: False, EnemyDartHitTime: 0, EnemyDartHitTarget: 0, CenterGainPointStatus: 0
[2025-05-20 06:12:45.193]<DEBUG> [DataManager]Send data: {Hero: (1400, 750), Engineer: (1400, 750), Infantry3: (1400, 750), Infantry4: (1400, 750), Infantry5: (1400, 750), Sentry: (2170, 855)}
[2025-05-20 06:12:45.425]<DEBUG> [SerialHandler] <0x0003> GameRobotHp: Red1: 0, Red2: 0, Red3: 0, Red4: 0, Red5: 0, Red7: 0, RedOutpost: 0, RedBase: 0, Blue1: 0, Blue2: 0, Blue3: 0, Blue4: 0, Blue5: 0, Blue7: 400, BlueOutpost: 0, BlueBase: 0
[2025-05-20 06:12:45.485]<DEBUG> [DataManager]Send data: {Hero: (1400, 750), Engineer: (1400, 750), Infantry3: (1400, 750), Infantry4: (1400, 750), Infantry5: (1400, 750), Sentry: (2170, 855)}
[2025-05-20 06:12:45.750]<DEBUG> [SerialHandler] <0x0003> GameRobotHp: Red1: 0, Red2: 0, Red3: 0, Red4: 0, Red5: 0, Red7: 0, RedOutpost: 0, RedBase: 0, Blue1: 0, Blue2: 0, Blue3: 0, Blue4: 0, Blue5: 0, Blue7: 400, BlueOutpost: 0, BlueBase: 0
[2025-05-20 06:12:45.780]<DEBUG> [DataManager]Send data: {Hero: (1400, 750), Engineer: (1400, 750), Infantry3: (1400, 750), Infantry4: (1400, 750), Infantry5: (1400, 750), Sentry: (2170, 855)}
[2025-05-20 06:12:46.054]<DEBUG> [SerialHandler] <0x0003> GameRobotHp: Red1: 0, Red2: 0, Red3: 0, Red4: 0, Red5: 0, Red7: 0, RedOutpost: 0, RedBase: 0, Blue1: 0, Blue2: 0, Blue3: 0, Blue4: 0, Blue5: 0, Blue7: 400, BlueOutpost: 0, BlueBase: 0
[2025-05-20 06:12:46.090]<DEBUG> [DataManager]Send data: {Hero: (1400, 750), Engineer: (1400, 750), Infantry3: (1400, 750), Infantry4: (1400, 750), Infantry5: (1400, 750), Sentry: (2170, 855)}
[2025-05-20 06:12:46.334]<DEBUG> [SerialHandler] <0x0003> GameRobotHp: Red1: 0, Red2: 0, Red3: 0, Red4: 0, Red5: 0, Red7: 0, RedOutpost: 0, RedBase: 0, Blue1: 0, Blue2: 0, Blue3: 0, Blue4: 0, Blue5: 0, Blue7: 400, BlueOutpost: 0, BlueBase: 0
[2025-05-20 06:12:46.363]<DEBUG> [DataManager]Send data: {Hero: (1400, 750), Engineer: (1400, 750), Infantry3: (1400, 750), Infantry4: (1400, 750), Infantry5: (1400, 750), Sentry: (2170, 855)}
[2025-05-20 06:12:46.645]<DEBUG> [SerialHandler] <0x0003> GameRobotHp: Red1: 0, Red2: 0, Red3: 0, Red4: 0, Red5: 0, Red7: 0, RedOutpost: 0, RedBase: 0, Blue1: 0, Blue2: 0, Blue3: 0, Blue4: 0, Blue5: 0, Blue7: 400, BlueOutpost: 0, BlueBase: 0
[2025-05-20 06:12:46.646]<DEBUG> [DataManager]Send data: {Hero: (1400, 750), Engineer: (1400, 750), Infantry3: (1400, 750), Infantry4: (1400, 750), Infantry5: (1400, 750), Sentry: (2170, 855)}
[2025-05-20 06:12:46.925]<DEBUG> [DataManager]Send data: {Hero: (1400, 750), Engineer: (1400, 750), Infantry3: (1400, 750), Infantry4: (1400, 750), Infantry5: (1400, 750), Sentry: (2170, 855)}
[2025-05-20 06:12:46.949]<DEBUG> [SerialHandler] <0x0003> GameRobotHp: Red1: 0, Red2: 0, Red3: 0, Red4: 0, Red5: 0, Red7: 0, RedOutpost: 0, RedBase: 0, Blue1: 0, Blue2: 0, Blue3: 0, Blue4: 0, Blue5: 0, Blue7: 400, BlueOutpost: 0, BlueBase: 0
[2025-05-20 06:12:47.149]<DEBUG> [SerialHandler] <0x0101> GameBuff: IsSupplyAreaOccupied: False, IsSupplyAreaOccupied2: False, IsSupplyAreaOccupied3: False, IsLittleEnergyOrganActivated: False, IsBigEnergyOrganActivated: False, IsCentralHighlandOccupied: False, IsTrapezoidalHighlandOccupied: False, EnemyDartHitTime: 0, EnemyDartHitTarget: 0, CenterGainPointStatus: 0
[2025-05-20 06:12:47.150]<DEBUG> [SerialHandler] <0x0001> GameStatus: GameType: 1, GameStage: NotStarted, StageRemainTime: 0, SyncTimestamp: 0
[2025-05-20 06:12:47.203]<DEBUG> [DataManager]Send data: {Hero: (1400, 750), Engineer: (1400, 750), Infantry3: (1400, 750), Infantry4: (1400, 750), Infantry5: (1400, 750), Sentry: (2170, 855)}
[2025-05-20 06:12:47.233]<DEBUG> [SerialHandler] <0x0003> GameRobotHp: Red1: 0, Red2: 0, Red3: 0, Red4: 0, Red5: 0, Red7: 0, RedOutpost: 0, RedBase: 0, Blue1: 0, Blue2: 0, Blue3: 0, Blue4: 0, Blue5: 0, Blue7: 400, BlueOutpost: 0, BlueBase: 0
[2025-05-20 06:12:47.489]<DEBUG> [DataManager]Send data: {Hero: (1400, 750), Engineer: (1400, 750), Infantry3: (1400, 750), Infantry4: (1400, 750), Infantry5: (1400, 750), Sentry: (2170, 855)}
[2025-05-20 06:12:47.544]<DEBUG> [SerialHandler] <0x0003> GameRobotHp: Red1: 0, Red2: 0, Red3: 0, Red4: 0, Red5: 0, Red7: 0, RedOutpost: 0, RedBase: 0, Blue1: 0, Blue2: 0, Blue3: 0, Blue4: 0, Blue5: 0, Blue7: 400, BlueOutpost: 0, BlueBase: 0
[2025-05-20 06:12:47.773]<DEBUG> [DataManager]Send data: {Hero: (1400, 750), Engineer: (1400, 750), Infantry3: (1400, 750), Infantry4: (1400, 750), Infantry5: (1400, 750), Sentry: (2170, 855)}
[2025-05-20 06:12:47.830]<DEBUG> [SerialHandler] <0x0003> GameRobotHp: Red1: 0, Red2: 0, Red3: 0, Red4: 0, Red5: 0, Red7: 0, RedOutpost: 0, RedBase: 0, Blue1: 0, Blue2: 0, Blue3: 0, Blue4: 0, Blue5: 0, Blue7: 400, BlueOutpost: 0, BlueBase: 0
[2025-05-20 06:12:48.060]<DEBUG> [DataManager]Send data: {Hero: (1400, 750), Engineer: (1400, 750), Infantry3: (1400, 750), Infantry4: (1400, 750), Infantry5: (1400, 750), Sentry: (2170, 855)}
[2025-05-20 06:12:48.340]<DEBUG> [DataManager]Send data: {Hero: (1400, 750), Engineer: (1400, 750), Infantry3: (1400, 750), Infantry4: (1400, 750), Infantry5: (1400, 750), Sentry: (2170, 855)}
[2025-05-20 06:12:48.433]<DEBUG> [SerialHandler] <0x0003> GameRobotHp: Red1: 0, Red2: 0, Red3: 0, Red4: 0, Red5: 0, Red7: 0, RedOutpost: 0, RedBase: 0, Blue1: 0, Blue2: 0, Blue3: 0, Blue4: 0, Blue5: 0, Blue7: 400, BlueOutpost: 0, BlueBase: 0
[2025-05-20 06:12:48.650]<DEBUG> [DataManager]Send data: {Hero: (1400, 750), Engineer: (1400, 750), Infantry3: (1400, 750), Infantry4: (1400, 750), Infantry5: (1400, 750), Sentry: (2170, 855)}
[2025-05-20 06:12:48.734]<DEBUG> [SerialHandler] <0x0003> GameRobotHp: Red1: 0, Red2: 0, Red3: 0, Red4: 0, Red5: 0, Red7: 0, RedOutpost: 0, RedBase: 0, Blue1: 0, Blue2: 0, Blue3: 0, Blue4: 0, Blue5: 0, Blue7: 400, BlueOutpost: 0, BlueBase: 0
[2025-05-20 06:12:48.934]<DEBUG> [DataManager]Send data: {Hero: (1400, 750), Engineer: (1400, 750), Infantry3: (1400, 750), Infantry4: (1400, 750), Infantry5: (1400, 750), Sentry: (2170, 855)}
[2025-05-20 06:12:49.048]<DEBUG> [SerialHandler] <0x0003> GameRobotHp: Red1: 0, Red2: 0, Red3: 0, Red4: 0, Red5: 0, Red7: 0, RedOutpost: 0, RedBase: 0, Blue1: 0, Blue2: 0, Blue3: 0, Blue4: 0, Blue5: 0, Blue7: 400, BlueOutpost: 0, BlueBase: 0
[2025-05-20 06:12:49.130]<DEBUG> [SerialHandler] <0x020E> RadarStatus: DoubleDebuffChances: 2,IsDoubleDebuffAble: False
[2025-05-20 06:12:49.215]<DEBUG> [DataManager]Send data: {Hero: (1400, 750), Engineer: (1400, 750), Infantry3: (1400, 750), Infantry4: (1400, 750), Infantry5: (1400, 750), Sentry: (2170, 855)}
[2025-05-20 06:12:49.333]<DEBUG> [SerialHandler] <0x0003> GameRobotHp: Red1: 0, Red2: 0, Red3: 0, Red4: 0, Red5: 0, Red7: 0, RedOutpost: 0, RedBase: 0, Blue1: 0, Blue2: 0, Blue3: 0, Blue4: 0, Blue5: 0, Blue7: 400, BlueOutpost: 0, BlueBase: 0
[2025-05-20 06:12:49.505]<DEBUG> [DataManager]Send data: {Hero: (1400, 750), Engineer: (1400, 750), Infantry3: (1400, 750), Infantry4: (1400, 750), Infantry5: (1400, 750), Sentry: (2170, 855)}
[2025-05-20 06:12:49.626]<DEBUG> [SerialHandler] <0x0003> GameRobotHp: Red1: 0, Red2: 0, Red3: 0, Red4: 0, Red5: 0, Red7: 0, RedOutpost: 0, RedBase: 0, Blue1: 0, Blue2: 0, Blue3: 0, Blue4: 0, Blue5: 0, Blue7: 400, BlueOutpost: 0, BlueBase: 0
[2025-05-20 06:12:49.795]<DEBUG> [DataManager]Send data: {Hero: (1400, 750), Engineer: (1400, 750), Infantry3: (1400, 750), Infantry4: (1400, 750), Infantry5: (1400, 750), Sentry: (2170, 855)}
[2025-05-20 06:12:49.935]<DEBUG> [SerialHandler] <0x0003> GameRobotHp: Red1: 0, Red2: 0, Red3: 0, Red4: 0, Red5: 0, Red7: 0, RedOutpost: 0, RedBase: 0, Blue1: 0, Blue2: 0, Blue3: 0, Blue4: 0, Blue5: 0, Blue7: 400, BlueOutpost: 0, BlueBase: 0
[2025-05-20 06:12:50.078]<DEBUG> [DataManager]Send data: {Hero: (1400, 750), Engineer: (1400, 750), Infantry3: (1400, 750), Infantry4: (1400, 750), Infantry5: (1400, 750), Sentry: (2170, 855)}
[2025-05-20 06:12:50.221]<DEBUG> [SerialHandler] <0x0003> GameRobotHp: Red1: 0, Red2: 0, Red3: 0, Red4: 0, Red5: 0, Red7: 0, RedOutpost: 0, RedBase: 0, Blue1: 0, Blue2: 0, Blue3: 0, Blue4: 0, Blue5: 0, Blue7: 400, BlueOutpost: 0, BlueBase: 0
[2025-05-20 06:12:50.363]<DEBUG> [DataManager]Send data: {Hero: (1400, 750), Engineer: (1400, 750), Infantry3: (1400, 750), Infantry4: (1400, 750), Infantry5: (1400, 750), Sentry: (2170, 855)}
[2025-05-20 06:12:50.538]<DEBUG> [SerialHandler] <0x0003> GameRobotHp: Red1: 0, Red2: 0, Red3: 0, Red4: 0, Red5: 0, Red7: 0, RedOutpost: 0, RedBase: 0, Blue1: 0, Blue2: 0, Blue3: 0, Blue4: 0, Blue5: 0, Blue7: 400, BlueOutpost: 0, BlueBase: 0
[2025-05-20 06:12:50.664]<DEBUG> [DataManager]Send data: {Hero: (1400, 750), Engineer: (1400, 750), Infantry3: (1400, 750), Infantry4: (1400, 750), Infantry5: (1400, 750), Sentry: (2170, 855)}
[2025-05-20 06:12:50.831]<DEBUG> [SerialHandler] <0x0003> GameRobotHp: Red1: 0, Red2: 0, Red3: 0, Red4: 0, Red5: 0, Red7: 0, RedOutpost: 0, RedBase: 0, Blue1: 0, Blue2: 0, Blue3: 0, Blue4: 0, Blue5: 0, Blue7: 400, BlueOutpost: 0, BlueBase: 0
[2025-05-20 06:12:50.945]<DEBUG> [DataManager]Send data: {Hero: (1400, 750), Engineer: (1400, 750), Infantry3: (1400, 750), Infantry4: (1400, 750), Infantry5: (1400, 750), Sentry: (2170, 855)}
[2025-05-20 06:12:51.237]<DEBUG> [DataManager]Send data: {Hero: (1400, 750), Engineer: (1400, 750), Infantry3: (1400, 750), Infantry4: (1400, 750), Infantry5: (1400, 750), Sentry: (2170, 855)}
[2025-05-20 06:12:51.442]<DEBUG> [SerialHandler] <0x0003> GameRobotHp: Red1: 0, Red2: 0, Red3: 0, Red4: 0, Red5: 0, Red7: 0, RedOutpost: 0, RedBase: 0, Blue1: 0, Blue2: 0, Blue3: 0, Blue4: 0, Blue5: 0, Blue7: 400, BlueOutpost: 0, BlueBase: 0
[2025-05-20 06:12:51.527]<DEBUG> [DataManager]Send data: {Hero: (1400, 750), Engineer: (1400, 750), Infantry3: (1400, 750), Infantry4: (1400, 750), Infantry5: (1400, 750), Sentry: (2170, 855)}
[2025-05-20 06:12:51.723]<DEBUG> [SerialHandler] <0x0003> GameRobotHp: Red1: 0, Red2: 0, Red3: 0, Red4: 0, Red5: 0, Red7: 0, RedOutpost: 0, RedBase: 0, Blue1: 0, Blue2: 0, Blue3: 0, Blue4: 0, Blue5: 0, Blue7: 400, BlueOutpost: 0, BlueBase: 0
[2025-05-20 06:12:51.806]<DEBUG> [DataManager]Send data: {Hero: (1400, 750), Engineer: (1400, 750), Infantry3: (1400, 750), Infantry4: (1400, 750), Infantry5: (1400, 750), Sentry: (2170, 855)}
[2025-05-20 06:12:52.049]<DEBUG> [SerialHandler] <0x0003> GameRobotHp: Red1: 0, Red2: 0, Red3: 0, Red4: 0, Red5: 0, Red7: 0, RedOutpost: 0, RedBase: 0, Blue1: 0, Blue2: 0, Blue3: 0, Blue4: 0, Blue5: 0, Blue7: 400, BlueOutpost: 0, BlueBase: 0
[2025-05-20 06:12:52.104]<DEBUG> [DataManager]Send data: {Hero: (1400, 750), Engineer: (1400, 750), Infantry3: (1400, 750), Infantry4: (1400, 750), Infantry5: (1400, 750), Sentry: (2170, 855)}
[2025-05-20 06:12:52.308]<DEBUG> [SerialHandler] <0x0003> GameRobotHp: Red1: 0, Red2: 0, Red3: 0, Red4: 0, Red5: 0, Red7: 0, RedOutpost: 0, RedBase: 0, Blue1: 0, Blue2: 0, Blue3: 0, Blue4: 0, Blue5: 0, Blue7: 400, BlueOutpost: 0, BlueBase: 0
[2025-05-20 06:12:52.393]<DEBUG> [DataManager]Send data: {Hero: (1400, 750), Engineer: (1400, 750), Infantry3: (1400, 750), Infantry4: (1400, 750), Infantry5: (1400, 750), Sentry: (2170, 855)}
[2025-05-20 06:12:52.645]<DEBUG> [SerialHandler] <0x0003> GameRobotHp: Red1: 0, Red2: 0, Red3: 0, Red4: 0, Red5: 0, Red7: 0, RedOutpost: 0, RedBase: 0, Blue1: 0, Blue2: 0, Blue3: 0, Blue4: 0, Blue5: 0, Blue7: 400, BlueOutpost: 0, BlueBase: 0
[2025-05-20 06:12:52.674]<DEBUG> [DataManager]Send data: {Hero: (1400, 750), Engineer: (1400, 750), Infantry3: (1400, 750), Infantry4: (1400, 750), Infantry5: (1400, 750), Sentry: (2170, 855)}
[2025-05-20 06:12:52.930]<DEBUG> [SerialHandler] <0x0003> GameRobotHp: Red1: 0, Red2: 0, Red3: 0, Red4: 0, Red5: 0, Red7: 0, RedOutpost: 0, RedBase: 0, Blue1: 0, Blue2: 0, Blue3: 0, Blue4: 0, Blue5: 0, Blue7: 400, BlueOutpost: 0, BlueBase: 0
[2025-05-20 06:12:52.961]<DEBUG> [DataManager]Send data: {Hero: (1400, 750), Engineer: (1400, 750), Infantry3: (1400, 750), Infantry4: (1400, 750), Infantry5: (1400, 750), Sentry: (2170, 855)}
[2025-05-20 06:13:12.234]<DEBUG> [DataManager]Send data: {Hero: (1400, 750), Engineer: (1400, 750), Infantry3: (1400, 750), Infantry4: (1400, 750), Infantry5: (1400, 750), Sentry: (2170, 855)}
