---SerialHandler Log File Created: 2025-05-20 06:12:19.753 ---
[2025-05-20 06:12:19.752]<DEBUG> [SerialHandler]Serial port closed.
[2025-05-20 06:12:19.755]<DEBUG> [SerialHandler]Serial port opened: COM6
[2025-05-20 06:12:19.989]<DEBUG> [SerialHandler] <0x0003> GameRobotHp: Red1: 0, Red2: 0, Red3: 0, Red4: 0, Red5: 0, Red7: 0, RedOutpost: 0, RedBase: 0, Blue1: 0, Blue2: 0, Blue3: 0, Blue4: 0, Blue5: 0, Blue7: 400, BlueOutpost: 0, BlueBase: 0
[2025-05-20 06:12:20.247]<DEBUG> [SerialHandler] <0x0003> GameRobotHp: Red1: 0, Red2: 0, Red3: 0, Red4: 0, Red5: 0, Red7: 0, RedOutpost: 0, RedBase: 0, Blue1: 0, Blue2: 0, Blue3: 0, Blue4: 0, Blue5: 0, Blue7: 400, BlueOutpost: 0, BlueBase: 0
[2025-05-20 06:12:20.531]<DEBUG> [SerialHandler] <0x0003> GameRobotHp: Red1: 0, Red2: 0, Red3: 0, Red4: 0, Red5: 0, Red7: 0, RedOutpost: 0, RedBase: 0, Blue1: 0, Blue2: 0, Blue3: 0, Blue4: 0, Blue5: 0, Blue7: 400, BlueOutpost: 0, BlueBase: 0
[2025-05-20 06:12:20.852]<DEBUG> [SerialHandler] <0x0003> GameRobotHp: Red1: 0, Red2: 0, Red3: 0, Red4: 0, Red5: 0, Red7: 0, RedOutpost: 0, RedBase: 0, Blue1: 0, Blue2: 0, Blue3: 0, Blue4: 0, Blue5: 0, Blue7: 400, BlueOutpost: 0, BlueBase: 0
[2025-05-20 06:12:21.135]<DEBUG> [SerialHandler] <0x0001> GameStatus: GameType: 1, GameStage: NotStarted, StageRemainTime: 0, SyncTimestamp: 0
[2025-05-20 06:12:21.461]<DEBUG> [SerialHandler] <0x0003> GameRobotHp: Red1: 0, Red2: 0, Red3: 0, Red4: 0, Red5: 0, Red7: 0, RedOutpost: 0, RedBase: 0, Blue1: 0, Blue2: 0, Blue3: 0, Blue4: 0, Blue5: 0, Blue7: 400, BlueOutpost: 0, BlueBase: 0
[2025-05-20 06:12:21.749]<DEBUG> [SerialHandler] <0x0003> GameRobotHp: Red1: 0, Red2: 0, Red3: 0, Red4: 0, Red5: 0, Red7: 0, RedOutpost: 0, RedBase: 0, Blue1: 0, Blue2: 0, Blue3: 0, Blue4: 0, Blue5: 0, Blue7: 400, BlueOutpost: 0, BlueBase: 0
[2025-05-20 06:12:22.035]<DEBUG> [SerialHandler] <0x0003> GameRobotHp: Red1: 0, Red2: 0, Red3: 0, Red4: 0, Red5: 0, Red7: 0, RedOutpost: 0, RedBase: 0, Blue1: 0, Blue2: 0, Blue3: 0, Blue4: 0, Blue5: 0, Blue7: 400, BlueOutpost: 0, BlueBase: 0
[2025-05-20 06:12:22.131]<DEBUG> [SerialHandler] <0x0001> GameStatus: GameType: 1, GameStage: NotStarted, StageRemainTime: 0, SyncTimestamp: 0
[2025-05-20 06:12:22.330]<DEBUG> [SerialHandler] <0x0003> GameRobotHp: Red1: 0, Red2: 0, Red3: 0, Red4: 0, Red5: 0, Red7: 0, RedOutpost: 0, RedBase: 0, Blue1: 0, Blue2: 0, Blue3: 0, Blue4: 0, Blue5: 0, Blue7: 400, BlueOutpost: 0, BlueBase: 0
[2025-05-20 06:12:22.642]<DEBUG> [SerialHandler] <0x0003> GameRobotHp: Red1: 0, Red2: 0, Red3: 0, Red4: 0, Red5: 0, Red7: 0, RedOutpost: 0, RedBase: 0, Blue1: 0, Blue2: 0, Blue3: 0, Blue4: 0, Blue5: 0, Blue7: 400, BlueOutpost: 0, BlueBase: 0
[2025-05-20 06:12:22.952]<DEBUG> [SerialHandler] <0x0003> GameRobotHp: Red1: 0, Red2: 0, Red3: 0, Red4: 0, Red5: 0, Red7: 0, RedOutpost: 0, RedBase: 0, Blue1: 0, Blue2: 0, Blue3: 0, Blue4: 0, Blue5: 0, Blue7: 400, BlueOutpost: 0, BlueBase: 0
[2025-05-20 06:12:23.151]<DEBUG> [SerialHandler] <0x020E> RadarStatus: DoubleDebuffChances: 1,IsDoubleDebuffAble: False
[2025-05-20 06:12:23.241]<DEBUG> [SerialHandler] <0x0003> GameRobotHp: Red1: 0, Red2: 0, Red3: 0, Red4: 0, Red5: 0, Red7: 0, RedOutpost: 0, RedBase: 0, Blue1: 0, Blue2: 0, Blue3: 0, Blue4: 0, Blue5: 0, Blue7: 400, BlueOutpost: 0, BlueBase: 0
[2025-05-20 06:12:23.526]<DEBUG> [SerialHandler] <0x0003> GameRobotHp: Red1: 0, Red2: 0, Red3: 0, Red4: 0, Red5: 0, Red7: 0, RedOutpost: 0, RedBase: 0, Blue1: 0, Blue2: 0, Blue3: 0, Blue4: 0, Blue5: 0, Blue7: 400, BlueOutpost: 0, BlueBase: 0
[2025-05-20 06:12:23.854]<DEBUG> [SerialHandler] <0x0003> GameRobotHp: Red1: 0, Red2: 0, Red3: 0, Red4: 0, Red5: 0, Red7: 0, RedOutpost: 0, RedBase: 0, Blue1: 0, Blue2: 0, Blue3: 0, Blue4: 0, Blue5: 0, Blue7: 400, BlueOutpost: 0, BlueBase: 0
[2025-05-20 06:12:24.454]<DEBUG> [SerialHandler] <0x0003> GameRobotHp: Red1: 0, Red2: 0, Red3: 0, Red4: 0, Red5: 0, Red7: 0, RedOutpost: 0, RedBase: 0, Blue1: 0, Blue2: 0, Blue3: 0, Blue4: 0, Blue5: 0, Blue7: 400, BlueOutpost: 0, BlueBase: 0
[2025-05-20 06:12:24.745]<DEBUG> [SerialHandler] <0x0003> GameRobotHp: Red1: 0, Red2: 0, Red3: 0, Red4: 0, Red5: 0, Red7: 0, RedOutpost: 0, RedBase: 0, Blue1: 0, Blue2: 0, Blue3: 0, Blue4: 0, Blue5: 0, Blue7: 400, BlueOutpost: 0, BlueBase: 0
[2025-05-20 06:12:25.067]<DEBUG> [SerialHandler] <0x0003> GameRobotHp: Red1: 0, Red2: 0, Red3: 0, Red4: 0, Red5: 0, Red7: 0, RedOutpost: 0, RedBase: 0, Blue1: 0, Blue2: 0, Blue3: 0, Blue4: 0, Blue5: 0, Blue7: 400, BlueOutpost: 0, BlueBase: 0
[2025-05-20 06:12:25.337]<DEBUG> [SerialHandler] <0x0003> GameRobotHp: Red1: 0, Red2: 0, Red3: 0, Red4: 0, Red5: 0, Red7: 0, RedOutpost: 0, RedBase: 0, Blue1: 0, Blue2: 0, Blue3: 0, Blue4: 0, Blue5: 0, Blue7: 400, BlueOutpost: 0, BlueBase: 0
[2025-05-20 06:12:25.627]<DEBUG> [SerialHandler] <0x0003> GameRobotHp: Red1: 0, Red2: 0, Red3: 0, Red4: 0, Red5: 0, Red7: 0, RedOutpost: 0, RedBase: 0, Blue1: 0, Blue2: 0, Blue3: 0, Blue4: 0, Blue5: 0, Blue7: 400, BlueOutpost: 0, BlueBase: 0
[2025-05-20 06:12:25.947]<DEBUG> [SerialHandler] <0x0003> GameRobotHp: Red1: 0, Red2: 0, Red3: 0, Red4: 0, Red5: 0, Red7: 0, RedOutpost: 0, RedBase: 0, Blue1: 0, Blue2: 0, Blue3: 0, Blue4: 0, Blue5: 0, Blue7: 400, BlueOutpost: 0, BlueBase: 0
[2025-05-20 06:12:26.145]<DEBUG> [SerialHandler] <0x0001> GameStatus: GameType: 1, GameStage: NotStarted, StageRemainTime: 0, SyncTimestamp: 0
[2025-05-20 06:12:26.230]<DEBUG> [SerialHandler] <0x0003> GameRobotHp: Red1: 0, Red2: 0, Red3: 0, Red4: 0, Red5: 0, Red7: 0, RedOutpost: 0, RedBase: 0, Blue1: 0, Blue2: 0, Blue3: 0, Blue4: 0, Blue5: 0, Blue7: 400, BlueOutpost: 0, BlueBase: 0
[2025-05-20 06:12:26.513]<DEBUG> [SerialHandler] <0x0003> GameRobotHp: Red1: 0, Red2: 0, Red3: 0, Red4: 0, Red5: 0, Red7: 0, RedOutpost: 0, RedBase: 0, Blue1: 0, Blue2: 0, Blue3: 0, Blue4: 0, Blue5: 0, Blue7: 400, BlueOutpost: 0, BlueBase: 0
[2025-05-20 06:12:26.823]<DEBUG> [SerialHandler] <0x0003> GameRobotHp: Red1: 0, Red2: 0, Red3: 0, Red4: 0, Red5: 0, Red7: 0, RedOutpost: 0, RedBase: 0, Blue1: 0, Blue2: 0, Blue3: 0, Blue4: 0, Blue5: 0, Blue7: 400, BlueOutpost: 0, BlueBase: 0
[2025-05-20 06:12:27.131]<DEBUG> [SerialHandler] <0x0003> GameRobotHp: Red1: 0, Red2: 0, Red3: 0, Red4: 0, Red5: 0, Red7: 0, RedOutpost: 0, RedBase: 0, Blue1: 0, Blue2: 0, Blue3: 0, Blue4: 0, Blue5: 0, Blue7: 400, BlueOutpost: 0, BlueBase: 0
[2025-05-20 06:12:27.723]<DEBUG> [SerialHandler] <0x0003> GameRobotHp: Red1: 0, Red2: 0, Red3: 0, Red4: 0, Red5: 0, Red7: 0, RedOutpost: 0, RedBase: 0, Blue1: 0, Blue2: 0, Blue3: 0, Blue4: 0, Blue5: 0, Blue7: 400, BlueOutpost: 0, BlueBase: 0
[2025-05-20 06:12:28.032]<DEBUG> [SerialHandler] <0x0003> GameRobotHp: Red1: 0, Red2: 0, Red3: 0, Red4: 0, Red5: 0, Red7: 0, RedOutpost: 0, RedBase: 0, Blue1: 0, Blue2: 0, Blue3: 0, Blue4: 0, Blue5: 0, Blue7: 400, BlueOutpost: 0, BlueBase: 0
[2025-05-20 06:12:28.340]<DEBUG> [SerialHandler] <0x0003> GameRobotHp: Red1: 0, Red2: 0, Red3: 0, Red4: 0, Red5: 0, Red7: 0, RedOutpost: 0, RedBase: 0, Blue1: 0, Blue2: 0, Blue3: 0, Blue4: 0, Blue5: 0, Blue7: 400, BlueOutpost: 0, BlueBase: 0
[2025-05-20 06:12:28.624]<DEBUG> [SerialHandler] <0x0003> GameRobotHp: Red1: 0, Red2: 0, Red3: 0, Red4: 0, Red5: 0, Red7: 0, RedOutpost: 0, RedBase: 0, Blue1: 0, Blue2: 0, Blue3: 0, Blue4: 0, Blue5: 0, Blue7: 400, BlueOutpost: 0, BlueBase: 0
[2025-05-20 06:12:28.940]<DEBUG> [SerialHandler] <0x0003> GameRobotHp: Red1: 0, Red2: 0, Red3: 0, Red4: 0, Red5: 0, Red7: 0, RedOutpost: 0, RedBase: 0, Blue1: 0, Blue2: 0, Blue3: 0, Blue4: 0, Blue5: 0, Blue7: 400, BlueOutpost: 0, BlueBase: 0
[2025-05-20 06:12:29.228]<DEBUG> [SerialHandler] <0x0003> GameRobotHp: Red1: 0, Red2: 0, Red3: 0, Red4: 0, Red5: 0, Red7: 0, RedOutpost: 0, RedBase: 0, Blue1: 0, Blue2: 0, Blue3: 0, Blue4: 0, Blue5: 0, Blue7: 400, BlueOutpost: 0, BlueBase: 0
[2025-05-20 06:12:29.573]<DEBUG> [SerialHandler] <0x0003> GameRobotHp: Red1: 0, Red2: 0, Red3: 0, Red4: 0, Red5: 0, Red7: 0, RedOutpost: 0, RedBase: 0, Blue1: 0, Blue2: 0, Blue3: 0, Blue4: 0, Blue5: 0, Blue7: 400, BlueOutpost: 0, BlueBase: 0
[2025-05-20 06:12:29.830]<DEBUG> [SerialHandler] <0x0003> GameRobotHp: Red1: 0, Red2: 0, Red3: 0, Red4: 0, Red5: 0, Red7: 0, RedOutpost: 0, RedBase: 0, Blue1: 0, Blue2: 0, Blue3: 0, Blue4: 0, Blue5: 0, Blue7: 400, BlueOutpost: 0, BlueBase: 0
[2025-05-20 06:12:30.140]<DEBUG> [SerialHandler] <0x020E> RadarStatus: DoubleDebuffChances: 1,IsDoubleDebuffAble: False
[2025-05-20 06:12:30.451]<DEBUG> [SerialHandler] <0x0003> GameRobotHp: Red1: 0, Red2: 0, Red3: 0, Red4: 0, Red5: 0, Red7: 0, RedOutpost: 0, RedBase: 0, Blue1: 0, Blue2: 0, Blue3: 0, Blue4: 0, Blue5: 0, Blue7: 400, BlueOutpost: 0, BlueBase: 0
[2025-05-20 06:12:30.731]<DEBUG> [SerialHandler] <0x0003> GameRobotHp: Red1: 0, Red2: 0, Red3: 0, Red4: 0, Red5: 0, Red7: 0, RedOutpost: 0, RedBase: 0, Blue1: 0, Blue2: 0, Blue3: 0, Blue4: 0, Blue5: 0, Blue7: 400, BlueOutpost: 0, BlueBase: 0
[2025-05-20 06:12:31.038]<DEBUG> [SerialHandler] <0x0003> GameRobotHp: Red1: 0, Red2: 0, Red3: 0, Red4: 0, Red5: 0, Red7: 0, RedOutpost: 0, RedBase: 0, Blue1: 0, Blue2: 0, Blue3: 0, Blue4: 0, Blue5: 0, Blue7: 400, BlueOutpost: 0, BlueBase: 0
[2025-05-20 06:12:31.347]<DEBUG> [SerialHandler] <0x0003> GameRobotHp: Red1: 0, Red2: 0, Red3: 0, Red4: 0, Red5: 0, Red7: 0, RedOutpost: 0, RedBase: 0, Blue1: 0, Blue2: 0, Blue3: 0, Blue4: 0, Blue5: 0, Blue7: 400, BlueOutpost: 0, BlueBase: 0
[2025-05-20 06:12:31.638]<DEBUG> [SerialHandler] <0x0003> GameRobotHp: Red1: 0, Red2: 0, Red3: 0, Red4: 0, Red5: 0, Red7: 0, RedOutpost: 0, RedBase: 0, Blue1: 0, Blue2: 0, Blue3: 0, Blue4: 0, Blue5: 0, Blue7: 400, BlueOutpost: 0, BlueBase: 0
[2025-05-20 06:12:31.937]<DEBUG> [SerialHandler] <0x0003> GameRobotHp: Red1: 0, Red2: 0, Red3: 0, Red4: 0, Red5: 0, Red7: 0, RedOutpost: 0, RedBase: 0, Blue1: 0, Blue2: 0, Blue3: 0, Blue4: 0, Blue5: 0, Blue7: 400, BlueOutpost: 0, BlueBase: 0
[2025-05-20 06:12:32.137]<DEBUG> [SerialHandler] <0x0001> GameStatus: GameType: 1, GameStage: NotStarted, StageRemainTime: 0, SyncTimestamp: 0
[2025-05-20 06:12:32.249]<DEBUG> [SerialHandler] <0x0003> GameRobotHp: Red1: 0, Red2: 0, Red3: 0, Red4: 0, Red5: 0, Red7: 0, RedOutpost: 0, RedBase: 0, Blue1: 0, Blue2: 0, Blue3: 0, Blue4: 0, Blue5: 0, Blue7: 400, BlueOutpost: 0, BlueBase: 0
[2025-05-20 06:12:32.540]<DEBUG> [SerialHandler] <0x0003> GameRobotHp: Red1: 0, Red2: 0, Red3: 0, Red4: 0, Red5: 0, Red7: 0, RedOutpost: 0, RedBase: 0, Blue1: 0, Blue2: 0, Blue3: 0, Blue4: 0, Blue5: 0, Blue7: 400, BlueOutpost: 0, BlueBase: 0
[2025-05-20 06:12:32.831]<DEBUG> [SerialHandler] <0x0003> GameRobotHp: Red1: 0, Red2: 0, Red3: 0, Red4: 0, Red5: 0, Red7: 0, RedOutpost: 0, RedBase: 0, Blue1: 0, Blue2: 0, Blue3: 0, Blue4: 0, Blue5: 0, Blue7: 400, BlueOutpost: 0, BlueBase: 0
[2025-05-20 06:12:33.151]<DEBUG> [SerialHandler] <0x020E> RadarStatus: DoubleDebuffChances: 1,IsDoubleDebuffAble: False
[2025-05-20 06:12:33.435]<DEBUG> [SerialHandler] <0x0003> GameRobotHp: Red1: 0, Red2: 0, Red3: 0, Red4: 0, Red5: 0, Red7: 0, RedOutpost: 0, RedBase: 0, Blue1: 0, Blue2: 0, Blue3: 0, Blue4: 0, Blue5: 0, Blue7: 400, BlueOutpost: 0, BlueBase: 0
[2025-05-20 06:12:33.744]<DEBUG> [SerialHandler] <0x0003> GameRobotHp: Red1: 0, Red2: 0, Red3: 0, Red4: 0, Red5: 0, Red7: 0, RedOutpost: 0, RedBase: 0, Blue1: 0, Blue2: 0, Blue3: 0, Blue4: 0, Blue5: 0, Blue7: 400, BlueOutpost: 0, BlueBase: 0
[2025-05-20 06:12:34.049]<DEBUG> [SerialHandler] <0x0003> GameRobotHp: Red1: 0, Red2: 0, Red3: 0, Red4: 0, Red5: 0, Red7: 0, RedOutpost: 0, RedBase: 0, Blue1: 0, Blue2: 0, Blue3: 0, Blue4: 0, Blue5: 0, Blue7: 400, BlueOutpost: 0, BlueBase: 0
[2025-05-20 06:12:34.325]<DEBUG> [SerialHandler] <0x0003> GameRobotHp: Red1: 0, Red2: 0, Red3: 0, Red4: 0, Red5: 0, Red7: 0, RedOutpost: 0, RedBase: 0, Blue1: 0, Blue2: 0, Blue3: 0, Blue4: 0, Blue5: 0, Blue7: 400, BlueOutpost: 0, BlueBase: 0
[2025-05-20 06:12:34.930]<DEBUG> [SerialHandler] <0x0003> GameRobotHp: Red1: 0, Red2: 0, Red3: 0, Red4: 0, Red5: 0, Red7: 0, RedOutpost: 0, RedBase: 0, Blue1: 0, Blue2: 0, Blue3: 0, Blue4: 0, Blue5: 0, Blue7: 400, BlueOutpost: 0, BlueBase: 0
[2025-05-20 06:12:35.134]<DEBUG> [SerialHandler] <0x0001> GameStatus: GameType: 1, GameStage: NotStarted, StageRemainTime: 0, SyncTimestamp: 0
[2025-05-20 06:12:35.244]<DEBUG> [SerialHandler] <0x0003> GameRobotHp: Red1: 0, Red2: 0, Red3: 0, Red4: 0, Red5: 0, Red7: 0, RedOutpost: 0, RedBase: 0, Blue1: 0, Blue2: 0, Blue3: 0, Blue4: 0, Blue5: 0, Blue7: 400, BlueOutpost: 0, BlueBase: 0
[2025-05-20 06:12:35.548]<DEBUG> [SerialHandler] <0x0003> GameRobotHp: Red1: 0, Red2: 0, Red3: 0, Red4: 0, Red5: 0, Red7: 0, RedOutpost: 0, RedBase: 0, Blue1: 0, Blue2: 0, Blue3: 0, Blue4: 0, Blue5: 0, Blue7: 400, BlueOutpost: 0, BlueBase: 0
[2025-05-20 06:12:35.850]<DEBUG> [SerialHandler] <0x0003> GameRobotHp: Red1: 0, Red2: 0, Red3: 0, Red4: 0, Red5: 0, Red7: 0, RedOutpost: 0, RedBase: 0, Blue1: 0, Blue2: 0, Blue3: 0, Blue4: 0, Blue5: 0, Blue7: 400, BlueOutpost: 0, BlueBase: 0
[2025-05-20 06:12:36.156]<DEBUG> [SerialHandler] <0x020E> RadarStatus: DoubleDebuffChances: 1,IsDoubleDebuffAble: False
[2025-05-20 06:12:36.426]<DEBUG> [SerialHandler] <0x0003> GameRobotHp: Red1: 0, Red2: 0, Red3: 0, Red4: 0, Red5: 0, Red7: 0, RedOutpost: 0, RedBase: 0, Blue1: 0, Blue2: 0, Blue3: 0, Blue4: 0, Blue5: 0, Blue7: 400, BlueOutpost: 0, BlueBase: 0
[2025-05-20 06:12:36.724]<DEBUG> [SerialHandler] <0x0003> GameRobotHp: Red1: 0, Red2: 0, Red3: 0, Red4: 0, Red5: 0, Red7: 0, RedOutpost: 0, RedBase: 0, Blue1: 0, Blue2: 0, Blue3: 0, Blue4: 0, Blue5: 0, Blue7: 400, BlueOutpost: 0, BlueBase: 0
[2025-05-20 06:12:37.047]<DEBUG> [SerialHandler] <0x0003> GameRobotHp: Red1: 0, Red2: 0, Red3: 0, Red4: 0, Red5: 0, Red7: 0, RedOutpost: 0, RedBase: 0, Blue1: 0, Blue2: 0, Blue3: 0, Blue4: 0, Blue5: 0, Blue7: 400, BlueOutpost: 0, BlueBase: 0
[2025-05-20 06:12:37.339]<DEBUG> [SerialHandler] <0x0003> GameRobotHp: Red1: 0, Red2: 0, Red3: 0, Red4: 0, Red5: 0, Red7: 0, RedOutpost: 0, RedBase: 0, Blue1: 0, Blue2: 0, Blue3: 0, Blue4: 0, Blue5: 0, Blue7: 400, BlueOutpost: 0, BlueBase: 0
[2025-05-20 06:12:37.648]<DEBUG> [SerialHandler] <0x0003> GameRobotHp: Red1: 0, Red2: 0, Red3: 0, Red4: 0, Red5: 0, Red7: 0, RedOutpost: 0, RedBase: 0, Blue1: 0, Blue2: 0, Blue3: 0, Blue4: 0, Blue5: 0, Blue7: 400, BlueOutpost: 0, BlueBase: 0
[2025-05-20 06:12:37.934]<DEBUG> [SerialHandler] <0x0003> GameRobotHp: Red1: 0, Red2: 0, Red3: 0, Red4: 0, Red5: 0, Red7: 0, RedOutpost: 0, RedBase: 0, Blue1: 0, Blue2: 0, Blue3: 0, Blue4: 0, Blue5: 0, Blue7: 400, BlueOutpost: 0, BlueBase: 0
[2025-05-20 06:12:38.135]<DEBUG> [SerialHandler] <0x020E> RadarStatus: DoubleDebuffChances: 2,IsDoubleDebuffAble: False
[2025-05-20 06:12:38.247]<DEBUG> [SerialHandler] <0x0003> GameRobotHp: Red1: 0, Red2: 0, Red3: 0, Red4: 0, Red5: 0, Red7: 0, RedOutpost: 0, RedBase: 0, Blue1: 0, Blue2: 0, Blue3: 0, Blue4: 0, Blue5: 0, Blue7: 400, BlueOutpost: 0, BlueBase: 0
[2025-05-20 06:12:38.530]<DEBUG> [SerialHandler] <0x0003> GameRobotHp: Red1: 0, Red2: 0, Red3: 0, Red4: 0, Red5: 0, Red7: 0, RedOutpost: 0, RedBase: 0, Blue1: 0, Blue2: 0, Blue3: 0, Blue4: 0, Blue5: 0, Blue7: 400, BlueOutpost: 0, BlueBase: 0
[2025-05-20 06:12:38.846]<DEBUG> [SerialHandler] <0x0003> GameRobotHp: Red1: 0, Red2: 0, Red3: 0, Red4: 0, Red5: 0, Red7: 0, RedOutpost: 0, RedBase: 0, Blue1: 0, Blue2: 0, Blue3: 0, Blue4: 0, Blue5: 0, Blue7: 400, BlueOutpost: 0, BlueBase: 0
[2025-05-20 06:12:39.152]<DEBUG> [SerialHandler] <0x0101> GameBuff: IsSupplyAreaOccupied: False, IsSupplyAreaOccupied2: False, IsSupplyAreaOccupied3: False, IsLittleEnergyOrganActivated: False, IsBigEnergyOrganActivated: False, IsCentralHighlandOccupied: False, IsTrapezoidalHighlandOccupied: False, EnemyDartHitTime: 0, EnemyDartHitTarget: 0, CenterGainPointStatus: 0
[2025-05-20 06:12:39.488]<DEBUG> [SerialHandler] <0x0003> GameRobotHp: Red1: 0, Red2: 0, Red3: 0, Red4: 0, Red5: 0, Red7: 0, RedOutpost: 0, RedBase: 0, Blue1: 0, Blue2: 0, Blue3: 0, Blue4: 0, Blue5: 0, Blue7: 400, BlueOutpost: 0, BlueBase: 0
[2025-05-20 06:12:39.737]<DEBUG> [SerialHandler] <0x0003> GameRobotHp: Red1: 0, Red2: 0, Red3: 0, Red4: 0, Red5: 0, Red7: 0, RedOutpost: 0, RedBase: 0, Blue1: 0, Blue2: 0, Blue3: 0, Blue4: 0, Blue5: 0, Blue7: 400, BlueOutpost: 0, BlueBase: 0
[2025-05-20 06:12:40.017]<DEBUG> [SerialHandler] <0x0003> GameRobotHp: Red1: 0, Red2: 0, Red3: 0, Red4: 0, Red5: 0, Red7: 0, RedOutpost: 0, RedBase: 0, Blue1: 0, Blue2: 0, Blue3: 0, Blue4: 0, Blue5: 0, Blue7: 400, BlueOutpost: 0, BlueBase: 0
[2025-05-20 06:12:40.328]<DEBUG> [SerialHandler] <0x0003> GameRobotHp: Red1: 0, Red2: 0, Red3: 0, Red4: 0, Red5: 0, Red7: 0, RedOutpost: 0, RedBase: 0, Blue1: 0, Blue2: 0, Blue3: 0, Blue4: 0, Blue5: 0, Blue7: 400, BlueOutpost: 0, BlueBase: 0
[2025-05-20 06:12:40.631]<DEBUG> [SerialHandler] <0x0003> GameRobotHp: Red1: 0, Red2: 0, Red3: 0, Red4: 0, Red5: 0, Red7: 0, RedOutpost: 0, RedBase: 0, Blue1: 0, Blue2: 0, Blue3: 0, Blue4: 0, Blue5: 0, Blue7: 400, BlueOutpost: 0, BlueBase: 0
[2025-05-20 06:12:40.937]<DEBUG> [SerialHandler] <0x0003> GameRobotHp: Red1: 0, Red2: 0, Red3: 0, Red4: 0, Red5: 0, Red7: 0, RedOutpost: 0, RedBase: 0, Blue1: 0, Blue2: 0, Blue3: 0, Blue4: 0, Blue5: 0, Blue7: 400, BlueOutpost: 0, BlueBase: 0
[2025-05-20 06:12:41.216]<DEBUG> [SerialHandler] <0x0003> GameRobotHp: Red1: 0, Red2: 0, Red3: 0, Red4: 0, Red5: 0, Red7: 0, RedOutpost: 0, RedBase: 0, Blue1: 0, Blue2: 0, Blue3: 0, Blue4: 0, Blue5: 0, Blue7: 400, BlueOutpost: 0, BlueBase: 0
[2025-05-20 06:12:41.538]<DEBUG> [SerialHandler] <0x0003> GameRobotHp: Red1: 0, Red2: 0, Red3: 0, Red4: 0, Red5: 0, Red7: 0, RedOutpost: 0, RedBase: 0, Blue1: 0, Blue2: 0, Blue3: 0, Blue4: 0, Blue5: 0, Blue7: 400, BlueOutpost: 0, BlueBase: 0
[2025-05-20 06:12:41.823]<DEBUG> [SerialHandler] <0x0003> GameRobotHp: Red1: 0, Red2: 0, Red3: 0, Red4: 0, Red5: 0, Red7: 0, RedOutpost: 0, RedBase: 0, Blue1: 0, Blue2: 0, Blue3: 0, Blue4: 0, Blue5: 0, Blue7: 400, BlueOutpost: 0, BlueBase: 0
[2025-05-20 06:12:42.435]<DEBUG> [SerialHandler] <0x0003> GameRobotHp: Red1: 0, Red2: 0, Red3: 0, Red4: 0, Red5: 0, Red7: 0, RedOutpost: 0, RedBase: 0, Blue1: 0, Blue2: 0, Blue3: 0, Blue4: 0, Blue5: 0, Blue7: 400, BlueOutpost: 0, BlueBase: 0
[2025-05-20 06:12:42.738]<DEBUG> [SerialHandler] <0x0003> GameRobotHp: Red1: 0, Red2: 0, Red3: 0, Red4: 0, Red5: 0, Red7: 0, RedOutpost: 0, RedBase: 0, Blue1: 0, Blue2: 0, Blue3: 0, Blue4: 0, Blue5: 0, Blue7: 400, BlueOutpost: 0, BlueBase: 0
[2025-05-20 06:12:43.039]<DEBUG> [SerialHandler] <0x0003> GameRobotHp: Red1: 0, Red2: 0, Red3: 0, Red4: 0, Red5: 0, Red7: 0, RedOutpost: 0, RedBase: 0, Blue1: 0, Blue2: 0, Blue3: 0, Blue4: 0, Blue5: 0, Blue7: 400, BlueOutpost: 0, BlueBase: 0
[2025-05-20 06:12:43.123]<DEBUG> [SerialHandler] <0x0001> GameStatus: GameType: 1, GameStage: NotStarted, StageRemainTime: 0, SyncTimestamp: 0
[2025-05-20 06:12:43.317]<DEBUG> [SerialHandler] <0x0003> GameRobotHp: Red1: 0, Red2: 0, Red3: 0, Red4: 0, Red5: 0, Red7: 0, RedOutpost: 0, RedBase: 0, Blue1: 0, Blue2: 0, Blue3: 0, Blue4: 0, Blue5: 0, Blue7: 400, BlueOutpost: 0, BlueBase: 0
[2025-05-20 06:12:43.610]<DEBUG> [SerialHandler] <0x0003> GameRobotHp: Red1: 0, Red2: 0, Red3: 0, Red4: 0, Red5: 0, Red7: 0, RedOutpost: 0, RedBase: 0, Blue1: 0, Blue2: 0, Blue3: 0, Blue4: 0, Blue5: 0, Blue7: 400, BlueOutpost: 0, BlueBase: 0
[2025-05-20 06:12:43.918]<DEBUG> [SerialHandler] <0x0003> GameRobotHp: Red1: 0, Red2: 0, Red3: 0, Red4: 0, Red5: 0, Red7: 0, RedOutpost: 0, RedBase: 0, Blue1: 0, Blue2: 0, Blue3: 0, Blue4: 0, Blue5: 0, Blue7: 400, BlueOutpost: 0, BlueBase: 0
[2025-05-20 06:12:44.240]<DEBUG> [SerialHandler] <0x0003> GameRobotHp: Red1: 0, Red2: 0, Red3: 0, Red4: 0, Red5: 0, Red7: 0, RedOutpost: 0, RedBase: 0, Blue1: 0, Blue2: 0, Blue3: 0, Blue4: 0, Blue5: 0, Blue7: 400, BlueOutpost: 0, BlueBase: 0
[2025-05-20 06:12:44.534]<DEBUG> [SerialHandler] <0x0003> GameRobotHp: Red1: 0, Red2: 0, Red3: 0, Red4: 0, Red5: 0, Red7: 0, RedOutpost: 0, RedBase: 0, Blue1: 0, Blue2: 0, Blue3: 0, Blue4: 0, Blue5: 0, Blue7: 400, BlueOutpost: 0, BlueBase: 0
[2025-05-20 06:12:44.851]<DEBUG> [SerialHandler] <0x0003> GameRobotHp: Red1: 0, Red2: 0, Red3: 0, Red4: 0, Red5: 0, Red7: 0, RedOutpost: 0, RedBase: 0, Blue1: 0, Blue2: 0, Blue3: 0, Blue4: 0, Blue5: 0, Blue7: 400, BlueOutpost: 0, BlueBase: 0
[2025-05-20 06:12:45.136]<DEBUG> [SerialHandler] <0x0101> GameBuff: IsSupplyAreaOccupied: False, IsSupplyAreaOccupied2: False, IsSupplyAreaOccupied3: False, IsLittleEnergyOrganActivated: False, IsBigEnergyOrganActivated: False, IsCentralHighlandOccupied: False, IsTrapezoidalHighlandOccupied: False, EnemyDartHitTime: 0, EnemyDartHitTarget: 0, CenterGainPointStatus: 0
[2025-05-20 06:12:45.425]<DEBUG> [SerialHandler] <0x0003> GameRobotHp: Red1: 0, Red2: 0, Red3: 0, Red4: 0, Red5: 0, Red7: 0, RedOutpost: 0, RedBase: 0, Blue1: 0, Blue2: 0, Blue3: 0, Blue4: 0, Blue5: 0, Blue7: 400, BlueOutpost: 0, BlueBase: 0
[2025-05-20 06:12:45.750]<DEBUG> [SerialHandler] <0x0003> GameRobotHp: Red1: 0, Red2: 0, Red3: 0, Red4: 0, Red5: 0, Red7: 0, RedOutpost: 0, RedBase: 0, Blue1: 0, Blue2: 0, Blue3: 0, Blue4: 0, Blue5: 0, Blue7: 400, BlueOutpost: 0, BlueBase: 0
[2025-05-20 06:12:46.054]<DEBUG> [SerialHandler] <0x0003> GameRobotHp: Red1: 0, Red2: 0, Red3: 0, Red4: 0, Red5: 0, Red7: 0, RedOutpost: 0, RedBase: 0, Blue1: 0, Blue2: 0, Blue3: 0, Blue4: 0, Blue5: 0, Blue7: 400, BlueOutpost: 0, BlueBase: 0
[2025-05-20 06:12:46.334]<DEBUG> [SerialHandler] <0x0003> GameRobotHp: Red1: 0, Red2: 0, Red3: 0, Red4: 0, Red5: 0, Red7: 0, RedOutpost: 0, RedBase: 0, Blue1: 0, Blue2: 0, Blue3: 0, Blue4: 0, Blue5: 0, Blue7: 400, BlueOutpost: 0, BlueBase: 0
[2025-05-20 06:12:46.645]<DEBUG> [SerialHandler] <0x0003> GameRobotHp: Red1: 0, Red2: 0, Red3: 0, Red4: 0, Red5: 0, Red7: 0, RedOutpost: 0, RedBase: 0, Blue1: 0, Blue2: 0, Blue3: 0, Blue4: 0, Blue5: 0, Blue7: 400, BlueOutpost: 0, BlueBase: 0
[2025-05-20 06:12:46.949]<DEBUG> [SerialHandler] <0x0003> GameRobotHp: Red1: 0, Red2: 0, Red3: 0, Red4: 0, Red5: 0, Red7: 0, RedOutpost: 0, RedBase: 0, Blue1: 0, Blue2: 0, Blue3: 0, Blue4: 0, Blue5: 0, Blue7: 400, BlueOutpost: 0, BlueBase: 0
[2025-05-20 06:12:47.149]<DEBUG> [SerialHandler] <0x0101> GameBuff: IsSupplyAreaOccupied: False, IsSupplyAreaOccupied2: False, IsSupplyAreaOccupied3: False, IsLittleEnergyOrganActivated: False, IsBigEnergyOrganActivated: False, IsCentralHighlandOccupied: False, IsTrapezoidalHighlandOccupied: False, EnemyDartHitTime: 0, EnemyDartHitTarget: 0, CenterGainPointStatus: 0
[2025-05-20 06:12:47.150]<DEBUG> [SerialHandler] <0x0001> GameStatus: GameType: 1, GameStage: NotStarted, StageRemainTime: 0, SyncTimestamp: 0
[2025-05-20 06:12:47.233]<DEBUG> [SerialHandler] <0x0003> GameRobotHp: Red1: 0, Red2: 0, Red3: 0, Red4: 0, Red5: 0, Red7: 0, RedOutpost: 0, RedBase: 0, Blue1: 0, Blue2: 0, Blue3: 0, Blue4: 0, Blue5: 0, Blue7: 400, BlueOutpost: 0, BlueBase: 0
[2025-05-20 06:12:47.544]<DEBUG> [SerialHandler] <0x0003> GameRobotHp: Red1: 0, Red2: 0, Red3: 0, Red4: 0, Red5: 0, Red7: 0, RedOutpost: 0, RedBase: 0, Blue1: 0, Blue2: 0, Blue3: 0, Blue4: 0, Blue5: 0, Blue7: 400, BlueOutpost: 0, BlueBase: 0
[2025-05-20 06:12:47.830]<DEBUG> [SerialHandler] <0x0003> GameRobotHp: Red1: 0, Red2: 0, Red3: 0, Red4: 0, Red5: 0, Red7: 0, RedOutpost: 0, RedBase: 0, Blue1: 0, Blue2: 0, Blue3: 0, Blue4: 0, Blue5: 0, Blue7: 400, BlueOutpost: 0, BlueBase: 0
[2025-05-20 06:12:48.433]<DEBUG> [SerialHandler] <0x0003> GameRobotHp: Red1: 0, Red2: 0, Red3: 0, Red4: 0, Red5: 0, Red7: 0, RedOutpost: 0, RedBase: 0, Blue1: 0, Blue2: 0, Blue3: 0, Blue4: 0, Blue5: 0, Blue7: 400, BlueOutpost: 0, BlueBase: 0
[2025-05-20 06:12:48.734]<DEBUG> [SerialHandler] <0x0003> GameRobotHp: Red1: 0, Red2: 0, Red3: 0, Red4: 0, Red5: 0, Red7: 0, RedOutpost: 0, RedBase: 0, Blue1: 0, Blue2: 0, Blue3: 0, Blue4: 0, Blue5: 0, Blue7: 400, BlueOutpost: 0, BlueBase: 0
[2025-05-20 06:12:49.048]<DEBUG> [SerialHandler] <0x0003> GameRobotHp: Red1: 0, Red2: 0, Red3: 0, Red4: 0, Red5: 0, Red7: 0, RedOutpost: 0, RedBase: 0, Blue1: 0, Blue2: 0, Blue3: 0, Blue4: 0, Blue5: 0, Blue7: 400, BlueOutpost: 0, BlueBase: 0
[2025-05-20 06:12:49.130]<DEBUG> [SerialHandler] <0x020E> RadarStatus: DoubleDebuffChances: 2,IsDoubleDebuffAble: False
[2025-05-20 06:12:49.333]<DEBUG> [SerialHandler] <0x0003> GameRobotHp: Red1: 0, Red2: 0, Red3: 0, Red4: 0, Red5: 0, Red7: 0, RedOutpost: 0, RedBase: 0, Blue1: 0, Blue2: 0, Blue3: 0, Blue4: 0, Blue5: 0, Blue7: 400, BlueOutpost: 0, BlueBase: 0
[2025-05-20 06:12:49.626]<DEBUG> [SerialHandler] <0x0003> GameRobotHp: Red1: 0, Red2: 0, Red3: 0, Red4: 0, Red5: 0, Red7: 0, RedOutpost: 0, RedBase: 0, Blue1: 0, Blue2: 0, Blue3: 0, Blue4: 0, Blue5: 0, Blue7: 400, BlueOutpost: 0, BlueBase: 0
[2025-05-20 06:12:49.935]<DEBUG> [SerialHandler] <0x0003> GameRobotHp: Red1: 0, Red2: 0, Red3: 0, Red4: 0, Red5: 0, Red7: 0, RedOutpost: 0, RedBase: 0, Blue1: 0, Blue2: 0, Blue3: 0, Blue4: 0, Blue5: 0, Blue7: 400, BlueOutpost: 0, BlueBase: 0
[2025-05-20 06:12:50.221]<DEBUG> [SerialHandler] <0x0003> GameRobotHp: Red1: 0, Red2: 0, Red3: 0, Red4: 0, Red5: 0, Red7: 0, RedOutpost: 0, RedBase: 0, Blue1: 0, Blue2: 0, Blue3: 0, Blue4: 0, Blue5: 0, Blue7: 400, BlueOutpost: 0, BlueBase: 0
[2025-05-20 06:12:50.538]<DEBUG> [SerialHandler] <0x0003> GameRobotHp: Red1: 0, Red2: 0, Red3: 0, Red4: 0, Red5: 0, Red7: 0, RedOutpost: 0, RedBase: 0, Blue1: 0, Blue2: 0, Blue3: 0, Blue4: 0, Blue5: 0, Blue7: 400, BlueOutpost: 0, BlueBase: 0
[2025-05-20 06:12:50.831]<DEBUG> [SerialHandler] <0x0003> GameRobotHp: Red1: 0, Red2: 0, Red3: 0, Red4: 0, Red5: 0, Red7: 0, RedOutpost: 0, RedBase: 0, Blue1: 0, Blue2: 0, Blue3: 0, Blue4: 0, Blue5: 0, Blue7: 400, BlueOutpost: 0, BlueBase: 0
[2025-05-20 06:12:51.442]<DEBUG> [SerialHandler] <0x0003> GameRobotHp: Red1: 0, Red2: 0, Red3: 0, Red4: 0, Red5: 0, Red7: 0, RedOutpost: 0, RedBase: 0, Blue1: 0, Blue2: 0, Blue3: 0, Blue4: 0, Blue5: 0, Blue7: 400, BlueOutpost: 0, BlueBase: 0
[2025-05-20 06:12:51.723]<DEBUG> [SerialHandler] <0x0003> GameRobotHp: Red1: 0, Red2: 0, Red3: 0, Red4: 0, Red5: 0, Red7: 0, RedOutpost: 0, RedBase: 0, Blue1: 0, Blue2: 0, Blue3: 0, Blue4: 0, Blue5: 0, Blue7: 400, BlueOutpost: 0, BlueBase: 0
[2025-05-20 06:12:52.049]<DEBUG> [SerialHandler] <0x0003> GameRobotHp: Red1: 0, Red2: 0, Red3: 0, Red4: 0, Red5: 0, Red7: 0, RedOutpost: 0, RedBase: 0, Blue1: 0, Blue2: 0, Blue3: 0, Blue4: 0, Blue5: 0, Blue7: 400, BlueOutpost: 0, BlueBase: 0
[2025-05-20 06:12:52.308]<DEBUG> [SerialHandler] <0x0003> GameRobotHp: Red1: 0, Red2: 0, Red3: 0, Red4: 0, Red5: 0, Red7: 0, RedOutpost: 0, RedBase: 0, Blue1: 0, Blue2: 0, Blue3: 0, Blue4: 0, Blue5: 0, Blue7: 400, BlueOutpost: 0, BlueBase: 0
[2025-05-20 06:12:52.645]<DEBUG> [SerialHandler] <0x0003> GameRobotHp: Red1: 0, Red2: 0, Red3: 0, Red4: 0, Red5: 0, Red7: 0, RedOutpost: 0, RedBase: 0, Blue1: 0, Blue2: 0, Blue3: 0, Blue4: 0, Blue5: 0, Blue7: 400, BlueOutpost: 0, BlueBase: 0
[2025-05-20 06:12:52.930]<DEBUG> [SerialHandler] <0x0003> GameRobotHp: Red1: 0, Red2: 0, Red3: 0, Red4: 0, Red5: 0, Red7: 0, RedOutpost: 0, RedBase: 0, Blue1: 0, Blue2: 0, Blue3: 0, Blue4: 0, Blue5: 0, Blue7: 400, BlueOutpost: 0, BlueBase: 0
