--- Log File Created: 2025-05-22 22:48:57.376 ---
[2025-05-22 22:48:57.572]<DEBUG> [Detector]Robot Inferencer initializing...
[2025-05-22 22:48:57.576]<DEBUG> [Yolov8Inferencer]Model loaded: car_v8n
[2025-05-22 22:48:57.580]<DEBUG> [Yolov8Inferencer]Model class count: 1
[2025-05-22 22:48:57.581]<DEBUG> [Yolov8Inferencer]Model loaded: armor_v8n
[2025-05-22 22:48:57.582]<DEBUG> [Yolov8Inferencer]Model class count: 12
[2025-05-22 22:48:57.583]<DEBUG> [Yolov8Inferencer]Model loaded: armor_v8n
[2025-05-22 22:48:57.584]<DEBUG> [Yolov8Inferencer]Model class count: 12
[2025-05-22 22:48:57.585]<DEBUG> [Yolov8Inferencer]Model loaded: armor_v8n
[2025-05-22 22:48:57.586]<DEBUG> [Yolov8Inferencer]Model class count: 12
[2025-05-22 22:48:57.587]<DEBUG> [Yolov8Inferencer]Model loaded: armor_v8n
[2025-05-22 22:48:57.588]<DEBUG> [Yolov8Inferencer]Model class count: 12
[2025-05-22 22:48:57.589]<DEBUG> [Yolov8Inferencer]Model loaded: armor_v8n
[2025-05-22 22:48:57.590]<DEBUG> [Yolov8Inferencer]Model class count: 12
[2025-05-22 22:48:57.591]<DEBUG> [Yolov8Inferencer]Model loaded: armor_v8n
[2025-05-22 22:48:57.592]<DEBUG> [Yolov8Inferencer]Model class count: 12
[2025-05-22 22:48:57.593]<DEBUG> [Yolov8Inferencer]Model loaded: armor_v8n
[2025-05-22 22:48:57.594]<DEBUG> [Yolov8Inferencer]Model class count: 12
[2025-05-22 22:48:57.595]<DEBUG> [Yolov8Inferencer]Model loaded: armor_v8n
[2025-05-22 22:48:57.595]<DEBUG> [Yolov8Inferencer]Model class count: 12
[2025-05-22 22:48:57.596]<DEBUG> [Yolov8Inferencer]Model loaded: armor_v8n
[2025-05-22 22:48:57.597]<DEBUG> [Yolov8Inferencer]Model class count: 12
[2025-05-22 22:48:57.598]<DEBUG> [Yolov8Inferencer]Model loaded: armor_v8n
[2025-05-22 22:48:57.599]<DEBUG> [Yolov8Inferencer]Model class count: 12
[2025-05-22 22:48:57.600]<DEBUG> [Yolov8Inferencer]Model loaded: armor_v8n
[2025-05-22 22:48:57.601]<DEBUG> [Yolov8Inferencer]Model class count: 12
[2025-05-22 22:48:57.602]<DEBUG> [Yolov8Inferencer]Model loaded: armor_v8n
[2025-05-22 22:48:57.603]<DEBUG> [Yolov8Inferencer]Model class count: 12
[2025-05-22 22:48:57.604]<DEBUG> [Detector]initialized.
