--- Log File Created: 2025-05-20 22:07:56.598 ---
[2025-05-20 22:07:56.991]<DEBUG> [Detector]Robot Inferencer initializing...
[2025-05-20 22:07:56.994]<DEBUG> [Yolov8Inferencer]Model loaded: car_v8n
[2025-05-20 22:07:56.998]<DEBUG> [Yolov8Inferencer]Model class count: 1
[2025-05-20 22:07:56.999]<DEBUG> [Yolov8Inferencer]Model loaded: armor_v8n
[2025-05-20 22:07:57.000]<DEBUG> [Yolov8Inferencer]Model class count: 12
[2025-05-20 22:07:57.001]<DEBUG> [Yolov8Inferencer]Model loaded: armor_v8n
[2025-05-20 22:07:57.002]<DEBUG> [Yolov8Inferencer]Model class count: 12
[2025-05-20 22:07:57.003]<DEBUG> [Yolov8Inferencer]Model loaded: armor_v8n
[2025-05-20 22:07:57.004]<DEBUG> [Yolov8Inferencer]Model class count: 12
[2025-05-20 22:07:57.006]<DEBUG> [Yolov8Inferencer]Model loaded: armor_v8n
[2025-05-20 22:07:57.007]<DEBUG> [Yolov8Inferencer]Model class count: 12
[2025-05-20 22:07:57.008]<DEBUG> [Yolov8Inferencer]Model loaded: armor_v8n
[2025-05-20 22:07:57.009]<DEBUG> [Yolov8Inferencer]Model class count: 12
[2025-05-20 22:07:57.010]<DEBUG> [Yolov8Inferencer]Model loaded: armor_v8n
[2025-05-20 22:07:57.011]<DEBUG> [Yolov8Inferencer]Model class count: 12
[2025-05-20 22:07:57.012]<DEBUG> [Yolov8Inferencer]Model loaded: armor_v8n
[2025-05-20 22:07:57.013]<DEBUG> [Yolov8Inferencer]Model class count: 12
[2025-05-20 22:07:57.014]<DEBUG> [Yolov8Inferencer]Model loaded: armor_v8n
[2025-05-20 22:07:57.015]<DEBUG> [Yolov8Inferencer]Model class count: 12
[2025-05-20 22:07:57.015]<DEBUG> [Yolov8Inferencer]Model loaded: armor_v8n
[2025-05-20 22:07:57.016]<DEBUG> [Yolov8Inferencer]Model class count: 12
[2025-05-20 22:07:57.017]<DEBUG> [Yolov8Inferencer]Model loaded: armor_v8n
[2025-05-20 22:07:57.018]<DEBUG> [Yolov8Inferencer]Model class count: 12
[2025-05-20 22:07:57.019]<DEBUG> [Yolov8Inferencer]Model loaded: armor_v8n
[2025-05-20 22:07:57.020]<DEBUG> [Yolov8Inferencer]Model class count: 12
[2025-05-20 22:07:57.021]<DEBUG> [Yolov8Inferencer]Model loaded: armor_v8n
[2025-05-20 22:07:57.022]<DEBUG> [Yolov8Inferencer]Model class count: 12
[2025-05-20 22:07:57.024]<DEBUG> [Detector]initialized.
[2025-05-20 22:08:00.181]<DEBUG> [Detector]Robot Inferencer initializing...
[2025-05-20 22:08:00.182]<DEBUG> [Detector]initialized.
[2025-05-20 22:08:00.183]<DEBUG> [Detector]Detection started.
