--- Log File Created: 2025-05-22 22:35:55.817 ---
[2025-05-22 22:35:55.998]<DEBUG> [Detector]Robot Inferencer initializing...
[2025-05-22 22:35:56.000]<DEBUG> [Yolov8Inferencer]Model loaded: car_v8n
[2025-05-22 22:35:56.004]<DEBUG> [Yolov8Inferencer]Model class count: 1
[2025-05-22 22:35:56.005]<DEBUG> [Yolov8Inferencer]Model loaded: armor_v8n
[2025-05-22 22:35:56.005]<DEBUG> [Yolov8Inferencer]Model class count: 12
[2025-05-22 22:35:56.006]<DEBUG> [Yolov8Inferencer]Model loaded: armor_v8n
[2025-05-22 22:35:56.007]<DEBUG> [Yolov8Inferencer]Model class count: 12
[2025-05-22 22:35:56.008]<DEBUG> [Yolov8Inferencer]Model loaded: armor_v8n
[2025-05-22 22:35:56.009]<DEBUG> [Yolov8Inferencer]Model class count: 12
[2025-05-22 22:35:56.010]<DEBUG> [Yolov8Inferencer]Model loaded: armor_v8n
[2025-05-22 22:35:56.011]<DEBUG> [Yolov8Inferencer]Model class count: 12
[2025-05-22 22:35:56.012]<DEBUG> [Yolov8Inferencer]Model loaded: armor_v8n
[2025-05-22 22:35:56.013]<DEBUG> [Yolov8Inferencer]Model class count: 12
[2025-05-22 22:35:56.013]<DEBUG> [Yolov8Inferencer]Model loaded: armor_v8n
[2025-05-22 22:35:56.014]<DEBUG> [Yolov8Inferencer]Model class count: 12
[2025-05-22 22:35:56.015]<DEBUG> [Yolov8Inferencer]Model loaded: armor_v8n
[2025-05-22 22:35:56.016]<DEBUG> [Yolov8Inferencer]Model class count: 12
[2025-05-22 22:35:56.017]<DEBUG> [Yolov8Inferencer]Model loaded: armor_v8n
[2025-05-22 22:35:56.017]<DEBUG> [Yolov8Inferencer]Model class count: 12
[2025-05-22 22:35:56.018]<DEBUG> [Yolov8Inferencer]Model loaded: armor_v8n
[2025-05-22 22:35:56.019]<DEBUG> [Yolov8Inferencer]Model class count: 12
[2025-05-22 22:35:56.020]<DEBUG> [Yolov8Inferencer]Model loaded: armor_v8n
[2025-05-22 22:35:56.021]<DEBUG> [Yolov8Inferencer]Model class count: 12
[2025-05-22 22:35:56.021]<DEBUG> [Yolov8Inferencer]Model loaded: armor_v8n
[2025-05-22 22:35:56.022]<DEBUG> [Yolov8Inferencer]Model class count: 12
[2025-05-22 22:35:56.023]<DEBUG> [Yolov8Inferencer]Model loaded: armor_v8n
[2025-05-22 22:35:56.023]<DEBUG> [Yolov8Inferencer]Model class count: 12
[2025-05-22 22:35:56.024]<DEBUG> [Detector]initialized.
[2025-05-22 22:36:14.316]<DEBUG> [WebCameraHandler]Camera devices scanned: 2 devices found.
[2025-05-22 22:36:14.319]<DEBUG> [WebCameraHandler]--- Camera device 0: DECXIN  CAMERA
[2025-05-22 22:36:14.320]<DEBUG> [WebCameraHandler]--- Camera device 1: OBS Virtual Camera
[2025-05-22 22:36:15.102]<DEBUG> [WebCameraHandler]DECXIN  CAMERA opened successfully.
