--- Log File Created: 2025-05-20 02:48:59.810 ---
[2025-05-20 02:48:59.938]<DEBUG> [Detector]Robot Inferencer initializing...
[2025-05-20 02:48:59.939]<DEBUG> [Yolov8Inferencer]Model loaded: car_v8n
[2025-05-20 02:48:59.940]<DEBUG> [Yolov8Inferencer]Model class count: 1
[2025-05-20 02:48:59.940]<DEBUG> [Yolov8Inferencer]Model loaded: armor_v8n
[2025-05-20 02:48:59.941]<DEBUG> [Yolov8Inferencer]Model class count: 12
[2025-05-20 02:48:59.941]<DEBUG> [Detector]initialized.
[2025-05-20 02:49:05.005]<DEBUG> [SerialHandler]Serial port closed.
[2025-05-20 02:49:05.006]<DEBUG> [SerialHandler]Serial port opened: COM6
[2025-05-20 02:49:05.060]<DEBUG> [DataManager]Send data: {Hero: (1400, 750), Engineer: (1400, 750), Infantry3: (1400, 750), Infantry4: (1400, 750), Infantry5: (1400, 750), Sentry: (1400, 750)}
[2025-05-20 02:49:05.229]<DEBUG> [DataManager]Send data: {Hero: (1400, 750), Engineer: (1400, 750), Infantry3: (1400, 750), Infantry4: (1400, 750), Infantry5: (1400, 750), Sentry: (1400, 750)}
[2025-05-20 02:49:05.285]<DEBUG> [SerialHandler] <0x0003> GameRobotHp: Red1: 0, Red2: 0, Red3: 100, Red4: 0, Red5: 0, Red7: 0, RedOutpost: 0, RedBase: 0, Blue1: 250, Blue2: 0, Blue3: 0, Blue4: 0, Blue5: 0, Blue7: 0, BlueOutpost: 0, BlueBase: 0
[2025-05-20 02:49:05.431]<DEBUG> [DataManager]Send data: {Hero: (1400, 750), Engineer: (1400, 750), Infantry3: (1400, 750), Infantry4: (1400, 750), Infantry5: (1400, 750), Sentry: (1400, 750)}
[2025-05-20 02:49:05.551]<DEBUG> [SerialHandler] <0x0003> GameRobotHp: Red1: 0, Red2: 0, Red3: 100, Red4: 0, Red5: 0, Red7: 0, RedOutpost: 0, RedBase: 0, Blue1: 250, Blue2: 0, Blue3: 0, Blue4: 0, Blue5: 0, Blue7: 0, BlueOutpost: 0, BlueBase: 0
[2025-05-20 02:49:05.611]<DEBUG> [DataManager]Send data: {Hero: (1400, 750), Engineer: (1400, 750), Infantry3: (1400, 750), Infantry4: (1400, 750), Infantry5: (1400, 750), Sentry: (1400, 750)}
[2025-05-20 02:49:05.667]<DEBUG> [SerialHandler] <0x020E> RadarStatus: DoubleDebuffChances: 0,IsDoubleDebuffAble: False
[2025-05-20 02:49:05.783]<DEBUG> [DataManager]Send data: {Hero: (1400, 750), Engineer: (1400, 750), Infantry3: (1400, 750), Infantry4: (1400, 750), Infantry5: (1400, 750), Sentry: (1400, 750)}
[2025-05-20 02:49:05.840]<DEBUG> [SerialHandler] <0x0003> GameRobotHp: Red1: 0, Red2: 0, Red3: 100, Red4: 0, Red5: 0, Red7: 0, RedOutpost: 0, RedBase: 0, Blue1: 250, Blue2: 0, Blue3: 0, Blue4: 0, Blue5: 0, Blue7: 0, BlueOutpost: 0, BlueBase: 0
[2025-05-20 02:49:05.961]<DEBUG> [DataManager]Send data: {Hero: (1400, 750), Engineer: (1400, 750), Infantry3: (1400, 750), Infantry4: (1400, 750), Infantry5: (1400, 750), Sentry: (1400, 750)}
[2025-05-20 02:49:06.133]<DEBUG> [SerialHandler] <0x0003> GameRobotHp: Red1: 0, Red2: 0, Red3: 100, Red4: 0, Red5: 0, Red7: 0, RedOutpost: 0, RedBase: 0, Blue1: 250, Blue2: 0, Blue3: 0, Blue4: 0, Blue5: 0, Blue7: 0, BlueOutpost: 0, BlueBase: 0
[2025-05-20 02:49:06.134]<DEBUG> [DataManager]Send data: {Hero: (1400, 750), Engineer: (1400, 750), Infantry3: (1400, 750), Infantry4: (1400, 750), Infantry5: (1400, 750), Sentry: (1400, 750)}
[2025-05-20 02:49:06.309]<DEBUG> [DataManager]Send data: {Hero: (1400, 750), Engineer: (1400, 750), Infantry3: (1400, 750), Infantry4: (1400, 750), Infantry5: (1400, 750), Sentry: (1400, 750)}
[2025-05-20 02:49:06.452]<DEBUG> [SerialHandler] <0x0003> GameRobotHp: Red1: 0, Red2: 0, Red3: 100, Red4: 0, Red5: 0, Red7: 0, RedOutpost: 0, RedBase: 0, Blue1: 250, Blue2: 0, Blue3: 0, Blue4: 0, Blue5: 0, Blue7: 0, BlueOutpost: 0, BlueBase: 0
[2025-05-20 02:49:06.481]<DEBUG> [DataManager]Send data: {Hero: (1400, 750), Engineer: (1400, 750), Infantry3: (1400, 750), Infantry4: (1400, 750), Infantry5: (1400, 750), Sentry: (1400, 750)}
[2025-05-20 02:49:06.652]<DEBUG> [DataManager]Send data: {Hero: (1400, 750), Engineer: (1400, 750), Infantry3: (1400, 750), Infantry4: (1400, 750), Infantry5: (1400, 750), Sentry: (1400, 750)}
[2025-05-20 02:49:06.677]<DEBUG> [SerialHandler] <0x0001> GameStatus: 01 00
[2025-05-20 02:49:06.760]<DEBUG> [SerialHandler] <0x0003> GameRobotHp: Red1: 0, Red2: 0, Red3: 100, Red4: 0, Red5: 0, Red7: 0, RedOutpost: 0, RedBase: 0, Blue1: 250, Blue2: 0, Blue3: 0, Blue4: 0, Blue5: 0, Blue7: 0, BlueOutpost: 0, BlueBase: 0
[2025-05-20 02:49:06.818]<DEBUG> [DataManager]Send data: {Hero: (1400, 750), Engineer: (1400, 750), Infantry3: (1400, 750), Infantry4: (1400, 750), Infantry5: (1400, 750), Sentry: (1400, 750)}
[2025-05-20 02:49:06.995]<DEBUG> [DataManager]Send data: {Hero: (1400, 750), Engineer: (1400, 750), Infantry3: (1400, 750), Infantry4: (1400, 750), Infantry5: (1400, 750), Sentry: (1400, 750)}
[2025-05-20 02:49:07.053]<DEBUG> [SerialHandler] <0x0003> GameRobotHp: Red1: 0, Red2: 0, Red3: 100, Red4: 0, Red5: 0, Red7: 0, RedOutpost: 0, RedBase: 0, Blue1: 250, Blue2: 0, Blue3: 0, Blue4: 0, Blue5: 0, Blue7: 0, BlueOutpost: 0, BlueBase: 0
[2025-05-20 02:49:07.167]<DEBUG> [DataManager]Send data: {Hero: (1400, 750), Engineer: (1400, 750), Infantry3: (1400, 750), Infantry4: (1400, 750), Infantry5: (1400, 750), Sentry: (1400, 750)}
[2025-05-20 02:49:07.336]<DEBUG> [SerialHandler] <0x0003> GameRobotHp: Red1: 0, Red2: 0, Red3: 100, Red4: 0, Red5: 0, Red7: 0, RedOutpost: 0, RedBase: 0, Blue1: 250, Blue2: 0, Blue3: 0, Blue4: 0, Blue5: 0, Blue7: 0, BlueOutpost: 0, BlueBase: 0
[2025-05-20 02:49:07.336]<DEBUG> [DataManager]Send data: {Hero: (1400, 750), Engineer: (1400, 750), Infantry3: (1400, 750), Infantry4: (1400, 750), Infantry5: (1400, 750), Sentry: (1400, 750)}
[2025-05-20 02:49:07.504]<DEBUG> [DataManager]Send data: {Hero: (1400, 750), Engineer: (1400, 750), Infantry3: (1400, 750), Infantry4: (1400, 750), Infantry5: (1400, 750), Sentry: (1400, 750)}
[2025-05-20 02:49:07.677]<DEBUG> [SerialHandler] <0x0101> GameBuff: IsSupplyAreaOccupied: False, IsSupplyAreaOccupied2: False, IsSupplyAreaOccupied3: False, IsLittleEnergyOrganActivated: False, IsBigEnergyOrganActivated: False, IsCentralHighlandOccupied: False, IsTrapezoidalHighlandOccupied: False, EnemyDartHitTime: 0, EnemyDartHitTarget: 0, CenterGainPointStatus: 0
[2025-05-20 02:49:07.678]<DEBUG> [DataManager]Send data: {Hero: (1400, 750), Engineer: (1400, 750), Infantry3: (1400, 750), Infantry4: (1400, 750), Infantry5: (1400, 750), Sentry: (1400, 750)}
[2025-05-20 02:49:07.847]<DEBUG> [DataManager]Send data: {Hero: (1400, 750), Engineer: (1400, 750), Infantry3: (1400, 750), Infantry4: (1400, 750), Infantry5: (1400, 750), Sentry: (1400, 750)}
[2025-05-20 02:49:07.959]<DEBUG> [SerialHandler] <0x0003> GameRobotHp: Red1: 0, Red2: 0, Red3: 100, Red4: 0, Red5: 0, Red7: 0, RedOutpost: 0, RedBase: 0, Blue1: 250, Blue2: 0, Blue3: 0, Blue4: 0, Blue5: 0, Blue7: 0, BlueOutpost: 0, BlueBase: 0
[2025-05-20 02:49:08.016]<DEBUG> [DataManager]Send data: {Hero: (1400, 750), Engineer: (1400, 750), Infantry3: (1400, 750), Infantry4: (1400, 750), Infantry5: (1400, 750), Sentry: (1400, 750)}
[2025-05-20 02:49:08.185]<DEBUG> [DataManager]Send data: {Hero: (1400, 750), Engineer: (1400, 750), Infantry3: (1400, 750), Infantry4: (1400, 750), Infantry5: (1400, 750), Sentry: (1400, 750)}
[2025-05-20 02:49:08.354]<DEBUG> [DataManager]Send data: {Hero: (1400, 750), Engineer: (1400, 750), Infantry3: (1400, 750), Infantry4: (1400, 750), Infantry5: (1400, 750), Sentry: (1400, 750)}
[2025-05-20 02:49:08.527]<DEBUG> [DataManager]Send data: {Hero: (1400, 750), Engineer: (1400, 750), Infantry3: (1400, 750), Infantry4: (1400, 750), Infantry5: (1400, 750), Sentry: (1400, 750)}
[2025-05-20 02:49:08.555]<DEBUG> [SerialHandler] <0x0003> GameRobotHp: Red1: 0, Red2: 0, Red3: 100, Red4: 0, Red5: 0, Red7: 0, RedOutpost: 0, RedBase: 0, Blue1: 250, Blue2: 0, Blue3: 0, Blue4: 0, Blue5: 0, Blue7: 0, BlueOutpost: 0, BlueBase: 0
[2025-05-20 02:49:08.695]<DEBUG> [DataManager]Send data: {Hero: (1400, 750), Engineer: (1400, 750), Infantry3: (1400, 750), Infantry4: (1400, 750), Infantry5: (1400, 750), Sentry: (1400, 750)}
[2025-05-20 02:49:08.864]<DEBUG> [SerialHandler] <0x0003> GameRobotHp: Red1: 0, Red2: 0, Red3: 100, Red4: 0, Red5: 0, Red7: 0, RedOutpost: 0, RedBase: 0, Blue1: 250, Blue2: 0, Blue3: 0, Blue4: 0, Blue5: 0, Blue7: 0, BlueOutpost: 0, BlueBase: 0
[2025-05-20 02:49:08.865]<DEBUG> [DataManager]Send data: {Hero: (1400, 750), Engineer: (1400, 750), Infantry3: (1400, 750), Infantry4: (1400, 750), Infantry5: (1400, 750), Sentry: (1400, 750)}
[2025-05-20 02:49:09.032]<DEBUG> [DataManager]Send data: {Hero: (1400, 750), Engineer: (1400, 750), Infantry3: (1400, 750), Infantry4: (1400, 750), Infantry5: (1400, 750), Sentry: (1400, 750)}
[2025-05-20 02:49:09.145]<DEBUG> [SerialHandler] <0x0003> GameRobotHp: Red1: 0, Red2: 0, Red3: 100, Red4: 0, Red5: 0, Red7: 0, RedOutpost: 0, RedBase: 0, Blue1: 250, Blue2: 0, Blue3: 0, Blue4: 0, Blue5: 0, Blue7: 0, BlueOutpost: 0, BlueBase: 0
[2025-05-20 02:49:09.200]<DEBUG> [DataManager]Send data: {Hero: (1400, 750), Engineer: (1400, 750), Infantry3: (1400, 750), Infantry4: (1400, 750), Infantry5: (1400, 750), Sentry: (1400, 750)}
[2025-05-20 02:49:09.378]<DEBUG> [DataManager]Send data: {Hero: (1400, 750), Engineer: (1400, 750), Infantry3: (1400, 750), Infantry4: (1400, 750), Infantry5: (1400, 750), Sentry: (1400, 750)}
[2025-05-20 02:49:09.436]<DEBUG> [SerialHandler] <0x0003> GameRobotHp: Red1: 0, Red2: 0, Red3: 100, Red4: 0, Red5: 0, Red7: 0, RedOutpost: 0, RedBase: 0, Blue1: 250, Blue2: 0, Blue3: 0, Blue4: 0, Blue5: 0, Blue7: 0, BlueOutpost: 0, BlueBase: 0
[2025-05-20 02:49:09.554]<DEBUG> [DataManager]Send data: {Hero: (1400, 750), Engineer: (1400, 750), Infantry3: (1400, 750), Infantry4: (1400, 750), Infantry5: (1400, 750), Sentry: (1400, 750)}
[2025-05-20 02:49:09.639]<DEBUG> [SerialHandler] <0x0101> GameBuff: IsSupplyAreaOccupied: False, IsSupplyAreaOccupied2: False, IsSupplyAreaOccupied3: False, IsLittleEnergyOrganActivated: False, IsBigEnergyOrganActivated: False, IsCentralHighlandOccupied: False, IsTrapezoidalHighlandOccupied: False, EnemyDartHitTime: 0, EnemyDartHitTarget: 0, CenterGainPointStatus: 0
[2025-05-20 02:49:09.727]<DEBUG> [DataManager]Send data: {Hero: (1400, 750), Engineer: (1400, 750), Infantry3: (1400, 750), Infantry4: (1400, 750), Infantry5: (1400, 750), Sentry: (1400, 750)}
[2025-05-20 02:49:09.754]<DEBUG> [SerialHandler] <0x0003> GameRobotHp: Red1: 0, Red2: 0, Red3: 100, Red4: 0, Red5: 0, Red7: 0, RedOutpost: 0, RedBase: 0, Blue1: 250, Blue2: 0, Blue3: 0, Blue4: 0, Blue5: 0, Blue7: 0, BlueOutpost: 0, BlueBase: 0
[2025-05-20 02:49:09.898]<DEBUG> [DataManager]Send data: {Hero: (1400, 750), Engineer: (1400, 750), Infantry3: (1400, 750), Infantry4: (1400, 750), Infantry5: (1400, 750), Sentry: (1400, 750)}
[2025-05-20 02:49:10.070]<DEBUG> [DataManager]Send data: {Hero: (1400, 750), Engineer: (1400, 750), Infantry3: (1400, 750), Infantry4: (1400, 750), Infantry5: (1400, 750), Sentry: (1400, 750)}
[2025-05-20 02:49:27.007]<DEBUG> [DataManager]Send data: {Hero: (1400, 750), Engineer: (1400, 750), Infantry3: (1400, 750), Infantry4: (1400, 750), Infantry5: (1400, 750), Sentry: (1400, 750)}
[2025-05-20 02:49:29.141]<DEBUG> --- Log File Closed: 2025-05-20 02:49:29.141 ---

