--- Log File Created: 2025-05-22 23:29:39.889 ---
[2025-05-22 23:29:40.305]<DEBUG> [Detector]Robot Inferencer initializing...
[2025-05-22 23:29:40.308]<DEBUG> [Yolov8Inferencer]Model loaded: car_v8n
[2025-05-22 23:29:40.311]<DEBUG> [Yolov8Inferencer]Model class count: 1
[2025-05-22 23:29:40.312]<DEBUG> [Yolov8Inferencer]Model loaded: armor_v8n
[2025-05-22 23:29:40.314]<DEBUG> [Yolov8Inferencer]Model class count: 12
[2025-05-22 23:29:40.314]<DEBUG> [Yolov8Inferencer]Model loaded: armor_v8n
[2025-05-22 23:29:40.316]<DEBUG> [Yolov8Inferencer]Model class count: 12
[2025-05-22 23:29:40.316]<DEBUG> [Yolov8Inferencer]Model loaded: armor_v8n
[2025-05-22 23:29:40.318]<DEBUG> [Yolov8Inferencer]Model class count: 12
[2025-05-22 23:29:40.319]<DEBUG> [Yolov8Inferencer]Model loaded: armor_v8n
[2025-05-22 23:29:40.320]<DEBUG> [Yolov8Inferencer]Model class count: 12
[2025-05-22 23:29:40.321]<DEBUG> [Yolov8Inferencer]Model loaded: armor_v8n
[2025-05-22 23:29:40.322]<DEBUG> [Yolov8Inferencer]Model class count: 12
[2025-05-22 23:29:40.323]<DEBUG> [Yolov8Inferencer]Model loaded: armor_v8n
[2025-05-22 23:29:40.324]<DEBUG> [Yolov8Inferencer]Model class count: 12
[2025-05-22 23:29:40.325]<DEBUG> [Yolov8Inferencer]Model loaded: armor_v8n
[2025-05-22 23:29:40.326]<DEBUG> [Yolov8Inferencer]Model class count: 12
[2025-05-22 23:29:40.327]<DEBUG> [Yolov8Inferencer]Model loaded: armor_v8n
[2025-05-22 23:29:40.328]<DEBUG> [Yolov8Inferencer]Model class count: 12
[2025-05-22 23:29:40.329]<DEBUG> [Yolov8Inferencer]Model loaded: armor_v8n
[2025-05-22 23:29:40.330]<DEBUG> [Yolov8Inferencer]Model class count: 12
[2025-05-22 23:29:40.331]<DEBUG> [Yolov8Inferencer]Model loaded: armor_v8n
[2025-05-22 23:29:40.332]<DEBUG> [Yolov8Inferencer]Model class count: 12
[2025-05-22 23:29:40.333]<DEBUG> [Yolov8Inferencer]Model loaded: armor_v8n
[2025-05-22 23:29:40.334]<DEBUG> [Yolov8Inferencer]Model class count: 12
[2025-05-22 23:29:40.335]<DEBUG> [Yolov8Inferencer]Model loaded: armor_v8n
[2025-05-22 23:29:40.336]<DEBUG> [Yolov8Inferencer]Model class count: 12
[2025-05-22 23:29:40.337]<DEBUG> [Detector]initialized.
[2025-05-22 23:29:45.861]<DEBUG> [WebCameraHandler]Camera devices scanned: 3 devices found.
[2025-05-22 23:29:45.864]<DEBUG> [WebCameraHandler]--- Camera device 0: DECXIN  CAMERA
[2025-05-22 23:29:45.865]<DEBUG> [WebCameraHandler]--- Camera device 1: DECXIN  CAMERA 1
[2025-05-22 23:29:45.867]<DEBUG> [WebCameraHandler]--- Camera device 2: OBS Virtual Camera
[2025-05-22 23:29:47.361]<DEBUG> [WebCameraHandler]DECXIN  CAMERA opened successfully.
[2025-05-22 23:29:49.639]<DEBUG> [WebCameraHandler]DECXIN  CAMERA 1 opened successfully.
[2025-05-22 23:29:55.823]<DEBUG> [Detector]Robot Inferencer initializing...
[2025-05-22 23:29:55.825]<DEBUG> [Detector]initialized.
[2025-05-22 23:29:55.826]<DEBUG> [Detector]Detection started.
[2025-05-22 23:30:56.251]<DEBUG> [WebCameraHandler]Camera devices scanned: 3 devices found.
[2025-05-22 23:30:56.253]<DEBUG> [WebCameraHandler]--- Camera device 0: DECXIN  CAMERA
[2025-05-22 23:30:56.254]<DEBUG> [WebCameraHandler]--- Camera device 1: DECXIN  CAMERA 1
[2025-05-22 23:30:56.255]<DEBUG> [WebCameraHandler]--- Camera device 2: OBS Virtual Camera
[2025-05-22 23:30:58.479]<DEBUG> [WebCameraHandler]DECXIN  CAMERA 1 opened successfully.
[2025-05-22 23:31:17.112]<DEBUG> [WebCameraHandler]DECXIN  CAMERA opened successfully.
[2025-05-22 23:31:18.547]<DEBUG> [WebCameraHandler]DECXIN  CAMERA 1 opened successfully.
[2025-05-22 23:31:24.801]<DEBUG> [Detector]Detection stopped.
[2025-05-22 23:31:26.410]<DEBUG> [Detector]Robot Inferencer initializing...
[2025-05-22 23:31:26.412]<DEBUG> [Yolov8Inferencer]Model loaded: car_v8n
[2025-05-22 23:31:26.413]<DEBUG> [Yolov8Inferencer]Model class count: 1
[2025-05-22 23:31:26.414]<DEBUG> [Yolov8Inferencer]Model loaded: armor_v8n
[2025-05-22 23:31:26.415]<DEBUG> [Yolov8Inferencer]Model class count: 12
[2025-05-22 23:31:26.416]<DEBUG> [Yolov8Inferencer]Model loaded: armor_v8n
[2025-05-22 23:31:26.417]<DEBUG> [Yolov8Inferencer]Model class count: 12
[2025-05-22 23:31:26.419]<DEBUG> [Yolov8Inferencer]Model loaded: armor_v8n
[2025-05-22 23:31:26.420]<DEBUG> [Yolov8Inferencer]Model class count: 12
[2025-05-22 23:31:26.421]<DEBUG> [Yolov8Inferencer]Model loaded: armor_v8n
[2025-05-22 23:31:26.423]<DEBUG> [Yolov8Inferencer]Model class count: 12
[2025-05-22 23:31:26.425]<DEBUG> [Yolov8Inferencer]Model loaded: armor_v8n
[2025-05-22 23:31:26.426]<DEBUG> [Yolov8Inferencer]Model class count: 12
[2025-05-22 23:31:26.428]<DEBUG> [Yolov8Inferencer]Model loaded: armor_v8n
[2025-05-22 23:31:26.429]<DEBUG> [Yolov8Inferencer]Model class count: 12
[2025-05-22 23:31:26.430]<DEBUG> [Yolov8Inferencer]Model loaded: armor_v8n
[2025-05-22 23:31:26.431]<DEBUG> [Yolov8Inferencer]Model class count: 12
[2025-05-22 23:31:26.431]<DEBUG> [Yolov8Inferencer]Model loaded: armor_v8n
[2025-05-22 23:31:26.432]<DEBUG> [Yolov8Inferencer]Model class count: 12
[2025-05-22 23:31:26.434]<DEBUG> [Yolov8Inferencer]Model loaded: armor_v8n
[2025-05-22 23:31:26.435]<DEBUG> [Yolov8Inferencer]Model class count: 12
[2025-05-22 23:31:26.436]<DEBUG> [Yolov8Inferencer]Model loaded: armor_v8n
[2025-05-22 23:31:26.437]<DEBUG> [Yolov8Inferencer]Model class count: 12
[2025-05-22 23:31:26.438]<DEBUG> [Yolov8Inferencer]Model loaded: armor_v8n
[2025-05-22 23:31:26.439]<DEBUG> [Yolov8Inferencer]Model class count: 12
[2025-05-22 23:31:26.440]<DEBUG> [Yolov8Inferencer]Model loaded: armor_v8n
[2025-05-22 23:31:26.441]<DEBUG> [Yolov8Inferencer]Model class count: 12
[2025-05-22 23:31:26.442]<DEBUG> [Detector]initialized.
[2025-05-22 23:31:26.443]<DEBUG> [Detector]Detection started.
[2025-05-22 23:32:16.288]<DEBUG> [Detector]Detection stopped.
