---SerialHandler Log File Created: 2025-05-22 23:36:22.761 ---
[2025-05-22 23:36:22.760]<DEBUG> [SerialHandler]Serial port closed.
[2025-05-22 23:36:22.762]<DEBUG> [SerialHandler]Serial port opened: COM6
[2025-05-22 23:36:38.178]<DEBUG> [SerialHandler] <0x0003> GameRobotHp: Red1: 0, Red2: 0, Red3: 0, Red4: 0, Red5: 0, Red7: 0, RedOutpost: 0, RedBase: 0, Blue1: 0, Blue2: 0, Blue3: 0, Blue4: 0, Blue5: 0, Blue7: 0, BlueOutpost: 0, BlueBase: 0
[2025-05-22 23:36:38.453]<DEBUG> [SerialHandler] <0x0003> GameRobotHp: Red1: 0, Red2: 0, Red3: 0, Red4: 0, Red5: 0, Red7: 0, RedOutpost: 0, RedBase: 0, Blue1: 0, Blue2: 0, Blue3: 0, Blue4: 0, Blue5: 0, Blue7: 0, BlueOutpost: 0, BlueBase: 0
[2025-05-22 23:36:38.761]<DEBUG> [SerialHandler] <0x0003> GameRobotHp: Red1: 0, Red2: 0, Red3: 0, Red4: 0, Red5: 0, Red7: 0, RedOutpost: 0, RedBase: 0, Blue1: 0, Blue2: 0, Blue3: 0, Blue4: 0, Blue5: 0, Blue7: 0, BlueOutpost: 0, BlueBase: 0
[2025-05-22 23:36:39.041]<DEBUG> [SerialHandler] <0x0003> GameRobotHp: Red1: 0, Red2: 0, Red3: 0, Red4: 0, Red5: 0, Red7: 0, RedOutpost: 0, RedBase: 0, Blue1: 0, Blue2: 0, Blue3: 0, Blue4: 0, Blue5: 0, Blue7: 0, BlueOutpost: 0, BlueBase: 0
[2025-05-22 23:36:39.183]<DEBUG> [SerialHandler] <0x020E> RadarStatus: DoubleDebuffChances: 0,IsDoubleDebuffAble: False
[2025-05-22 23:36:39.364]<DEBUG> [SerialHandler] <0x0003> GameRobotHp: Red1: 0, Red2: 0, Red3: 0, Red4: 0, Red5: 0, Red7: 0, RedOutpost: 0, RedBase: 0, Blue1: 0, Blue2: 0, Blue3: 0, Blue4: 0, Blue5: 0, Blue7: 0, BlueOutpost: 0, BlueBase: 0
[2025-05-22 23:36:39.650]<DEBUG> [SerialHandler] <0x0003> GameRobotHp: Red1: 0, Red2: 0, Red3: 0, Red4: 0, Red5: 0, Red7: 0, RedOutpost: 0, RedBase: 0, Blue1: 0, Blue2: 0, Blue3: 0, Blue4: 0, Blue5: 0, Blue7: 0, BlueOutpost: 0, BlueBase: 0
[2025-05-22 23:36:39.979]<DEBUG> [SerialHandler] <0x0003> GameRobotHp: Red1: 0, Red2: 0, Red3: 0, Red4: 0, Red5: 0, Red7: 0, RedOutpost: 0, RedBase: 0, Blue1: 0, Blue2: 0, Blue3: 0, Blue4: 0, Blue5: 0, Blue7: 0, BlueOutpost: 0, BlueBase: 0
[2025-05-22 23:36:40.260]<DEBUG> [SerialHandler] <0x0003> GameRobotHp: Red1: 0, Red2: 0, Red3: 0, Red4: 0, Red5: 0, Red7: 0, RedOutpost: 0, RedBase: 0, Blue1: 0, Blue2: 0, Blue3: 0, Blue4: 0, Blue5: 0, Blue7: 0, BlueOutpost: 0, BlueBase: 0
[2025-05-22 23:36:40.573]<DEBUG> [SerialHandler] <0x0003> GameRobotHp: Red1: 0, Red2: 0, Red3: 0, Red4: 0, Red5: 0, Red7: 0, RedOutpost: 0, RedBase: 0, Blue1: 0, Blue2: 0, Blue3: 0, Blue4: 0, Blue5: 0, Blue7: 0, BlueOutpost: 0, BlueBase: 0
[2025-05-22 23:36:40.873]<DEBUG> [SerialHandler] <0x0003> GameRobotHp: Red1: 0, Red2: 0, Red3: 0, Red4: 0, Red5: 0, Red7: 0, RedOutpost: 0, RedBase: 0, Blue1: 0, Blue2: 0, Blue3: 0, Blue4: 0, Blue5: 0, Blue7: 0, BlueOutpost: 0, BlueBase: 0
[2025-05-22 23:36:41.158]<DEBUG> [SerialHandler] <0x0003> GameRobotHp: Red1: 0, Red2: 0, Red3: 0, Red4: 0, Red5: 0, Red7: 0, RedOutpost: 0, RedBase: 0, Blue1: 0, Blue2: 0, Blue3: 0, Blue4: 0, Blue5: 0, Blue7: 0, BlueOutpost: 0, BlueBase: 0
[2025-05-22 23:36:41.159]<DEBUG> [SerialHandler] <0x0101> GameBuff: IsSupplyAreaOccupied: False, IsSupplyAreaOccupied2: False, IsSupplyAreaOccupied3: False, IsLittleEnergyOrganActivated: False, IsBigEnergyOrganActivated: False, IsCentralHighlandOccupied: False, IsTrapezoidalHighlandOccupied: False, EnemyDartHitTime: 0, EnemyDartHitTarget: 0, CenterGainPointStatus: 0
[2025-05-22 23:36:41.160]<DEBUG> [SerialHandler] <0x020E> RadarStatus: DoubleDebuffChances: 0,IsDoubleDebuffAble: False
[2025-05-22 23:36:41.462]<DEBUG> [SerialHandler] <0x0003> GameRobotHp: Red1: 0, Red2: 0, Red3: 0, Red4: 0, Red5: 0, Red7: 0, RedOutpost: 0, RedBase: 0, Blue1: 0, Blue2: 0, Blue3: 0, Blue4: 0, Blue5: 0, Blue7: 0, BlueOutpost: 0, BlueBase: 0
[2025-05-22 23:36:41.770]<DEBUG> [SerialHandler] <0x0003> GameRobotHp: Red1: 0, Red2: 0, Red3: 0, Red4: 0, Red5: 0, Red7: 0, RedOutpost: 0, RedBase: 0, Blue1: 0, Blue2: 0, Blue3: 0, Blue4: 0, Blue5: 0, Blue7: 0, BlueOutpost: 0, BlueBase: 0
[2025-05-22 23:36:42.051]<DEBUG> [SerialHandler] <0x0003> GameRobotHp: Red1: 0, Red2: 0, Red3: 0, Red4: 0, Red5: 0, Red7: 0, RedOutpost: 0, RedBase: 0, Blue1: 0, Blue2: 0, Blue3: 0, Blue4: 0, Blue5: 0, Blue7: 0, BlueOutpost: 0, BlueBase: 0
[2025-05-22 23:36:42.195]<DEBUG> [SerialHandler] <0x0001> GameStatus: GameType: 1, GameStage: NotStarted, StageRemainTime: 0, SyncTimestamp: 0
[2025-05-22 23:36:42.197]<DEBUG> [SerialHandler] <0x020E> RadarStatus: DoubleDebuffChances: 0,IsDoubleDebuffAble: False
[2025-05-22 23:36:42.337]<DEBUG> [SerialHandler] <0x0003> GameRobotHp: Red1: 0, Red2: 0, Red3: 0, Red4: 0, Red5: 0, Red7: 0, RedOutpost: 0, RedBase: 0, Blue1: 0, Blue2: 0, Blue3: 0, Blue4: 0, Blue5: 0, Blue7: 0, BlueOutpost: 0, BlueBase: 0
[2025-05-22 23:36:42.655]<DEBUG> [SerialHandler] <0x0003> GameRobotHp: Red1: 0, Red2: 0, Red3: 0, Red4: 0, Red5: 0, Red7: 0, RedOutpost: 0, RedBase: 0, Blue1: 0, Blue2: 0, Blue3: 0, Blue4: 0, Blue5: 0, Blue7: 0, BlueOutpost: 0, BlueBase: 0
[2025-05-22 23:36:42.992]<DEBUG> [SerialHandler] <0x0003> GameRobotHp: Red1: 0, Red2: 0, Red3: 0, Red4: 0, Red5: 0, Red7: 0, RedOutpost: 0, RedBase: 0, Blue1: 0, Blue2: 0, Blue3: 0, Blue4: 0, Blue5: 0, Blue7: 0, BlueOutpost: 0, BlueBase: 0
[2025-05-22 23:36:43.269]<DEBUG> [SerialHandler] <0x0003> GameRobotHp: Red1: 0, Red2: 0, Red3: 0, Red4: 0, Red5: 0, Red7: 0, RedOutpost: 0, RedBase: 0, Blue1: 0, Blue2: 0, Blue3: 0, Blue4: 0, Blue5: 0, Blue7: 0, BlueOutpost: 0, BlueBase: 0
[2025-05-22 23:36:43.580]<DEBUG> [SerialHandler] <0x0003> GameRobotHp: Red1: 0, Red2: 0, Red3: 0, Red4: 0, Red5: 0, Red7: 0, RedOutpost: 0, RedBase: 0, Blue1: 0, Blue2: 0, Blue3: 0, Blue4: 0, Blue5: 0, Blue7: 0, BlueOutpost: 0, BlueBase: 0
[2025-05-22 23:36:43.861]<DEBUG> [SerialHandler] <0x0003> GameRobotHp: Red1: 0, Red2: 0, Red3: 0, Red4: 0, Red5: 0, Red7: 0, RedOutpost: 0, RedBase: 0, Blue1: 0, Blue2: 0, Blue3: 0, Blue4: 0, Blue5: 0, Blue7: 0, BlueOutpost: 0, BlueBase: 0
[2025-05-22 23:36:44.485]<DEBUG> [SerialHandler] <0x0003> GameRobotHp: Red1: 0, Red2: 0, Red3: 0, Red4: 0, Red5: 0, Red7: 0, RedOutpost: 0, RedBase: 0, Blue1: 0, Blue2: 0, Blue3: 0, Blue4: 0, Blue5: 0, Blue7: 0, BlueOutpost: 0, BlueBase: 0
[2025-05-22 23:36:44.776]<DEBUG> [SerialHandler] <0x0003> GameRobotHp: Red1: 0, Red2: 0, Red3: 0, Red4: 0, Red5: 0, Red7: 0, RedOutpost: 0, RedBase: 0, Blue1: 0, Blue2: 0, Blue3: 0, Blue4: 0, Blue5: 0, Blue7: 0, BlueOutpost: 0, BlueBase: 0
[2025-05-22 23:36:45.091]<DEBUG> [SerialHandler] <0x0003> GameRobotHp: Red1: 0, Red2: 0, Red3: 0, Red4: 0, Red5: 0, Red7: 0, RedOutpost: 0, RedBase: 0, Blue1: 0, Blue2: 0, Blue3: 0, Blue4: 0, Blue5: 0, Blue7: 0, BlueOutpost: 0, BlueBase: 0
[2025-05-22 23:36:45.365]<DEBUG> [SerialHandler] <0x0003> GameRobotHp: Red1: 0, Red2: 0, Red3: 0, Red4: 0, Red5: 0, Red7: 0, RedOutpost: 0, RedBase: 0, Blue1: 0, Blue2: 0, Blue3: 0, Blue4: 0, Blue5: 0, Blue7: 0, BlueOutpost: 0, BlueBase: 0
[2025-05-22 23:36:45.684]<DEBUG> [SerialHandler] <0x0003> GameRobotHp: Red1: 0, Red2: 0, Red3: 0, Red4: 0, Red5: 0, Red7: 0, RedOutpost: 0, RedBase: 0, Blue1: 0, Blue2: 0, Blue3: 0, Blue4: 0, Blue5: 0, Blue7: 0, BlueOutpost: 0, BlueBase: 0
[2025-05-22 23:36:45.990]<DEBUG> [SerialHandler] <0x0003> GameRobotHp: Red1: 0, Red2: 0, Red3: 0, Red4: 0, Red5: 0, Red7: 0, RedOutpost: 0, RedBase: 0, Blue1: 0, Blue2: 0, Blue3: 0, Blue4: 0, Blue5: 0, Blue7: 0, BlueOutpost: 0, BlueBase: 0
[2025-05-22 23:36:46.276]<DEBUG> [SerialHandler] <0x0003> GameRobotHp: Red1: 0, Red2: 0, Red3: 0, Red4: 0, Red5: 0, Red7: 0, RedOutpost: 0, RedBase: 0, Blue1: 0, Blue2: 0, Blue3: 0, Blue4: 0, Blue5: 0, Blue7: 0, BlueOutpost: 0, BlueBase: 0
[2025-05-22 23:36:46.582]<DEBUG> [SerialHandler] <0x0003> GameRobotHp: Red1: 0, Red2: 0, Red3: 0, Red4: 0, Red5: 0, Red7: 0, RedOutpost: 0, RedBase: 0, Blue1: 0, Blue2: 0, Blue3: 0, Blue4: 0, Blue5: 0, Blue7: 0, BlueOutpost: 0, BlueBase: 0
[2025-05-22 23:36:46.855]<DEBUG> [SerialHandler] <0x0003> GameRobotHp: Red1: 0, Red2: 0, Red3: 0, Red4: 0, Red5: 0, Red7: 0, RedOutpost: 0, RedBase: 0, Blue1: 0, Blue2: 0, Blue3: 0, Blue4: 0, Blue5: 0, Blue7: 0, BlueOutpost: 0, BlueBase: 0
[2025-05-22 23:36:47.172]<DEBUG> [SerialHandler] <0x0101> GameBuff: IsSupplyAreaOccupied: False, IsSupplyAreaOccupied2: False, IsSupplyAreaOccupied3: False, IsLittleEnergyOrganActivated: False, IsBigEnergyOrganActivated: False, IsCentralHighlandOccupied: False, IsTrapezoidalHighlandOccupied: False, EnemyDartHitTime: 0, EnemyDartHitTarget: 0, CenterGainPointStatus: 0
[2025-05-22 23:36:47.470]<DEBUG> [SerialHandler] <0x0003> GameRobotHp: Red1: 0, Red2: 0, Red3: 0, Red4: 0, Red5: 0, Red7: 0, RedOutpost: 0, RedBase: 0, Blue1: 0, Blue2: 0, Blue3: 0, Blue4: 0, Blue5: 0, Blue7: 0, BlueOutpost: 0, BlueBase: 0
[2025-05-22 23:36:47.742]<DEBUG> [SerialHandler] <0x0003> GameRobotHp: Red1: 0, Red2: 0, Red3: 0, Red4: 0, Red5: 0, Red7: 0, RedOutpost: 0, RedBase: 0, Blue1: 0, Blue2: 0, Blue3: 0, Blue4: 0, Blue5: 0, Blue7: 0, BlueOutpost: 0, BlueBase: 0
[2025-05-22 23:36:48.071]<DEBUG> [SerialHandler] <0x0003> GameRobotHp: Red1: 0, Red2: 0, Red3: 0, Red4: 0, Red5: 0, Red7: 0, RedOutpost: 0, RedBase: 0, Blue1: 0, Blue2: 0, Blue3: 0, Blue4: 0, Blue5: 0, Blue7: 0, BlueOutpost: 0, BlueBase: 0
[2025-05-22 23:36:48.187]<DEBUG> [SerialHandler] <0x020E> RadarStatus: DoubleDebuffChances: 0,IsDoubleDebuffAble: False
[2025-05-22 23:36:48.355]<DEBUG> [SerialHandler] <0x0003> GameRobotHp: Red1: 0, Red2: 0, Red3: 0, Red4: 0, Red5: 0, Red7: 0, RedOutpost: 0, RedBase: 0, Blue1: 0, Blue2: 0, Blue3: 0, Blue4: 0, Blue5: 0, Blue7: 0, BlueOutpost: 0, BlueBase: 0
[2025-05-22 23:36:48.689]<DEBUG> [SerialHandler] <0x0003> GameRobotHp: Red1: 0, Red2: 0, Red3: 0, Red4: 0, Red5: 0, Red7: 0, RedOutpost: 0, RedBase: 0, Blue1: 0, Blue2: 0, Blue3: 0, Blue4: 0, Blue5: 0, Blue7: 0, BlueOutpost: 0, BlueBase: 0
[2025-05-22 23:36:48.974]<DEBUG> [SerialHandler] <0x0003> GameRobotHp: Red1: 0, Red2: 0, Red3: 0, Red4: 0, Red5: 0, Red7: 0, RedOutpost: 0, RedBase: 0, Blue1: 0, Blue2: 0, Blue3: 0, Blue4: 0, Blue5: 0, Blue7: 0, BlueOutpost: 0, BlueBase: 0
[2025-05-22 23:36:49.175]<DEBUG> [SerialHandler] <0x0101> GameBuff: IsSupplyAreaOccupied: False, IsSupplyAreaOccupied2: False, IsSupplyAreaOccupied3: False, IsLittleEnergyOrganActivated: False, IsBigEnergyOrganActivated: False, IsCentralHighlandOccupied: False, IsTrapezoidalHighlandOccupied: False, EnemyDartHitTime: 0, EnemyDartHitTarget: 0, CenterGainPointStatus: 0
[2025-05-22 23:36:49.281]<DEBUG> [SerialHandler] <0x0003> GameRobotHp: Red1: 0, Red2: 0, Red3: 0, Red4: 0, Red5: 0, Red7: 0, RedOutpost: 0, RedBase: 0, Blue1: 0, Blue2: 0, Blue3: 0, Blue4: 0, Blue5: 0, Blue7: 0, BlueOutpost: 0, BlueBase: 0
[2025-05-22 23:36:49.878]<DEBUG> [SerialHandler] <0x0003> GameRobotHp: Red1: 0, Red2: 0, Red3: 0, Red4: 0, Red5: 0, Red7: 0, RedOutpost: 0, RedBase: 0, Blue1: 0, Blue2: 0, Blue3: 0, Blue4: 0, Blue5: 0, Blue7: 0, BlueOutpost: 0, BlueBase: 0
[2025-05-22 23:36:50.171]<DEBUG> [SerialHandler] <0x020E> RadarStatus: DoubleDebuffChances: 0,IsDoubleDebuffAble: False
[2025-05-22 23:36:50.173]<DEBUG> [SerialHandler] <0x0003> GameRobotHp: Red1: 0, Red2: 0, Red3: 0, Red4: 0, Red5: 0, Red7: 0, RedOutpost: 0, RedBase: 0, Blue1: 0, Blue2: 0, Blue3: 0, Blue4: 0, Blue5: 0, Blue7: 0, BlueOutpost: 0, BlueBase: 0
[2025-05-22 23:36:50.469]<DEBUG> [SerialHandler] <0x0003> GameRobotHp: Red1: 0, Red2: 0, Red3: 0, Red4: 0, Red5: 0, Red7: 0, RedOutpost: 0, RedBase: 0, Blue1: 0, Blue2: 0, Blue3: 0, Blue4: 0, Blue5: 0, Blue7: 0, BlueOutpost: 0, BlueBase: 0
[2025-05-22 23:36:50.771]<DEBUG> [SerialHandler] <0x0003> GameRobotHp: Red1: 0, Red2: 0, Red3: 0, Red4: 0, Red5: 0, Red7: 0, RedOutpost: 0, RedBase: 0, Blue1: 0, Blue2: 0, Blue3: 0, Blue4: 0, Blue5: 0, Blue7: 0, BlueOutpost: 0, BlueBase: 0
[2025-05-22 23:36:51.041]<DEBUG> [SerialHandler] <0x0003> GameRobotHp: Red1: 0, Red2: 0, Red3: 0, Red4: 0, Red5: 0, Red7: 0, RedOutpost: 0, RedBase: 0, Blue1: 0, Blue2: 0, Blue3: 0, Blue4: 0, Blue5: 0, Blue7: 0, BlueOutpost: 0, BlueBase: 0
[2025-05-22 23:36:51.367]<DEBUG> [SerialHandler] <0x0003> GameRobotHp: Red1: 0, Red2: 0, Red3: 0, Red4: 0, Red5: 0, Red7: 0, RedOutpost: 0, RedBase: 0, Blue1: 0, Blue2: 0, Blue3: 0, Blue4: 0, Blue5: 0, Blue7: 0, BlueOutpost: 0, BlueBase: 0
[2025-05-22 23:36:51.659]<DEBUG> [SerialHandler] <0x0003> GameRobotHp: Red1: 0, Red2: 0, Red3: 0, Red4: 0, Red5: 0, Red7: 0, RedOutpost: 0, RedBase: 0, Blue1: 0, Blue2: 0, Blue3: 0, Blue4: 0, Blue5: 0, Blue7: 0, BlueOutpost: 0, BlueBase: 0
[2025-05-22 23:36:51.983]<DEBUG> [SerialHandler] <0x0003> GameRobotHp: Red1: 0, Red2: 0, Red3: 0, Red4: 0, Red5: 0, Red7: 0, RedOutpost: 0, RedBase: 0, Blue1: 0, Blue2: 0, Blue3: 0, Blue4: 0, Blue5: 0, Blue7: 0, BlueOutpost: 0, BlueBase: 0
[2025-05-22 23:36:52.268]<DEBUG> [SerialHandler] <0x0003> GameRobotHp: Red1: 0, Red2: 0, Red3: 0, Red4: 0, Red5: 0, Red7: 0, RedOutpost: 0, RedBase: 0, Blue1: 0, Blue2: 0, Blue3: 0, Blue4: 0, Blue5: 0, Blue7: 0, BlueOutpost: 0, BlueBase: 0
[2025-05-22 23:36:52.566]<DEBUG> [SerialHandler] <0x0003> GameRobotHp: Red1: 0, Red2: 0, Red3: 0, Red4: 0, Red5: 0, Red7: 0, RedOutpost: 0, RedBase: 0, Blue1: 0, Blue2: 0, Blue3: 0, Blue4: 0, Blue5: 0, Blue7: 0, BlueOutpost: 0, BlueBase: 0
[2025-05-22 23:36:53.468]<DEBUG> [SerialHandler] <0x0003> GameRobotHp: Red1: 0, Red2: 0, Red3: 0, Red4: 0, Red5: 0, Red7: 0, RedOutpost: 0, RedBase: 0, Blue1: 0, Blue2: 0, Blue3: 0, Blue4: 0, Blue5: 0, Blue7: 0, BlueOutpost: 0, BlueBase: 0
[2025-05-22 23:36:53.774]<DEBUG> [SerialHandler] <0x0003> GameRobotHp: Red1: 0, Red2: 0, Red3: 0, Red4: 0, Red5: 0, Red7: 0, RedOutpost: 0, RedBase: 0, Blue1: 0, Blue2: 0, Blue3: 0, Blue4: 0, Blue5: 0, Blue7: 0, BlueOutpost: 0, BlueBase: 0
[2025-05-22 23:36:54.081]<DEBUG> [SerialHandler] <0x0003> GameRobotHp: Red1: 0, Red2: 0, Red3: 0, Red4: 0, Red5: 0, Red7: 0, RedOutpost: 0, RedBase: 0, Blue1: 0, Blue2: 0, Blue3: 0, Blue4: 0, Blue5: 0, Blue7: 0, BlueOutpost: 0, BlueBase: 0
[2025-05-22 23:36:54.361]<DEBUG> [SerialHandler] <0x0003> GameRobotHp: Red1: 0, Red2: 0, Red3: 0, Red4: 0, Red5: 0, Red7: 0, RedOutpost: 0, RedBase: 0, Blue1: 0, Blue2: 0, Blue3: 0, Blue4: 0, Blue5: 0, Blue7: 0, BlueOutpost: 0, BlueBase: 0
[2025-05-22 23:36:54.678]<DEBUG> [SerialHandler] <0x0003> GameRobotHp: Red1: 0, Red2: 0, Red3: 0, Red4: 0, Red5: 0, Red7: 0, RedOutpost: 0, RedBase: 0, Blue1: 0, Blue2: 0, Blue3: 0, Blue4: 0, Blue5: 0, Blue7: 0, BlueOutpost: 0, BlueBase: 0
[2025-05-22 23:36:54.985]<DEBUG> [SerialHandler] <0x0003> GameRobotHp: Red1: 0, Red2: 0, Red3: 0, Red4: 0, Red5: 0, Red7: 0, RedOutpost: 0, RedBase: 0, Blue1: 0, Blue2: 0, Blue3: 0, Blue4: 0, Blue5: 0, Blue7: 0, BlueOutpost: 0, BlueBase: 0
[2025-05-22 23:36:55.212]<DEBUG> [SerialHandler] <0x0101> GameBuff: IsSupplyAreaOccupied: False, IsSupplyAreaOccupied2: False, IsSupplyAreaOccupied3: False, IsLittleEnergyOrganActivated: False, IsBigEnergyOrganActivated: False, IsCentralHighlandOccupied: False, IsTrapezoidalHighlandOccupied: False, EnemyDartHitTime: 0, EnemyDartHitTarget: 0, CenterGainPointStatus: 0
[2025-05-22 23:36:55.273]<DEBUG> [SerialHandler] <0x0003> GameRobotHp: Red1: 0, Red2: 0, Red3: 0, Red4: 0, Red5: 0, Red7: 0, RedOutpost: 0, RedBase: 0, Blue1: 0, Blue2: 0, Blue3: 0, Blue4: 0, Blue5: 0, Blue7: 0, BlueOutpost: 0, BlueBase: 0
[2025-05-22 23:36:55.599]<DEBUG> [SerialHandler] <0x0003> GameRobotHp: Red1: 0, Red2: 0, Red3: 0, Red4: 0, Red5: 0, Red7: 0, RedOutpost: 0, RedBase: 0, Blue1: 0, Blue2: 0, Blue3: 0, Blue4: 0, Blue5: 0, Blue7: 0, BlueOutpost: 0, BlueBase: 0
[2025-05-22 23:36:56.070]<DEBUG> [SerialHandler] <0x0003> GameRobotHp: Red1: 0, Red2: 0, Red3: 0, Red4: 0, Red5: 0, Red7: 0, RedOutpost: 0, RedBase: 0, Blue1: 0, Blue2: 0, Blue3: 0, Blue4: 0, Blue5: 0, Blue7: 0, BlueOutpost: 0, BlueBase: 0
[2025-05-22 23:36:56.205]<DEBUG> [SerialHandler] <0x0003> GameRobotHp: Red1: 0, Red2: 0, Red3: 0, Red4: 0, Red5: 0, Red7: 0, RedOutpost: 0, RedBase: 0, Blue1: 0, Blue2: 0, Blue3: 0, Blue4: 0, Blue5: 0, Blue7: 0, BlueOutpost: 0, BlueBase: 0
[2025-05-22 23:36:56.478]<DEBUG> [SerialHandler] <0x0003> GameRobotHp: Red1: 0, Red2: 0, Red3: 0, Red4: 0, Red5: 0, Red7: 0, RedOutpost: 0, RedBase: 0, Blue1: 0, Blue2: 0, Blue3: 0, Blue4: 0, Blue5: 0, Blue7: 0, BlueOutpost: 0, BlueBase: 0
[2025-05-22 23:36:56.771]<DEBUG> [SerialHandler] <0x0003> GameRobotHp: Red1: 0, Red2: 0, Red3: 0, Red4: 0, Red5: 0, Red7: 0, RedOutpost: 0, RedBase: 0, Blue1: 0, Blue2: 0, Blue3: 0, Blue4: 0, Blue5: 0, Blue7: 0, BlueOutpost: 0, BlueBase: 0
[2025-05-22 23:36:57.075]<DEBUG> [SerialHandler] <0x0003> GameRobotHp: Red1: 0, Red2: 0, Red3: 0, Red4: 0, Red5: 0, Red7: 0, RedOutpost: 0, RedBase: 0, Blue1: 0, Blue2: 0, Blue3: 0, Blue4: 0, Blue5: 0, Blue7: 0, BlueOutpost: 0, BlueBase: 0
[2025-05-22 23:36:57.186]<DEBUG> [SerialHandler] <0x020E> RadarStatus: DoubleDebuffChances: 0,IsDoubleDebuffAble: False
[2025-05-22 23:36:57.360]<DEBUG> [SerialHandler] <0x0003> GameRobotHp: Red1: 0, Red2: 0, Red3: 0, Red4: 0, Red5: 0, Red7: 0, RedOutpost: 0, RedBase: 0, Blue1: 0, Blue2: 0, Blue3: 0, Blue4: 0, Blue5: 0, Blue7: 0, BlueOutpost: 0, BlueBase: 0
[2025-05-22 23:36:57.684]<DEBUG> [SerialHandler] <0x0003> GameRobotHp: Red1: 0, Red2: 0, Red3: 0, Red4: 0, Red5: 0, Red7: 0, RedOutpost: 0, RedBase: 0, Blue1: 0, Blue2: 0, Blue3: 0, Blue4: 0, Blue5: 0, Blue7: 0, BlueOutpost: 0, BlueBase: 0
[2025-05-22 23:36:57.976]<DEBUG> [SerialHandler] <0x0003> GameRobotHp: Red1: 0, Red2: 0, Red3: 0, Red4: 0, Red5: 0, Red7: 0, RedOutpost: 0, RedBase: 0, Blue1: 0, Blue2: 0, Blue3: 0, Blue4: 0, Blue5: 0, Blue7: 0, BlueOutpost: 0, BlueBase: 0
[2025-05-22 23:36:58.182]<DEBUG> [SerialHandler] <0x0001> GameStatus: GameType: 1, GameStage: NotStarted, StageRemainTime: 0, SyncTimestamp: 0
[2025-05-22 23:36:58.256]<DEBUG> [SerialHandler] <0x0003> GameRobotHp: Red1: 0, Red2: 0, Red3: 0, Red4: 0, Red5: 0, Red7: 0, RedOutpost: 0, RedBase: 0, Blue1: 0, Blue2: 0, Blue3: 0, Blue4: 0, Blue5: 0, Blue7: 0, BlueOutpost: 0, BlueBase: 0
[2025-05-22 23:36:58.600]<DEBUG> [SerialHandler] <0x0003> GameRobotHp: Red1: 0, Red2: 0, Red3: 0, Red4: 0, Red5: 0, Red7: 0, RedOutpost: 0, RedBase: 0, Blue1: 0, Blue2: 0, Blue3: 0, Blue4: 0, Blue5: 0, Blue7: 0, BlueOutpost: 0, BlueBase: 0
[2025-05-22 23:36:58.878]<DEBUG> [SerialHandler] <0x0003> GameRobotHp: Red1: 0, Red2: 0, Red3: 0, Red4: 0, Red5: 0, Red7: 0, RedOutpost: 0, RedBase: 0, Blue1: 0, Blue2: 0, Blue3: 0, Blue4: 0, Blue5: 0, Blue7: 0, BlueOutpost: 0, BlueBase: 0
[2025-05-22 23:36:59.402]<DEBUG> [SerialHandler] <0x0003> GameRobotHp: Red1: 0, Red2: 0, Red3: 0, Red4: 0, Red5: 0, Red7: 0, RedOutpost: 0, RedBase: 0, Blue1: 0, Blue2: 0, Blue3: 0, Blue4: 0, Blue5: 0, Blue7: 0, BlueOutpost: 0, BlueBase: 0
[2025-05-22 23:36:59.779]<DEBUG> [SerialHandler] <0x0003> GameRobotHp: Red1: 0, Red2: 0, Red3: 0, Red4: 0, Red5: 0, Red7: 0, RedOutpost: 0, RedBase: 0, Blue1: 0, Blue2: 0, Blue3: 0, Blue4: 0, Blue5: 0, Blue7: 0, BlueOutpost: 0, BlueBase: 0
[2025-05-22 23:37:00.075]<DEBUG> [SerialHandler] <0x0003> GameRobotHp: Red1: 0, Red2: 0, Red3: 0, Red4: 0, Red5: 0, Red7: 0, RedOutpost: 0, RedBase: 0, Blue1: 0, Blue2: 0, Blue3: 0, Blue4: 0, Blue5: 0, Blue7: 0, BlueOutpost: 0, BlueBase: 0
[2025-05-22 23:37:00.367]<DEBUG> [SerialHandler] <0x0003> GameRobotHp: Red1: 0, Red2: 0, Red3: 0, Red4: 0, Red5: 0, Red7: 0, RedOutpost: 0, RedBase: 0, Blue1: 0, Blue2: 0, Blue3: 0, Blue4: 0, Blue5: 0, Blue7: 0, BlueOutpost: 0, BlueBase: 0
[2025-05-22 23:37:00.661]<DEBUG> [SerialHandler] <0x0003> GameRobotHp: Red1: 0, Red2: 0, Red3: 0, Red4: 0, Red5: 0, Red7: 0, RedOutpost: 0, RedBase: 0, Blue1: 0, Blue2: 0, Blue3: 0, Blue4: 0, Blue5: 0, Blue7: 0, BlueOutpost: 0, BlueBase: 0
[2025-05-22 23:37:00.984]<DEBUG> [SerialHandler] <0x0003> GameRobotHp: Red1: 0, Red2: 0, Red3: 0, Red4: 0, Red5: 0, Red7: 0, RedOutpost: 0, RedBase: 0, Blue1: 0, Blue2: 0, Blue3: 0, Blue4: 0, Blue5: 0, Blue7: 0, BlueOutpost: 0, BlueBase: 0
[2025-05-22 23:37:01.155]<DEBUG> [SerialHandler] <0x0101> GameBuff: IsSupplyAreaOccupied: False, IsSupplyAreaOccupied2: False, IsSupplyAreaOccupied3: False, IsLittleEnergyOrganActivated: False, IsBigEnergyOrganActivated: False, IsCentralHighlandOccupied: False, IsTrapezoidalHighlandOccupied: False, EnemyDartHitTime: 0, EnemyDartHitTarget: 0, CenterGainPointStatus: 0
[2025-05-22 23:37:01.157]<DEBUG> [SerialHandler] <0x020E> RadarStatus: DoubleDebuffChances: 0,IsDoubleDebuffAble: False
[2025-05-22 23:37:01.271]<DEBUG> [SerialHandler] <0x0003> GameRobotHp: Red1: 0, Red2: 0, Red3: 0, Red4: 0, Red5: 0, Red7: 0, RedOutpost: 0, RedBase: 0, Blue1: 0, Blue2: 0, Blue3: 0, Blue4: 0, Blue5: 0, Blue7: 0, BlueOutpost: 0, BlueBase: 0
[2025-05-22 23:37:01.572]<DEBUG> [SerialHandler] <0x0003> GameRobotHp: Red1: 0, Red2: 0, Red3: 0, Red4: 0, Red5: 0, Red7: 0, RedOutpost: 0, RedBase: 0, Blue1: 0, Blue2: 0, Blue3: 0, Blue4: 0, Blue5: 0, Blue7: 0, BlueOutpost: 0, BlueBase: 0
[2025-05-22 23:37:01.882]<DEBUG> [SerialHandler] <0x0003> GameRobotHp: Red1: 0, Red2: 0, Red3: 0, Red4: 0, Red5: 0, Red7: 0, RedOutpost: 0, RedBase: 0, Blue1: 0, Blue2: 0, Blue3: 0, Blue4: 0, Blue5: 0, Blue7: 0, BlueOutpost: 0, BlueBase: 0
[2025-05-22 23:37:02.165]<DEBUG> [SerialHandler] <0x0003> GameRobotHp: Red1: 0, Red2: 0, Red3: 0, Red4: 0, Red5: 0, Red7: 0, RedOutpost: 0, RedBase: 0, Blue1: 0, Blue2: 0, Blue3: 0, Blue4: 0, Blue5: 0, Blue7: 0, BlueOutpost: 0, BlueBase: 0
[2025-05-22 23:37:02.167]<DEBUG> [SerialHandler] <0x0101> GameBuff: IsSupplyAreaOccupied: False, IsSupplyAreaOccupied2: False, IsSupplyAreaOccupied3: False, IsLittleEnergyOrganActivated: False, IsBigEnergyOrganActivated: False, IsCentralHighlandOccupied: False, IsTrapezoidalHighlandOccupied: False, EnemyDartHitTime: 0, EnemyDartHitTarget: 0, CenterGainPointStatus: 0
[2025-05-22 23:37:02.493]<DEBUG> [SerialHandler] <0x0003> GameRobotHp: Red1: 0, Red2: 0, Red3: 0, Red4: 0, Red5: 0, Red7: 0, RedOutpost: 0, RedBase: 0, Blue1: 0, Blue2: 0, Blue3: 0, Blue4: 0, Blue5: 0, Blue7: 0, BlueOutpost: 0, BlueBase: 0
[2025-05-22 23:37:02.774]<DEBUG> [SerialHandler] <0x0003> GameRobotHp: Red1: 0, Red2: 0, Red3: 0, Red4: 0, Red5: 0, Red7: 0, RedOutpost: 0, RedBase: 0, Blue1: 0, Blue2: 0, Blue3: 0, Blue4: 0, Blue5: 0, Blue7: 0, BlueOutpost: 0, BlueBase: 0
[2025-05-22 23:37:03.360]<DEBUG> [SerialHandler] <0x0003> GameRobotHp: Red1: 0, Red2: 0, Red3: 0, Red4: 0, Red5: 0, Red7: 0, RedOutpost: 0, RedBase: 0, Blue1: 0, Blue2: 0, Blue3: 0, Blue4: 0, Blue5: 0, Blue7: 0, BlueOutpost: 0, BlueBase: 0
[2025-05-22 23:37:03.679]<DEBUG> [SerialHandler] <0x0003> GameRobotHp: Red1: 0, Red2: 0, Red3: 0, Red4: 0, Red5: 0, Red7: 0, RedOutpost: 0, RedBase: 0, Blue1: 0, Blue2: 0, Blue3: 0, Blue4: 0, Blue5: 0, Blue7: 0, BlueOutpost: 0, BlueBase: 0
[2025-05-22 23:37:03.972]<DEBUG> [SerialHandler] <0x0003> GameRobotHp: Red1: 0, Red2: 0, Red3: 0, Red4: 0, Red5: 0, Red7: 0, RedOutpost: 0, RedBase: 0, Blue1: 0, Blue2: 0, Blue3: 0, Blue4: 0, Blue5: 0, Blue7: 0, BlueOutpost: 0, BlueBase: 0
[2025-05-22 23:37:04.289]<DEBUG> [SerialHandler] <0x0003> GameRobotHp: Red1: 0, Red2: 0, Red3: 0, Red4: 0, Red5: 0, Red7: 0, RedOutpost: 0, RedBase: 0, Blue1: 0, Blue2: 0, Blue3: 0, Blue4: 0, Blue5: 0, Blue7: 0, BlueOutpost: 0, BlueBase: 0
[2025-05-22 23:37:04.588]<DEBUG> [SerialHandler] <0x0003> GameRobotHp: Red1: 0, Red2: 0, Red3: 0, Red4: 0, Red5: 0, Red7: 0, RedOutpost: 0, RedBase: 0, Blue1: 0, Blue2: 0, Blue3: 0, Blue4: 0, Blue5: 0, Blue7: 0, BlueOutpost: 0, BlueBase: 0
[2025-05-22 23:37:04.882]<DEBUG> [SerialHandler] <0x0003> GameRobotHp: Red1: 0, Red2: 0, Red3: 0, Red4: 0, Red5: 0, Red7: 0, RedOutpost: 0, RedBase: 0, Blue1: 0, Blue2: 0, Blue3: 0, Blue4: 0, Blue5: 0, Blue7: 0, BlueOutpost: 0, BlueBase: 0
[2025-05-22 23:37:05.159]<DEBUG> [SerialHandler] <0x0001> GameStatus: GameType: 1, GameStage: NotStarted, StageRemainTime: 0, SyncTimestamp: 0
[2025-05-22 23:37:05.478]<DEBUG> [SerialHandler] <0x0003> GameRobotHp: Red1: 0, Red2: 0, Red3: 0, Red4: 0, Red5: 0, Red7: 0, RedOutpost: 0, RedBase: 0, Blue1: 0, Blue2: 0, Blue3: 0, Blue4: 0, Blue5: 0, Blue7: 0, BlueOutpost: 0, BlueBase: 0
[2025-05-22 23:37:05.763]<DEBUG> [SerialHandler] <0x0003> GameRobotHp: Red1: 0, Red2: 0, Red3: 0, Red4: 0, Red5: 0, Red7: 0, RedOutpost: 0, RedBase: 0, Blue1: 0, Blue2: 0, Blue3: 0, Blue4: 0, Blue5: 0, Blue7: 0, BlueOutpost: 0, BlueBase: 0
[2025-05-22 23:37:06.100]<DEBUG> [SerialHandler] <0x0003> GameRobotHp: Red1: 0, Red2: 0, Red3: 0, Red4: 0, Red5: 0, Red7: 0, RedOutpost: 0, RedBase: 0, Blue1: 0, Blue2: 0, Blue3: 0, Blue4: 0, Blue5: 0, Blue7: 0, BlueOutpost: 0, BlueBase: 0
[2025-05-22 23:37:06.204]<DEBUG> [SerialHandler] <0x0101> GameBuff: IsSupplyAreaOccupied: False, IsSupplyAreaOccupied2: False, IsSupplyAreaOccupied3: False, IsLittleEnergyOrganActivated: False, IsBigEnergyOrganActivated: False, IsCentralHighlandOccupied: False, IsTrapezoidalHighlandOccupied: False, EnemyDartHitTime: 0, EnemyDartHitTarget: 0, CenterGainPointStatus: 0
[2025-05-22 23:37:06.206]<DEBUG> [SerialHandler] <0x020E> RadarStatus: DoubleDebuffChances: 0,IsDoubleDebuffAble: False
[2025-05-22 23:37:06.348]<DEBUG> [SerialHandler] <0x0003> GameRobotHp: Red1: 0, Red2: 0, Red3: 0, Red4: 0, Red5: 0, Red7: 0, RedOutpost: 0, RedBase: 0, Blue1: 0, Blue2: 0, Blue3: 0, Blue4: 0, Blue5: 0, Blue7: 0, BlueOutpost: 0, BlueBase: 0
[2025-05-22 23:37:06.742]<DEBUG> [SerialHandler] <0x0003> GameRobotHp: Red1: 0, Red2: 0, Red3: 0, Red4: 0, Red5: 0, Red7: 0, RedOutpost: 0, RedBase: 0, Blue1: 0, Blue2: 0, Blue3: 0, Blue4: 0, Blue5: 0, Blue7: 0, BlueOutpost: 0, BlueBase: 0
[2025-05-22 23:37:06.961]<DEBUG> [SerialHandler] <0x0003> GameRobotHp: Red1: 0, Red2: 0, Red3: 0, Red4: 0, Red5: 0, Red7: 0, RedOutpost: 0, RedBase: 0, Blue1: 0, Blue2: 0, Blue3: 0, Blue4: 0, Blue5: 0, Blue7: 0, BlueOutpost: 0, BlueBase: 0
[2025-05-22 23:37:07.189]<DEBUG> [SerialHandler] <0x0001> GameStatus: GameType: 1, GameStage: NotStarted, StageRemainTime: 0, SyncTimestamp: 0
[2025-05-22 23:37:07.267]<DEBUG> [SerialHandler] <0x0003> GameRobotHp: Red1: 0, Red2: 0, Red3: 0, Red4: 0, Red5: 0, Red7: 0, RedOutpost: 0, RedBase: 0, Blue1: 0, Blue2: 0, Blue3: 0, Blue4: 0, Blue5: 0, Blue7: 0, BlueOutpost: 0, BlueBase: 0
[2025-05-22 23:37:07.582]<DEBUG> [SerialHandler] <0x0003> GameRobotHp: Red1: 0, Red2: 0, Red3: 0, Red4: 0, Red5: 0, Red7: 0, RedOutpost: 0, RedBase: 0, Blue1: 0, Blue2: 0, Blue3: 0, Blue4: 0, Blue5: 0, Blue7: 0, BlueOutpost: 0, BlueBase: 0
[2025-05-22 23:37:07.895]<DEBUG> [SerialHandler] <0x0003> GameRobotHp: Red1: 0, Red2: 0, Red3: 0, Red4: 0, Red5: 0, Red7: 0, RedOutpost: 0, RedBase: 0, Blue1: 0, Blue2: 0, Blue3: 0, Blue4: 0, Blue5: 0, Blue7: 0, BlueOutpost: 0, BlueBase: 0
[2025-05-22 23:37:08.469]<DEBUG> [SerialHandler] <0x0003> GameRobotHp: Red1: 0, Red2: 0, Red3: 0, Red4: 0, Red5: 0, Red7: 0, RedOutpost: 0, RedBase: 0, Blue1: 0, Blue2: 0, Blue3: 0, Blue4: 0, Blue5: 0, Blue7: 0, BlueOutpost: 0, BlueBase: 0
[2025-05-22 23:37:08.753]<DEBUG> [SerialHandler] <0x0003> GameRobotHp: Red1: 0, Red2: 0, Red3: 0, Red4: 0, Red5: 0, Red7: 0, RedOutpost: 0, RedBase: 0, Blue1: 0, Blue2: 0, Blue3: 0, Blue4: 0, Blue5: 0, Blue7: 0, BlueOutpost: 0, BlueBase: 0
[2025-05-22 23:37:09.069]<DEBUG> [SerialHandler] <0x0003> GameRobotHp: Red1: 0, Red2: 0, Red3: 0, Red4: 0, Red5: 0, Red7: 0, RedOutpost: 0, RedBase: 0, Blue1: 0, Blue2: 0, Blue3: 0, Blue4: 0, Blue5: 0, Blue7: 0, BlueOutpost: 0, BlueBase: 0
[2025-05-22 23:37:09.186]<DEBUG> [SerialHandler] <0x0101> GameBuff: IsSupplyAreaOccupied: False, IsSupplyAreaOccupied2: False, IsSupplyAreaOccupied3: False, IsLittleEnergyOrganActivated: False, IsBigEnergyOrganActivated: False, IsCentralHighlandOccupied: False, IsTrapezoidalHighlandOccupied: False, EnemyDartHitTime: 0, EnemyDartHitTarget: 0, CenterGainPointStatus: 0
[2025-05-22 23:37:09.187]<DEBUG> [SerialHandler] <0x0001> GameStatus: GameType: 1, GameStage: NotStarted, StageRemainTime: 0, SyncTimestamp: 0
[2025-05-22 23:37:09.360]<DEBUG> [SerialHandler] <0x0003> GameRobotHp: Red1: 0, Red2: 0, Red3: 0, Red4: 0, Red5: 0, Red7: 0, RedOutpost: 0, RedBase: 0, Blue1: 0, Blue2: 0, Blue3: 0, Blue4: 0, Blue5: 0, Blue7: 0, BlueOutpost: 0, BlueBase: 0
[2025-05-22 23:37:09.972]<DEBUG> [SerialHandler] <0x0003> GameRobotHp: Red1: 0, Red2: 0, Red3: 0, Red4: 0, Red5: 0, Red7: 0, RedOutpost: 0, RedBase: 0, Blue1: 0, Blue2: 0, Blue3: 0, Blue4: 0, Blue5: 0, Blue7: 0, BlueOutpost: 0, BlueBase: 0
[2025-05-22 23:37:10.274]<DEBUG> [SerialHandler] <0x0003> GameRobotHp: Red1: 0, Red2: 0, Red3: 0, Red4: 0, Red5: 0, Red7: 0, RedOutpost: 0, RedBase: 0, Blue1: 0, Blue2: 0, Blue3: 0, Blue4: 0, Blue5: 0, Blue7: 0, BlueOutpost: 0, BlueBase: 0
[2025-05-22 23:37:10.561]<DEBUG> [SerialHandler] <0x0003> GameRobotHp: Red1: 0, Red2: 0, Red3: 0, Red4: 0, Red5: 0, Red7: 0, RedOutpost: 0, RedBase: 0, Blue1: 0, Blue2: 0, Blue3: 0, Blue4: 0, Blue5: 0, Blue7: 0, BlueOutpost: 0, BlueBase: 0
[2025-05-22 23:37:10.899]<DEBUG> [SerialHandler] <0x0003> GameRobotHp: Red1: 0, Red2: 0, Red3: 0, Red4: 0, Red5: 0, Red7: 0, RedOutpost: 0, RedBase: 0, Blue1: 0, Blue2: 0, Blue3: 0, Blue4: 0, Blue5: 0, Blue7: 0, BlueOutpost: 0, BlueBase: 0
[2025-05-22 23:37:11.163]<DEBUG> [SerialHandler] <0x0101> GameBuff: IsSupplyAreaOccupied: False, IsSupplyAreaOccupied2: False, IsSupplyAreaOccupied3: False, IsLittleEnergyOrganActivated: False, IsBigEnergyOrganActivated: False, IsCentralHighlandOccupied: False, IsTrapezoidalHighlandOccupied: False, EnemyDartHitTime: 0, EnemyDartHitTarget: 0, CenterGainPointStatus: 0
[2025-05-22 23:37:11.508]<DEBUG> [SerialHandler] <0x0003> GameRobotHp: Red1: 0, Red2: 0, Red3: 0, Red4: 0, Red5: 0, Red7: 0, RedOutpost: 0, RedBase: 0, Blue1: 0, Blue2: 0, Blue3: 0, Blue4: 0, Blue5: 0, Blue7: 0, BlueOutpost: 0, BlueBase: 0
[2025-05-22 23:37:11.755]<DEBUG> [SerialHandler] <0x0003> GameRobotHp: Red1: 0, Red2: 0, Red3: 0, Red4: 0, Red5: 0, Red7: 0, RedOutpost: 0, RedBase: 0, Blue1: 0, Blue2: 0, Blue3: 0, Blue4: 0, Blue5: 0, Blue7: 0, BlueOutpost: 0, BlueBase: 0
[2025-05-22 23:37:12.079]<DEBUG> [SerialHandler] <0x0003> GameRobotHp: Red1: 0, Red2: 0, Red3: 0, Red4: 0, Red5: 0, Red7: 0, RedOutpost: 0, RedBase: 0, Blue1: 0, Blue2: 0, Blue3: 0, Blue4: 0, Blue5: 0, Blue7: 0, BlueOutpost: 0, BlueBase: 0
[2025-05-22 23:37:12.679]<DEBUG> [SerialHandler] <0x0003> GameRobotHp: Red1: 0, Red2: 0, Red3: 0, Red4: 0, Red5: 0, Red7: 0, RedOutpost: 0, RedBase: 0, Blue1: 0, Blue2: 0, Blue3: 0, Blue4: 0, Blue5: 0, Blue7: 0, BlueOutpost: 0, BlueBase: 0
[2025-05-22 23:37:12.960]<DEBUG> [SerialHandler] <0x0003> GameRobotHp: Red1: 0, Red2: 0, Red3: 0, Red4: 0, Red5: 0, Red7: 0, RedOutpost: 0, RedBase: 0, Blue1: 0, Blue2: 0, Blue3: 0, Blue4: 0, Blue5: 0, Blue7: 0, BlueOutpost: 0, BlueBase: 0
[2025-05-22 23:37:13.172]<DEBUG> [SerialHandler] <0x020E> RadarStatus: DoubleDebuffChances: 0,IsDoubleDebuffAble: False
[2025-05-22 23:37:13.255]<DEBUG> [SerialHandler] <0x0003> GameRobotHp: Red1: 0, Red2: 0, Red3: 0, Red4: 0, Red5: 0, Red7: 0, RedOutpost: 0, RedBase: 0, Blue1: 0, Blue2: 0, Blue3: 0, Blue4: 0, Blue5: 0, Blue7: 0, BlueOutpost: 0, BlueBase: 0
[2025-05-22 23:37:13.580]<DEBUG> [SerialHandler] <0x0003> GameRobotHp: Red1: 0, Red2: 0, Red3: 0, Red4: 0, Red5: 0, Red7: 0, RedOutpost: 0, RedBase: 0, Blue1: 0, Blue2: 0, Blue3: 0, Blue4: 0, Blue5: 0, Blue7: 0, BlueOutpost: 0, BlueBase: 0
[2025-05-22 23:37:13.874]<DEBUG> [SerialHandler] <0x0003> GameRobotHp: Red1: 0, Red2: 0, Red3: 0, Red4: 0, Red5: 0, Red7: 0, RedOutpost: 0, RedBase: 0, Blue1: 0, Blue2: 0, Blue3: 0, Blue4: 0, Blue5: 0, Blue7: 0, BlueOutpost: 0, BlueBase: 0
[2025-05-22 23:37:14.148]<DEBUG> [SerialHandler] <0x0003> GameRobotHp: Red1: 0, Red2: 0, Red3: 0, Red4: 0, Red5: 0, Red7: 0, RedOutpost: 0, RedBase: 0, Blue1: 0, Blue2: 0, Blue3: 0, Blue4: 0, Blue5: 0, Blue7: 0, BlueOutpost: 0, BlueBase: 0
[2025-05-22 23:37:14.457]<DEBUG> [SerialHandler] <0x0003> GameRobotHp: Red1: 0, Red2: 0, Red3: 0, Red4: 0, Red5: 0, Red7: 0, RedOutpost: 0, RedBase: 0, Blue1: 0, Blue2: 0, Blue3: 0, Blue4: 0, Blue5: 0, Blue7: 0, BlueOutpost: 0, BlueBase: 0
[2025-05-22 23:37:14.785]<DEBUG> [SerialHandler] <0x0003> GameRobotHp: Red1: 0, Red2: 0, Red3: 0, Red4: 0, Red5: 0, Red7: 0, RedOutpost: 0, RedBase: 0, Blue1: 0, Blue2: 0, Blue3: 0, Blue4: 0, Blue5: 0, Blue7: 0, BlueOutpost: 0, BlueBase: 0
[2025-05-22 23:37:15.048]<DEBUG> [SerialHandler] <0x0003> GameRobotHp: Red1: 0, Red2: 0, Red3: 0, Red4: 0, Red5: 0, Red7: 0, RedOutpost: 0, RedBase: 0, Blue1: 0, Blue2: 0, Blue3: 0, Blue4: 0, Blue5: 0, Blue7: 0, BlueOutpost: 0, BlueBase: 0
[2025-05-22 23:37:15.366]<DEBUG> [SerialHandler] <0x0003> GameRobotHp: Red1: 0, Red2: 0, Red3: 0, Red4: 0, Red5: 0, Red7: 0, RedOutpost: 0, RedBase: 0, Blue1: 0, Blue2: 0, Blue3: 0, Blue4: 0, Blue5: 0, Blue7: 0, BlueOutpost: 0, BlueBase: 0
[2025-05-22 23:37:15.660]<DEBUG> [SerialHandler] <0x0003> GameRobotHp: Red1: 0, Red2: 0, Red3: 0, Red4: 0, Red5: 0, Red7: 0, RedOutpost: 0, RedBase: 0, Blue1: 0, Blue2: 0, Blue3: 0, Blue4: 0, Blue5: 0, Blue7: 0, BlueOutpost: 0, BlueBase: 0
[2025-05-22 23:37:15.968]<DEBUG> [SerialHandler] <0x0003> GameRobotHp: Red1: 0, Red2: 0, Red3: 0, Red4: 0, Red5: 0, Red7: 0, RedOutpost: 0, RedBase: 0, Blue1: 0, Blue2: 0, Blue3: 0, Blue4: 0, Blue5: 0, Blue7: 0, BlueOutpost: 0, BlueBase: 0
[2025-05-22 23:37:16.275]<DEBUG> [SerialHandler] <0x0003> GameRobotHp: Red1: 0, Red2: 0, Red3: 0, Red4: 0, Red5: 0, Red7: 0, RedOutpost: 0, RedBase: 0, Blue1: 0, Blue2: 0, Blue3: 0, Blue4: 0, Blue5: 0, Blue7: 0, BlueOutpost: 0, BlueBase: 0
[2025-05-22 23:37:16.579]<DEBUG> [SerialHandler] <0x0003> GameRobotHp: Red1: 0, Red2: 0, Red3: 0, Red4: 0, Red5: 0, Red7: 0, RedOutpost: 0, RedBase: 0, Blue1: 0, Blue2: 0, Blue3: 0, Blue4: 0, Blue5: 0, Blue7: 0, BlueOutpost: 0, BlueBase: 0
[2025-05-22 23:37:16.862]<DEBUG> [SerialHandler] <0x0003> GameRobotHp: Red1: 0, Red2: 0, Red3: 0, Red4: 0, Red5: 0, Red7: 0, RedOutpost: 0, RedBase: 0, Blue1: 0, Blue2: 0, Blue3: 0, Blue4: 0, Blue5: 0, Blue7: 0, BlueOutpost: 0, BlueBase: 0
[2025-05-22 23:37:17.156]<DEBUG> [SerialHandler] <0x0003> GameRobotHp: Red1: 0, Red2: 0, Red3: 0, Red4: 0, Red5: 0, Red7: 0, RedOutpost: 0, RedBase: 0, Blue1: 0, Blue2: 0, Blue3: 0, Blue4: 0, Blue5: 0, Blue7: 0, BlueOutpost: 0, BlueBase: 0
[2025-05-22 23:37:17.475]<DEBUG> [SerialHandler] <0x0003> GameRobotHp: Red1: 0, Red2: 0, Red3: 0, Red4: 0, Red5: 0, Red7: 0, RedOutpost: 0, RedBase: 0, Blue1: 0, Blue2: 0, Blue3: 0, Blue4: 0, Blue5: 0, Blue7: 0, BlueOutpost: 0, BlueBase: 0
[2025-05-22 23:37:17.767]<DEBUG> [SerialHandler] <0x0003> GameRobotHp: Red1: 0, Red2: 0, Red3: 0, Red4: 0, Red5: 0, Red7: 0, RedOutpost: 0, RedBase: 0, Blue1: 0, Blue2: 0, Blue3: 0, Blue4: 0, Blue5: 0, Blue7: 0, BlueOutpost: 0, BlueBase: 0
[2025-05-22 23:37:18.074]<DEBUG> [SerialHandler] <0x0003> GameRobotHp: Red1: 0, Red2: 0, Red3: 0, Red4: 0, Red5: 0, Red7: 0, RedOutpost: 0, RedBase: 0, Blue1: 0, Blue2: 0, Blue3: 0, Blue4: 0, Blue5: 0, Blue7: 0, BlueOutpost: 0, BlueBase: 0
[2025-05-22 23:37:18.373]<DEBUG> [SerialHandler] <0x0003> GameRobotHp: Red1: 0, Red2: 0, Red3: 0, Red4: 0, Red5: 0, Red7: 0, RedOutpost: 0, RedBase: 0, Blue1: 0, Blue2: 0, Blue3: 0, Blue4: 0, Blue5: 0, Blue7: 0, BlueOutpost: 0, BlueBase: 0
[2025-05-22 23:37:18.875]<DEBUG> [SerialHandler] <0x0003> GameRobotHp: Red1: 0, Red2: 0, Red3: 0, Red4: 0, Red5: 0, Red7: 0, RedOutpost: 0, RedBase: 0, Blue1: 0, Blue2: 0, Blue3: 0, Blue4: 0, Blue5: 0, Blue7: 0, BlueOutpost: 0, BlueBase: 0
[2025-05-22 23:37:19.018]<DEBUG> [SerialHandler] <0x0003> GameRobotHp: Red1: 0, Red2: 0, Red3: 0, Red4: 0, Red5: 0, Red7: 0, RedOutpost: 0, RedBase: 0, Blue1: 0, Blue2: 0, Blue3: 0, Blue4: 0, Blue5: 0, Blue7: 0, BlueOutpost: 0, BlueBase: 0
[2025-05-22 23:37:19.254]<DEBUG> [SerialHandler] <0x0003> GameRobotHp: Red1: 0, Red2: 0, Red3: 0, Red4: 0, Red5: 0, Red7: 0, RedOutpost: 0, RedBase: 0, Blue1: 0, Blue2: 0, Blue3: 0, Blue4: 0, Blue5: 0, Blue7: 0, BlueOutpost: 0, BlueBase: 0
[2025-05-22 23:37:19.594]<DEBUG> [SerialHandler] <0x0003> GameRobotHp: Red1: 0, Red2: 0, Red3: 0, Red4: 0, Red5: 0, Red7: 0, RedOutpost: 0, RedBase: 0, Blue1: 0, Blue2: 0, Blue3: 0, Blue4: 0, Blue5: 0, Blue7: 0, BlueOutpost: 0, BlueBase: 0
[2025-05-22 23:37:19.892]<DEBUG> [SerialHandler] <0x0003> GameRobotHp: Red1: 0, Red2: 0, Red3: 0, Red4: 0, Red5: 0, Red7: 0, RedOutpost: 0, RedBase: 0, Blue1: 0, Blue2: 0, Blue3: 0, Blue4: 0, Blue5: 0, Blue7: 0, BlueOutpost: 0, BlueBase: 0
[2025-05-22 23:37:20.178]<DEBUG> [SerialHandler] <0x0003> GameRobotHp: Red1: 0, Red2: 0, Red3: 0, Red4: 0, Red5: 0, Red7: 0, RedOutpost: 0, RedBase: 0, Blue1: 0, Blue2: 0, Blue3: 0, Blue4: 0, Blue5: 0, Blue7: 0, BlueOutpost: 0, BlueBase: 0
[2025-05-22 23:37:20.481]<DEBUG> [SerialHandler] <0x0003> GameRobotHp: Red1: 0, Red2: 0, Red3: 0, Red4: 0, Red5: 0, Red7: 0, RedOutpost: 0, RedBase: 0, Blue1: 0, Blue2: 0, Blue3: 0, Blue4: 0, Blue5: 0, Blue7: 0, BlueOutpost: 0, BlueBase: 0
[2025-05-22 23:37:20.766]<DEBUG> [SerialHandler] <0x0003> GameRobotHp: Red1: 0, Red2: 0, Red3: 0, Red4: 0, Red5: 0, Red7: 0, RedOutpost: 0, RedBase: 0, Blue1: 0, Blue2: 0, Blue3: 0, Blue4: 0, Blue5: 0, Blue7: 0, BlueOutpost: 0, BlueBase: 0
[2025-05-22 23:37:21.071]<DEBUG> [SerialHandler] <0x0003> GameRobotHp: Red1: 0, Red2: 0, Red3: 0, Red4: 0, Red5: 0, Red7: 0, RedOutpost: 0, RedBase: 0, Blue1: 0, Blue2: 0, Blue3: 0, Blue4: 0, Blue5: 0, Blue7: 0, BlueOutpost: 0, BlueBase: 0
[2025-05-22 23:37:21.351]<DEBUG> [SerialHandler] <0x0003> GameRobotHp: Red1: 0, Red2: 0, Red3: 0, Red4: 0, Red5: 0, Red7: 0, RedOutpost: 0, RedBase: 0, Blue1: 0, Blue2: 0, Blue3: 0, Blue4: 0, Blue5: 0, Blue7: 0, BlueOutpost: 0, BlueBase: 0
[2025-05-22 23:37:21.659]<DEBUG> [SerialHandler] <0x0003> GameRobotHp: Red1: 0, Red2: 0, Red3: 0, Red4: 0, Red5: 0, Red7: 0, RedOutpost: 0, RedBase: 0, Blue1: 0, Blue2: 0, Blue3: 0, Blue4: 0, Blue5: 0, Blue7: 0, BlueOutpost: 0, BlueBase: 0
[2025-05-22 23:37:21.963]<DEBUG> [SerialHandler] <0x0003> GameRobotHp: Red1: 0, Red2: 0, Red3: 0, Red4: 0, Red5: 0, Red7: 0, RedOutpost: 0, RedBase: 0, Blue1: 0, Blue2: 0, Blue3: 0, Blue4: 0, Blue5: 0, Blue7: 0, BlueOutpost: 0, BlueBase: 0
[2025-05-22 23:37:22.238]<DEBUG> [SerialHandler] <0x0003> GameRobotHp: Red1: 0, Red2: 0, Red3: 0, Red4: 0, Red5: 0, Red7: 0, RedOutpost: 0, RedBase: 0, Blue1: 0, Blue2: 0, Blue3: 0, Blue4: 0, Blue5: 0, Blue7: 0, BlueOutpost: 0, BlueBase: 0
[2025-05-22 23:37:22.841]<DEBUG> [SerialHandler] <0x0003> GameRobotHp: Red1: 0, Red2: 0, Red3: 0, Red4: 0, Red5: 0, Red7: 0, RedOutpost: 0, RedBase: 0, Blue1: 0, Blue2: 0, Blue3: 0, Blue4: 0, Blue5: 0, Blue7: 0, BlueOutpost: 0, BlueBase: 0
[2025-05-22 23:37:23.175]<DEBUG> [SerialHandler] <0x0003> GameRobotHp: Red1: 0, Red2: 0, Red3: 0, Red4: 0, Red5: 0, Red7: 0, RedOutpost: 0, RedBase: 0, Blue1: 0, Blue2: 0, Blue3: 0, Blue4: 0, Blue5: 0, Blue7: 0, BlueOutpost: 0, BlueBase: 0
[2025-05-22 23:37:23.177]<DEBUG> [SerialHandler] <0x0001> GameStatus: GameType: 1, GameStage: NotStarted, StageRemainTime: 0, SyncTimestamp: 0
[2025-05-22 23:37:23.462]<DEBUG> [SerialHandler] <0x0003> GameRobotHp: Red1: 0, Red2: 0, Red3: 0, Red4: 0, Red5: 0, Red7: 0, RedOutpost: 0, RedBase: 0, Blue1: 0, Blue2: 0, Blue3: 0, Blue4: 0, Blue5: 0, Blue7: 0, BlueOutpost: 0, BlueBase: 0
[2025-05-22 23:37:23.775]<DEBUG> [SerialHandler] <0x0003> GameRobotHp: Red1: 0, Red2: 0, Red3: 0, Red4: 0, Red5: 0, Red7: 0, RedOutpost: 0, RedBase: 0, Blue1: 0, Blue2: 0, Blue3: 0, Blue4: 0, Blue5: 0, Blue7: 0, BlueOutpost: 0, BlueBase: 0
[2025-05-22 23:37:24.067]<DEBUG> [SerialHandler] <0x0003> GameRobotHp: Red1: 0, Red2: 0, Red3: 0, Red4: 0, Red5: 0, Red7: 0, RedOutpost: 0, RedBase: 0, Blue1: 0, Blue2: 0, Blue3: 0, Blue4: 0, Blue5: 0, Blue7: 0, BlueOutpost: 0, BlueBase: 0
[2025-05-22 23:37:24.376]<DEBUG> [SerialHandler] <0x0003> GameRobotHp: Red1: 0, Red2: 0, Red3: 0, Red4: 0, Red5: 0, Red7: 0, RedOutpost: 0, RedBase: 0, Blue1: 0, Blue2: 0, Blue3: 0, Blue4: 0, Blue5: 0, Blue7: 0, BlueOutpost: 0, BlueBase: 0
[2025-05-22 23:37:24.660]<DEBUG> [SerialHandler] <0x0003> GameRobotHp: Red1: 0, Red2: 0, Red3: 0, Red4: 0, Red5: 0, Red7: 0, RedOutpost: 0, RedBase: 0, Blue1: 0, Blue2: 0, Blue3: 0, Blue4: 0, Blue5: 0, Blue7: 0, BlueOutpost: 0, BlueBase: 0
[2025-05-22 23:37:24.952]<DEBUG> [SerialHandler] <0x0003> GameRobotHp: Red1: 0, Red2: 0, Red3: 0, Red4: 0, Red5: 0, Red7: 0, RedOutpost: 0, RedBase: 0, Blue1: 0, Blue2: 0, Blue3: 0, Blue4: 0, Blue5: 0, Blue7: 0, BlueOutpost: 0, BlueBase: 0
[2025-05-22 23:37:25.180]<DEBUG> [SerialHandler] <0x0001> GameStatus: GameType: 1, GameStage: NotStarted, StageRemainTime: 0, SyncTimestamp: 0
[2025-05-22 23:37:25.274]<DEBUG> [SerialHandler] <0x0003> GameRobotHp: Red1: 0, Red2: 0, Red3: 0, Red4: 0, Red5: 0, Red7: 0, RedOutpost: 0, RedBase: 0, Blue1: 0, Blue2: 0, Blue3: 0, Blue4: 0, Blue5: 0, Blue7: 0, BlueOutpost: 0, BlueBase: 0
[2025-05-22 23:37:25.551]<DEBUG> [SerialHandler] <0x0003> GameRobotHp: Red1: 0, Red2: 0, Red3: 0, Red4: 0, Red5: 0, Red7: 0, RedOutpost: 0, RedBase: 0, Blue1: 0, Blue2: 0, Blue3: 0, Blue4: 0, Blue5: 0, Blue7: 0, BlueOutpost: 0, BlueBase: 0
[2025-05-22 23:37:26.464]<DEBUG> [SerialHandler] <0x0003> GameRobotHp: Red1: 0, Red2: 0, Red3: 0, Red4: 0, Red5: 0, Red7: 0, RedOutpost: 0, RedBase: 0, Blue1: 0, Blue2: 0, Blue3: 0, Blue4: 0, Blue5: 0, Blue7: 0, BlueOutpost: 0, BlueBase: 0
[2025-05-22 23:37:26.752]<DEBUG> [SerialHandler] <0x0003> GameRobotHp: Red1: 0, Red2: 0, Red3: 0, Red4: 0, Red5: 0, Red7: 0, RedOutpost: 0, RedBase: 0, Blue1: 0, Blue2: 0, Blue3: 0, Blue4: 0, Blue5: 0, Blue7: 0, BlueOutpost: 0, BlueBase: 0
[2025-05-22 23:37:27.082]<DEBUG> [SerialHandler] <0x0003> GameRobotHp: Red1: 0, Red2: 0, Red3: 0, Red4: 0, Red5: 0, Red7: 0, RedOutpost: 0, RedBase: 0, Blue1: 0, Blue2: 0, Blue3: 0, Blue4: 0, Blue5: 0, Blue7: 0, BlueOutpost: 0, BlueBase: 0
[2025-05-22 23:37:27.196]<DEBUG> [SerialHandler] <0x0101> GameBuff: IsSupplyAreaOccupied: False, IsSupplyAreaOccupied2: False, IsSupplyAreaOccupied3: False, IsLittleEnergyOrganActivated: False, IsBigEnergyOrganActivated: False, IsCentralHighlandOccupied: False, IsTrapezoidalHighlandOccupied: False, EnemyDartHitTime: 0, EnemyDartHitTarget: 0, CenterGainPointStatus: 0
[2025-05-22 23:37:27.357]<DEBUG> [SerialHandler] <0x0003> GameRobotHp: Red1: 0, Red2: 0, Red3: 0, Red4: 0, Red5: 0, Red7: 0, RedOutpost: 0, RedBase: 0, Blue1: 0, Blue2: 0, Blue3: 0, Blue4: 0, Blue5: 0, Blue7: 0, BlueOutpost: 0, BlueBase: 0
[2025-05-22 23:37:27.648]<DEBUG> [SerialHandler] <0x0003> GameRobotHp: Red1: 0, Red2: 0, Red3: 0, Red4: 0, Red5: 0, Red7: 0, RedOutpost: 0, RedBase: 0, Blue1: 0, Blue2: 0, Blue3: 0, Blue4: 0, Blue5: 0, Blue7: 0, BlueOutpost: 0, BlueBase: 0
[2025-05-22 23:37:27.988]<DEBUG> [SerialHandler] <0x0003> GameRobotHp: Red1: 0, Red2: 0, Red3: 0, Red4: 0, Red5: 0, Red7: 0, RedOutpost: 0, RedBase: 0, Blue1: 0, Blue2: 0, Blue3: 0, Blue4: 0, Blue5: 0, Blue7: 0, BlueOutpost: 0, BlueBase: 0
[2025-05-22 23:37:28.185]<DEBUG> [SerialHandler] <0x0001> GameStatus: GameType: 1, GameStage: NotStarted, StageRemainTime: 0, SyncTimestamp: 0
[2025-05-22 23:37:28.280]<DEBUG> [SerialHandler] <0x0003> GameRobotHp: Red1: 0, Red2: 0, Red3: 0, Red4: 0, Red5: 0, Red7: 0, RedOutpost: 0, RedBase: 0, Blue1: 0, Blue2: 0, Blue3: 0, Blue4: 0, Blue5: 0, Blue7: 0, BlueOutpost: 0, BlueBase: 0
[2025-05-22 23:37:28.544]<DEBUG> [SerialHandler] <0x0003> GameRobotHp: Red1: 0, Red2: 0, Red3: 0, Red4: 0, Red5: 0, Red7: 0, RedOutpost: 0, RedBase: 0, Blue1: 0, Blue2: 0, Blue3: 0, Blue4: 0, Blue5: 0, Blue7: 0, BlueOutpost: 0, BlueBase: 0
[2025-05-22 23:37:28.863]<DEBUG> [SerialHandler] <0x0003> GameRobotHp: Red1: 0, Red2: 0, Red3: 0, Red4: 0, Red5: 0, Red7: 0, RedOutpost: 0, RedBase: 0, Blue1: 0, Blue2: 0, Blue3: 0, Blue4: 0, Blue5: 0, Blue7: 0, BlueOutpost: 0, BlueBase: 0
[2025-05-22 23:37:29.189]<DEBUG> [SerialHandler] <0x0001> GameStatus: GameType: 1, GameStage: NotStarted, StageRemainTime: 0, SyncTimestamp: 0
[2025-05-22 23:37:29.432]<DEBUG> [SerialHandler] <0x0003> GameRobotHp: Red1: 0, Red2: 0, Red3: 0, Red4: 0, Red5: 0, Red7: 0, RedOutpost: 0, RedBase: 0, Blue1: 0, Blue2: 0, Blue3: 0, Blue4: 0, Blue5: 0, Blue7: 0, BlueOutpost: 0, BlueBase: 0
[2025-05-22 23:37:29.776]<DEBUG> [SerialHandler] <0x0003> GameRobotHp: Red1: 0, Red2: 0, Red3: 0, Red4: 0, Red5: 0, Red7: 0, RedOutpost: 0, RedBase: 0, Blue1: 0, Blue2: 0, Blue3: 0, Blue4: 0, Blue5: 0, Blue7: 0, BlueOutpost: 0, BlueBase: 0
