--- Log File Created: 2025-05-22 23:12:40.077 ---
[2025-05-22 23:12:40.444]<DEBUG> [Detector]Robot Inferencer initializing...
[2025-05-22 23:12:40.448]<DEBUG> [Yolov8Inferencer]Model loaded: car_v8n
[2025-05-22 23:12:40.452]<DEBUG> [Yolov8Inferencer]Model class count: 1
[2025-05-22 23:12:40.453]<DEBUG> [Yolov8Inferencer]Model loaded: armor_v8n
[2025-05-22 23:12:40.455]<DEBUG> [Yolov8Inferencer]Model class count: 12
[2025-05-22 23:12:40.456]<DEBUG> [Yolov8Inferencer]Model loaded: armor_v8n
[2025-05-22 23:12:40.457]<DEBUG> [Yolov8Inferencer]Model class count: 12
[2025-05-22 23:12:40.458]<DEBUG> [Yolov8Inferencer]Model loaded: armor_v8n
[2025-05-22 23:12:40.460]<DEBUG> [Yolov8Inferencer]Model class count: 12
[2025-05-22 23:12:40.463]<DEBUG> [Yolov8Inferencer]Model loaded: armor_v8n
[2025-05-22 23:12:40.464]<DEBUG> [Yolov8Inferencer]Model class count: 12
[2025-05-22 23:12:40.466]<DEBUG> [Yolov8Inferencer]Model loaded: armor_v8n
[2025-05-22 23:12:40.467]<DEBUG> [Yolov8Inferencer]Model class count: 12
[2025-05-22 23:12:40.468]<DEBUG> [Yolov8Inferencer]Model loaded: armor_v8n
[2025-05-22 23:12:40.470]<DEBUG> [Yolov8Inferencer]Model class count: 12
[2025-05-22 23:12:40.471]<DEBUG> [Yolov8Inferencer]Model loaded: armor_v8n
[2025-05-22 23:12:40.472]<DEBUG> [Yolov8Inferencer]Model class count: 12
[2025-05-22 23:12:40.474]<DEBUG> [Yolov8Inferencer]Model loaded: armor_v8n
[2025-05-22 23:12:40.475]<DEBUG> [Yolov8Inferencer]Model class count: 12
[2025-05-22 23:12:40.477]<DEBUG> [Yolov8Inferencer]Model loaded: armor_v8n
[2025-05-22 23:12:40.478]<DEBUG> [Yolov8Inferencer]Model class count: 12
[2025-05-22 23:12:40.479]<DEBUG> [Yolov8Inferencer]Model loaded: armor_v8n
[2025-05-22 23:12:40.481]<DEBUG> [Yolov8Inferencer]Model class count: 12
[2025-05-22 23:12:40.482]<DEBUG> [Yolov8Inferencer]Model loaded: armor_v8n
[2025-05-22 23:12:40.483]<DEBUG> [Yolov8Inferencer]Model class count: 12
[2025-05-22 23:12:40.485]<DEBUG> [Yolov8Inferencer]Model loaded: armor_v8n
[2025-05-22 23:12:40.486]<DEBUG> [Yolov8Inferencer]Model class count: 12
[2025-05-22 23:12:40.499]<DEBUG> [Detector]initialized.
[2025-05-22 23:12:46.020]<DEBUG> [Detector]Robot Inferencer initializing...
[2025-05-22 23:12:46.022]<DEBUG> [Detector]initialized.
[2025-05-22 23:12:46.023]<DEBUG> [Detector]Detection started.
[2025-05-22 23:13:20.054]<DEBUG> [Detector]Detection stopped.
[2025-05-22 23:13:23.985]<DEBUG> [WebCameraHandler]Camera devices scanned: 2 devices found.
[2025-05-22 23:13:23.988]<DEBUG> [WebCameraHandler]--- Camera device 0: DECXIN  CAMERA
[2025-05-22 23:13:23.989]<DEBUG> [WebCameraHandler]--- Camera device 1: OBS Virtual Camera
[2025-05-22 23:13:25.098]<DEBUG> [WebCameraHandler]DECXIN  CAMERA opened successfully.
[2025-05-22 23:13:30.940]<DEBUG> [Detector]Robot Inferencer initializing...
[2025-05-22 23:13:30.942]<DEBUG> [Yolov8Inferencer]Model loaded: car_v8n
[2025-05-22 23:13:30.943]<DEBUG> [Yolov8Inferencer]Model class count: 1
[2025-05-22 23:13:30.944]<DEBUG> [Yolov8Inferencer]Model loaded: armor_v8n
[2025-05-22 23:13:30.945]<DEBUG> [Yolov8Inferencer]Model class count: 12
[2025-05-22 23:13:30.946]<DEBUG> [Yolov8Inferencer]Model loaded: armor_v8n
[2025-05-22 23:13:30.947]<DEBUG> [Yolov8Inferencer]Model class count: 12
[2025-05-22 23:13:30.948]<DEBUG> [Yolov8Inferencer]Model loaded: armor_v8n
[2025-05-22 23:13:30.949]<DEBUG> [Yolov8Inferencer]Model class count: 12
[2025-05-22 23:13:30.950]<DEBUG> [Yolov8Inferencer]Model loaded: armor_v8n
[2025-05-22 23:13:30.951]<DEBUG> [Yolov8Inferencer]Model class count: 12
[2025-05-22 23:13:30.951]<DEBUG> [Yolov8Inferencer]Model loaded: armor_v8n
[2025-05-22 23:13:30.952]<DEBUG> [Yolov8Inferencer]Model class count: 12
[2025-05-22 23:13:30.953]<DEBUG> [Yolov8Inferencer]Model loaded: armor_v8n
[2025-05-22 23:13:30.954]<DEBUG> [Yolov8Inferencer]Model class count: 12
[2025-05-22 23:13:30.955]<DEBUG> [Yolov8Inferencer]Model loaded: armor_v8n
[2025-05-22 23:13:30.957]<DEBUG> [Yolov8Inferencer]Model class count: 12
[2025-05-22 23:13:30.958]<DEBUG> [Yolov8Inferencer]Model loaded: armor_v8n
[2025-05-22 23:13:30.959]<DEBUG> [Yolov8Inferencer]Model class count: 12
[2025-05-22 23:13:30.960]<DEBUG> [Yolov8Inferencer]Model loaded: armor_v8n
[2025-05-22 23:13:30.961]<DEBUG> [Yolov8Inferencer]Model class count: 12
[2025-05-22 23:13:30.962]<DEBUG> [Yolov8Inferencer]Model loaded: armor_v8n
[2025-05-22 23:13:30.963]<DEBUG> [Yolov8Inferencer]Model class count: 12
[2025-05-22 23:13:30.964]<DEBUG> [Yolov8Inferencer]Model loaded: armor_v8n
[2025-05-22 23:13:30.965]<DEBUG> [Yolov8Inferencer]Model class count: 12
[2025-05-22 23:13:30.966]<DEBUG> [Yolov8Inferencer]Model loaded: armor_v8n
[2025-05-22 23:13:30.967]<DEBUG> [Yolov8Inferencer]Model class count: 12
[2025-05-22 23:13:30.968]<DEBUG> [Detector]initialized.
[2025-05-22 23:13:30.969]<DEBUG> [Detector]Detection started.
