--- Log File Created: 2025-05-22 23:00:46.263 ---
[2025-05-22 23:00:46.468]<DEBUG> [Detector]Robot Inferencer initializing...
[2025-05-22 23:00:46.470]<DEBUG> [Yolov8Inferencer]Model loaded: car_v8n
[2025-05-22 23:00:46.474]<DEBUG> [Yolov8Inferencer]Model class count: 1
[2025-05-22 23:00:46.475]<DEBUG> [Yolov8Inferencer]Model loaded: armor_v8n
[2025-05-22 23:00:46.476]<DEBUG> [Yolov8Inferencer]Model class count: 12
[2025-05-22 23:00:46.476]<DEBUG> [Yolov8Inferencer]Model loaded: armor_v8n
[2025-05-22 23:00:46.477]<DEBUG> [Yolov8Inferencer]Model class count: 12
[2025-05-22 23:00:46.478]<DEBUG> [Yolov8Inferencer]Model loaded: armor_v8n
[2025-05-22 23:00:46.479]<DEBUG> [Yolov8Inferencer]Model class count: 12
[2025-05-22 23:00:46.480]<DEBUG> [Yolov8Inferencer]Model loaded: armor_v8n
[2025-05-22 23:00:46.481]<DEBUG> [Yolov8Inferencer]Model class count: 12
[2025-05-22 23:00:46.482]<DEBUG> [Yolov8Inferencer]Model loaded: armor_v8n
[2025-05-22 23:00:46.482]<DEBUG> [Yolov8Inferencer]Model class count: 12
[2025-05-22 23:00:46.484]<DEBUG> [Yolov8Inferencer]Model loaded: armor_v8n
[2025-05-22 23:00:46.484]<DEBUG> [Yolov8Inferencer]Model class count: 12
[2025-05-22 23:00:46.485]<DEBUG> [Yolov8Inferencer]Model loaded: armor_v8n
[2025-05-22 23:00:46.486]<DEBUG> [Yolov8Inferencer]Model class count: 12
[2025-05-22 23:00:46.487]<DEBUG> [Yolov8Inferencer]Model loaded: armor_v8n
[2025-05-22 23:00:46.488]<DEBUG> [Yolov8Inferencer]Model class count: 12
[2025-05-22 23:00:46.489]<DEBUG> [Yolov8Inferencer]Model loaded: armor_v8n
[2025-05-22 23:00:46.490]<DEBUG> [Yolov8Inferencer]Model class count: 12
[2025-05-22 23:00:46.490]<DEBUG> [Yolov8Inferencer]Model loaded: armor_v8n
[2025-05-22 23:00:46.491]<DEBUG> [Yolov8Inferencer]Model class count: 12
[2025-05-22 23:00:46.492]<DEBUG> [Yolov8Inferencer]Model loaded: armor_v8n
[2025-05-22 23:00:46.493]<DEBUG> [Yolov8Inferencer]Model class count: 12
[2025-05-22 23:00:46.494]<DEBUG> [Yolov8Inferencer]Model loaded: armor_v8n
[2025-05-22 23:00:46.495]<DEBUG> [Yolov8Inferencer]Model class count: 12
[2025-05-22 23:00:46.495]<DEBUG> [Detector]initialized.
[2025-05-22 23:00:50.842]<DEBUG> [WebCameraHandler]Camera devices scanned: 2 devices found.
[2025-05-22 23:00:50.845]<DEBUG> [WebCameraHandler]--- Camera device 0: DECXIN  CAMERA
[2025-05-22 23:00:50.846]<DEBUG> [WebCameraHandler]--- Camera device 1: OBS Virtual Camera
[2025-05-22 23:00:51.651]<DEBUG> [WebCameraHandler]DECXIN  CAMERA opened successfully.
