---SerialHandler Log File Created: 2025-05-20 06:22:22.705 ---
[2025-05-20 06:22:22.704]<DEBUG> [SerialHandler]Serial port closed.
[2025-05-20 06:22:22.707]<DEBUG> [SerialHandler]Serial port opened: COM6
[2025-05-20 06:22:22.945]<DEBUG> [SerialHandler] <0x0003> GameRobotHp: Red1: 0, Red2: 0, Red3: 0, Red4: 0, Red5: 0, Red7: 0, RedOutpost: 0, RedBase: 0, Blue1: 0, Blue2: 0, Blue3: 0, Blue4: 0, Blue5: 0, Blue7: 400, BlueOutpost: 0, BlueBase: 0
[2025-05-20 06:22:23.228]<DEBUG> [SerialHandler] <0x0003> GameRobotHp: Red1: 0, Red2: 0, Red3: 0, Red4: 0, Red5: 0, Red7: 0, RedOutpost: 0, RedBase: 0, Blue1: 0, Blue2: 0, Blue3: 0, Blue4: 0, Blue5: 0, Blue7: 400, BlueOutpost: 0, BlueBase: 0
[2025-05-20 06:22:23.540]<DEBUG> [SerialHandler] <0x0003> GameRobotHp: Red1: 0, Red2: 0, Red3: 0, Red4: 0, Red5: 0, Red7: 0, RedOutpost: 0, RedBase: 0, Blue1: 0, Blue2: 0, Blue3: 0, Blue4: 0, Blue5: 0, Blue7: 400, BlueOutpost: 0, BlueBase: 0
[2025-05-20 06:22:23.833]<DEBUG> [SerialHandler] <0x0003> GameRobotHp: Red1: 0, Red2: 0, Red3: 0, Red4: 0, Red5: 0, Red7: 0, RedOutpost: 0, RedBase: 0, Blue1: 0, Blue2: 0, Blue3: 0, Blue4: 0, Blue5: 0, Blue7: 400, BlueOutpost: 0, BlueBase: 0
[2025-05-20 06:22:24.124]<DEBUG> [SerialHandler] <0x0003> GameRobotHp: Red1: 0, Red2: 0, Red3: 0, Red4: 0, Red5: 0, Red7: 0, RedOutpost: 0, RedBase: 0, Blue1: 0, Blue2: 0, Blue3: 0, Blue4: 0, Blue5: 0, Blue7: 400, BlueOutpost: 0, BlueBase: 0
[2025-05-20 06:22:24.455]<DEBUG> [SerialHandler] <0x0003> GameRobotHp: Red1: 0, Red2: 0, Red3: 0, Red4: 0, Red5: 0, Red7: 0, RedOutpost: 0, RedBase: 0, Blue1: 0, Blue2: 0, Blue3: 0, Blue4: 0, Blue5: 0, Blue7: 400, BlueOutpost: 0, BlueBase: 0
[2025-05-20 06:22:24.732]<DEBUG> [SerialHandler] <0x0003> GameRobotHp: Red1: 0, Red2: 0, Red3: 0, Red4: 0, Red5: 0, Red7: 0, RedOutpost: 0, RedBase: 0, Blue1: 0, Blue2: 0, Blue3: 0, Blue4: 0, Blue5: 0, Blue7: 400, BlueOutpost: 0, BlueBase: 0
[2025-05-20 06:22:25.036]<DEBUG> [SerialHandler] <0x0003> GameRobotHp: Red1: 0, Red2: 0, Red3: 0, Red4: 0, Red5: 0, Red7: 0, RedOutpost: 0, RedBase: 0, Blue1: 0, Blue2: 0, Blue3: 0, Blue4: 0, Blue5: 0, Blue7: 400, BlueOutpost: 0, BlueBase: 0
[2025-05-20 06:22:25.147]<DEBUG> [SerialHandler] <0x0101> GameBuff: IsSupplyAreaOccupied: False, IsSupplyAreaOccupied2: False, IsSupplyAreaOccupied3: False, IsLittleEnergyOrganActivated: False, IsBigEnergyOrganActivated: False, IsCentralHighlandOccupied: False, IsTrapezoidalHighlandOccupied: False, EnemyDartHitTime: 0, EnemyDartHitTarget: 0, CenterGainPointStatus: 0
[2025-05-20 06:22:25.319]<DEBUG> [SerialHandler] <0x0003> GameRobotHp: Red1: 0, Red2: 0, Red3: 0, Red4: 0, Red5: 0, Red7: 0, RedOutpost: 0, RedBase: 0, Blue1: 0, Blue2: 0, Blue3: 0, Blue4: 0, Blue5: 0, Blue7: 400, BlueOutpost: 0, BlueBase: 0
[2025-05-20 06:22:25.632]<DEBUG> [SerialHandler] <0x0003> GameRobotHp: Red1: 0, Red2: 0, Red3: 0, Red4: 0, Red5: 0, Red7: 0, RedOutpost: 0, RedBase: 0, Blue1: 0, Blue2: 0, Blue3: 0, Blue4: 0, Blue5: 0, Blue7: 400, BlueOutpost: 0, BlueBase: 0
[2025-05-20 06:22:25.939]<DEBUG> [SerialHandler] <0x0003> GameRobotHp: Red1: 0, Red2: 0, Red3: 0, Red4: 0, Red5: 0, Red7: 0, RedOutpost: 0, RedBase: 0, Blue1: 0, Blue2: 0, Blue3: 0, Blue4: 0, Blue5: 0, Blue7: 400, BlueOutpost: 0, BlueBase: 0
[2025-05-20 06:22:26.135]<DEBUG> [SerialHandler] <0x0101> GameBuff: IsSupplyAreaOccupied: False, IsSupplyAreaOccupied2: False, IsSupplyAreaOccupied3: False, IsLittleEnergyOrganActivated: False, IsBigEnergyOrganActivated: False, IsCentralHighlandOccupied: False, IsTrapezoidalHighlandOccupied: False, EnemyDartHitTime: 0, EnemyDartHitTarget: 0, CenterGainPointStatus: 0
[2025-05-20 06:22:26.246]<DEBUG> [SerialHandler] <0x0003> GameRobotHp: Red1: 0, Red2: 0, Red3: 0, Red4: 0, Red5: 0, Red7: 0, RedOutpost: 0, RedBase: 0, Blue1: 0, Blue2: 0, Blue3: 0, Blue4: 0, Blue5: 0, Blue7: 400, BlueOutpost: 0, BlueBase: 0
[2025-05-20 06:22:26.522]<DEBUG> [SerialHandler] <0x0003> GameRobotHp: Red1: 0, Red2: 0, Red3: 0, Red4: 0, Red5: 0, Red7: 0, RedOutpost: 0, RedBase: 0, Blue1: 0, Blue2: 0, Blue3: 0, Blue4: 0, Blue5: 0, Blue7: 400, BlueOutpost: 0, BlueBase: 0
[2025-05-20 06:22:26.824]<DEBUG> [SerialHandler] <0x0003> GameRobotHp: Red1: 0, Red2: 0, Red3: 0, Red4: 0, Red5: 0, Red7: 0, RedOutpost: 0, RedBase: 0, Blue1: 0, Blue2: 0, Blue3: 0, Blue4: 0, Blue5: 0, Blue7: 400, BlueOutpost: 0, BlueBase: 0
[2025-05-20 06:22:27.127]<DEBUG> [SerialHandler] <0x0003> GameRobotHp: Red1: 0, Red2: 0, Red3: 0, Red4: 0, Red5: 0, Red7: 0, RedOutpost: 0, RedBase: 0, Blue1: 0, Blue2: 0, Blue3: 0, Blue4: 0, Blue5: 0, Blue7: 400, BlueOutpost: 0, BlueBase: 0
[2025-05-20 06:22:27.434]<DEBUG> [SerialHandler] <0x0003> GameRobotHp: Red1: 0, Red2: 0, Red3: 0, Red4: 0, Red5: 0, Red7: 0, RedOutpost: 0, RedBase: 0, Blue1: 0, Blue2: 0, Blue3: 0, Blue4: 0, Blue5: 0, Blue7: 400, BlueOutpost: 0, BlueBase: 0
[2025-05-20 06:22:27.739]<DEBUG> [SerialHandler] <0x0003> GameRobotHp: Red1: 0, Red2: 0, Red3: 0, Red4: 0, Red5: 0, Red7: 0, RedOutpost: 0, RedBase: 0, Blue1: 0, Blue2: 0, Blue3: 0, Blue4: 0, Blue5: 0, Blue7: 400, BlueOutpost: 0, BlueBase: 0
[2025-05-20 06:22:28.042]<DEBUG> [SerialHandler] <0x0003> GameRobotHp: Red1: 0, Red2: 0, Red3: 0, Red4: 0, Red5: 0, Red7: 0, RedOutpost: 0, RedBase: 0, Blue1: 0, Blue2: 0, Blue3: 0, Blue4: 0, Blue5: 0, Blue7: 400, BlueOutpost: 0, BlueBase: 0
[2025-05-20 06:22:28.126]<DEBUG> [SerialHandler] <0x0001> GameStatus: GameType: 1, GameStage: NotStarted, StageRemainTime: 0, SyncTimestamp: 0
[2025-05-20 06:22:28.319]<DEBUG> [SerialHandler] <0x0003> GameRobotHp: Red1: 0, Red2: 0, Red3: 0, Red4: 0, Red5: 0, Red7: 0, RedOutpost: 0, RedBase: 0, Blue1: 0, Blue2: 0, Blue3: 0, Blue4: 0, Blue5: 0, Blue7: 400, BlueOutpost: 0, BlueBase: 0
[2025-05-20 06:22:28.625]<DEBUG> [SerialHandler] <0x0003> GameRobotHp: Red1: 0, Red2: 0, Red3: 0, Red4: 0, Red5: 0, Red7: 0, RedOutpost: 0, RedBase: 0, Blue1: 0, Blue2: 0, Blue3: 0, Blue4: 0, Blue5: 0, Blue7: 400, BlueOutpost: 0, BlueBase: 0
[2025-05-20 06:22:28.959]<DEBUG> [SerialHandler] <0x0003> GameRobotHp: Red1: 0, Red2: 0, Red3: 0, Red4: 0, Red5: 0, Red7: 0, RedOutpost: 0, RedBase: 0, Blue1: 0, Blue2: 0, Blue3: 0, Blue4: 0, Blue5: 0, Blue7: 400, BlueOutpost: 0, BlueBase: 0
[2025-05-20 06:22:29.247]<DEBUG> [SerialHandler] <0x0003> GameRobotHp: Red1: 0, Red2: 0, Red3: 0, Red4: 0, Red5: 0, Red7: 0, RedOutpost: 0, RedBase: 0, Blue1: 0, Blue2: 0, Blue3: 0, Blue4: 0, Blue5: 0, Blue7: 400, BlueOutpost: 0, BlueBase: 0
[2025-05-20 06:22:29.533]<DEBUG> [SerialHandler] <0x0003> GameRobotHp: Red1: 0, Red2: 0, Red3: 0, Red4: 0, Red5: 0, Red7: 0, RedOutpost: 0, RedBase: 0, Blue1: 0, Blue2: 0, Blue3: 0, Blue4: 0, Blue5: 0, Blue7: 400, BlueOutpost: 0, BlueBase: 0
[2025-05-20 06:22:29.832]<DEBUG> [SerialHandler] <0x0003> GameRobotHp: Red1: 0, Red2: 0, Red3: 0, Red4: 0, Red5: 0, Red7: 0, RedOutpost: 0, RedBase: 0, Blue1: 0, Blue2: 0, Blue3: 0, Blue4: 0, Blue5: 0, Blue7: 400, BlueOutpost: 0, BlueBase: 0
[2025-05-20 06:22:30.124]<DEBUG> [SerialHandler] <0x0003> GameRobotHp: Red1: 0, Red2: 0, Red3: 0, Red4: 0, Red5: 0, Red7: 0, RedOutpost: 0, RedBase: 0, Blue1: 0, Blue2: 0, Blue3: 0, Blue4: 0, Blue5: 0, Blue7: 400, BlueOutpost: 0, BlueBase: 0
[2025-05-20 06:22:30.444]<DEBUG> [SerialHandler] <0x0003> GameRobotHp: Red1: 0, Red2: 0, Red3: 0, Red4: 0, Red5: 0, Red7: 0, RedOutpost: 0, RedBase: 0, Blue1: 0, Blue2: 0, Blue3: 0, Blue4: 0, Blue5: 0, Blue7: 400, BlueOutpost: 0, BlueBase: 0
[2025-05-20 06:22:30.741]<DEBUG> [SerialHandler] <0x0003> GameRobotHp: Red1: 0, Red2: 0, Red3: 0, Red4: 0, Red5: 0, Red7: 0, RedOutpost: 0, RedBase: 0, Blue1: 0, Blue2: 0, Blue3: 0, Blue4: 0, Blue5: 0, Blue7: 400, BlueOutpost: 0, BlueBase: 0
[2025-05-20 06:22:31.021]<DEBUG> [SerialHandler] <0x0003> GameRobotHp: Red1: 0, Red2: 0, Red3: 0, Red4: 0, Red5: 0, Red7: 0, RedOutpost: 0, RedBase: 0, Blue1: 0, Blue2: 0, Blue3: 0, Blue4: 0, Blue5: 0, Blue7: 400, BlueOutpost: 0, BlueBase: 0
[2025-05-20 06:22:31.334]<DEBUG> [SerialHandler] <0x0003> GameRobotHp: Red1: 0, Red2: 0, Red3: 0, Red4: 0, Red5: 0, Red7: 0, RedOutpost: 0, RedBase: 0, Blue1: 0, Blue2: 0, Blue3: 0, Blue4: 0, Blue5: 0, Blue7: 400, BlueOutpost: 0, BlueBase: 0
[2025-05-20 06:22:31.621]<DEBUG> [SerialHandler] <0x0003> GameRobotHp: Red1: 0, Red2: 0, Red3: 0, Red4: 0, Red5: 0, Red7: 0, RedOutpost: 0, RedBase: 0, Blue1: 0, Blue2: 0, Blue3: 0, Blue4: 0, Blue5: 0, Blue7: 400, BlueOutpost: 0, BlueBase: 0
[2025-05-20 06:22:31.936]<DEBUG> [SerialHandler] <0x0003> GameRobotHp: Red1: 0, Red2: 0, Red3: 0, Red4: 0, Red5: 0, Red7: 0, RedOutpost: 0, RedBase: 0, Blue1: 0, Blue2: 0, Blue3: 0, Blue4: 0, Blue5: 0, Blue7: 400, BlueOutpost: 0, BlueBase: 0
[2025-05-20 06:22:32.164]<DEBUG> [SerialHandler] <0x020E> RadarStatus: DoubleDebuffChances: 1,IsDoubleDebuffAble: False
[2025-05-20 06:22:32.249]<DEBUG> [SerialHandler] <0x0003> GameRobotHp: Red1: 0, Red2: 0, Red3: 0, Red4: 0, Red5: 0, Red7: 0, RedOutpost: 0, RedBase: 0, Blue1: 0, Blue2: 0, Blue3: 0, Blue4: 0, Blue5: 0, Blue7: 400, BlueOutpost: 0, BlueBase: 0
[2025-05-20 06:22:32.528]<DEBUG> [SerialHandler] <0x0003> GameRobotHp: Red1: 0, Red2: 0, Red3: 0, Red4: 0, Red5: 0, Red7: 0, RedOutpost: 0, RedBase: 0, Blue1: 0, Blue2: 0, Blue3: 0, Blue4: 0, Blue5: 0, Blue7: 400, BlueOutpost: 0, BlueBase: 0
[2025-05-20 06:22:32.835]<DEBUG> [SerialHandler] <0x0003> GameRobotHp: Red1: 0, Red2: 0, Red3: 0, Red4: 0, Red5: 0, Red7: 0, RedOutpost: 0, RedBase: 0, Blue1: 0, Blue2: 0, Blue3: 0, Blue4: 0, Blue5: 0, Blue7: 400, BlueOutpost: 0, BlueBase: 0
[2025-05-20 06:22:33.128]<DEBUG> [SerialHandler] <0x0003> GameRobotHp: Red1: 0, Red2: 0, Red3: 0, Red4: 0, Red5: 0, Red7: 0, RedOutpost: 0, RedBase: 0, Blue1: 0, Blue2: 0, Blue3: 0, Blue4: 0, Blue5: 0, Blue7: 400, BlueOutpost: 0, BlueBase: 0
[2025-05-20 06:22:33.154]<DEBUG> [SerialHandler] <0x020E> RadarStatus: DoubleDebuffChances: 0,IsDoubleDebuffAble: False
[2025-05-20 06:22:33.437]<DEBUG> [SerialHandler] <0x0003> GameRobotHp: Red1: 0, Red2: 0, Red3: 0, Red4: 0, Red5: 0, Red7: 0, RedOutpost: 0, RedBase: 0, Blue1: 0, Blue2: 0, Blue3: 0, Blue4: 0, Blue5: 0, Blue7: 400, BlueOutpost: 0, BlueBase: 0
[2025-05-20 06:22:33.727]<DEBUG> [SerialHandler] <0x0003> GameRobotHp: Red1: 0, Red2: 0, Red3: 0, Red4: 0, Red5: 0, Red7: 0, RedOutpost: 0, RedBase: 0, Blue1: 0, Blue2: 0, Blue3: 0, Blue4: 0, Blue5: 0, Blue7: 400, BlueOutpost: 0, BlueBase: 0
[2025-05-20 06:22:34.033]<DEBUG> [SerialHandler] <0x0003> GameRobotHp: Red1: 0, Red2: 0, Red3: 0, Red4: 0, Red5: 0, Red7: 0, RedOutpost: 0, RedBase: 0, Blue1: 0, Blue2: 0, Blue3: 0, Blue4: 0, Blue5: 0, Blue7: 400, BlueOutpost: 0, BlueBase: 0
[2025-05-20 06:22:34.340]<DEBUG> [SerialHandler] <0x0003> GameRobotHp: Red1: 0, Red2: 0, Red3: 0, Red4: 0, Red5: 0, Red7: 0, RedOutpost: 0, RedBase: 0, Blue1: 0, Blue2: 0, Blue3: 0, Blue4: 0, Blue5: 0, Blue7: 400, BlueOutpost: 0, BlueBase: 0
[2025-05-20 06:22:34.640]<DEBUG> [SerialHandler] <0x0003> GameRobotHp: Red1: 0, Red2: 0, Red3: 0, Red4: 0, Red5: 0, Red7: 0, RedOutpost: 0, RedBase: 0, Blue1: 0, Blue2: 0, Blue3: 0, Blue4: 0, Blue5: 0, Blue7: 400, BlueOutpost: 0, BlueBase: 0
[2025-05-20 06:22:34.931]<DEBUG> [SerialHandler] <0x0003> GameRobotHp: Red1: 0, Red2: 0, Red3: 0, Red4: 0, Red5: 0, Red7: 0, RedOutpost: 0, RedBase: 0, Blue1: 0, Blue2: 0, Blue3: 0, Blue4: 0, Blue5: 0, Blue7: 400, BlueOutpost: 0, BlueBase: 0
[2025-05-20 06:22:35.228]<DEBUG> [SerialHandler] <0x0003> GameRobotHp: Red1: 0, Red2: 0, Red3: 0, Red4: 0, Red5: 0, Red7: 0, RedOutpost: 0, RedBase: 0, Blue1: 0, Blue2: 0, Blue3: 0, Blue4: 0, Blue5: 0, Blue7: 400, BlueOutpost: 0, BlueBase: 0
[2025-05-20 06:22:35.547]<DEBUG> [SerialHandler] <0x0003> GameRobotHp: Red1: 0, Red2: 0, Red3: 0, Red4: 0, Red5: 0, Red7: 0, RedOutpost: 0, RedBase: 0, Blue1: 0, Blue2: 0, Blue3: 0, Blue4: 0, Blue5: 0, Blue7: 400, BlueOutpost: 0, BlueBase: 0
[2025-05-20 06:22:35.838]<DEBUG> [SerialHandler] <0x0003> GameRobotHp: Red1: 0, Red2: 0, Red3: 0, Red4: 0, Red5: 0, Red7: 0, RedOutpost: 0, RedBase: 0, Blue1: 0, Blue2: 0, Blue3: 0, Blue4: 0, Blue5: 0, Blue7: 400, BlueOutpost: 0, BlueBase: 0
[2025-05-20 06:22:36.142]<DEBUG> [SerialHandler] <0x0003> GameRobotHp: Red1: 0, Red2: 0, Red3: 0, Red4: 0, Red5: 0, Red7: 0, RedOutpost: 0, RedBase: 0, Blue1: 0, Blue2: 0, Blue3: 0, Blue4: 0, Blue5: 0, Blue7: 400, BlueOutpost: 0, BlueBase: 0
[2025-05-20 06:22:36.144]<DEBUG> [SerialHandler] <0x0101> GameBuff: IsSupplyAreaOccupied: False, IsSupplyAreaOccupied2: False, IsSupplyAreaOccupied3: False, IsLittleEnergyOrganActivated: False, IsBigEnergyOrganActivated: False, IsCentralHighlandOccupied: False, IsTrapezoidalHighlandOccupied: False, EnemyDartHitTime: 0, EnemyDartHitTarget: 0, CenterGainPointStatus: 0
[2025-05-20 06:22:36.450]<DEBUG> [SerialHandler] <0x0003> GameRobotHp: Red1: 0, Red2: 0, Red3: 0, Red4: 0, Red5: 0, Red7: 0, RedOutpost: 0, RedBase: 0, Blue1: 0, Blue2: 0, Blue3: 0, Blue4: 0, Blue5: 0, Blue7: 400, BlueOutpost: 0, BlueBase: 0
[2025-05-20 06:22:36.716]<DEBUG> [SerialHandler] <0x0003> GameRobotHp: Red1: 0, Red2: 0, Red3: 0, Red4: 0, Red5: 0, Red7: 0, RedOutpost: 0, RedBase: 0, Blue1: 0, Blue2: 0, Blue3: 0, Blue4: 0, Blue5: 0, Blue7: 400, BlueOutpost: 0, BlueBase: 0
[2025-05-20 06:22:37.029]<DEBUG> [SerialHandler] <0x0003> GameRobotHp: Red1: 0, Red2: 0, Red3: 0, Red4: 0, Red5: 0, Red7: 0, RedOutpost: 0, RedBase: 0, Blue1: 0, Blue2: 0, Blue3: 0, Blue4: 0, Blue5: 0, Blue7: 400, BlueOutpost: 0, BlueBase: 0
[2025-05-20 06:22:37.373]<DEBUG> [SerialHandler] <0x0003> GameRobotHp: Red1: 0, Red2: 0, Red3: 0, Red4: 0, Red5: 0, Red7: 0, RedOutpost: 0, RedBase: 0, Blue1: 0, Blue2: 0, Blue3: 0, Blue4: 0, Blue5: 0, Blue7: 400, BlueOutpost: 0, BlueBase: 0
[2025-05-20 06:22:37.637]<DEBUG> [SerialHandler] <0x0003> GameRobotHp: Red1: 0, Red2: 0, Red3: 0, Red4: 0, Red5: 0, Red7: 0, RedOutpost: 0, RedBase: 0, Blue1: 0, Blue2: 0, Blue3: 0, Blue4: 0, Blue5: 0, Blue7: 400, BlueOutpost: 0, BlueBase: 0
[2025-05-20 06:22:37.919]<DEBUG> [SerialHandler] <0x0003> GameRobotHp: Red1: 0, Red2: 0, Red3: 0, Red4: 0, Red5: 0, Red7: 0, RedOutpost: 0, RedBase: 0, Blue1: 0, Blue2: 0, Blue3: 0, Blue4: 0, Blue5: 0, Blue7: 400, BlueOutpost: 0, BlueBase: 0
[2025-05-20 06:22:38.232]<DEBUG> [SerialHandler] <0x0003> GameRobotHp: Red1: 0, Red2: 0, Red3: 0, Red4: 0, Red5: 0, Red7: 0, RedOutpost: 0, RedBase: 0, Blue1: 0, Blue2: 0, Blue3: 0, Blue4: 0, Blue5: 0, Blue7: 400, BlueOutpost: 0, BlueBase: 0
[2025-05-20 06:22:38.511]<DEBUG> [SerialHandler] <0x0003> GameRobotHp: Red1: 0, Red2: 0, Red3: 0, Red4: 0, Red5: 0, Red7: 0, RedOutpost: 0, RedBase: 0, Blue1: 0, Blue2: 0, Blue3: 0, Blue4: 0, Blue5: 0, Blue7: 400, BlueOutpost: 0, BlueBase: 0
[2025-05-20 06:22:38.841]<DEBUG> [SerialHandler] <0x0003> GameRobotHp: Red1: 0, Red2: 0, Red3: 0, Red4: 0, Red5: 0, Red7: 0, RedOutpost: 0, RedBase: 0, Blue1: 0, Blue2: 0, Blue3: 0, Blue4: 0, Blue5: 0, Blue7: 400, BlueOutpost: 0, BlueBase: 0
[2025-05-20 06:22:39.179]<DEBUG> [SerialHandler] <0x0003> GameRobotHp: Red1: 0, Red2: 0, Red3: 0, Red4: 0, Red5: 0, Red7: 0, RedOutpost: 0, RedBase: 0, Blue1: 0, Blue2: 0, Blue3: 0, Blue4: 0, Blue5: 0, Blue7: 400, BlueOutpost: 0, BlueBase: 0
[2025-05-20 06:22:39.432]<DEBUG> [SerialHandler] <0x0003> GameRobotHp: Red1: 0, Red2: 0, Red3: 0, Red4: 0, Red5: 0, Red7: 0, RedOutpost: 0, RedBase: 0, Blue1: 0, Blue2: 0, Blue3: 0, Blue4: 0, Blue5: 0, Blue7: 400, BlueOutpost: 0, BlueBase: 0
[2025-05-20 06:22:39.743]<DEBUG> [SerialHandler] <0x0003> GameRobotHp: Red1: 0, Red2: 0, Red3: 0, Red4: 0, Red5: 0, Red7: 0, RedOutpost: 0, RedBase: 0, Blue1: 0, Blue2: 0, Blue3: 0, Blue4: 0, Blue5: 0, Blue7: 400, BlueOutpost: 0, BlueBase: 0
[2025-05-20 06:22:40.019]<DEBUG> [SerialHandler] <0x0003> GameRobotHp: Red1: 0, Red2: 0, Red3: 0, Red4: 0, Red5: 0, Red7: 0, RedOutpost: 0, RedBase: 0, Blue1: 0, Blue2: 0, Blue3: 0, Blue4: 0, Blue5: 0, Blue7: 400, BlueOutpost: 0, BlueBase: 0
[2025-05-20 06:22:40.132]<DEBUG> [SerialHandler] <0x0101> GameBuff: IsSupplyAreaOccupied: False, IsSupplyAreaOccupied2: False, IsSupplyAreaOccupied3: False, IsLittleEnergyOrganActivated: False, IsBigEnergyOrganActivated: False, IsCentralHighlandOccupied: False, IsTrapezoidalHighlandOccupied: False, EnemyDartHitTime: 0, EnemyDartHitTarget: 0, CenterGainPointStatus: 0
[2025-05-20 06:22:40.133]<DEBUG> [SerialHandler] <0x0001> GameStatus: GameType: 1, GameStage: NotStarted, StageRemainTime: 0, SyncTimestamp: 0
[2025-05-20 06:22:40.330]<DEBUG> [SerialHandler] <0x0003> GameRobotHp: Red1: 0, Red2: 0, Red3: 0, Red4: 0, Red5: 0, Red7: 0, RedOutpost: 0, RedBase: 0, Blue1: 0, Blue2: 0, Blue3: 0, Blue4: 0, Blue5: 0, Blue7: 400, BlueOutpost: 0, BlueBase: 0
[2025-05-20 06:22:40.634]<DEBUG> [SerialHandler] <0x0003> GameRobotHp: Red1: 0, Red2: 0, Red3: 0, Red4: 0, Red5: 0, Red7: 0, RedOutpost: 0, RedBase: 0, Blue1: 0, Blue2: 0, Blue3: 0, Blue4: 0, Blue5: 0, Blue7: 400, BlueOutpost: 0, BlueBase: 0
[2025-05-20 06:22:40.952]<DEBUG> [SerialHandler] <0x0003> GameRobotHp: Red1: 0, Red2: 0, Red3: 0, Red4: 0, Red5: 0, Red7: 0, RedOutpost: 0, RedBase: 0, Blue1: 0, Blue2: 0, Blue3: 0, Blue4: 0, Blue5: 0, Blue7: 400, BlueOutpost: 0, BlueBase: 0
[2025-05-20 06:22:41.237]<DEBUG> [SerialHandler] <0x0003> GameRobotHp: Red1: 0, Red2: 0, Red3: 0, Red4: 0, Red5: 0, Red7: 0, RedOutpost: 0, RedBase: 0, Blue1: 0, Blue2: 0, Blue3: 0, Blue4: 0, Blue5: 0, Blue7: 400, BlueOutpost: 0, BlueBase: 0
[2025-05-20 06:22:41.520]<DEBUG> [SerialHandler] <0x0003> GameRobotHp: Red1: 0, Red2: 0, Red3: 0, Red4: 0, Red5: 0, Red7: 0, RedOutpost: 0, RedBase: 0, Blue1: 0, Blue2: 0, Blue3: 0, Blue4: 0, Blue5: 0, Blue7: 400, BlueOutpost: 0, BlueBase: 0
[2025-05-20 06:22:41.860]<DEBUG> [SerialHandler] <0x0003> GameRobotHp: Red1: 0, Red2: 0, Red3: 0, Red4: 0, Red5: 0, Red7: 0, RedOutpost: 0, RedBase: 0, Blue1: 0, Blue2: 0, Blue3: 0, Blue4: 0, Blue5: 0, Blue7: 400, BlueOutpost: 0, BlueBase: 0
[2025-05-20 06:22:42.142]<DEBUG> [SerialHandler] <0x0003> GameRobotHp: Red1: 0, Red2: 0, Red3: 0, Red4: 0, Red5: 0, Red7: 0, RedOutpost: 0, RedBase: 0, Blue1: 0, Blue2: 0, Blue3: 0, Blue4: 0, Blue5: 0, Blue7: 400, BlueOutpost: 0, BlueBase: 0
[2025-05-20 06:22:42.420]<DEBUG> [SerialHandler] <0x0003> GameRobotHp: Red1: 0, Red2: 0, Red3: 0, Red4: 0, Red5: 0, Red7: 0, RedOutpost: 0, RedBase: 0, Blue1: 0, Blue2: 0, Blue3: 0, Blue4: 0, Blue5: 0, Blue7: 400, BlueOutpost: 0, BlueBase: 0
[2025-05-20 06:22:42.726]<DEBUG> [SerialHandler] <0x0003> GameRobotHp: Red1: 0, Red2: 0, Red3: 0, Red4: 0, Red5: 0, Red7: 0, RedOutpost: 0, RedBase: 0, Blue1: 0, Blue2: 0, Blue3: 0, Blue4: 0, Blue5: 0, Blue7: 400, BlueOutpost: 0, BlueBase: 0
[2025-05-20 06:22:43.031]<DEBUG> [SerialHandler] <0x0003> GameRobotHp: Red1: 0, Red2: 0, Red3: 0, Red4: 0, Red5: 0, Red7: 0, RedOutpost: 0, RedBase: 0, Blue1: 0, Blue2: 0, Blue3: 0, Blue4: 0, Blue5: 0, Blue7: 400, BlueOutpost: 0, BlueBase: 0
[2025-05-20 06:22:43.337]<DEBUG> [SerialHandler] <0x0003> GameRobotHp: Red1: 0, Red2: 0, Red3: 0, Red4: 0, Red5: 0, Red7: 0, RedOutpost: 0, RedBase: 0, Blue1: 0, Blue2: 0, Blue3: 0, Blue4: 0, Blue5: 0, Blue7: 400, BlueOutpost: 0, BlueBase: 0
[2025-05-20 06:22:43.643]<DEBUG> [SerialHandler] <0x0003> GameRobotHp: Red1: 0, Red2: 0, Red3: 0, Red4: 0, Red5: 0, Red7: 0, RedOutpost: 0, RedBase: 0, Blue1: 0, Blue2: 0, Blue3: 0, Blue4: 0, Blue5: 0, Blue7: 400, BlueOutpost: 0, BlueBase: 0
[2025-05-20 06:22:44.119]<DEBUG> [SerialHandler] <0x020E> RadarStatus: DoubleDebuffChances: 0,IsDoubleDebuffAble: False
[2025-05-20 06:22:44.230]<DEBUG> [SerialHandler] <0x0003> GameRobotHp: Red1: 0, Red2: 0, Red3: 0, Red4: 0, Red5: 0, Red7: 0, RedOutpost: 0, RedBase: 0, Blue1: 0, Blue2: 0, Blue3: 0, Blue4: 0, Blue5: 0, Blue7: 400, BlueOutpost: 0, BlueBase: 0
[2025-05-20 06:22:44.535]<DEBUG> [SerialHandler] <0x0003> GameRobotHp: Red1: 0, Red2: 0, Red3: 0, Red4: 0, Red5: 0, Red7: 0, RedOutpost: 0, RedBase: 0, Blue1: 0, Blue2: 0, Blue3: 0, Blue4: 0, Blue5: 0, Blue7: 400, BlueOutpost: 0, BlueBase: 0
[2025-05-20 06:22:44.849]<DEBUG> [SerialHandler] <0x0003> GameRobotHp: Red1: 0, Red2: 0, Red3: 0, Red4: 0, Red5: 0, Red7: 0, RedOutpost: 0, RedBase: 0, Blue1: 0, Blue2: 0, Blue3: 0, Blue4: 0, Blue5: 0, Blue7: 400, BlueOutpost: 0, BlueBase: 0
[2025-05-20 06:22:45.135]<DEBUG> [SerialHandler] <0x0003> GameRobotHp: Red1: 0, Red2: 0, Red3: 0, Red4: 0, Red5: 0, Red7: 0, RedOutpost: 0, RedBase: 0, Blue1: 0, Blue2: 0, Blue3: 0, Blue4: 0, Blue5: 0, Blue7: 400, BlueOutpost: 0, BlueBase: 0
[2025-05-20 06:22:45.448]<DEBUG> [SerialHandler] <0x0003> GameRobotHp: Red1: 0, Red2: 0, Red3: 0, Red4: 0, Red5: 0, Red7: 0, RedOutpost: 0, RedBase: 0, Blue1: 0, Blue2: 0, Blue3: 0, Blue4: 0, Blue5: 0, Blue7: 400, BlueOutpost: 0, BlueBase: 0
[2025-05-20 06:22:45.737]<DEBUG> [SerialHandler] <0x0003> GameRobotHp: Red1: 0, Red2: 0, Red3: 0, Red4: 0, Red5: 0, Red7: 0, RedOutpost: 0, RedBase: 0, Blue1: 0, Blue2: 0, Blue3: 0, Blue4: 0, Blue5: 0, Blue7: 400, BlueOutpost: 0, BlueBase: 0
[2025-05-20 06:22:46.036]<DEBUG> [SerialHandler] <0x0003> GameRobotHp: Red1: 0, Red2: 0, Red3: 0, Red4: 0, Red5: 0, Red7: 0, RedOutpost: 0, RedBase: 0, Blue1: 0, Blue2: 0, Blue3: 0, Blue4: 0, Blue5: 0, Blue7: 400, BlueOutpost: 0, BlueBase: 0
[2025-05-20 06:22:46.130]<DEBUG> [SerialHandler] <0x0101> GameBuff: IsSupplyAreaOccupied: False, IsSupplyAreaOccupied2: False, IsSupplyAreaOccupied3: False, IsLittleEnergyOrganActivated: False, IsBigEnergyOrganActivated: False, IsCentralHighlandOccupied: False, IsTrapezoidalHighlandOccupied: False, EnemyDartHitTime: 0, EnemyDartHitTarget: 0, CenterGainPointStatus: 0
[2025-05-20 06:22:46.331]<DEBUG> [SerialHandler] <0x0003> GameRobotHp: Red1: 0, Red2: 0, Red3: 0, Red4: 0, Red5: 0, Red7: 0, RedOutpost: 0, RedBase: 0, Blue1: 0, Blue2: 0, Blue3: 0, Blue4: 0, Blue5: 0, Blue7: 400, BlueOutpost: 0, BlueBase: 0
[2025-05-20 06:22:46.632]<DEBUG> [SerialHandler] <0x0003> GameRobotHp: Red1: 0, Red2: 0, Red3: 0, Red4: 0, Red5: 0, Red7: 0, RedOutpost: 0, RedBase: 0, Blue1: 0, Blue2: 0, Blue3: 0, Blue4: 0, Blue5: 0, Blue7: 400, BlueOutpost: 0, BlueBase: 0
[2025-05-20 06:22:46.934]<DEBUG> [SerialHandler] <0x0003> GameRobotHp: Red1: 0, Red2: 0, Red3: 0, Red4: 0, Red5: 0, Red7: 0, RedOutpost: 0, RedBase: 0, Blue1: 0, Blue2: 0, Blue3: 0, Blue4: 0, Blue5: 0, Blue7: 400, BlueOutpost: 0, BlueBase: 0
[2025-05-20 06:22:47.127]<DEBUG> [SerialHandler] <0x0101> GameBuff: IsSupplyAreaOccupied: False, IsSupplyAreaOccupied2: False, IsSupplyAreaOccupied3: False, IsLittleEnergyOrganActivated: False, IsBigEnergyOrganActivated: False, IsCentralHighlandOccupied: False, IsTrapezoidalHighlandOccupied: False, EnemyDartHitTime: 0, EnemyDartHitTarget: 0, CenterGainPointStatus: 0
[2025-05-20 06:22:47.236]<DEBUG> [SerialHandler] <0x0003> GameRobotHp: Red1: 0, Red2: 0, Red3: 0, Red4: 0, Red5: 0, Red7: 0, RedOutpost: 0, RedBase: 0, Blue1: 0, Blue2: 0, Blue3: 0, Blue4: 0, Blue5: 0, Blue7: 400, BlueOutpost: 0, BlueBase: 0
[2025-05-20 06:22:47.540]<DEBUG> [SerialHandler] <0x0003> GameRobotHp: Red1: 0, Red2: 0, Red3: 0, Red4: 0, Red5: 0, Red7: 0, RedOutpost: 0, RedBase: 0, Blue1: 0, Blue2: 0, Blue3: 0, Blue4: 0, Blue5: 0, Blue7: 400, BlueOutpost: 0, BlueBase: 0
[2025-05-20 06:22:47.840]<DEBUG> [SerialHandler] <0x0003> GameRobotHp: Red1: 0, Red2: 0, Red3: 0, Red4: 0, Red5: 0, Red7: 0, RedOutpost: 0, RedBase: 0, Blue1: 0, Blue2: 0, Blue3: 0, Blue4: 0, Blue5: 0, Blue7: 400, BlueOutpost: 0, BlueBase: 0
[2025-05-20 06:22:48.142]<DEBUG> [SerialHandler] <0x0003> GameRobotHp: Red1: 0, Red2: 0, Red3: 0, Red4: 0, Red5: 0, Red7: 0, RedOutpost: 0, RedBase: 0, Blue1: 0, Blue2: 0, Blue3: 0, Blue4: 0, Blue5: 0, Blue7: 400, BlueOutpost: 0, BlueBase: 0
[2025-05-20 06:22:48.423]<DEBUG> [SerialHandler] <0x0003> GameRobotHp: Red1: 0, Red2: 0, Red3: 0, Red4: 0, Red5: 0, Red7: 0, RedOutpost: 0, RedBase: 0, Blue1: 0, Blue2: 0, Blue3: 0, Blue4: 0, Blue5: 0, Blue7: 400, BlueOutpost: 0, BlueBase: 0
[2025-05-20 06:22:48.754]<DEBUG> [SerialHandler] <0x0003> GameRobotHp: Red1: 0, Red2: 0, Red3: 0, Red4: 0, Red5: 0, Red7: 0, RedOutpost: 0, RedBase: 0, Blue1: 0, Blue2: 0, Blue3: 0, Blue4: 0, Blue5: 0, Blue7: 400, BlueOutpost: 0, BlueBase: 0
[2025-05-20 06:22:49.020]<DEBUG> [SerialHandler] <0x0003> GameRobotHp: Red1: 0, Red2: 0, Red3: 0, Red4: 0, Red5: 0, Red7: 0, RedOutpost: 0, RedBase: 0, Blue1: 0, Blue2: 0, Blue3: 0, Blue4: 0, Blue5: 0, Blue7: 400, BlueOutpost: 0, BlueBase: 0
[2025-05-20 06:22:49.134]<DEBUG> [SerialHandler] <0x0001> GameStatus: GameType: 1, GameStage: NotStarted, StageRemainTime: 0, SyncTimestamp: 0
[2025-05-20 06:22:49.324]<DEBUG> [SerialHandler] <0x0003> GameRobotHp: Red1: 0, Red2: 0, Red3: 0, Red4: 0, Red5: 0, Red7: 0, RedOutpost: 0, RedBase: 0, Blue1: 0, Blue2: 0, Blue3: 0, Blue4: 0, Blue5: 0, Blue7: 400, BlueOutpost: 0, BlueBase: 0
[2025-05-20 06:22:49.643]<DEBUG> [SerialHandler] <0x0003> GameRobotHp: Red1: 0, Red2: 0, Red3: 0, Red4: 0, Red5: 0, Red7: 0, RedOutpost: 0, RedBase: 0, Blue1: 0, Blue2: 0, Blue3: 0, Blue4: 0, Blue5: 0, Blue7: 400, BlueOutpost: 0, BlueBase: 0
[2025-05-20 06:22:49.924]<DEBUG> [SerialHandler] <0x0003> GameRobotHp: Red1: 0, Red2: 0, Red3: 0, Red4: 0, Red5: 0, Red7: 0, RedOutpost: 0, RedBase: 0, Blue1: 0, Blue2: 0, Blue3: 0, Blue4: 0, Blue5: 0, Blue7: 400, BlueOutpost: 0, BlueBase: 0
[2025-05-20 06:22:50.145]<DEBUG> [SerialHandler] <0x0001> GameStatus: GameType: 1, GameStage: NotStarted, StageRemainTime: 0, SyncTimestamp: 0
[2025-05-20 06:22:50.228]<DEBUG> [SerialHandler] <0x0003> GameRobotHp: Red1: 0, Red2: 0, Red3: 0, Red4: 0, Red5: 0, Red7: 0, RedOutpost: 0, RedBase: 0, Blue1: 0, Blue2: 0, Blue3: 0, Blue4: 0, Blue5: 0, Blue7: 400, BlueOutpost: 0, BlueBase: 0
[2025-05-20 06:22:50.530]<DEBUG> [SerialHandler] <0x0003> GameRobotHp: Red1: 0, Red2: 0, Red3: 0, Red4: 0, Red5: 0, Red7: 0, RedOutpost: 0, RedBase: 0, Blue1: 0, Blue2: 0, Blue3: 0, Blue4: 0, Blue5: 0, Blue7: 400, BlueOutpost: 0, BlueBase: 0
[2025-05-20 06:22:50.857]<DEBUG> [SerialHandler] <0x0003> GameRobotHp: Red1: 0, Red2: 0, Red3: 0, Red4: 0, Red5: 0, Red7: 0, RedOutpost: 0, RedBase: 0, Blue1: 0, Blue2: 0, Blue3: 0, Blue4: 0, Blue5: 0, Blue7: 400, BlueOutpost: 0, BlueBase: 0
[2025-05-20 06:22:51.436]<DEBUG> [SerialHandler] <0x0003> GameRobotHp: Red1: 0, Red2: 0, Red3: 0, Red4: 0, Red5: 0, Red7: 0, RedOutpost: 0, RedBase: 0, Blue1: 0, Blue2: 0, Blue3: 0, Blue4: 0, Blue5: 0, Blue7: 400, BlueOutpost: 0, BlueBase: 0
[2025-05-20 06:22:51.736]<DEBUG> [SerialHandler] <0x0003> GameRobotHp: Red1: 0, Red2: 0, Red3: 0, Red4: 0, Red5: 0, Red7: 0, RedOutpost: 0, RedBase: 0, Blue1: 0, Blue2: 0, Blue3: 0, Blue4: 0, Blue5: 0, Blue7: 400, BlueOutpost: 0, BlueBase: 0
[2025-05-20 06:22:52.020]<DEBUG> [SerialHandler] <0x0003> GameRobotHp: Red1: 0, Red2: 0, Red3: 0, Red4: 0, Red5: 0, Red7: 0, RedOutpost: 0, RedBase: 0, Blue1: 0, Blue2: 0, Blue3: 0, Blue4: 0, Blue5: 0, Blue7: 400, BlueOutpost: 0, BlueBase: 0
[2025-05-20 06:22:52.148]<DEBUG> [SerialHandler] <0x0101> GameBuff: IsSupplyAreaOccupied: False, IsSupplyAreaOccupied2: False, IsSupplyAreaOccupied3: False, IsLittleEnergyOrganActivated: False, IsBigEnergyOrganActivated: False, IsCentralHighlandOccupied: False, IsTrapezoidalHighlandOccupied: False, EnemyDartHitTime: 0, EnemyDartHitTarget: 0, CenterGainPointStatus: 0
[2025-05-20 06:22:52.324]<DEBUG> [SerialHandler] <0x0003> GameRobotHp: Red1: 0, Red2: 0, Red3: 0, Red4: 0, Red5: 0, Red7: 0, RedOutpost: 0, RedBase: 0, Blue1: 0, Blue2: 0, Blue3: 0, Blue4: 0, Blue5: 0, Blue7: 400, BlueOutpost: 0, BlueBase: 0
[2025-05-20 06:22:52.626]<DEBUG> [SerialHandler] <0x0003> GameRobotHp: Red1: 0, Red2: 0, Red3: 0, Red4: 0, Red5: 0, Red7: 0, RedOutpost: 0, RedBase: 0, Blue1: 0, Blue2: 0, Blue3: 0, Blue4: 0, Blue5: 0, Blue7: 400, BlueOutpost: 0, BlueBase: 0
[2025-05-20 06:22:52.940]<DEBUG> [SerialHandler] <0x0003> GameRobotHp: Red1: 0, Red2: 0, Red3: 0, Red4: 0, Red5: 0, Red7: 0, RedOutpost: 0, RedBase: 0, Blue1: 0, Blue2: 0, Blue3: 0, Blue4: 0, Blue5: 0, Blue7: 400, BlueOutpost: 0, BlueBase: 0
[2025-05-20 06:22:53.247]<DEBUG> [SerialHandler] <0x0003> GameRobotHp: Red1: 0, Red2: 0, Red3: 0, Red4: 0, Red5: 0, Red7: 0, RedOutpost: 0, RedBase: 0, Blue1: 0, Blue2: 0, Blue3: 0, Blue4: 0, Blue5: 0, Blue7: 400, BlueOutpost: 0, BlueBase: 0
[2025-05-20 06:22:53.530]<DEBUG> [SerialHandler] <0x0003> GameRobotHp: Red1: 0, Red2: 0, Red3: 0, Red4: 0, Red5: 0, Red7: 0, RedOutpost: 0, RedBase: 0, Blue1: 0, Blue2: 0, Blue3: 0, Blue4: 0, Blue5: 0, Blue7: 400, BlueOutpost: 0, BlueBase: 0
[2025-05-20 06:22:53.838]<DEBUG> [SerialHandler] <0x0003> GameRobotHp: Red1: 0, Red2: 0, Red3: 0, Red4: 0, Red5: 0, Red7: 0, RedOutpost: 0, RedBase: 0, Blue1: 0, Blue2: 0, Blue3: 0, Blue4: 0, Blue5: 0, Blue7: 400, BlueOutpost: 0, BlueBase: 0
[2025-05-20 06:22:54.427]<DEBUG> [SerialHandler] <0x0003> GameRobotHp: Red1: 0, Red2: 0, Red3: 0, Red4: 0, Red5: 0, Red7: 0, RedOutpost: 0, RedBase: 0, Blue1: 0, Blue2: 0, Blue3: 0, Blue4: 0, Blue5: 0, Blue7: 400, BlueOutpost: 0, BlueBase: 0
[2025-05-20 06:22:54.730]<DEBUG> [SerialHandler] <0x0003> GameRobotHp: Red1: 0, Red2: 0, Red3: 0, Red4: 0, Red5: 0, Red7: 0, RedOutpost: 0, RedBase: 0, Blue1: 0, Blue2: 0, Blue3: 0, Blue4: 0, Blue5: 0, Blue7: 400, BlueOutpost: 0, BlueBase: 0
[2025-05-20 06:22:55.033]<DEBUG> [SerialHandler] <0x0003> GameRobotHp: Red1: 0, Red2: 0, Red3: 0, Red4: 0, Red5: 0, Red7: 0, RedOutpost: 0, RedBase: 0, Blue1: 0, Blue2: 0, Blue3: 0, Blue4: 0, Blue5: 0, Blue7: 400, BlueOutpost: 0, BlueBase: 0
[2025-05-20 06:22:55.143]<DEBUG> [SerialHandler] <0x0101> GameBuff: IsSupplyAreaOccupied: False, IsSupplyAreaOccupied2: False, IsSupplyAreaOccupied3: False, IsLittleEnergyOrganActivated: False, IsBigEnergyOrganActivated: False, IsCentralHighlandOccupied: False, IsTrapezoidalHighlandOccupied: False, EnemyDartHitTime: 0, EnemyDartHitTarget: 0, CenterGainPointStatus: 0
[2025-05-20 06:22:55.145]<DEBUG> [SerialHandler] <0x0001> GameStatus: GameType: 1, GameStage: NotStarted, StageRemainTime: 0, SyncTimestamp: 0
[2025-05-20 06:22:55.335]<DEBUG> [SerialHandler] <0x0003> GameRobotHp: Red1: 0, Red2: 0, Red3: 0, Red4: 0, Red5: 0, Red7: 0, RedOutpost: 0, RedBase: 0, Blue1: 0, Blue2: 0, Blue3: 0, Blue4: 0, Blue5: 0, Blue7: 400, BlueOutpost: 0, BlueBase: 0
[2025-05-20 06:22:55.638]<DEBUG> [SerialHandler] <0x0003> GameRobotHp: Red1: 0, Red2: 0, Red3: 0, Red4: 0, Red5: 0, Red7: 0, RedOutpost: 0, RedBase: 0, Blue1: 0, Blue2: 0, Blue3: 0, Blue4: 0, Blue5: 0, Blue7: 400, BlueOutpost: 0, BlueBase: 0
[2025-05-20 06:22:55.914]<DEBUG> [SerialHandler] <0x0003> GameRobotHp: Red1: 0, Red2: 0, Red3: 0, Red4: 0, Red5: 0, Red7: 0, RedOutpost: 0, RedBase: 0, Blue1: 0, Blue2: 0, Blue3: 0, Blue4: 0, Blue5: 0, Blue7: 400, BlueOutpost: 0, BlueBase: 0
[2025-05-20 06:22:56.161]<DEBUG> [SerialHandler] <0x0001> GameStatus: GameType: 1, GameStage: NotStarted, StageRemainTime: 0, SyncTimestamp: 0
[2025-05-20 06:22:56.243]<DEBUG> [SerialHandler] <0x0003> GameRobotHp: Red1: 0, Red2: 0, Red3: 0, Red4: 0, Red5: 0, Red7: 0, RedOutpost: 0, RedBase: 0, Blue1: 0, Blue2: 0, Blue3: 0, Blue4: 0, Blue5: 0, Blue7: 400, BlueOutpost: 0, BlueBase: 0
[2025-05-20 06:22:56.542]<DEBUG> [SerialHandler] <0x0003> GameRobotHp: Red1: 0, Red2: 0, Red3: 0, Red4: 0, Red5: 0, Red7: 0, RedOutpost: 0, RedBase: 0, Blue1: 0, Blue2: 0, Blue3: 0, Blue4: 0, Blue5: 0, Blue7: 400, BlueOutpost: 0, BlueBase: 0
[2025-05-20 06:22:56.816]<DEBUG> [SerialHandler] <0x0003> GameRobotHp: Red1: 0, Red2: 0, Red3: 0, Red4: 0, Red5: 0, Red7: 0, RedOutpost: 0, RedBase: 0, Blue1: 0, Blue2: 0, Blue3: 0, Blue4: 0, Blue5: 0, Blue7: 400, BlueOutpost: 0, BlueBase: 0
[2025-05-20 06:22:57.146]<DEBUG> [SerialHandler] <0x0001> GameStatus: GameType: 1, GameStage: NotStarted, StageRemainTime: 0, SyncTimestamp: 0
[2025-05-20 06:22:57.147]<DEBUG> [SerialHandler] <0x020E> RadarStatus: DoubleDebuffChances: 0,IsDoubleDebuffAble: False
[2025-05-20 06:22:57.455]<DEBUG> [SerialHandler] <0x0003> GameRobotHp: Red1: 0, Red2: 0, Red3: 0, Red4: 0, Red5: 0, Red7: 0, RedOutpost: 0, RedBase: 0, Blue1: 0, Blue2: 0, Blue3: 0, Blue4: 0, Blue5: 0, Blue7: 400, BlueOutpost: 0, BlueBase: 0
[2025-05-20 06:22:57.740]<DEBUG> [SerialHandler] <0x0003> GameRobotHp: Red1: 0, Red2: 0, Red3: 0, Red4: 0, Red5: 0, Red7: 0, RedOutpost: 0, RedBase: 0, Blue1: 0, Blue2: 0, Blue3: 0, Blue4: 0, Blue5: 0, Blue7: 400, BlueOutpost: 0, BlueBase: 0
[2025-05-20 06:22:58.040]<DEBUG> [SerialHandler] <0x0003> GameRobotHp: Red1: 0, Red2: 0, Red3: 0, Red4: 0, Red5: 0, Red7: 0, RedOutpost: 0, RedBase: 0, Blue1: 0, Blue2: 0, Blue3: 0, Blue4: 0, Blue5: 0, Blue7: 400, BlueOutpost: 0, BlueBase: 0
[2025-05-20 06:22:58.149]<DEBUG> [SerialHandler] <0x020E> RadarStatus: DoubleDebuffChances: 0,IsDoubleDebuffAble: False
[2025-05-20 06:22:58.343]<DEBUG> [SerialHandler] <0x0003> GameRobotHp: Red1: 0, Red2: 0, Red3: 0, Red4: 0, Red5: 0, Red7: 0, RedOutpost: 0, RedBase: 0, Blue1: 0, Blue2: 0, Blue3: 0, Blue4: 0, Blue5: 0, Blue7: 400, BlueOutpost: 0, BlueBase: 0
[2025-05-20 06:22:58.645]<DEBUG> [SerialHandler] <0x0003> GameRobotHp: Red1: 0, Red2: 0, Red3: 0, Red4: 0, Red5: 0, Red7: 0, RedOutpost: 0, RedBase: 0, Blue1: 0, Blue2: 0, Blue3: 0, Blue4: 0, Blue5: 0, Blue7: 400, BlueOutpost: 0, BlueBase: 0
[2025-05-20 06:22:58.921]<DEBUG> [SerialHandler] <0x0003> GameRobotHp: Red1: 0, Red2: 0, Red3: 0, Red4: 0, Red5: 0, Red7: 0, RedOutpost: 0, RedBase: 0, Blue1: 0, Blue2: 0, Blue3: 0, Blue4: 0, Blue5: 0, Blue7: 400, BlueOutpost: 0, BlueBase: 0
[2025-05-20 06:22:59.252]<DEBUG> [SerialHandler] <0x0003> GameRobotHp: Red1: 0, Red2: 0, Red3: 0, Red4: 0, Red5: 0, Red7: 0, RedOutpost: 0, RedBase: 0, Blue1: 0, Blue2: 0, Blue3: 0, Blue4: 0, Blue5: 0, Blue7: 400, BlueOutpost: 0, BlueBase: 0
[2025-05-20 06:22:59.525]<DEBUG> [SerialHandler] <0x0003> GameRobotHp: Red1: 0, Red2: 0, Red3: 0, Red4: 0, Red5: 0, Red7: 0, RedOutpost: 0, RedBase: 0, Blue1: 0, Blue2: 0, Blue3: 0, Blue4: 0, Blue5: 0, Blue7: 400, BlueOutpost: 0, BlueBase: 0
[2025-05-20 06:22:59.828]<DEBUG> [SerialHandler] <0x0003> GameRobotHp: Red1: 0, Red2: 0, Red3: 0, Red4: 0, Red5: 0, Red7: 0, RedOutpost: 0, RedBase: 0, Blue1: 0, Blue2: 0, Blue3: 0, Blue4: 0, Blue5: 0, Blue7: 400, BlueOutpost: 0, BlueBase: 0
[2025-05-20 06:23:00.135]<DEBUG> [SerialHandler] <0x020E> RadarStatus: DoubleDebuffChances: 0,IsDoubleDebuffAble: False
[2025-05-20 06:23:00.437]<DEBUG> [SerialHandler] <0x0003> GameRobotHp: Red1: 0, Red2: 0, Red3: 0, Red4: 0, Red5: 0, Red7: 0, RedOutpost: 0, RedBase: 0, Blue1: 0, Blue2: 0, Blue3: 0, Blue4: 0, Blue5: 0, Blue7: 400, BlueOutpost: 0, BlueBase: 0
[2025-05-20 06:23:00.737]<DEBUG> [SerialHandler] <0x0003> GameRobotHp: Red1: 0, Red2: 0, Red3: 0, Red4: 0, Red5: 0, Red7: 0, RedOutpost: 0, RedBase: 0, Blue1: 0, Blue2: 0, Blue3: 0, Blue4: 0, Blue5: 0, Blue7: 400, BlueOutpost: 0, BlueBase: 0
[2025-05-20 06:23:01.037]<DEBUG> [SerialHandler] <0x0003> GameRobotHp: Red1: 0, Red2: 0, Red3: 0, Red4: 0, Red5: 0, Red7: 0, RedOutpost: 0, RedBase: 0, Blue1: 0, Blue2: 0, Blue3: 0, Blue4: 0, Blue5: 0, Blue7: 400, BlueOutpost: 0, BlueBase: 0
[2025-05-20 06:23:01.119]<DEBUG> [SerialHandler] <0x0101> GameBuff: IsSupplyAreaOccupied: False, IsSupplyAreaOccupied2: False, IsSupplyAreaOccupied3: False, IsLittleEnergyOrganActivated: False, IsBigEnergyOrganActivated: False, IsCentralHighlandOccupied: False, IsTrapezoidalHighlandOccupied: False, EnemyDartHitTime: 0, EnemyDartHitTarget: 0, CenterGainPointStatus: 0
[2025-05-20 06:23:01.317]<DEBUG> [SerialHandler] <0x0003> GameRobotHp: Red1: 0, Red2: 0, Red3: 0, Red4: 0, Red5: 0, Red7: 0, RedOutpost: 0, RedBase: 0, Blue1: 0, Blue2: 0, Blue3: 0, Blue4: 0, Blue5: 0, Blue7: 400, BlueOutpost: 0, BlueBase: 0
[2025-05-20 06:23:01.627]<DEBUG> [SerialHandler] <0x0003> GameRobotHp: Red1: 0, Red2: 0, Red3: 0, Red4: 0, Red5: 0, Red7: 0, RedOutpost: 0, RedBase: 0, Blue1: 0, Blue2: 0, Blue3: 0, Blue4: 0, Blue5: 0, Blue7: 400, BlueOutpost: 0, BlueBase: 0
[2025-05-20 06:23:01.931]<DEBUG> [SerialHandler] <0x0003> GameRobotHp: Red1: 0, Red2: 0, Red3: 0, Red4: 0, Red5: 0, Red7: 0, RedOutpost: 0, RedBase: 0, Blue1: 0, Blue2: 0, Blue3: 0, Blue4: 0, Blue5: 0, Blue7: 400, BlueOutpost: 0, BlueBase: 0
[2025-05-20 06:23:02.232]<DEBUG> [SerialHandler] <0x0003> GameRobotHp: Red1: 0, Red2: 0, Red3: 0, Red4: 0, Red5: 0, Red7: 0, RedOutpost: 0, RedBase: 0, Blue1: 0, Blue2: 0, Blue3: 0, Blue4: 0, Blue5: 0, Blue7: 400, BlueOutpost: 0, BlueBase: 0
[2025-05-20 06:23:02.559]<DEBUG> [SerialHandler] <0x0003> GameRobotHp: Red1: 0, Red2: 0, Red3: 0, Red4: 0, Red5: 0, Red7: 0, RedOutpost: 0, RedBase: 0, Blue1: 0, Blue2: 0, Blue3: 0, Blue4: 0, Blue5: 0, Blue7: 400, BlueOutpost: 0, BlueBase: 0
[2025-05-20 06:23:02.834]<DEBUG> [SerialHandler] <0x0003> GameRobotHp: Red1: 0, Red2: 0, Red3: 0, Red4: 0, Red5: 0, Red7: 0, RedOutpost: 0, RedBase: 0, Blue1: 0, Blue2: 0, Blue3: 0, Blue4: 0, Blue5: 0, Blue7: 400, BlueOutpost: 0, BlueBase: 0
[2025-05-20 06:23:03.193]<DEBUG> [SerialHandler] <0x0101> GameBuff: IsSupplyAreaOccupied: False, IsSupplyAreaOccupied2: False, IsSupplyAreaOccupied3: False, IsLittleEnergyOrganActivated: False, IsBigEnergyOrganActivated: False, IsCentralHighlandOccupied: False, IsTrapezoidalHighlandOccupied: False, EnemyDartHitTime: 0, EnemyDartHitTarget: 0, CenterGainPointStatus: 0
[2025-05-20 06:23:03.193]<DEBUG> [SerialHandler] <0x0001> GameStatus: GameType: 1, GameStage: NotStarted, StageRemainTime: 0, SyncTimestamp: 0
[2025-05-20 06:23:03.439]<DEBUG> [SerialHandler] <0x0003> GameRobotHp: Red1: 0, Red2: 0, Red3: 0, Red4: 0, Red5: 0, Red7: 0, RedOutpost: 0, RedBase: 0, Blue1: 0, Blue2: 0, Blue3: 0, Blue4: 0, Blue5: 0, Blue7: 400, BlueOutpost: 0, BlueBase: 0
[2025-05-20 06:23:03.741]<DEBUG> [SerialHandler] <0x0003> GameRobotHp: Red1: 0, Red2: 0, Red3: 0, Red4: 0, Red5: 0, Red7: 0, RedOutpost: 0, RedBase: 0, Blue1: 0, Blue2: 0, Blue3: 0, Blue4: 0, Blue5: 0, Blue7: 400, BlueOutpost: 0, BlueBase: 0
[2025-05-20 06:23:04.042]<DEBUG> [SerialHandler] <0x0003> GameRobotHp: Red1: 0, Red2: 0, Red3: 0, Red4: 0, Red5: 0, Red7: 0, RedOutpost: 0, RedBase: 0, Blue1: 0, Blue2: 0, Blue3: 0, Blue4: 0, Blue5: 0, Blue7: 400, BlueOutpost: 0, BlueBase: 0
[2025-05-20 06:23:04.346]<DEBUG> [SerialHandler] <0x0003> GameRobotHp: Red1: 0, Red2: 0, Red3: 0, Red4: 0, Red5: 0, Red7: 0, RedOutpost: 0, RedBase: 0, Blue1: 0, Blue2: 0, Blue3: 0, Blue4: 0, Blue5: 0, Blue7: 400, BlueOutpost: 0, BlueBase: 0
[2025-05-20 06:23:04.618]<DEBUG> [SerialHandler] <0x0003> GameRobotHp: Red1: 0, Red2: 0, Red3: 0, Red4: 0, Red5: 0, Red7: 0, RedOutpost: 0, RedBase: 0, Blue1: 0, Blue2: 0, Blue3: 0, Blue4: 0, Blue5: 0, Blue7: 400, BlueOutpost: 0, BlueBase: 0
[2025-05-20 06:23:04.946]<DEBUG> [SerialHandler] <0x0003> GameRobotHp: Red1: 0, Red2: 0, Red3: 0, Red4: 0, Red5: 0, Red7: 0, RedOutpost: 0, RedBase: 0, Blue1: 0, Blue2: 0, Blue3: 0, Blue4: 0, Blue5: 0, Blue7: 400, BlueOutpost: 0, BlueBase: 0
[2025-05-20 06:23:05.140]<DEBUG> [SerialHandler] <0x020E> RadarStatus: DoubleDebuffChances: 0,IsDoubleDebuffAble: False
[2025-05-20 06:23:05.225]<DEBUG> [SerialHandler] <0x0003> GameRobotHp: Red1: 0, Red2: 0, Red3: 0, Red4: 0, Red5: 0, Red7: 0, RedOutpost: 0, RedBase: 0, Blue1: 0, Blue2: 0, Blue3: 0, Blue4: 0, Blue5: 0, Blue7: 400, BlueOutpost: 0, BlueBase: 0
[2025-05-20 06:23:05.534]<DEBUG> [SerialHandler] <0x0003> GameRobotHp: Red1: 0, Red2: 0, Red3: 0, Red4: 0, Red5: 0, Red7: 0, RedOutpost: 0, RedBase: 0, Blue1: 0, Blue2: 0, Blue3: 0, Blue4: 0, Blue5: 0, Blue7: 400, BlueOutpost: 0, BlueBase: 0
[2025-05-20 06:23:05.841]<DEBUG> [SerialHandler] <0x0003> GameRobotHp: Red1: 0, Red2: 0, Red3: 0, Red4: 0, Red5: 0, Red7: 0, RedOutpost: 0, RedBase: 0, Blue1: 0, Blue2: 0, Blue3: 0, Blue4: 0, Blue5: 0, Blue7: 400, BlueOutpost: 0, BlueBase: 0
[2025-05-20 06:23:06.443]<DEBUG> [SerialHandler] <0x0003> GameRobotHp: Red1: 0, Red2: 0, Red3: 0, Red4: 0, Red5: 0, Red7: 0, RedOutpost: 0, RedBase: 0, Blue1: 0, Blue2: 0, Blue3: 0, Blue4: 0, Blue5: 0, Blue7: 400, BlueOutpost: 0, BlueBase: 0
[2025-05-20 06:23:06.743]<DEBUG> [SerialHandler] <0x0003> GameRobotHp: Red1: 0, Red2: 0, Red3: 0, Red4: 0, Red5: 0, Red7: 0, RedOutpost: 0, RedBase: 0, Blue1: 0, Blue2: 0, Blue3: 0, Blue4: 0, Blue5: 0, Blue7: 400, BlueOutpost: 0, BlueBase: 0
[2025-05-20 06:23:07.046]<DEBUG> [SerialHandler] <0x0003> GameRobotHp: Red1: 0, Red2: 0, Red3: 0, Red4: 0, Red5: 0, Red7: 0, RedOutpost: 0, RedBase: 0, Blue1: 0, Blue2: 0, Blue3: 0, Blue4: 0, Blue5: 0, Blue7: 400, BlueOutpost: 0, BlueBase: 0
[2025-05-20 06:23:07.126]<DEBUG> [SerialHandler] <0x020E> RadarStatus: DoubleDebuffChances: 0,IsDoubleDebuffAble: False
[2025-05-20 06:23:07.346]<DEBUG> [SerialHandler] <0x0003> GameRobotHp: Red1: 0, Red2: 0, Red3: 0, Red4: 0, Red5: 0, Red7: 0, RedOutpost: 0, RedBase: 0, Blue1: 0, Blue2: 0, Blue3: 0, Blue4: 0, Blue5: 0, Blue7: 400, BlueOutpost: 0, BlueBase: 0
[2025-05-20 06:23:07.620]<DEBUG> [SerialHandler] <0x0003> GameRobotHp: Red1: 0, Red2: 0, Red3: 0, Red4: 0, Red5: 0, Red7: 0, RedOutpost: 0, RedBase: 0, Blue1: 0, Blue2: 0, Blue3: 0, Blue4: 0, Blue5: 0, Blue7: 400, BlueOutpost: 0, BlueBase: 0
[2025-05-20 06:23:07.926]<DEBUG> [SerialHandler] <0x0003> GameRobotHp: Red1: 0, Red2: 0, Red3: 0, Red4: 0, Red5: 0, Red7: 0, RedOutpost: 0, RedBase: 0, Blue1: 0, Blue2: 0, Blue3: 0, Blue4: 0, Blue5: 0, Blue7: 400, BlueOutpost: 0, BlueBase: 0
[2025-05-20 06:23:08.224]<DEBUG> [SerialHandler] <0x0003> GameRobotHp: Red1: 0, Red2: 0, Red3: 0, Red4: 0, Red5: 0, Red7: 0, RedOutpost: 0, RedBase: 0, Blue1: 0, Blue2: 0, Blue3: 0, Blue4: 0, Blue5: 0, Blue7: 400, BlueOutpost: 0, BlueBase: 0
[2025-05-20 06:23:08.530]<DEBUG> [SerialHandler] <0x0003> GameRobotHp: Red1: 0, Red2: 0, Red3: 0, Red4: 0, Red5: 0, Red7: 0, RedOutpost: 0, RedBase: 0, Blue1: 0, Blue2: 0, Blue3: 0, Blue4: 0, Blue5: 0, Blue7: 400, BlueOutpost: 0, BlueBase: 0
[2025-05-20 06:23:08.806]<DEBUG> [SerialHandler] <0x0003> GameRobotHp: Red1: 0, Red2: 0, Red3: 0, Red4: 0, Red5: 0, Red7: 0, RedOutpost: 0, RedBase: 0, Blue1: 0, Blue2: 0, Blue3: 0, Blue4: 0, Blue5: 0, Blue7: 400, BlueOutpost: 0, BlueBase: 0
[2025-05-20 06:23:09.134]<DEBUG> [SerialHandler] <0x0101> GameBuff: IsSupplyAreaOccupied: False, IsSupplyAreaOccupied2: False, IsSupplyAreaOccupied3: False, IsLittleEnergyOrganActivated: False, IsBigEnergyOrganActivated: False, IsCentralHighlandOccupied: False, IsTrapezoidalHighlandOccupied: False, EnemyDartHitTime: 0, EnemyDartHitTarget: 0, CenterGainPointStatus: 0
[2025-05-20 06:23:09.136]<DEBUG> [SerialHandler] <0x020E> RadarStatus: DoubleDebuffChances: 0,IsDoubleDebuffAble: False
[2025-05-20 06:23:09.450]<DEBUG> [SerialHandler] <0x0003> GameRobotHp: Red1: 0, Red2: 0, Red3: 0, Red4: 0, Red5: 0, Red7: 0, RedOutpost: 0, RedBase: 0, Blue1: 0, Blue2: 0, Blue3: 0, Blue4: 0, Blue5: 0, Blue7: 400, BlueOutpost: 0, BlueBase: 0
[2025-05-20 06:23:09.733]<DEBUG> [SerialHandler] <0x0003> GameRobotHp: Red1: 0, Red2: 0, Red3: 0, Red4: 0, Red5: 0, Red7: 0, RedOutpost: 0, RedBase: 0, Blue1: 0, Blue2: 0, Blue3: 0, Blue4: 0, Blue5: 0, Blue7: 400, BlueOutpost: 0, BlueBase: 0
[2025-05-20 06:23:10.035]<DEBUG> [SerialHandler] <0x0003> GameRobotHp: Red1: 0, Red2: 0, Red3: 0, Red4: 0, Red5: 0, Red7: 0, RedOutpost: 0, RedBase: 0, Blue1: 0, Blue2: 0, Blue3: 0, Blue4: 0, Blue5: 0, Blue7: 400, BlueOutpost: 0, BlueBase: 0
[2025-05-20 06:23:10.314]<DEBUG> [SerialHandler] <0x0003> GameRobotHp: Red1: 0, Red2: 0, Red3: 0, Red4: 0, Red5: 0, Red7: 0, RedOutpost: 0, RedBase: 0, Blue1: 0, Blue2: 0, Blue3: 0, Blue4: 0, Blue5: 0, Blue7: 400, BlueOutpost: 0, BlueBase: 0
[2025-05-20 06:23:10.643]<DEBUG> [SerialHandler] <0x0003> GameRobotHp: Red1: 0, Red2: 0, Red3: 0, Red4: 0, Red5: 0, Red7: 0, RedOutpost: 0, RedBase: 0, Blue1: 0, Blue2: 0, Blue3: 0, Blue4: 0, Blue5: 0, Blue7: 400, BlueOutpost: 0, BlueBase: 0
[2025-05-20 06:23:10.920]<DEBUG> [SerialHandler] <0x0003> GameRobotHp: Red1: 0, Red2: 0, Red3: 0, Red4: 0, Red5: 0, Red7: 0, RedOutpost: 0, RedBase: 0, Blue1: 0, Blue2: 0, Blue3: 0, Blue4: 0, Blue5: 0, Blue7: 400, BlueOutpost: 0, BlueBase: 0
[2025-05-20 06:23:11.138]<DEBUG> [SerialHandler] <0x020E> RadarStatus: DoubleDebuffChances: 0,IsDoubleDebuffAble: False
[2025-05-20 06:23:11.248]<DEBUG> [SerialHandler] <0x0003> GameRobotHp: Red1: 0, Red2: 0, Red3: 0, Red4: 0, Red5: 0, Red7: 0, RedOutpost: 0, RedBase: 0, Blue1: 0, Blue2: 0, Blue3: 0, Blue4: 0, Blue5: 0, Blue7: 400, BlueOutpost: 0, BlueBase: 0
[2025-05-20 06:23:11.520]<DEBUG> [SerialHandler] <0x0003> GameRobotHp: Red1: 0, Red2: 0, Red3: 0, Red4: 0, Red5: 0, Red7: 0, RedOutpost: 0, RedBase: 0, Blue1: 0, Blue2: 0, Blue3: 0, Blue4: 0, Blue5: 0, Blue7: 400, BlueOutpost: 0, BlueBase: 0
[2025-05-20 06:23:11.823]<DEBUG> [SerialHandler] <0x0003> GameRobotHp: Red1: 0, Red2: 0, Red3: 0, Red4: 0, Red5: 0, Red7: 0, RedOutpost: 0, RedBase: 0, Blue1: 0, Blue2: 0, Blue3: 0, Blue4: 0, Blue5: 0, Blue7: 400, BlueOutpost: 0, BlueBase: 0
[2025-05-20 06:23:12.427]<DEBUG> [SerialHandler] <0x0003> GameRobotHp: Red1: 0, Red2: 0, Red3: 0, Red4: 0, Red5: 0, Red7: 0, RedOutpost: 0, RedBase: 0, Blue1: 0, Blue2: 0, Blue3: 0, Blue4: 0, Blue5: 0, Blue7: 400, BlueOutpost: 0, BlueBase: 0
[2025-05-20 06:23:12.726]<DEBUG> [SerialHandler] <0x0003> GameRobotHp: Red1: 0, Red2: 0, Red3: 0, Red4: 0, Red5: 0, Red7: 0, RedOutpost: 0, RedBase: 0, Blue1: 0, Blue2: 0, Blue3: 0, Blue4: 0, Blue5: 0, Blue7: 400, BlueOutpost: 0, BlueBase: 0
[2025-05-20 06:23:13.028]<DEBUG> [SerialHandler] <0x0003> GameRobotHp: Red1: 0, Red2: 0, Red3: 0, Red4: 0, Red5: 0, Red7: 0, RedOutpost: 0, RedBase: 0, Blue1: 0, Blue2: 0, Blue3: 0, Blue4: 0, Blue5: 0, Blue7: 400, BlueOutpost: 0, BlueBase: 0
[2025-05-20 06:23:13.163]<DEBUG> [SerialHandler] <0x0101> GameBuff: IsSupplyAreaOccupied: False, IsSupplyAreaOccupied2: False, IsSupplyAreaOccupied3: False, IsLittleEnergyOrganActivated: False, IsBigEnergyOrganActivated: False, IsCentralHighlandOccupied: False, IsTrapezoidalHighlandOccupied: False, EnemyDartHitTime: 0, EnemyDartHitTarget: 0, CenterGainPointStatus: 0
[2025-05-20 06:23:13.333]<DEBUG> [SerialHandler] <0x0003> GameRobotHp: Red1: 0, Red2: 0, Red3: 0, Red4: 0, Red5: 0, Red7: 0, RedOutpost: 0, RedBase: 0, Blue1: 0, Blue2: 0, Blue3: 0, Blue4: 0, Blue5: 0, Blue7: 400, BlueOutpost: 0, BlueBase: 0
[2025-05-20 06:23:13.639]<DEBUG> [SerialHandler] <0x0003> GameRobotHp: Red1: 0, Red2: 0, Red3: 0, Red4: 0, Red5: 0, Red7: 0, RedOutpost: 0, RedBase: 0, Blue1: 0, Blue2: 0, Blue3: 0, Blue4: 0, Blue5: 0, Blue7: 400, BlueOutpost: 0, BlueBase: 0
[2025-05-20 06:23:13.916]<DEBUG> [SerialHandler] <0x0003> GameRobotHp: Red1: 0, Red2: 0, Red3: 0, Red4: 0, Red5: 0, Red7: 0, RedOutpost: 0, RedBase: 0, Blue1: 0, Blue2: 0, Blue3: 0, Blue4: 0, Blue5: 0, Blue7: 400, BlueOutpost: 0, BlueBase: 0
[2025-05-20 06:23:14.243]<DEBUG> [SerialHandler] <0x0003> GameRobotHp: Red1: 0, Red2: 0, Red3: 0, Red4: 0, Red5: 0, Red7: 0, RedOutpost: 0, RedBase: 0, Blue1: 0, Blue2: 0, Blue3: 0, Blue4: 0, Blue5: 0, Blue7: 400, BlueOutpost: 0, BlueBase: 0
[2025-05-20 06:23:14.541]<DEBUG> [SerialHandler] <0x0003> GameRobotHp: Red1: 0, Red2: 0, Red3: 0, Red4: 0, Red5: 0, Red7: 0, RedOutpost: 0, RedBase: 0, Blue1: 0, Blue2: 0, Blue3: 0, Blue4: 0, Blue5: 0, Blue7: 400, BlueOutpost: 0, BlueBase: 0
[2025-05-20 06:23:14.843]<DEBUG> [SerialHandler] <0x0003> GameRobotHp: Red1: 0, Red2: 0, Red3: 0, Red4: 0, Red5: 0, Red7: 0, RedOutpost: 0, RedBase: 0, Blue1: 0, Blue2: 0, Blue3: 0, Blue4: 0, Blue5: 0, Blue7: 400, BlueOutpost: 0, BlueBase: 0
[2025-05-20 06:23:15.144]<DEBUG> [SerialHandler] <0x0003> GameRobotHp: Red1: 0, Red2: 0, Red3: 0, Red4: 0, Red5: 0, Red7: 0, RedOutpost: 0, RedBase: 0, Blue1: 0, Blue2: 0, Blue3: 0, Blue4: 0, Blue5: 0, Blue7: 400, BlueOutpost: 0, BlueBase: 0
[2025-05-20 06:23:15.446]<DEBUG> [SerialHandler] <0x0003> GameRobotHp: Red1: 0, Red2: 0, Red3: 0, Red4: 0, Red5: 0, Red7: 0, RedOutpost: 0, RedBase: 0, Blue1: 0, Blue2: 0, Blue3: 0, Blue4: 0, Blue5: 0, Blue7: 400, BlueOutpost: 0, BlueBase: 0
[2025-05-20 06:23:15.723]<DEBUG> [SerialHandler] <0x0003> GameRobotHp: Red1: 0, Red2: 0, Red3: 0, Red4: 0, Red5: 0, Red7: 0, RedOutpost: 0, RedBase: 0, Blue1: 0, Blue2: 0, Blue3: 0, Blue4: 0, Blue5: 0, Blue7: 400, BlueOutpost: 0, BlueBase: 0
[2025-05-20 06:23:16.027]<DEBUG> [SerialHandler] <0x0003> GameRobotHp: Red1: 0, Red2: 0, Red3: 0, Red4: 0, Red5: 0, Red7: 0, RedOutpost: 0, RedBase: 0, Blue1: 0, Blue2: 0, Blue3: 0, Blue4: 0, Blue5: 0, Blue7: 400, BlueOutpost: 0, BlueBase: 0
[2025-05-20 06:23:16.329]<DEBUG> [SerialHandler] <0x0003> GameRobotHp: Red1: 0, Red2: 0, Red3: 0, Red4: 0, Red5: 0, Red7: 0, RedOutpost: 0, RedBase: 0, Blue1: 0, Blue2: 0, Blue3: 0, Blue4: 0, Blue5: 0, Blue7: 400, BlueOutpost: 0, BlueBase: 0
[2025-05-20 06:23:16.660]<DEBUG> [SerialHandler] <0x0003> GameRobotHp: Red1: 0, Red2: 0, Red3: 0, Red4: 0, Red5: 0, Red7: 0, RedOutpost: 0, RedBase: 0, Blue1: 0, Blue2: 0, Blue3: 0, Blue4: 0, Blue5: 0, Blue7: 400, BlueOutpost: 0, BlueBase: 0
[2025-05-20 06:23:16.962]<DEBUG> [SerialHandler] <0x0003> GameRobotHp: Red1: 0, Red2: 0, Red3: 0, Red4: 0, Red5: 0, Red7: 0, RedOutpost: 0, RedBase: 0, Blue1: 0, Blue2: 0, Blue3: 0, Blue4: 0, Blue5: 0, Blue7: 400, BlueOutpost: 0, BlueBase: 0
[2025-05-20 06:23:17.238]<DEBUG> [SerialHandler] <0x0003> GameRobotHp: Red1: 0, Red2: 0, Red3: 0, Red4: 0, Red5: 0, Red7: 0, RedOutpost: 0, RedBase: 0, Blue1: 0, Blue2: 0, Blue3: 0, Blue4: 0, Blue5: 0, Blue7: 400, BlueOutpost: 0, BlueBase: 0
[2025-05-20 06:23:17.547]<DEBUG> [SerialHandler] <0x0003> GameRobotHp: Red1: 0, Red2: 0, Red3: 0, Red4: 0, Red5: 0, Red7: 0, RedOutpost: 0, RedBase: 0, Blue1: 0, Blue2: 0, Blue3: 0, Blue4: 0, Blue5: 0, Blue7: 400, BlueOutpost: 0, BlueBase: 0
[2025-05-20 06:23:17.825]<DEBUG> [SerialHandler] <0x0003> GameRobotHp: Red1: 0, Red2: 0, Red3: 0, Red4: 0, Red5: 0, Red7: 0, RedOutpost: 0, RedBase: 0, Blue1: 0, Blue2: 0, Blue3: 0, Blue4: 0, Blue5: 0, Blue7: 400, BlueOutpost: 0, BlueBase: 0
[2025-05-20 06:23:18.130]<DEBUG> [SerialHandler] <0x0101> GameBuff: IsSupplyAreaOccupied: False, IsSupplyAreaOccupied2: False, IsSupplyAreaOccupied3: False, IsLittleEnergyOrganActivated: False, IsBigEnergyOrganActivated: False, IsCentralHighlandOccupied: False, IsTrapezoidalHighlandOccupied: False, EnemyDartHitTime: 0, EnemyDartHitTarget: 0, CenterGainPointStatus: 0
[2025-05-20 06:23:18.430]<DEBUG> [SerialHandler] <0x0003> GameRobotHp: Red1: 0, Red2: 0, Red3: 0, Red4: 0, Red5: 0, Red7: 0, RedOutpost: 0, RedBase: 0, Blue1: 0, Blue2: 0, Blue3: 0, Blue4: 0, Blue5: 0, Blue7: 400, BlueOutpost: 0, BlueBase: 0
[2025-05-20 06:23:18.733]<DEBUG> [SerialHandler] <0x0003> GameRobotHp: Red1: 0, Red2: 0, Red3: 0, Red4: 0, Red5: 0, Red7: 0, RedOutpost: 0, RedBase: 0, Blue1: 0, Blue2: 0, Blue3: 0, Blue4: 0, Blue5: 0, Blue7: 400, BlueOutpost: 0, BlueBase: 0
[2025-05-20 06:23:19.008]<DEBUG> [SerialHandler] <0x0003> GameRobotHp: Red1: 0, Red2: 0, Red3: 0, Red4: 0, Red5: 0, Red7: 0, RedOutpost: 0, RedBase: 0, Blue1: 0, Blue2: 0, Blue3: 0, Blue4: 0, Blue5: 0, Blue7: 400, BlueOutpost: 0, BlueBase: 0
[2025-05-20 06:23:19.309]<DEBUG> [SerialHandler] <0x0003> GameRobotHp: Red1: 0, Red2: 0, Red3: 0, Red4: 0, Red5: 0, Red7: 0, RedOutpost: 0, RedBase: 0, Blue1: 0, Blue2: 0, Blue3: 0, Blue4: 0, Blue5: 0, Blue7: 400, BlueOutpost: 0, BlueBase: 0
[2025-05-20 06:23:19.611]<DEBUG> [SerialHandler] <0x0003> GameRobotHp: Red1: 0, Red2: 0, Red3: 0, Red4: 0, Red5: 0, Red7: 0, RedOutpost: 0, RedBase: 0, Blue1: 0, Blue2: 0, Blue3: 0, Blue4: 0, Blue5: 0, Blue7: 400, BlueOutpost: 0, BlueBase: 0
[2025-05-20 06:23:19.939]<DEBUG> [SerialHandler] <0x0003> GameRobotHp: Red1: 0, Red2: 0, Red3: 0, Red4: 0, Red5: 0, Red7: 0, RedOutpost: 0, RedBase: 0, Blue1: 0, Blue2: 0, Blue3: 0, Blue4: 0, Blue5: 0, Blue7: 400, BlueOutpost: 0, BlueBase: 0
[2025-05-20 06:23:20.239]<DEBUG> [SerialHandler] <0x0003> GameRobotHp: Red1: 0, Red2: 0, Red3: 0, Red4: 0, Red5: 0, Red7: 0, RedOutpost: 0, RedBase: 0, Blue1: 0, Blue2: 0, Blue3: 0, Blue4: 0, Blue5: 0, Blue7: 400, BlueOutpost: 0, BlueBase: 0
[2025-05-20 06:23:20.516]<DEBUG> [SerialHandler] <0x0003> GameRobotHp: Red1: 0, Red2: 0, Red3: 0, Red4: 0, Red5: 0, Red7: 0, RedOutpost: 0, RedBase: 0, Blue1: 0, Blue2: 0, Blue3: 0, Blue4: 0, Blue5: 0, Blue7: 400, BlueOutpost: 0, BlueBase: 0
[2025-05-20 06:23:20.818]<DEBUG> [SerialHandler] <0x0003> GameRobotHp: Red1: 0, Red2: 0, Red3: 0, Red4: 0, Red5: 0, Red7: 0, RedOutpost: 0, RedBase: 0, Blue1: 0, Blue2: 0, Blue3: 0, Blue4: 0, Blue5: 0, Blue7: 400, BlueOutpost: 0, BlueBase: 0
[2025-05-20 06:23:21.146]<DEBUG> [SerialHandler] <0x020E> RadarStatus: DoubleDebuffChances: 0,IsDoubleDebuffAble: False
[2025-05-20 06:23:21.428]<DEBUG> [SerialHandler] <0x0003> GameRobotHp: Red1: 0, Red2: 0, Red3: 0, Red4: 0, Red5: 0, Red7: 0, RedOutpost: 0, RedBase: 0, Blue1: 0, Blue2: 0, Blue3: 0, Blue4: 0, Blue5: 0, Blue7: 400, BlueOutpost: 0, BlueBase: 0
[2025-05-20 06:23:21.736]<DEBUG> [SerialHandler] <0x0003> GameRobotHp: Red1: 0, Red2: 0, Red3: 0, Red4: 0, Red5: 0, Red7: 0, RedOutpost: 0, RedBase: 0, Blue1: 0, Blue2: 0, Blue3: 0, Blue4: 0, Blue5: 0, Blue7: 400, BlueOutpost: 0, BlueBase: 0
[2025-05-20 06:23:22.035]<DEBUG> [SerialHandler] <0x0003> GameRobotHp: Red1: 0, Red2: 0, Red3: 0, Red4: 0, Red5: 0, Red7: 0, RedOutpost: 0, RedBase: 0, Blue1: 0, Blue2: 0, Blue3: 0, Blue4: 0, Blue5: 0, Blue7: 400, BlueOutpost: 0, BlueBase: 0
[2025-05-20 06:23:22.335]<DEBUG> [SerialHandler] <0x0003> GameRobotHp: Red1: 0, Red2: 0, Red3: 0, Red4: 0, Red5: 0, Red7: 0, RedOutpost: 0, RedBase: 0, Blue1: 0, Blue2: 0, Blue3: 0, Blue4: 0, Blue5: 0, Blue7: 400, BlueOutpost: 0, BlueBase: 0
[2025-05-20 06:23:22.666]<DEBUG> [SerialHandler] <0x0003> GameRobotHp: Red1: 0, Red2: 0, Red3: 0, Red4: 0, Red5: 0, Red7: 0, RedOutpost: 0, RedBase: 0, Blue1: 0, Blue2: 0, Blue3: 0, Blue4: 0, Blue5: 0, Blue7: 400, BlueOutpost: 0, BlueBase: 0
[2025-05-20 06:23:22.924]<DEBUG> [SerialHandler] <0x0003> GameRobotHp: Red1: 0, Red2: 0, Red3: 0, Red4: 0, Red5: 0, Red7: 0, RedOutpost: 0, RedBase: 0, Blue1: 0, Blue2: 0, Blue3: 0, Blue4: 0, Blue5: 0, Blue7: 400, BlueOutpost: 0, BlueBase: 0
[2025-05-20 06:23:23.147]<DEBUG> [SerialHandler] <0x0001> GameStatus: GameType: 1, GameStage: NotStarted, StageRemainTime: 0, SyncTimestamp: 0
[2025-05-20 06:23:23.256]<DEBUG> [SerialHandler] <0x0003> GameRobotHp: Red1: 0, Red2: 0, Red3: 0, Red4: 0, Red5: 0, Red7: 0, RedOutpost: 0, RedBase: 0, Blue1: 0, Blue2: 0, Blue3: 0, Blue4: 0, Blue5: 0, Blue7: 400, BlueOutpost: 0, BlueBase: 0
[2025-05-20 06:23:23.532]<DEBUG> [SerialHandler] <0x0003> GameRobotHp: Red1: 0, Red2: 0, Red3: 0, Red4: 0, Red5: 0, Red7: 0, RedOutpost: 0, RedBase: 0, Blue1: 0, Blue2: 0, Blue3: 0, Blue4: 0, Blue5: 0, Blue7: 400, BlueOutpost: 0, BlueBase: 0
[2025-05-20 06:23:23.834]<DEBUG> [SerialHandler] <0x0003> GameRobotHp: Red1: 0, Red2: 0, Red3: 0, Red4: 0, Red5: 0, Red7: 0, RedOutpost: 0, RedBase: 0, Blue1: 0, Blue2: 0, Blue3: 0, Blue4: 0, Blue5: 0, Blue7: 400, BlueOutpost: 0, BlueBase: 0
[2025-05-20 06:23:24.137]<DEBUG> [SerialHandler] <0x0101> GameBuff: IsSupplyAreaOccupied: False, IsSupplyAreaOccupied2: False, IsSupplyAreaOccupied3: False, IsLittleEnergyOrganActivated: False, IsBigEnergyOrganActivated: False, IsCentralHighlandOccupied: False, IsTrapezoidalHighlandOccupied: False, EnemyDartHitTime: 0, EnemyDartHitTarget: 0, CenterGainPointStatus: 0
[2025-05-20 06:23:24.436]<DEBUG> [SerialHandler] <0x0003> GameRobotHp: Red1: 0, Red2: 0, Red3: 0, Red4: 0, Red5: 0, Red7: 0, RedOutpost: 0, RedBase: 0, Blue1: 0, Blue2: 0, Blue3: 0, Blue4: 0, Blue5: 0, Blue7: 400, BlueOutpost: 0, BlueBase: 0
[2025-05-20 06:23:24.737]<DEBUG> [SerialHandler] <0x0003> GameRobotHp: Red1: 0, Red2: 0, Red3: 0, Red4: 0, Red5: 0, Red7: 0, RedOutpost: 0, RedBase: 0, Blue1: 0, Blue2: 0, Blue3: 0, Blue4: 0, Blue5: 0, Blue7: 400, BlueOutpost: 0, BlueBase: 0
[2025-05-20 06:23:25.064]<DEBUG> [SerialHandler] <0x0003> GameRobotHp: Red1: 0, Red2: 0, Red3: 0, Red4: 0, Red5: 0, Red7: 0, RedOutpost: 0, RedBase: 0, Blue1: 0, Blue2: 0, Blue3: 0, Blue4: 0, Blue5: 0, Blue7: 400, BlueOutpost: 0, BlueBase: 0
[2025-05-20 06:23:25.344]<DEBUG> [SerialHandler] <0x0003> GameRobotHp: Red1: 0, Red2: 0, Red3: 0, Red4: 0, Red5: 0, Red7: 0, RedOutpost: 0, RedBase: 0, Blue1: 0, Blue2: 0, Blue3: 0, Blue4: 0, Blue5: 0, Blue7: 400, BlueOutpost: 0, BlueBase: 0
[2025-05-20 06:23:25.623]<DEBUG> [SerialHandler] <0x0003> GameRobotHp: Red1: 0, Red2: 0, Red3: 0, Red4: 0, Red5: 0, Red7: 0, RedOutpost: 0, RedBase: 0, Blue1: 0, Blue2: 0, Blue3: 0, Blue4: 0, Blue5: 0, Blue7: 400, BlueOutpost: 0, BlueBase: 0
[2025-05-20 06:23:25.928]<DEBUG> [SerialHandler] <0x0003> GameRobotHp: Red1: 0, Red2: 0, Red3: 0, Red4: 0, Red5: 0, Red7: 0, RedOutpost: 0, RedBase: 0, Blue1: 0, Blue2: 0, Blue3: 0, Blue4: 0, Blue5: 0, Blue7: 400, BlueOutpost: 0, BlueBase: 0
[2025-05-20 06:23:26.229]<DEBUG> [SerialHandler] <0x0003> GameRobotHp: Red1: 0, Red2: 0, Red3: 0, Red4: 0, Red5: 0, Red7: 0, RedOutpost: 0, RedBase: 0, Blue1: 0, Blue2: 0, Blue3: 0, Blue4: 0, Blue5: 0, Blue7: 400, BlueOutpost: 0, BlueBase: 0
[2025-05-20 06:23:26.531]<DEBUG> [SerialHandler] <0x0003> GameRobotHp: Red1: 0, Red2: 0, Red3: 0, Red4: 0, Red5: 0, Red7: 0, RedOutpost: 0, RedBase: 0, Blue1: 0, Blue2: 0, Blue3: 0, Blue4: 0, Blue5: 0, Blue7: 400, BlueOutpost: 0, BlueBase: 0
[2025-05-20 06:23:26.829]<DEBUG> [SerialHandler] <0x0003> GameRobotHp: Red1: 0, Red2: 0, Red3: 0, Red4: 0, Red5: 0, Red7: 0, RedOutpost: 0, RedBase: 0, Blue1: 0, Blue2: 0, Blue3: 0, Blue4: 0, Blue5: 0, Blue7: 400, BlueOutpost: 0, BlueBase: 0
[2025-05-20 06:23:27.135]<DEBUG> [SerialHandler] <0x020E> RadarStatus: DoubleDebuffChances: 0,IsDoubleDebuffAble: False
[2025-05-20 06:23:27.437]<DEBUG> [SerialHandler] <0x0003> GameRobotHp: Red1: 0, Red2: 0, Red3: 0, Red4: 0, Red5: 0, Red7: 0, RedOutpost: 0, RedBase: 0, Blue1: 0, Blue2: 0, Blue3: 0, Blue4: 0, Blue5: 0, Blue7: 400, BlueOutpost: 0, BlueBase: 0
[2025-05-20 06:23:27.714]<DEBUG> [SerialHandler] <0x0003> GameRobotHp: Red1: 0, Red2: 0, Red3: 0, Red4: 0, Red5: 0, Red7: 0, RedOutpost: 0, RedBase: 0, Blue1: 0, Blue2: 0, Blue3: 0, Blue4: 0, Blue5: 0, Blue7: 400, BlueOutpost: 0, BlueBase: 0
[2025-05-20 06:23:28.043]<DEBUG> [SerialHandler] <0x0003> GameRobotHp: Red1: 0, Red2: 0, Red3: 0, Red4: 0, Red5: 0, Red7: 0, RedOutpost: 0, RedBase: 0, Blue1: 0, Blue2: 0, Blue3: 0, Blue4: 0, Blue5: 0, Blue7: 400, BlueOutpost: 0, BlueBase: 0
[2025-05-20 06:23:28.322]<DEBUG> [SerialHandler] <0x0003> GameRobotHp: Red1: 0, Red2: 0, Red3: 0, Red4: 0, Red5: 0, Red7: 0, RedOutpost: 0, RedBase: 0, Blue1: 0, Blue2: 0, Blue3: 0, Blue4: 0, Blue5: 0, Blue7: 400, BlueOutpost: 0, BlueBase: 0
[2025-05-20 06:23:28.624]<DEBUG> [SerialHandler] <0x0003> GameRobotHp: Red1: 0, Red2: 0, Red3: 0, Red4: 0, Red5: 0, Red7: 0, RedOutpost: 0, RedBase: 0, Blue1: 0, Blue2: 0, Blue3: 0, Blue4: 0, Blue5: 0, Blue7: 400, BlueOutpost: 0, BlueBase: 0
[2025-05-20 06:23:28.924]<DEBUG> [SerialHandler] <0x0003> GameRobotHp: Red1: 0, Red2: 0, Red3: 0, Red4: 0, Red5: 0, Red7: 0, RedOutpost: 0, RedBase: 0, Blue1: 0, Blue2: 0, Blue3: 0, Blue4: 0, Blue5: 0, Blue7: 400, BlueOutpost: 0, BlueBase: 0
[2025-05-20 06:23:29.229]<DEBUG> [SerialHandler] <0x0003> GameRobotHp: Red1: 0, Red2: 0, Red3: 0, Red4: 0, Red5: 0, Red7: 0, RedOutpost: 0, RedBase: 0, Blue1: 0, Blue2: 0, Blue3: 0, Blue4: 0, Blue5: 0, Blue7: 400, BlueOutpost: 0, BlueBase: 0
[2025-05-20 06:23:29.510]<DEBUG> [SerialHandler] <0x0003> GameRobotHp: Red1: 0, Red2: 0, Red3: 0, Red4: 0, Red5: 0, Red7: 0, RedOutpost: 0, RedBase: 0, Blue1: 0, Blue2: 0, Blue3: 0, Blue4: 0, Blue5: 0, Blue7: 400, BlueOutpost: 0, BlueBase: 0
[2025-05-20 06:23:29.819]<DEBUG> [SerialHandler] <0x0003> GameRobotHp: Red1: 0, Red2: 0, Red3: 0, Red4: 0, Red5: 0, Red7: 0, RedOutpost: 0, RedBase: 0, Blue1: 0, Blue2: 0, Blue3: 0, Blue4: 0, Blue5: 0, Blue7: 400, BlueOutpost: 0, BlueBase: 0
[2025-05-20 06:23:30.424]<DEBUG> [SerialHandler] <0x0003> GameRobotHp: Red1: 0, Red2: 0, Red3: 0, Red4: 0, Red5: 0, Red7: 0, RedOutpost: 0, RedBase: 0, Blue1: 0, Blue2: 0, Blue3: 0, Blue4: 0, Blue5: 0, Blue7: 400, BlueOutpost: 0, BlueBase: 0
[2025-05-20 06:23:30.753]<DEBUG> [SerialHandler] <0x0003> GameRobotHp: Red1: 0, Red2: 0, Red3: 0, Red4: 0, Red5: 0, Red7: 0, RedOutpost: 0, RedBase: 0, Blue1: 0, Blue2: 0, Blue3: 0, Blue4: 0, Blue5: 0, Blue7: 400, BlueOutpost: 0, BlueBase: 0
[2025-05-20 06:23:31.027]<DEBUG> [SerialHandler] <0x0003> GameRobotHp: Red1: 0, Red2: 0, Red3: 0, Red4: 0, Red5: 0, Red7: 0, RedOutpost: 0, RedBase: 0, Blue1: 0, Blue2: 0, Blue3: 0, Blue4: 0, Blue5: 0, Blue7: 400, BlueOutpost: 0, BlueBase: 0
[2025-05-20 06:23:31.134]<DEBUG> [SerialHandler] <0x0001> GameStatus: GameType: 1, GameStage: NotStarted, StageRemainTime: 0, SyncTimestamp: 0
[2025-05-20 06:23:31.327]<DEBUG> [SerialHandler] <0x0003> GameRobotHp: Red1: 0, Red2: 0, Red3: 0, Red4: 0, Red5: 0, Red7: 0, RedOutpost: 0, RedBase: 0, Blue1: 0, Blue2: 0, Blue3: 0, Blue4: 0, Blue5: 0, Blue7: 400, BlueOutpost: 0, BlueBase: 0
[2025-05-20 06:23:31.656]<DEBUG> [SerialHandler] <0x0003> GameRobotHp: Red1: 0, Red2: 0, Red3: 0, Red4: 0, Red5: 0, Red7: 0, RedOutpost: 0, RedBase: 0, Blue1: 0, Blue2: 0, Blue3: 0, Blue4: 0, Blue5: 0, Blue7: 400, BlueOutpost: 0, BlueBase: 0
[2025-05-20 06:23:31.930]<DEBUG> [SerialHandler] <0x0003> GameRobotHp: Red1: 0, Red2: 0, Red3: 0, Red4: 0, Red5: 0, Red7: 0, RedOutpost: 0, RedBase: 0, Blue1: 0, Blue2: 0, Blue3: 0, Blue4: 0, Blue5: 0, Blue7: 400, BlueOutpost: 0, BlueBase: 0
[2025-05-20 06:23:32.231]<DEBUG> [SerialHandler] <0x0003> GameRobotHp: Red1: 0, Red2: 0, Red3: 0, Red4: 0, Red5: 0, Red7: 0, RedOutpost: 0, RedBase: 0, Blue1: 0, Blue2: 0, Blue3: 0, Blue4: 0, Blue5: 0, Blue7: 400, BlueOutpost: 0, BlueBase: 0
[2025-05-20 06:23:32.535]<DEBUG> [SerialHandler] <0x0003> GameRobotHp: Red1: 0, Red2: 0, Red3: 0, Red4: 0, Red5: 0, Red7: 0, RedOutpost: 0, RedBase: 0, Blue1: 0, Blue2: 0, Blue3: 0, Blue4: 0, Blue5: 0, Blue7: 400, BlueOutpost: 0, BlueBase: 0
[2025-05-20 06:23:32.839]<DEBUG> [SerialHandler] <0x0003> GameRobotHp: Red1: 0, Red2: 0, Red3: 0, Red4: 0, Red5: 0, Red7: 0, RedOutpost: 0, RedBase: 0, Blue1: 0, Blue2: 0, Blue3: 0, Blue4: 0, Blue5: 0, Blue7: 400, BlueOutpost: 0, BlueBase: 0
[2025-05-20 06:23:33.419]<DEBUG> [SerialHandler] <0x0003> GameRobotHp: Red1: 0, Red2: 0, Red3: 0, Red4: 0, Red5: 0, Red7: 0, RedOutpost: 0, RedBase: 0, Blue1: 0, Blue2: 0, Blue3: 0, Blue4: 0, Blue5: 0, Blue7: 400, BlueOutpost: 0, BlueBase: 0
[2025-05-20 06:23:33.729]<DEBUG> [SerialHandler] <0x0003> GameRobotHp: Red1: 0, Red2: 0, Red3: 0, Red4: 0, Red5: 0, Red7: 0, RedOutpost: 0, RedBase: 0, Blue1: 0, Blue2: 0, Blue3: 0, Blue4: 0, Blue5: 0, Blue7: 400, BlueOutpost: 0, BlueBase: 0
[2025-05-20 06:23:34.029]<DEBUG> [SerialHandler] <0x0003> GameRobotHp: Red1: 0, Red2: 0, Red3: 0, Red4: 0, Red5: 0, Red7: 0, RedOutpost: 0, RedBase: 0, Blue1: 0, Blue2: 0, Blue3: 0, Blue4: 0, Blue5: 0, Blue7: 400, BlueOutpost: 0, BlueBase: 0
[2025-05-20 06:23:34.329]<DEBUG> [SerialHandler] <0x0003> GameRobotHp: Red1: 0, Red2: 0, Red3: 0, Red4: 0, Red5: 0, Red7: 0, RedOutpost: 0, RedBase: 0, Blue1: 0, Blue2: 0, Blue3: 0, Blue4: 0, Blue5: 0, Blue7: 400, BlueOutpost: 0, BlueBase: 0
[2025-05-20 06:23:34.657]<DEBUG> [SerialHandler] <0x0003> GameRobotHp: Red1: 0, Red2: 0, Red3: 0, Red4: 0, Red5: 0, Red7: 0, RedOutpost: 0, RedBase: 0, Blue1: 0, Blue2: 0, Blue3: 0, Blue4: 0, Blue5: 0, Blue7: 400, BlueOutpost: 0, BlueBase: 0
[2025-05-20 06:23:34.931]<DEBUG> [SerialHandler] <0x0003> GameRobotHp: Red1: 0, Red2: 0, Red3: 0, Red4: 0, Red5: 0, Red7: 0, RedOutpost: 0, RedBase: 0, Blue1: 0, Blue2: 0, Blue3: 0, Blue4: 0, Blue5: 0, Blue7: 400, BlueOutpost: 0, BlueBase: 0
[2025-05-20 06:23:35.150]<DEBUG> [SerialHandler] <0x020E> RadarStatus: DoubleDebuffChances: 0,IsDoubleDebuffAble: False
[2025-05-20 06:23:35.233]<DEBUG> [SerialHandler] <0x0003> GameRobotHp: Red1: 0, Red2: 0, Red3: 0, Red4: 0, Red5: 0, Red7: 0, RedOutpost: 0, RedBase: 0, Blue1: 0, Blue2: 0, Blue3: 0, Blue4: 0, Blue5: 0, Blue7: 400, BlueOutpost: 0, BlueBase: 0
[2025-05-20 06:23:35.534]<DEBUG> [SerialHandler] <0x0003> GameRobotHp: Red1: 0, Red2: 0, Red3: 0, Red4: 0, Red5: 0, Red7: 0, RedOutpost: 0, RedBase: 0, Blue1: 0, Blue2: 0, Blue3: 0, Blue4: 0, Blue5: 0, Blue7: 400, BlueOutpost: 0, BlueBase: 0
[2025-05-20 06:23:35.834]<DEBUG> [SerialHandler] <0x0003> GameRobotHp: Red1: 0, Red2: 0, Red3: 0, Red4: 0, Red5: 0, Red7: 0, RedOutpost: 0, RedBase: 0, Blue1: 0, Blue2: 0, Blue3: 0, Blue4: 0, Blue5: 0, Blue7: 400, BlueOutpost: 0, BlueBase: 0
[2025-05-20 06:23:36.137]<DEBUG> [SerialHandler] <0x0101> GameBuff: IsSupplyAreaOccupied: False, IsSupplyAreaOccupied2: False, IsSupplyAreaOccupied3: False, IsLittleEnergyOrganActivated: False, IsBigEnergyOrganActivated: False, IsCentralHighlandOccupied: False, IsTrapezoidalHighlandOccupied: False, EnemyDartHitTime: 0, EnemyDartHitTarget: 0, CenterGainPointStatus: 0
[2025-05-20 06:23:36.138]<DEBUG> [SerialHandler] <0x0001> GameStatus: GameType: 1, GameStage: NotStarted, StageRemainTime: 0, SyncTimestamp: 0
[2025-05-20 06:23:36.465]<DEBUG> [SerialHandler] <0x0003> GameRobotHp: Red1: 0, Red2: 0, Red3: 0, Red4: 0, Red5: 0, Red7: 0, RedOutpost: 0, RedBase: 0, Blue1: 0, Blue2: 0, Blue3: 0, Blue4: 0, Blue5: 0, Blue7: 400, BlueOutpost: 0, BlueBase: 0
[2025-05-20 06:23:36.739]<DEBUG> [SerialHandler] <0x0003> GameRobotHp: Red1: 0, Red2: 0, Red3: 0, Red4: 0, Red5: 0, Red7: 0, RedOutpost: 0, RedBase: 0, Blue1: 0, Blue2: 0, Blue3: 0, Blue4: 0, Blue5: 0, Blue7: 400, BlueOutpost: 0, BlueBase: 0
[2025-05-20 06:23:37.041]<DEBUG> [SerialHandler] <0x0003> GameRobotHp: Red1: 0, Red2: 0, Red3: 0, Red4: 0, Red5: 0, Red7: 0, RedOutpost: 0, RedBase: 0, Blue1: 0, Blue2: 0, Blue3: 0, Blue4: 0, Blue5: 0, Blue7: 400, BlueOutpost: 0, BlueBase: 0
[2025-05-20 06:23:37.349]<DEBUG> [SerialHandler] <0x0003> GameRobotHp: Red1: 0, Red2: 0, Red3: 0, Red4: 0, Red5: 0, Red7: 0, RedOutpost: 0, RedBase: 0, Blue1: 0, Blue2: 0, Blue3: 0, Blue4: 0, Blue5: 0, Blue7: 400, BlueOutpost: 0, BlueBase: 0
[2025-05-20 06:23:37.632]<DEBUG> [SerialHandler] <0x0003> GameRobotHp: Red1: 0, Red2: 0, Red3: 0, Red4: 0, Red5: 0, Red7: 0, RedOutpost: 0, RedBase: 0, Blue1: 0, Blue2: 0, Blue3: 0, Blue4: 0, Blue5: 0, Blue7: 400, BlueOutpost: 0, BlueBase: 0
[2025-05-20 06:23:37.962]<DEBUG> [SerialHandler] <0x0003> GameRobotHp: Red1: 0, Red2: 0, Red3: 0, Red4: 0, Red5: 0, Red7: 0, RedOutpost: 0, RedBase: 0, Blue1: 0, Blue2: 0, Blue3: 0, Blue4: 0, Blue5: 0, Blue7: 400, BlueOutpost: 0, BlueBase: 0
[2025-05-20 06:23:38.210]<DEBUG> [SerialHandler] <0x0003> GameRobotHp: Red1: 0, Red2: 0, Red3: 0, Red4: 0, Red5: 0, Red7: 0, RedOutpost: 0, RedBase: 0, Blue1: 0, Blue2: 0, Blue3: 0, Blue4: 0, Blue5: 0, Blue7: 400, BlueOutpost: 0, BlueBase: 0
[2025-05-20 06:23:38.539]<DEBUG> [SerialHandler] <0x0003> GameRobotHp: Red1: 0, Red2: 0, Red3: 0, Red4: 0, Red5: 0, Red7: 0, RedOutpost: 0, RedBase: 0, Blue1: 0, Blue2: 0, Blue3: 0, Blue4: 0, Blue5: 0, Blue7: 400, BlueOutpost: 0, BlueBase: 0
[2025-05-20 06:23:38.842]<DEBUG> [SerialHandler] <0x0003> GameRobotHp: Red1: 0, Red2: 0, Red3: 0, Red4: 0, Red5: 0, Red7: 0, RedOutpost: 0, RedBase: 0, Blue1: 0, Blue2: 0, Blue3: 0, Blue4: 0, Blue5: 0, Blue7: 400, BlueOutpost: 0, BlueBase: 0
[2025-05-20 06:23:39.421]<DEBUG> [SerialHandler] <0x0003> GameRobotHp: Red1: 0, Red2: 0, Red3: 0, Red4: 0, Red5: 0, Red7: 0, RedOutpost: 0, RedBase: 0, Blue1: 0, Blue2: 0, Blue3: 0, Blue4: 0, Blue5: 0, Blue7: 400, BlueOutpost: 0, BlueBase: 0
[2025-05-20 06:23:40.022]<DEBUG> [SerialHandler] <0x0003> GameRobotHp: Red1: 0, Red2: 0, Red3: 0, Red4: 0, Red5: 0, Red7: 0, RedOutpost: 0, RedBase: 0, Blue1: 0, Blue2: 0, Blue3: 0, Blue4: 0, Blue5: 0, Blue7: 400, BlueOutpost: 0, BlueBase: 0
[2025-05-20 06:23:40.327]<DEBUG> [SerialHandler] <0x0003> GameRobotHp: Red1: 0, Red2: 0, Red3: 0, Red4: 0, Red5: 0, Red7: 0, RedOutpost: 0, RedBase: 0, Blue1: 0, Blue2: 0, Blue3: 0, Blue4: 0, Blue5: 0, Blue7: 400, BlueOutpost: 0, BlueBase: 0
[2025-05-20 06:23:40.628]<DEBUG> [SerialHandler] <0x0003> GameRobotHp: Red1: 0, Red2: 0, Red3: 0, Red4: 0, Red5: 0, Red7: 0, RedOutpost: 0, RedBase: 0, Blue1: 0, Blue2: 0, Blue3: 0, Blue4: 0, Blue5: 0, Blue7: 400, BlueOutpost: 0, BlueBase: 0
[2025-05-20 06:23:40.931]<DEBUG> [SerialHandler] <0x0003> GameRobotHp: Red1: 0, Red2: 0, Red3: 0, Red4: 0, Red5: 0, Red7: 0, RedOutpost: 0, RedBase: 0, Blue1: 0, Blue2: 0, Blue3: 0, Blue4: 0, Blue5: 0, Blue7: 400, BlueOutpost: 0, BlueBase: 0
[2025-05-20 06:23:41.124]<DEBUG> [SerialHandler] <0x0001> GameStatus: GameType: 1, GameStage: NotStarted, StageRemainTime: 0, SyncTimestamp: 0
[2025-05-20 06:23:41.237]<DEBUG> [SerialHandler] <0x0003> GameRobotHp: Red1: 0, Red2: 0, Red3: 0, Red4: 0, Red5: 0, Red7: 0, RedOutpost: 0, RedBase: 0, Blue1: 0, Blue2: 0, Blue3: 0, Blue4: 0, Blue5: 0, Blue7: 400, BlueOutpost: 0, BlueBase: 0
[2025-05-20 06:23:41.563]<DEBUG> [SerialHandler] <0x0003> GameRobotHp: Red1: 0, Red2: 0, Red3: 0, Red4: 0, Red5: 0, Red7: 0, RedOutpost: 0, RedBase: 0, Blue1: 0, Blue2: 0, Blue3: 0, Blue4: 0, Blue5: 0, Blue7: 400, BlueOutpost: 0, BlueBase: 0
[2025-05-20 06:23:41.834]<DEBUG> [SerialHandler] <0x0003> GameRobotHp: Red1: 0, Red2: 0, Red3: 0, Red4: 0, Red5: 0, Red7: 0, RedOutpost: 0, RedBase: 0, Blue1: 0, Blue2: 0, Blue3: 0, Blue4: 0, Blue5: 0, Blue7: 400, BlueOutpost: 0, BlueBase: 0
[2025-05-20 06:23:42.158]<DEBUG> [SerialHandler] <0x020E> RadarStatus: DoubleDebuffChances: 0,IsDoubleDebuffAble: False
[2025-05-20 06:23:42.159]<DEBUG> [SerialHandler] <0x0003> GameRobotHp: Red1: 0, Red2: 0, Red3: 0, Red4: 0, Red5: 0, Red7: 0, RedOutpost: 0, RedBase: 0, Blue1: 0, Blue2: 0, Blue3: 0, Blue4: 0, Blue5: 0, Blue7: 400, BlueOutpost: 0, BlueBase: 0
[2025-05-20 06:23:42.468]<DEBUG> [SerialHandler] <0x0003> GameRobotHp: Red1: 0, Red2: 0, Red3: 0, Red4: 0, Red5: 0, Red7: 0, RedOutpost: 0, RedBase: 0, Blue1: 0, Blue2: 0, Blue3: 0, Blue4: 0, Blue5: 0, Blue7: 400, BlueOutpost: 0, BlueBase: 0
[2025-05-20 06:23:42.732]<DEBUG> [SerialHandler] <0x0003> GameRobotHp: Red1: 0, Red2: 0, Red3: 0, Red4: 0, Red5: 0, Red7: 0, RedOutpost: 0, RedBase: 0, Blue1: 0, Blue2: 0, Blue3: 0, Blue4: 0, Blue5: 0, Blue7: 400, BlueOutpost: 0, BlueBase: 0
[2025-05-20 06:23:43.036]<DEBUG> [SerialHandler] <0x0003> GameRobotHp: Red1: 0, Red2: 0, Red3: 0, Red4: 0, Red5: 0, Red7: 0, RedOutpost: 0, RedBase: 0, Blue1: 0, Blue2: 0, Blue3: 0, Blue4: 0, Blue5: 0, Blue7: 400, BlueOutpost: 0, BlueBase: 0
[2025-05-20 06:23:43.122]<DEBUG> [SerialHandler] <0x0001> GameStatus: GameType: 1, GameStage: NotStarted, StageRemainTime: 0, SyncTimestamp: 0
[2025-05-20 06:23:43.326]<DEBUG> [SerialHandler] <0x0003> GameRobotHp: Red1: 0, Red2: 0, Red3: 0, Red4: 0, Red5: 0, Red7: 0, RedOutpost: 0, RedBase: 0, Blue1: 0, Blue2: 0, Blue3: 0, Blue4: 0, Blue5: 0, Blue7: 400, BlueOutpost: 0, BlueBase: 0
[2025-05-20 06:23:43.626]<DEBUG> [SerialHandler] <0x0003> GameRobotHp: Red1: 0, Red2: 0, Red3: 0, Red4: 0, Red5: 0, Red7: 0, RedOutpost: 0, RedBase: 0, Blue1: 0, Blue2: 0, Blue3: 0, Blue4: 0, Blue5: 0, Blue7: 400, BlueOutpost: 0, BlueBase: 0
[2025-05-20 06:23:43.929]<DEBUG> [SerialHandler] <0x0003> GameRobotHp: Red1: 0, Red2: 0, Red3: 0, Red4: 0, Red5: 0, Red7: 0, RedOutpost: 0, RedBase: 0, Blue1: 0, Blue2: 0, Blue3: 0, Blue4: 0, Blue5: 0, Blue7: 400, BlueOutpost: 0, BlueBase: 0
[2025-05-20 06:23:44.228]<DEBUG> [SerialHandler] <0x0003> GameRobotHp: Red1: 0, Red2: 0, Red3: 0, Red4: 0, Red5: 0, Red7: 0, RedOutpost: 0, RedBase: 0, Blue1: 0, Blue2: 0, Blue3: 0, Blue4: 0, Blue5: 0, Blue7: 400, BlueOutpost: 0, BlueBase: 0
[2025-05-20 06:23:44.528]<DEBUG> [SerialHandler] <0x0003> GameRobotHp: Red1: 0, Red2: 0, Red3: 0, Red4: 0, Red5: 0, Red7: 0, RedOutpost: 0, RedBase: 0, Blue1: 0, Blue2: 0, Blue3: 0, Blue4: 0, Blue5: 0, Blue7: 400, BlueOutpost: 0, BlueBase: 0
[2025-05-20 06:23:44.830]<DEBUG> [SerialHandler] <0x0003> GameRobotHp: Red1: 0, Red2: 0, Red3: 0, Red4: 0, Red5: 0, Red7: 0, RedOutpost: 0, RedBase: 0, Blue1: 0, Blue2: 0, Blue3: 0, Blue4: 0, Blue5: 0, Blue7: 400, BlueOutpost: 0, BlueBase: 0
[2025-05-20 06:23:45.444]<DEBUG> [SerialHandler] <0x0003> GameRobotHp: Red1: 0, Red2: 0, Red3: 0, Red4: 0, Red5: 0, Red7: 0, RedOutpost: 0, RedBase: 0, Blue1: 0, Blue2: 0, Blue3: 0, Blue4: 0, Blue5: 0, Blue7: 400, BlueOutpost: 0, BlueBase: 0
[2025-05-20 06:23:45.725]<DEBUG> [SerialHandler] <0x0003> GameRobotHp: Red1: 0, Red2: 0, Red3: 0, Red4: 0, Red5: 0, Red7: 0, RedOutpost: 0, RedBase: 0, Blue1: 0, Blue2: 0, Blue3: 0, Blue4: 0, Blue5: 0, Blue7: 400, BlueOutpost: 0, BlueBase: 0
[2025-05-20 06:23:46.024]<DEBUG> [SerialHandler] <0x0003> GameRobotHp: Red1: 0, Red2: 0, Red3: 0, Red4: 0, Red5: 0, Red7: 0, RedOutpost: 0, RedBase: 0, Blue1: 0, Blue2: 0, Blue3: 0, Blue4: 0, Blue5: 0, Blue7: 400, BlueOutpost: 0, BlueBase: 0
[2025-05-20 06:23:46.327]<DEBUG> [SerialHandler] <0x0003> GameRobotHp: Red1: 0, Red2: 0, Red3: 0, Red4: 0, Red5: 0, Red7: 0, RedOutpost: 0, RedBase: 0, Blue1: 0, Blue2: 0, Blue3: 0, Blue4: 0, Blue5: 0, Blue7: 400, BlueOutpost: 0, BlueBase: 0
[2025-05-20 06:23:46.626]<DEBUG> [SerialHandler] <0x0003> GameRobotHp: Red1: 0, Red2: 0, Red3: 0, Red4: 0, Red5: 0, Red7: 0, RedOutpost: 0, RedBase: 0, Blue1: 0, Blue2: 0, Blue3: 0, Blue4: 0, Blue5: 0, Blue7: 400, BlueOutpost: 0, BlueBase: 0
[2025-05-20 06:23:46.928]<DEBUG> [SerialHandler] <0x0003> GameRobotHp: Red1: 0, Red2: 0, Red3: 0, Red4: 0, Red5: 0, Red7: 0, RedOutpost: 0, RedBase: 0, Blue1: 0, Blue2: 0, Blue3: 0, Blue4: 0, Blue5: 0, Blue7: 400, BlueOutpost: 0, BlueBase: 0
[2025-05-20 06:23:47.232]<DEBUG> [SerialHandler] <0x0003> GameRobotHp: Red1: 0, Red2: 0, Red3: 0, Red4: 0, Red5: 0, Red7: 0, RedOutpost: 0, RedBase: 0, Blue1: 0, Blue2: 0, Blue3: 0, Blue4: 0, Blue5: 0, Blue7: 400, BlueOutpost: 0, BlueBase: 0
[2025-05-20 06:23:47.534]<DEBUG> [SerialHandler] <0x0003> GameRobotHp: Red1: 0, Red2: 0, Red3: 0, Red4: 0, Red5: 0, Red7: 0, RedOutpost: 0, RedBase: 0, Blue1: 0, Blue2: 0, Blue3: 0, Blue4: 0, Blue5: 0, Blue7: 400, BlueOutpost: 0, BlueBase: 0
[2025-05-20 06:23:47.835]<DEBUG> [SerialHandler] <0x0003> GameRobotHp: Red1: 0, Red2: 0, Red3: 0, Red4: 0, Red5: 0, Red7: 0, RedOutpost: 0, RedBase: 0, Blue1: 0, Blue2: 0, Blue3: 0, Blue4: 0, Blue5: 0, Blue7: 400, BlueOutpost: 0, BlueBase: 0
[2025-05-20 06:23:48.136]<DEBUG> [SerialHandler] <0x0101> GameBuff: IsSupplyAreaOccupied: False, IsSupplyAreaOccupied2: False, IsSupplyAreaOccupied3: False, IsLittleEnergyOrganActivated: False, IsBigEnergyOrganActivated: False, IsCentralHighlandOccupied: False, IsTrapezoidalHighlandOccupied: False, EnemyDartHitTime: 0, EnemyDartHitTarget: 0, CenterGainPointStatus: 0
[2025-05-20 06:23:48.409]<DEBUG> [SerialHandler] <0x0003> GameRobotHp: Red1: 0, Red2: 0, Red3: 0, Red4: 0, Red5: 0, Red7: 0, RedOutpost: 0, RedBase: 0, Blue1: 0, Blue2: 0, Blue3: 0, Blue4: 0, Blue5: 0, Blue7: 400, BlueOutpost: 0, BlueBase: 0
[2025-05-20 06:23:48.715]<DEBUG> [SerialHandler] <0x0003> GameRobotHp: Red1: 0, Red2: 0, Red3: 0, Red4: 0, Red5: 0, Red7: 0, RedOutpost: 0, RedBase: 0, Blue1: 0, Blue2: 0, Blue3: 0, Blue4: 0, Blue5: 0, Blue7: 400, BlueOutpost: 0, BlueBase: 0
[2025-05-20 06:23:49.044]<DEBUG> [SerialHandler] <0x0003> GameRobotHp: Red1: 0, Red2: 0, Red3: 0, Red4: 0, Red5: 0, Red7: 0, RedOutpost: 0, RedBase: 0, Blue1: 0, Blue2: 0, Blue3: 0, Blue4: 0, Blue5: 0, Blue7: 400, BlueOutpost: 0, BlueBase: 0
[2025-05-20 06:23:49.348]<DEBUG> [SerialHandler] <0x0003> GameRobotHp: Red1: 0, Red2: 0, Red3: 0, Red4: 0, Red5: 0, Red7: 0, RedOutpost: 0, RedBase: 0, Blue1: 0, Blue2: 0, Blue3: 0, Blue4: 0, Blue5: 0, Blue7: 400, BlueOutpost: 0, BlueBase: 0
[2025-05-20 06:23:49.631]<DEBUG> [SerialHandler] <0x0003> GameRobotHp: Red1: 0, Red2: 0, Red3: 0, Red4: 0, Red5: 0, Red7: 0, RedOutpost: 0, RedBase: 0, Blue1: 0, Blue2: 0, Blue3: 0, Blue4: 0, Blue5: 0, Blue7: 400, BlueOutpost: 0, BlueBase: 0
[2025-05-20 06:23:49.936]<DEBUG> [SerialHandler] <0x0003> GameRobotHp: Red1: 0, Red2: 0, Red3: 0, Red4: 0, Red5: 0, Red7: 0, RedOutpost: 0, RedBase: 0, Blue1: 0, Blue2: 0, Blue3: 0, Blue4: 0, Blue5: 0, Blue7: 400, BlueOutpost: 0, BlueBase: 0
[2025-05-20 06:23:50.127]<DEBUG> [SerialHandler] <0x0001> GameStatus: GameType: 1, GameStage: NotStarted, StageRemainTime: 0, SyncTimestamp: 0
[2025-05-20 06:23:50.237]<DEBUG> [SerialHandler] <0x0003> GameRobotHp: Red1: 0, Red2: 0, Red3: 0, Red4: 0, Red5: 0, Red7: 0, RedOutpost: 0, RedBase: 0, Blue1: 0, Blue2: 0, Blue3: 0, Blue4: 0, Blue5: 0, Blue7: 400, BlueOutpost: 0, BlueBase: 0
[2025-05-20 06:23:50.539]<DEBUG> [SerialHandler] <0x0003> GameRobotHp: Red1: 0, Red2: 0, Red3: 0, Red4: 0, Red5: 0, Red7: 0, RedOutpost: 0, RedBase: 0, Blue1: 0, Blue2: 0, Blue3: 0, Blue4: 0, Blue5: 0, Blue7: 400, BlueOutpost: 0, BlueBase: 0
[2025-05-20 06:23:50.842]<DEBUG> [SerialHandler] <0x0003> GameRobotHp: Red1: 0, Red2: 0, Red3: 0, Red4: 0, Red5: 0, Red7: 0, RedOutpost: 0, RedBase: 0, Blue1: 0, Blue2: 0, Blue3: 0, Blue4: 0, Blue5: 0, Blue7: 400, BlueOutpost: 0, BlueBase: 0
[2025-05-20 06:23:51.119]<DEBUG> [SerialHandler] <0x0101> GameBuff: IsSupplyAreaOccupied: False, IsSupplyAreaOccupied2: False, IsSupplyAreaOccupied3: False, IsLittleEnergyOrganActivated: False, IsBigEnergyOrganActivated: False, IsCentralHighlandOccupied: False, IsTrapezoidalHighlandOccupied: False, EnemyDartHitTime: 0, EnemyDartHitTarget: 0, CenterGainPointStatus: 0
[2025-05-20 06:23:51.448]<DEBUG> [SerialHandler] <0x0003> GameRobotHp: Red1: 0, Red2: 0, Red3: 0, Red4: 0, Red5: 0, Red7: 0, RedOutpost: 0, RedBase: 0, Blue1: 0, Blue2: 0, Blue3: 0, Blue4: 0, Blue5: 0, Blue7: 400, BlueOutpost: 0, BlueBase: 0
[2025-05-20 06:23:51.722]<DEBUG> [SerialHandler] <0x0003> GameRobotHp: Red1: 0, Red2: 0, Red3: 0, Red4: 0, Red5: 0, Red7: 0, RedOutpost: 0, RedBase: 0, Blue1: 0, Blue2: 0, Blue3: 0, Blue4: 0, Blue5: 0, Blue7: 400, BlueOutpost: 0, BlueBase: 0
[2025-05-20 06:23:52.035]<DEBUG> [SerialHandler] <0x0003> GameRobotHp: Red1: 0, Red2: 0, Red3: 0, Red4: 0, Red5: 0, Red7: 0, RedOutpost: 0, RedBase: 0, Blue1: 0, Blue2: 0, Blue3: 0, Blue4: 0, Blue5: 0, Blue7: 400, BlueOutpost: 0, BlueBase: 0
[2025-05-20 06:23:52.126]<DEBUG> [SerialHandler] <0x020E> RadarStatus: DoubleDebuffChances: 0,IsDoubleDebuffAble: False
[2025-05-20 06:23:52.330]<DEBUG> [SerialHandler] <0x0003> GameRobotHp: Red1: 0, Red2: 0, Red3: 0, Red4: 0, Red5: 0, Red7: 0, RedOutpost: 0, RedBase: 0, Blue1: 0, Blue2: 0, Blue3: 0, Blue4: 0, Blue5: 0, Blue7: 400, BlueOutpost: 0, BlueBase: 0
[2025-05-20 06:23:52.648]<DEBUG> [SerialHandler] <0x0003> GameRobotHp: Red1: 0, Red2: 0, Red3: 0, Red4: 0, Red5: 0, Red7: 0, RedOutpost: 0, RedBase: 0, Blue1: 0, Blue2: 0, Blue3: 0, Blue4: 0, Blue5: 0, Blue7: 400, BlueOutpost: 0, BlueBase: 0
[2025-05-20 06:23:52.908]<DEBUG> [SerialHandler] <0x0003> GameRobotHp: Red1: 0, Red2: 0, Red3: 0, Red4: 0, Red5: 0, Red7: 0, RedOutpost: 0, RedBase: 0, Blue1: 0, Blue2: 0, Blue3: 0, Blue4: 0, Blue5: 0, Blue7: 400, BlueOutpost: 0, BlueBase: 0
[2025-05-20 06:23:53.134]<DEBUG> [SerialHandler] <0x0101> GameBuff: IsSupplyAreaOccupied: False, IsSupplyAreaOccupied2: False, IsSupplyAreaOccupied3: False, IsLittleEnergyOrganActivated: False, IsBigEnergyOrganActivated: False, IsCentralHighlandOccupied: False, IsTrapezoidalHighlandOccupied: False, EnemyDartHitTime: 0, EnemyDartHitTarget: 0, CenterGainPointStatus: 0
[2025-05-20 06:23:53.217]<DEBUG> [SerialHandler] <0x0003> GameRobotHp: Red1: 0, Red2: 0, Red3: 0, Red4: 0, Red5: 0, Red7: 0, RedOutpost: 0, RedBase: 0, Blue1: 0, Blue2: 0, Blue3: 0, Blue4: 0, Blue5: 0, Blue7: 400, BlueOutpost: 0, BlueBase: 0
[2025-05-20 06:23:53.534]<DEBUG> [SerialHandler] <0x0003> GameRobotHp: Red1: 0, Red2: 0, Red3: 0, Red4: 0, Red5: 0, Red7: 0, RedOutpost: 0, RedBase: 0, Blue1: 0, Blue2: 0, Blue3: 0, Blue4: 0, Blue5: 0, Blue7: 400, BlueOutpost: 0, BlueBase: 0
[2025-05-20 06:23:53.822]<DEBUG> [SerialHandler] <0x0003> GameRobotHp: Red1: 0, Red2: 0, Red3: 0, Red4: 0, Red5: 0, Red7: 0, RedOutpost: 0, RedBase: 0, Blue1: 0, Blue2: 0, Blue3: 0, Blue4: 0, Blue5: 0, Blue7: 400, BlueOutpost: 0, BlueBase: 0
[2025-05-20 06:23:54.134]<DEBUG> [SerialHandler] <0x0001> GameStatus: GameType: 1, GameStage: NotStarted, StageRemainTime: 0, SyncTimestamp: 0
[2025-05-20 06:23:54.135]<DEBUG> [SerialHandler] <0x0003> GameRobotHp: Red1: 0, Red2: 0, Red3: 0, Red4: 0, Red5: 0, Red7: 0, RedOutpost: 0, RedBase: 0, Blue1: 0, Blue2: 0, Blue3: 0, Blue4: 0, Blue5: 0, Blue7: 400, BlueOutpost: 0, BlueBase: 0
[2025-05-20 06:23:54.424]<DEBUG> [SerialHandler] <0x0003> GameRobotHp: Red1: 0, Red2: 0, Red3: 0, Red4: 0, Red5: 0, Red7: 0, RedOutpost: 0, RedBase: 0, Blue1: 0, Blue2: 0, Blue3: 0, Blue4: 0, Blue5: 0, Blue7: 400, BlueOutpost: 0, BlueBase: 0
[2025-05-20 06:23:54.731]<DEBUG> [SerialHandler] <0x0003> GameRobotHp: Red1: 0, Red2: 0, Red3: 0, Red4: 0, Red5: 0, Red7: 0, RedOutpost: 0, RedBase: 0, Blue1: 0, Blue2: 0, Blue3: 0, Blue4: 0, Blue5: 0, Blue7: 400, BlueOutpost: 0, BlueBase: 0
[2025-05-20 06:23:55.020]<DEBUG> [SerialHandler] <0x0003> GameRobotHp: Red1: 0, Red2: 0, Red3: 0, Red4: 0, Red5: 0, Red7: 0, RedOutpost: 0, RedBase: 0, Blue1: 0, Blue2: 0, Blue3: 0, Blue4: 0, Blue5: 0, Blue7: 400, BlueOutpost: 0, BlueBase: 0
[2025-05-20 06:23:55.133]<DEBUG> [SerialHandler] <0x0101> GameBuff: IsSupplyAreaOccupied: False, IsSupplyAreaOccupied2: False, IsSupplyAreaOccupied3: False, IsLittleEnergyOrganActivated: False, IsBigEnergyOrganActivated: False, IsCentralHighlandOccupied: False, IsTrapezoidalHighlandOccupied: False, EnemyDartHitTime: 0, EnemyDartHitTarget: 0, CenterGainPointStatus: 0
[2025-05-20 06:23:55.337]<DEBUG> [SerialHandler] <0x0003> GameRobotHp: Red1: 0, Red2: 0, Red3: 0, Red4: 0, Red5: 0, Red7: 0, RedOutpost: 0, RedBase: 0, Blue1: 0, Blue2: 0, Blue3: 0, Blue4: 0, Blue5: 0, Blue7: 400, BlueOutpost: 0, BlueBase: 0
[2025-05-20 06:23:55.658]<DEBUG> [SerialHandler] <0x0003> GameRobotHp: Red1: 0, Red2: 0, Red3: 0, Red4: 0, Red5: 0, Red7: 0, RedOutpost: 0, RedBase: 0, Blue1: 0, Blue2: 0, Blue3: 0, Blue4: 0, Blue5: 0, Blue7: 400, BlueOutpost: 0, BlueBase: 0
[2025-05-20 06:23:55.927]<DEBUG> [SerialHandler] <0x0003> GameRobotHp: Red1: 0, Red2: 0, Red3: 0, Red4: 0, Red5: 0, Red7: 0, RedOutpost: 0, RedBase: 0, Blue1: 0, Blue2: 0, Blue3: 0, Blue4: 0, Blue5: 0, Blue7: 400, BlueOutpost: 0, BlueBase: 0
[2025-05-20 06:23:56.240]<DEBUG> [SerialHandler] <0x0003> GameRobotHp: Red1: 0, Red2: 0, Red3: 0, Red4: 0, Red5: 0, Red7: 0, RedOutpost: 0, RedBase: 0, Blue1: 0, Blue2: 0, Blue3: 0, Blue4: 0, Blue5: 0, Blue7: 400, BlueOutpost: 0, BlueBase: 0
[2025-05-20 06:23:56.532]<DEBUG> [SerialHandler] <0x0003> GameRobotHp: Red1: 0, Red2: 0, Red3: 0, Red4: 0, Red5: 0, Red7: 0, RedOutpost: 0, RedBase: 0, Blue1: 0, Blue2: 0, Blue3: 0, Blue4: 0, Blue5: 0, Blue7: 400, BlueOutpost: 0, BlueBase: 0
[2025-05-20 06:23:56.849]<DEBUG> [SerialHandler] <0x0003> GameRobotHp: Red1: 0, Red2: 0, Red3: 0, Red4: 0, Red5: 0, Red7: 0, RedOutpost: 0, RedBase: 0, Blue1: 0, Blue2: 0, Blue3: 0, Blue4: 0, Blue5: 0, Blue7: 400, BlueOutpost: 0, BlueBase: 0
[2025-05-20 06:23:57.416]<DEBUG> [SerialHandler] <0x0003> GameRobotHp: Red1: 0, Red2: 0, Red3: 0, Red4: 0, Red5: 0, Red7: 0, RedOutpost: 0, RedBase: 0, Blue1: 0, Blue2: 0, Blue3: 0, Blue4: 0, Blue5: 0, Blue7: 400, BlueOutpost: 0, BlueBase: 0
[2025-05-20 06:23:57.734]<DEBUG> [SerialHandler] <0x0003> GameRobotHp: Red1: 0, Red2: 0, Red3: 0, Red4: 0, Red5: 0, Red7: 0, RedOutpost: 0, RedBase: 0, Blue1: 0, Blue2: 0, Blue3: 0, Blue4: 0, Blue5: 0, Blue7: 400, BlueOutpost: 0, BlueBase: 0
[2025-05-20 06:23:58.043]<DEBUG> [SerialHandler] <0x0003> GameRobotHp: Red1: 0, Red2: 0, Red3: 0, Red4: 0, Red5: 0, Red7: 0, RedOutpost: 0, RedBase: 0, Blue1: 0, Blue2: 0, Blue3: 0, Blue4: 0, Blue5: 0, Blue7: 400, BlueOutpost: 0, BlueBase: 0
[2025-05-20 06:23:58.329]<DEBUG> [SerialHandler] <0x0003> GameRobotHp: Red1: 0, Red2: 0, Red3: 0, Red4: 0, Red5: 0, Red7: 0, RedOutpost: 0, RedBase: 0, Blue1: 0, Blue2: 0, Blue3: 0, Blue4: 0, Blue5: 0, Blue7: 400, BlueOutpost: 0, BlueBase: 0
[2025-05-20 06:23:58.643]<DEBUG> [SerialHandler] <0x0003> GameRobotHp: Red1: 0, Red2: 0, Red3: 0, Red4: 0, Red5: 0, Red7: 0, RedOutpost: 0, RedBase: 0, Blue1: 0, Blue2: 0, Blue3: 0, Blue4: 0, Blue5: 0, Blue7: 400, BlueOutpost: 0, BlueBase: 0
[2025-05-20 06:23:58.916]<DEBUG> [SerialHandler] <0x0003> GameRobotHp: Red1: 0, Red2: 0, Red3: 0, Red4: 0, Red5: 0, Red7: 0, RedOutpost: 0, RedBase: 0, Blue1: 0, Blue2: 0, Blue3: 0, Blue4: 0, Blue5: 0, Blue7: 400, BlueOutpost: 0, BlueBase: 0
[2025-05-20 06:23:59.278]<DEBUG> [SerialHandler] <0x0003> GameRobotHp: Red1: 0, Red2: 0, Red3: 0, Red4: 0, Red5: 0, Red7: 0, RedOutpost: 0, RedBase: 0, Blue1: 0, Blue2: 0, Blue3: 0, Blue4: 0, Blue5: 0, Blue7: 400, BlueOutpost: 0, BlueBase: 0
[2025-05-20 06:23:59.519]<DEBUG> [SerialHandler] <0x0003> GameRobotHp: Red1: 0, Red2: 0, Red3: 0, Red4: 0, Red5: 0, Red7: 0, RedOutpost: 0, RedBase: 0, Blue1: 0, Blue2: 0, Blue3: 0, Blue4: 0, Blue5: 0, Blue7: 400, BlueOutpost: 0, BlueBase: 0
[2025-05-20 06:23:59.849]<DEBUG> [SerialHandler] <0x0003> GameRobotHp: Red1: 0, Red2: 0, Red3: 0, Red4: 0, Red5: 0, Red7: 0, RedOutpost: 0, RedBase: 0, Blue1: 0, Blue2: 0, Blue3: 0, Blue4: 0, Blue5: 0, Blue7: 400, BlueOutpost: 0, BlueBase: 0
[2025-05-20 06:24:00.125]<DEBUG> [SerialHandler] <0x0101> GameBuff: IsSupplyAreaOccupied: False, IsSupplyAreaOccupied2: False, IsSupplyAreaOccupied3: False, IsLittleEnergyOrganActivated: False, IsBigEnergyOrganActivated: False, IsCentralHighlandOccupied: False, IsTrapezoidalHighlandOccupied: False, EnemyDartHitTime: 0, EnemyDartHitTarget: 0, CenterGainPointStatus: 0
[2025-05-20 06:24:00.456]<DEBUG> [SerialHandler] <0x0003> GameRobotHp: Red1: 0, Red2: 0, Red3: 0, Red4: 0, Red5: 0, Red7: 0, RedOutpost: 0, RedBase: 0, Blue1: 0, Blue2: 0, Blue3: 0, Blue4: 0, Blue5: 0, Blue7: 400, BlueOutpost: 0, BlueBase: 0
[2025-05-20 06:24:00.730]<DEBUG> [SerialHandler] <0x0003> GameRobotHp: Red1: 0, Red2: 0, Red3: 0, Red4: 0, Red5: 0, Red7: 0, RedOutpost: 0, RedBase: 0, Blue1: 0, Blue2: 0, Blue3: 0, Blue4: 0, Blue5: 0, Blue7: 400, BlueOutpost: 0, BlueBase: 0
[2025-05-20 06:24:01.048]<DEBUG> [SerialHandler] <0x0003> GameRobotHp: Red1: 0, Red2: 0, Red3: 0, Red4: 0, Red5: 0, Red7: 0, RedOutpost: 0, RedBase: 0, Blue1: 0, Blue2: 0, Blue3: 0, Blue4: 0, Blue5: 0, Blue7: 400, BlueOutpost: 0, BlueBase: 0
[2025-05-20 06:24:01.319]<DEBUG> [SerialHandler] <0x0003> GameRobotHp: Red1: 0, Red2: 0, Red3: 0, Red4: 0, Red5: 0, Red7: 0, RedOutpost: 0, RedBase: 0, Blue1: 0, Blue2: 0, Blue3: 0, Blue4: 0, Blue5: 0, Blue7: 400, BlueOutpost: 0, BlueBase: 0
[2025-05-20 06:24:01.651]<DEBUG> [SerialHandler] <0x0003> GameRobotHp: Red1: 0, Red2: 0, Red3: 0, Red4: 0, Red5: 0, Red7: 0, RedOutpost: 0, RedBase: 0, Blue1: 0, Blue2: 0, Blue3: 0, Blue4: 0, Blue5: 0, Blue7: 400, BlueOutpost: 0, BlueBase: 0
[2025-05-20 06:24:01.941]<DEBUG> [SerialHandler] <0x0003> GameRobotHp: Red1: 0, Red2: 0, Red3: 0, Red4: 0, Red5: 0, Red7: 0, RedOutpost: 0, RedBase: 0, Blue1: 0, Blue2: 0, Blue3: 0, Blue4: 0, Blue5: 0, Blue7: 400, BlueOutpost: 0, BlueBase: 0
[2025-05-20 06:24:02.224]<DEBUG> [SerialHandler] <0x0003> GameRobotHp: Red1: 0, Red2: 0, Red3: 0, Red4: 0, Red5: 0, Red7: 0, RedOutpost: 0, RedBase: 0, Blue1: 0, Blue2: 0, Blue3: 0, Blue4: 0, Blue5: 0, Blue7: 400, BlueOutpost: 0, BlueBase: 0
[2025-05-20 06:24:02.523]<DEBUG> [SerialHandler] <0x0003> GameRobotHp: Red1: 0, Red2: 0, Red3: 0, Red4: 0, Red5: 0, Red7: 0, RedOutpost: 0, RedBase: 0, Blue1: 0, Blue2: 0, Blue3: 0, Blue4: 0, Blue5: 0, Blue7: 400, BlueOutpost: 0, BlueBase: 0
[2025-05-20 06:24:02.833]<DEBUG> [SerialHandler] <0x0003> GameRobotHp: Red1: 0, Red2: 0, Red3: 0, Red4: 0, Red5: 0, Red7: 0, RedOutpost: 0, RedBase: 0, Blue1: 0, Blue2: 0, Blue3: 0, Blue4: 0, Blue5: 0, Blue7: 400, BlueOutpost: 0, BlueBase: 0
[2025-05-20 06:24:03.139]<DEBUG> [SerialHandler] <0x0001> GameStatus: GameType: 1, GameStage: NotStarted, StageRemainTime: 0, SyncTimestamp: 0
[2025-05-20 06:24:03.422]<DEBUG> [SerialHandler] <0x0003> GameRobotHp: Red1: 0, Red2: 0, Red3: 0, Red4: 0, Red5: 0, Red7: 0, RedOutpost: 0, RedBase: 0, Blue1: 0, Blue2: 0, Blue3: 0, Blue4: 0, Blue5: 0, Blue7: 400, BlueOutpost: 0, BlueBase: 0
[2025-05-20 06:24:03.725]<DEBUG> [SerialHandler] <0x0003> GameRobotHp: Red1: 0, Red2: 0, Red3: 0, Red4: 0, Red5: 0, Red7: 0, RedOutpost: 0, RedBase: 0, Blue1: 0, Blue2: 0, Blue3: 0, Blue4: 0, Blue5: 0, Blue7: 400, BlueOutpost: 0, BlueBase: 0
[2025-05-20 06:24:04.052]<DEBUG> [SerialHandler] <0x0003> GameRobotHp: Red1: 0, Red2: 0, Red3: 0, Red4: 0, Red5: 0, Red7: 0, RedOutpost: 0, RedBase: 0, Blue1: 0, Blue2: 0, Blue3: 0, Blue4: 0, Blue5: 0, Blue7: 400, BlueOutpost: 0, BlueBase: 0
[2025-05-20 06:24:04.341]<DEBUG> [SerialHandler] <0x0003> GameRobotHp: Red1: 0, Red2: 0, Red3: 0, Red4: 0, Red5: 0, Red7: 0, RedOutpost: 0, RedBase: 0, Blue1: 0, Blue2: 0, Blue3: 0, Blue4: 0, Blue5: 0, Blue7: 400, BlueOutpost: 0, BlueBase: 0
[2025-05-20 06:24:04.645]<DEBUG> [SerialHandler] <0x0003> GameRobotHp: Red1: 0, Red2: 0, Red3: 0, Red4: 0, Red5: 0, Red7: 0, RedOutpost: 0, RedBase: 0, Blue1: 0, Blue2: 0, Blue3: 0, Blue4: 0, Blue5: 0, Blue7: 400, BlueOutpost: 0, BlueBase: 0
[2025-05-20 06:24:04.938]<DEBUG> [SerialHandler] <0x0003> GameRobotHp: Red1: 0, Red2: 0, Red3: 0, Red4: 0, Red5: 0, Red7: 0, RedOutpost: 0, RedBase: 0, Blue1: 0, Blue2: 0, Blue3: 0, Blue4: 0, Blue5: 0, Blue7: 400, BlueOutpost: 0, BlueBase: 0
[2025-05-20 06:24:05.149]<DEBUG> [SerialHandler] <0x0101> GameBuff: IsSupplyAreaOccupied: False, IsSupplyAreaOccupied2: False, IsSupplyAreaOccupied3: False, IsLittleEnergyOrganActivated: False, IsBigEnergyOrganActivated: False, IsCentralHighlandOccupied: False, IsTrapezoidalHighlandOccupied: False, EnemyDartHitTime: 0, EnemyDartHitTarget: 0, CenterGainPointStatus: 0
[2025-05-20 06:24:05.235]<DEBUG> [SerialHandler] <0x0003> GameRobotHp: Red1: 0, Red2: 0, Red3: 0, Red4: 0, Red5: 0, Red7: 0, RedOutpost: 0, RedBase: 0, Blue1: 0, Blue2: 0, Blue3: 0, Blue4: 0, Blue5: 0, Blue7: 400, BlueOutpost: 0, BlueBase: 0
[2025-05-20 06:24:05.644]<DEBUG> [SerialHandler] <0x0003> GameRobotHp: Red1: 0, Red2: 0, Red3: 0, Red4: 0, Red5: 0, Red7: 0, RedOutpost: 0, RedBase: 0, Blue1: 0, Blue2: 0, Blue3: 0, Blue4: 0, Blue5: 0, Blue7: 400, BlueOutpost: 0, BlueBase: 0
[2025-05-20 06:24:05.900]<DEBUG> [SerialHandler] <0x0003> GameRobotHp: Red1: 0, Red2: 0, Red3: 0, Red4: 0, Red5: 0, Red7: 0, RedOutpost: 0, RedBase: 0, Blue1: 0, Blue2: 0, Blue3: 0, Blue4: 0, Blue5: 0, Blue7: 400, BlueOutpost: 0, BlueBase: 0
[2025-05-20 06:24:06.146]<DEBUG> [SerialHandler] <0x0001> GameStatus: GameType: 1, GameStage: NotStarted, StageRemainTime: 0, SyncTimestamp: 0
[2025-05-20 06:24:06.147]<DEBUG> [SerialHandler] <0x0003> GameRobotHp: Red1: 0, Red2: 0, Red3: 0, Red4: 0, Red5: 0, Red7: 0, RedOutpost: 0, RedBase: 0, Blue1: 0, Blue2: 0, Blue3: 0, Blue4: 0, Blue5: 0, Blue7: 400, BlueOutpost: 0, BlueBase: 0
[2025-05-20 06:24:06.439]<DEBUG> [SerialHandler] <0x0003> GameRobotHp: Red1: 0, Red2: 0, Red3: 0, Red4: 0, Red5: 0, Red7: 0, RedOutpost: 0, RedBase: 0, Blue1: 0, Blue2: 0, Blue3: 0, Blue4: 0, Blue5: 0, Blue7: 400, BlueOutpost: 0, BlueBase: 0
