--- Log File Created: 2025-05-22 21:58:53.369 ---
[2025-05-22 21:58:53.584]<DEBUG> [Detector]Robot Inferencer initializing...
[2025-05-22 21:58:53.587]<DEBUG> [Yolov8Inferencer]Model loaded: car_v8n
[2025-05-22 21:58:53.590]<DEBUG> [Yolov8Inferencer]Model class count: 1
[2025-05-22 21:58:53.590]<DEBUG> [Yolov8Inferencer]Model loaded: armor_v8n
[2025-05-22 21:58:53.591]<DEBUG> [Yolov8Inferencer]Model class count: 12
[2025-05-22 21:58:53.592]<DEBUG> [Yolov8Inferencer]Model loaded: armor_v8n
[2025-05-22 21:58:53.593]<DEBUG> [Yolov8Inferencer]Model class count: 12
[2025-05-22 21:58:53.594]<DEBUG> [Yolov8Inferencer]Model loaded: armor_v8n
[2025-05-22 21:58:53.596]<DEBUG> [Yolov8Inferencer]Model class count: 12
[2025-05-22 21:58:53.597]<DEBUG> [Yolov8Inferencer]Model loaded: armor_v8n
[2025-05-22 21:58:53.597]<DEBUG> [Yolov8Inferencer]Model class count: 12
[2025-05-22 21:58:53.598]<DEBUG> [Yolov8Inferencer]Model loaded: armor_v8n
[2025-05-22 21:58:53.599]<DEBUG> [Yolov8Inferencer]Model class count: 12
[2025-05-22 21:58:53.600]<DEBUG> [Yolov8Inferencer]Model loaded: armor_v8n
[2025-05-22 21:58:53.600]<DEBUG> [Yolov8Inferencer]Model class count: 12
[2025-05-22 21:58:53.601]<DEBUG> [Yolov8Inferencer]Model loaded: armor_v8n
[2025-05-22 21:58:53.602]<DEBUG> [Yolov8Inferencer]Model class count: 12
[2025-05-22 21:58:53.603]<DEBUG> [Yolov8Inferencer]Model loaded: armor_v8n
[2025-05-22 21:58:53.604]<DEBUG> [Yolov8Inferencer]Model class count: 12
[2025-05-22 21:58:53.605]<DEBUG> [Yolov8Inferencer]Model loaded: armor_v8n
[2025-05-22 21:58:53.606]<DEBUG> [Yolov8Inferencer]Model class count: 12
[2025-05-22 21:58:53.606]<DEBUG> [Yolov8Inferencer]Model loaded: armor_v8n
[2025-05-22 21:58:53.607]<DEBUG> [Yolov8Inferencer]Model class count: 12
[2025-05-22 21:58:53.608]<DEBUG> [Yolov8Inferencer]Model loaded: armor_v8n
[2025-05-22 21:58:53.609]<DEBUG> [Yolov8Inferencer]Model class count: 12
[2025-05-22 21:58:53.610]<DEBUG> [Yolov8Inferencer]Model loaded: armor_v8n
[2025-05-22 21:58:53.611]<DEBUG> [Yolov8Inferencer]Model class count: 12
[2025-05-22 21:58:53.611]<DEBUG> [Detector]initialized.
[2025-05-22 21:58:56.546]<DEBUG> [Detector]Robot Inferencer initializing...
[2025-05-22 21:58:56.547]<DEBUG> [Detector]initialized.
[2025-05-22 21:58:56.548]<DEBUG> [Detector]Detection started.
