--- Log File Created: 2025-05-20 22:08:42.132 ---
[2025-05-20 22:08:42.555]<DEBUG> [Detector]Robot Inferencer initializing...
[2025-05-20 22:08:42.558]<DEBUG> [Yolov8Inferencer]Model loaded: car_v8n
[2025-05-20 22:08:42.562]<DEBUG> [Yolov8Inferencer]Model class count: 1
[2025-05-20 22:08:42.563]<DEBUG> [Yolov8Inferencer]Model loaded: armor_v8n
[2025-05-20 22:08:42.564]<DEBUG> [Yolov8Inferencer]Model class count: 12
[2025-05-20 22:08:42.565]<DEBUG> [Yolov8Inferencer]Model loaded: armor_v8n
[2025-05-20 22:08:42.566]<DEBUG> [Yolov8Inferencer]Model class count: 12
[2025-05-20 22:08:42.567]<DEBUG> [Yolov8Inferencer]Model loaded: armor_v8n
[2025-05-20 22:08:42.568]<DEBUG> [Yolov8Inferencer]Model class count: 12
[2025-05-20 22:08:42.569]<DEBUG> [Yolov8Inferencer]Model loaded: armor_v8n
[2025-05-20 22:08:42.570]<DEBUG> [Yolov8Inferencer]Model class count: 12
[2025-05-20 22:08:42.571]<DEBUG> [Yolov8Inferencer]Model loaded: armor_v8n
[2025-05-20 22:08:42.572]<DEBUG> [Yolov8Inferencer]Model class count: 12
[2025-05-20 22:08:42.573]<DEBUG> [Yolov8Inferencer]Model loaded: armor_v8n
[2025-05-20 22:08:42.574]<DEBUG> [Yolov8Inferencer]Model class count: 12
[2025-05-20 22:08:42.575]<DEBUG> [Yolov8Inferencer]Model loaded: armor_v8n
[2025-05-20 22:08:42.576]<DEBUG> [Yolov8Inferencer]Model class count: 12
[2025-05-20 22:08:42.577]<DEBUG> [Yolov8Inferencer]Model loaded: armor_v8n
[2025-05-20 22:08:42.578]<DEBUG> [Yolov8Inferencer]Model class count: 12
[2025-05-20 22:08:42.579]<DEBUG> [Yolov8Inferencer]Model loaded: armor_v8n
[2025-05-20 22:08:42.580]<DEBUG> [Yolov8Inferencer]Model class count: 12
[2025-05-20 22:08:42.581]<DEBUG> [Yolov8Inferencer]Model loaded: armor_v8n
[2025-05-20 22:08:42.583]<DEBUG> [Yolov8Inferencer]Model class count: 12
[2025-05-20 22:08:42.584]<DEBUG> [Yolov8Inferencer]Model loaded: armor_v8n
[2025-05-20 22:08:42.585]<DEBUG> [Yolov8Inferencer]Model class count: 12
[2025-05-20 22:08:42.586]<DEBUG> [Yolov8Inferencer]Model loaded: armor_v8n
[2025-05-20 22:08:42.587]<DEBUG> [Yolov8Inferencer]Model class count: 12
[2025-05-20 22:08:42.588]<DEBUG> [Detector]initialized.
[2025-05-20 22:08:45.624]<DEBUG> [Detector]Robot Inferencer initializing...
[2025-05-20 22:08:45.625]<DEBUG> [Detector]initialized.
[2025-05-20 22:08:45.626]<DEBUG> [Detector]Detection started.
