--- Log File Created: 2025-05-22 22:28:17.182 ---
[2025-05-22 22:28:17.585]<DEBUG> [Detector]Robot Inferencer initializing...
[2025-05-22 22:28:17.588]<DEBUG> [Yolov8Inferencer]Model loaded: car_v8n
[2025-05-22 22:28:17.592]<DEBUG> [Yolov8Inferencer]Model class count: 1
[2025-05-22 22:28:17.593]<DEBUG> [Yolov8Inferencer]Model loaded: armor_v8n
[2025-05-22 22:28:17.594]<DEBUG> [Yolov8Inferencer]Model class count: 12
[2025-05-22 22:28:17.595]<DEBUG> [Yolov8Inferencer]Model loaded: armor_v8n
[2025-05-22 22:28:17.596]<DEBUG> [Yolov8Inferencer]Model class count: 12
[2025-05-22 22:28:17.597]<DEBUG> [Yolov8Inferencer]Model loaded: armor_v8n
[2025-05-22 22:28:17.598]<DEBUG> [Yolov8Inferencer]Model class count: 12
[2025-05-22 22:28:17.599]<DEBUG> [Yolov8Inferencer]Model loaded: armor_v8n
[2025-05-22 22:28:17.600]<DEBUG> [Yolov8Inferencer]Model class count: 12
[2025-05-22 22:28:17.601]<DEBUG> [Yolov8Inferencer]Model loaded: armor_v8n
[2025-05-22 22:28:17.602]<DEBUG> [Yolov8Inferencer]Model class count: 12
[2025-05-22 22:28:17.603]<DEBUG> [Yolov8Inferencer]Model loaded: armor_v8n
[2025-05-22 22:28:17.604]<DEBUG> [Yolov8Inferencer]Model class count: 12
[2025-05-22 22:28:17.605]<DEBUG> [Yolov8Inferencer]Model loaded: armor_v8n
[2025-05-22 22:28:17.606]<DEBUG> [Yolov8Inferencer]Model class count: 12
[2025-05-22 22:28:17.607]<DEBUG> [Yolov8Inferencer]Model loaded: armor_v8n
[2025-05-22 22:28:17.608]<DEBUG> [Yolov8Inferencer]Model class count: 12
[2025-05-22 22:28:17.609]<DEBUG> [Yolov8Inferencer]Model loaded: armor_v8n
[2025-05-22 22:28:17.610]<DEBUG> [Yolov8Inferencer]Model class count: 12
[2025-05-22 22:28:17.611]<DEBUG> [Yolov8Inferencer]Model loaded: armor_v8n
[2025-05-22 22:28:17.612]<DEBUG> [Yolov8Inferencer]Model class count: 12
[2025-05-22 22:28:17.613]<DEBUG> [Yolov8Inferencer]Model loaded: armor_v8n
[2025-05-22 22:28:17.614]<DEBUG> [Yolov8Inferencer]Model class count: 12
[2025-05-22 22:28:17.615]<DEBUG> [Yolov8Inferencer]Model loaded: armor_v8n
[2025-05-22 22:28:17.616]<DEBUG> [Yolov8Inferencer]Model class count: 12
[2025-05-22 22:28:17.617]<DEBUG> [Detector]initialized.
[2025-05-22 22:28:21.385]<DEBUG> [WebCameraHandler]Camera devices scanned: 2 devices found.
[2025-05-22 22:28:21.388]<DEBUG> [WebCameraHandler]--- Camera device 0: DECXIN  CAMERA
[2025-05-22 22:28:21.389]<DEBUG> [WebCameraHandler]--- Camera device 1: OBS Virtual Camera
[2025-05-22 22:28:23.232]<ERROR> [WebCameraHandler]Failed to open DECXIN  CAMERA.
