--- Log File Created: 2025-05-20 06:20:57.996 ---
[2025-05-20 06:20:58.109]<DEBUG> [Detector]Robot Inferencer initializing...
[2025-05-20 06:20:58.112]<DEBUG> [Yolov8Inferencer]Model loaded: car_v8n
[2025-05-20 06:20:58.115]<DEBUG> [Yolov8Inferencer]Model class count: 1
[2025-05-20 06:20:58.116]<DEBUG> [Yolov8Inferencer]Model loaded: armor_v8n
[2025-05-20 06:20:58.117]<DEBUG> [Yolov8Inferencer]Model class count: 12
[2025-05-20 06:20:58.118]<DEBUG> [Detector]initialized.
[2025-05-20 06:21:01.644]<DEBUG> [SerialHandler]Serial port closed.
[2025-05-20 06:21:01.647]<DEBUG> [SerialHandler]Serial port opened: COM6
[2025-05-20 06:21:01.676]<DEBUG> [DataManager]Send data: {Hero: (1400, 750), Engineer: (1400, 750), Infantry3: (1400, 750), Infantry4: (1400, 750), Infantry5: (1400, 750), Sentry: (2170, 855)}
[2025-05-20 06:21:01.975]<DEBUG> [SerialHandler] <0x0003> GameRobotHp: Red1: 0, Red2: 0, Red3: 0, Red4: 0, Red5: 0, Red7: 0, RedOutpost: 0, RedBase: 0, Blue1: 0, Blue2: 0, Blue3: 0, Blue4: 0, Blue5: 0, Blue7: 400, BlueOutpost: 0, BlueBase: 0
[2025-05-20 06:21:01.975]<DEBUG> [DataManager]Send data: {Hero: (1400, 750), Engineer: (1400, 750), Infantry3: (1400, 750), Infantry4: (1400, 750), Infantry5: (1400, 750), Sentry: (2170, 855)}
[2025-05-20 06:21:02.235]<DEBUG> [SerialHandler] <0x0003> GameRobotHp: Red1: 0, Red2: 0, Red3: 0, Red4: 0, Red5: 0, Red7: 0, RedOutpost: 0, RedBase: 0, Blue1: 0, Blue2: 0, Blue3: 0, Blue4: 0, Blue5: 0, Blue7: 400, BlueOutpost: 0, BlueBase: 0
[2025-05-20 06:21:02.263]<DEBUG> [DataManager]Send data: {Hero: (1400, 750), Engineer: (1400, 750), Infantry3: (1400, 750), Infantry4: (1400, 750), Infantry5: (1400, 750), Sentry: (2170, 855)}
[2025-05-20 06:21:02.513]<DEBUG> [SerialHandler] <0x0003> GameRobotHp: Red1: 0, Red2: 0, Red3: 0, Red4: 0, Red5: 0, Red7: 0, RedOutpost: 0, RedBase: 0, Blue1: 0, Blue2: 0, Blue3: 0, Blue4: 0, Blue5: 0, Blue7: 400, BlueOutpost: 0, BlueBase: 0
[2025-05-20 06:21:02.542]<DEBUG> [DataManager]Send data: {Hero: (1400, 750), Engineer: (1400, 750), Infantry3: (1400, 750), Infantry4: (1400, 750), Infantry5: (1400, 750), Sentry: (2170, 855)}
[2025-05-20 06:21:02.829]<DEBUG> [SerialHandler] <0x0003> GameRobotHp: Red1: 0, Red2: 0, Red3: 0, Red4: 0, Red5: 0, Red7: 0, RedOutpost: 0, RedBase: 0, Blue1: 0, Blue2: 0, Blue3: 0, Blue4: 0, Blue5: 0, Blue7: 400, BlueOutpost: 0, BlueBase: 0
[2025-05-20 06:21:02.830]<DEBUG> [DataManager]Send data: {Hero: (1400, 750), Engineer: (1400, 750), Infantry3: (1400, 750), Infantry4: (1400, 750), Infantry5: (1400, 750), Sentry: (2170, 855)}
[2025-05-20 06:21:03.105]<DEBUG> [DataManager]Send data: {Hero: (1400, 750), Engineer: (1400, 750), Infantry3: (1400, 750), Infantry4: (1400, 750), Infantry5: (1400, 750), Sentry: (2170, 855)}
[2025-05-20 06:21:03.382]<DEBUG> [DataManager]Send data: {Hero: (1400, 750), Engineer: (1400, 750), Infantry3: (1400, 750), Infantry4: (1400, 750), Infantry5: (1400, 750), Sentry: (2170, 855)}
[2025-05-20 06:21:03.409]<DEBUG> [SerialHandler] <0x0003> GameRobotHp: Red1: 0, Red2: 0, Red3: 0, Red4: 0, Red5: 0, Red7: 0, RedOutpost: 0, RedBase: 0, Blue1: 0, Blue2: 0, Blue3: 0, Blue4: 0, Blue5: 0, Blue7: 400, BlueOutpost: 0, BlueBase: 0
[2025-05-20 06:21:03.659]<DEBUG> [DataManager]Send data: {Hero: (1400, 750), Engineer: (1400, 750), Infantry3: (1400, 750), Infantry4: (1400, 750), Infantry5: (1400, 750), Sentry: (2170, 855)}
[2025-05-20 06:21:03.714]<DEBUG> [SerialHandler] <0x0003> GameRobotHp: Red1: 0, Red2: 0, Red3: 0, Red4: 0, Red5: 0, Red7: 0, RedOutpost: 0, RedBase: 0, Blue1: 0, Blue2: 0, Blue3: 0, Blue4: 0, Blue5: 0, Blue7: 400, BlueOutpost: 0, BlueBase: 0
[2025-05-20 06:21:03.935]<DEBUG> [DataManager]Send data: {Hero: (1400, 750), Engineer: (1400, 750), Infantry3: (1400, 750), Infantry4: (1400, 750), Infantry5: (1400, 750), Sentry: (2170, 855)}
[2025-05-20 06:21:04.046]<DEBUG> [SerialHandler] <0x0003> GameRobotHp: Red1: 0, Red2: 0, Red3: 0, Red4: 0, Red5: 0, Red7: 0, RedOutpost: 0, RedBase: 0, Blue1: 0, Blue2: 0, Blue3: 0, Blue4: 0, Blue5: 0, Blue7: 400, BlueOutpost: 0, BlueBase: 0
[2025-05-20 06:21:04.212]<DEBUG> [DataManager]Send data: {Hero: (1400, 750), Engineer: (1400, 750), Infantry3: (1400, 750), Infantry4: (1400, 750), Infantry5: (1400, 750), Sentry: (2170, 855)}
[2025-05-20 06:21:04.322]<DEBUG> [SerialHandler] <0x0003> GameRobotHp: Red1: 0, Red2: 0, Red3: 0, Red4: 0, Red5: 0, Red7: 0, RedOutpost: 0, RedBase: 0, Blue1: 0, Blue2: 0, Blue3: 0, Blue4: 0, Blue5: 0, Blue7: 400, BlueOutpost: 0, BlueBase: 0
[2025-05-20 06:21:04.491]<DEBUG> [DataManager]Send data: {Hero: (1400, 750), Engineer: (1400, 750), Infantry3: (1400, 750), Infantry4: (1400, 750), Infantry5: (1400, 750), Sentry: (2170, 855)}
[2025-05-20 06:21:04.629]<DEBUG> [SerialHandler] <0x0003> GameRobotHp: Red1: 0, Red2: 0, Red3: 0, Red4: 0, Red5: 0, Red7: 0, RedOutpost: 0, RedBase: 0, Blue1: 0, Blue2: 0, Blue3: 0, Blue4: 0, Blue5: 0, Blue7: 400, BlueOutpost: 0, BlueBase: 0
[2025-05-20 06:21:04.763]<DEBUG> [DataManager]Send data: {Hero: (1400, 750), Engineer: (1400, 750), Infantry3: (1400, 750), Infantry4: (1400, 750), Infantry5: (1400, 750), Sentry: (2170, 855)}
[2025-05-20 06:21:04.925]<DEBUG> [SerialHandler] <0x0003> GameRobotHp: Red1: 0, Red2: 0, Red3: 0, Red4: 0, Red5: 0, Red7: 0, RedOutpost: 0, RedBase: 0, Blue1: 0, Blue2: 0, Blue3: 0, Blue4: 0, Blue5: 0, Blue7: 400, BlueOutpost: 0, BlueBase: 0
[2025-05-20 06:21:05.036]<DEBUG> [DataManager]Send data: {Hero: (1400, 750), Engineer: (1400, 750), Infantry3: (1400, 750), Infantry4: (1400, 750), Infantry5: (1400, 750), Sentry: (2170, 855)}
[2025-05-20 06:21:05.148]<DEBUG> [SerialHandler] <0x020E> RadarStatus: DoubleDebuffChances: 2,IsDoubleDebuffAble: False
[2025-05-20 06:21:05.149]<DEBUG> [DataManager]Send double debuff command:1
[2025-05-20 06:21:05.176]<DEBUG> [DataManager]Send double debuff command:2
[2025-05-20 06:21:05.247]<DEBUG> [SerialHandler] <0x0003> GameRobotHp: Red1: 0, Red2: 0, Red3: 0, Red4: 0, Red5: 0, Red7: 0, RedOutpost: 0, RedBase: 0, Blue1: 0, Blue2: 0, Blue3: 0, Blue4: 0, Blue5: 0, Blue7: 400, BlueOutpost: 0, BlueBase: 0
[2025-05-20 06:21:05.328]<DEBUG> [DataManager]Send data: {Hero: (1400, 750), Engineer: (1400, 750), Infantry3: (1400, 750), Infantry4: (1400, 750), Infantry5: (1400, 750), Sentry: (2170, 855)}
[2025-05-20 06:21:05.534]<DEBUG> [SerialHandler] <0x0003> GameRobotHp: Red1: 0, Red2: 0, Red3: 0, Red4: 0, Red5: 0, Red7: 0, RedOutpost: 0, RedBase: 0, Blue1: 0, Blue2: 0, Blue3: 0, Blue4: 0, Blue5: 0, Blue7: 400, BlueOutpost: 0, BlueBase: 0
[2025-05-20 06:21:05.621]<DEBUG> [DataManager]Send data: {Hero: (1400, 750), Engineer: (1400, 750), Infantry3: (1400, 750), Infantry4: (1400, 750), Infantry5: (1400, 750), Sentry: (2170, 855)}
[2025-05-20 06:21:05.845]<DEBUG> [SerialHandler] <0x0003> GameRobotHp: Red1: 0, Red2: 0, Red3: 0, Red4: 0, Red5: 0, Red7: 0, RedOutpost: 0, RedBase: 0, Blue1: 0, Blue2: 0, Blue3: 0, Blue4: 0, Blue5: 0, Blue7: 400, BlueOutpost: 0, BlueBase: 0
[2025-05-20 06:21:05.901]<DEBUG> [DataManager]Send data: {Hero: (1400, 750), Engineer: (1400, 750), Infantry3: (1400, 750), Infantry4: (1400, 750), Infantry5: (1400, 750), Sentry: (2170, 855)}
[2025-05-20 06:21:06.150]<DEBUG> [SerialHandler] <0x020E> RadarStatus: DoubleDebuffChances: 1,IsDoubleDebuffAble: False
[2025-05-20 06:21:06.176]<DEBUG> [DataManager]Send data: {Hero: (1400, 750), Engineer: (1400, 750), Infantry3: (1400, 750), Infantry4: (1400, 750), Infantry5: (1400, 750), Sentry: (2170, 855)}
[2025-05-20 06:21:06.454]<DEBUG> [SerialHandler] <0x0003> GameRobotHp: Red1: 0, Red2: 0, Red3: 0, Red4: 0, Red5: 0, Red7: 0, RedOutpost: 0, RedBase: 0, Blue1: 0, Blue2: 0, Blue3: 0, Blue4: 0, Blue5: 0, Blue7: 400, BlueOutpost: 0, BlueBase: 0
[2025-05-20 06:21:06.456]<DEBUG> [DataManager]Send data: {Hero: (1400, 750), Engineer: (1400, 750), Infantry3: (1400, 750), Infantry4: (1400, 750), Infantry5: (1400, 750), Sentry: (2170, 855)}
[2025-05-20 06:21:06.744]<DEBUG> [SerialHandler] <0x0003> GameRobotHp: Red1: 0, Red2: 0, Red3: 0, Red4: 0, Red5: 0, Red7: 0, RedOutpost: 0, RedBase: 0, Blue1: 0, Blue2: 0, Blue3: 0, Blue4: 0, Blue5: 0, Blue7: 400, BlueOutpost: 0, BlueBase: 0
[2025-05-20 06:21:06.745]<DEBUG> [DataManager]Send data: {Hero: (1400, 750), Engineer: (1400, 750), Infantry3: (1400, 750), Infantry4: (1400, 750), Infantry5: (1400, 750), Sentry: (2170, 855)}
[2025-05-20 06:21:07.018]<DEBUG> [DataManager]Send data: {Hero: (1400, 750), Engineer: (1400, 750), Infantry3: (1400, 750), Infantry4: (1400, 750), Infantry5: (1400, 750), Sentry: (2170, 855)}
[2025-05-20 06:21:07.045]<DEBUG> [SerialHandler] <0x0003> GameRobotHp: Red1: 0, Red2: 0, Red3: 0, Red4: 0, Red5: 0, Red7: 0, RedOutpost: 0, RedBase: 0, Blue1: 0, Blue2: 0, Blue3: 0, Blue4: 0, Blue5: 0, Blue7: 400, BlueOutpost: 0, BlueBase: 0
[2025-05-20 06:21:07.128]<DEBUG> [SerialHandler] <0x0001> GameStatus: GameType: 1, GameStage: NotStarted, StageRemainTime: 0, SyncTimestamp: 0
[2025-05-20 06:21:07.298]<DEBUG> [DataManager]Send data: {Hero: (1400, 750), Engineer: (1400, 750), Infantry3: (1400, 750), Infantry4: (1400, 750), Infantry5: (1400, 750), Sentry: (2170, 855)}
[2025-05-20 06:21:07.299]<DEBUG> [SerialHandler] <0x0003> GameRobotHp: Red1: 0, Red2: 0, Red3: 0, Red4: 0, Red5: 0, Red7: 0, RedOutpost: 0, RedBase: 0, Blue1: 0, Blue2: 0, Blue3: 0, Blue4: 0, Blue5: 0, Blue7: 400, BlueOutpost: 0, BlueBase: 0
[2025-05-20 06:21:07.575]<DEBUG> [DataManager]Send data: {Hero: (1400, 750), Engineer: (1400, 750), Infantry3: (1400, 750), Infantry4: (1400, 750), Infantry5: (1400, 750), Sentry: (2170, 855)}
[2025-05-20 06:21:07.660]<DEBUG> [SerialHandler] <0x0003> GameRobotHp: Red1: 0, Red2: 0, Red3: 0, Red4: 0, Red5: 0, Red7: 0, RedOutpost: 0, RedBase: 0, Blue1: 0, Blue2: 0, Blue3: 0, Blue4: 0, Blue5: 0, Blue7: 400, BlueOutpost: 0, BlueBase: 0
[2025-05-20 06:21:07.851]<DEBUG> [DataManager]Send data: {Hero: (1400, 750), Engineer: (1400, 750), Infantry3: (1400, 750), Infantry4: (1400, 750), Infantry5: (1400, 750), Sentry: (2170, 855)}
[2025-05-20 06:21:07.933]<DEBUG> [SerialHandler] <0x0003> GameRobotHp: Red1: 0, Red2: 0, Red3: 0, Red4: 0, Red5: 0, Red7: 0, RedOutpost: 0, RedBase: 0, Blue1: 0, Blue2: 0, Blue3: 0, Blue4: 0, Blue5: 0, Blue7: 400, BlueOutpost: 0, BlueBase: 0
[2025-05-20 06:21:08.133]<DEBUG> [SerialHandler] <0x020E> RadarStatus: DoubleDebuffChances: 1,IsDoubleDebuffAble: False
[2025-05-20 06:21:08.134]<DEBUG> [DataManager]Send data: {Hero: (1400, 750), Engineer: (1400, 750), Infantry3: (1400, 750), Infantry4: (1400, 750), Infantry5: (1400, 750), Sentry: (2170, 855)}
[2025-05-20 06:21:08.243]<DEBUG> [SerialHandler] <0x0003> GameRobotHp: Red1: 0, Red2: 0, Red3: 0, Red4: 0, Red5: 0, Red7: 0, RedOutpost: 0, RedBase: 0, Blue1: 0, Blue2: 0, Blue3: 0, Blue4: 0, Blue5: 0, Blue7: 400, BlueOutpost: 0, BlueBase: 0
[2025-05-20 06:21:08.408]<DEBUG> [DataManager]Send data: {Hero: (1400, 750), Engineer: (1400, 750), Infantry3: (1400, 750), Infantry4: (1400, 750), Infantry5: (1400, 750), Sentry: (2170, 855)}
[2025-05-20 06:21:08.522]<DEBUG> [SerialHandler] <0x0003> GameRobotHp: Red1: 0, Red2: 0, Red3: 0, Red4: 0, Red5: 0, Red7: 0, RedOutpost: 0, RedBase: 0, Blue1: 0, Blue2: 0, Blue3: 0, Blue4: 0, Blue5: 0, Blue7: 400, BlueOutpost: 0, BlueBase: 0
[2025-05-20 06:21:08.686]<DEBUG> [DataManager]Send data: {Hero: (1400, 750), Engineer: (1400, 750), Infantry3: (1400, 750), Infantry4: (1400, 750), Infantry5: (1400, 750), Sentry: (2170, 855)}
[2025-05-20 06:21:08.826]<DEBUG> [SerialHandler] <0x0003> GameRobotHp: Red1: 0, Red2: 0, Red3: 0, Red4: 0, Red5: 0, Red7: 0, RedOutpost: 0, RedBase: 0, Blue1: 0, Blue2: 0, Blue3: 0, Blue4: 0, Blue5: 0, Blue7: 400, BlueOutpost: 0, BlueBase: 0
[2025-05-20 06:21:08.965]<DEBUG> [DataManager]Send data: {Hero: (1400, 750), Engineer: (1400, 750), Infantry3: (1400, 750), Infantry4: (1400, 750), Infantry5: (1400, 750), Sentry: (2170, 855)}
[2025-05-20 06:21:09.247]<DEBUG> [DataManager]Send data: {Hero: (1400, 750), Engineer: (1400, 750), Infantry3: (1400, 750), Infantry4: (1400, 750), Infantry5: (1400, 750), Sentry: (2170, 855)}
[2025-05-20 06:21:09.419]<DEBUG> [SerialHandler] <0x0003> GameRobotHp: Red1: 0, Red2: 0, Red3: 0, Red4: 0, Red5: 0, Red7: 0, RedOutpost: 0, RedBase: 0, Blue1: 0, Blue2: 0, Blue3: 0, Blue4: 0, Blue5: 0, Blue7: 400, BlueOutpost: 0, BlueBase: 0
[2025-05-20 06:21:09.535]<DEBUG> [DataManager]Send data: {Hero: (1400, 750), Engineer: (1400, 750), Infantry3: (1400, 750), Infantry4: (1400, 750), Infantry5: (1400, 750), Sentry: (2170, 855)}
[2025-05-20 06:21:09.739]<DEBUG> [SerialHandler] <0x0003> GameRobotHp: Red1: 0, Red2: 0, Red3: 0, Red4: 0, Red5: 0, Red7: 0, RedOutpost: 0, RedBase: 0, Blue1: 0, Blue2: 0, Blue3: 0, Blue4: 0, Blue5: 0, Blue7: 400, BlueOutpost: 0, BlueBase: 0
[2025-05-20 06:21:09.823]<DEBUG> [DataManager]Send data: {Hero: (1400, 750), Engineer: (1400, 750), Infantry3: (1400, 750), Infantry4: (1400, 750), Infantry5: (1400, 750), Sentry: (2170, 855)}
[2025-05-20 06:21:10.046]<DEBUG> [SerialHandler] <0x0003> GameRobotHp: Red1: 0, Red2: 0, Red3: 0, Red4: 0, Red5: 0, Red7: 0, RedOutpost: 0, RedBase: 0, Blue1: 0, Blue2: 0, Blue3: 0, Blue4: 0, Blue5: 0, Blue7: 400, BlueOutpost: 0, BlueBase: 0
[2025-05-20 06:21:10.674]<DEBUG> [SerialHandler] <0x0101> GameBuff: IsSupplyAreaOccupied: False, IsSupplyAreaOccupied2: False, IsSupplyAreaOccupied3: False, IsLittleEnergyOrganActivated: False, IsBigEnergyOrganActivated: False, IsCentralHighlandOccupied: False, IsTrapezoidalHighlandOccupied: False, EnemyDartHitTime: 0, EnemyDartHitTarget: 0, CenterGainPointStatus: 0
[2025-05-20 06:21:10.675]<DEBUG> [SerialHandler] <0x0003> GameRobotHp: Red1: 0, Red2: 0, Red3: 0, Red4: 0, Red5: 0, Red7: 0, RedOutpost: 0, RedBase: 0, Blue1: 0, Blue2: 0, Blue3: 0, Blue4: 0, Blue5: 0, Blue7: 400, BlueOutpost: 0, BlueBase: 0
[2025-05-20 06:21:10.676]<DEBUG> [SerialHandler] <0x0003> GameRobotHp: Red1: 0, Red2: 0, Red3: 0, Red4: 0, Red5: 0, Red7: 0, RedOutpost: 0, RedBase: 0, Blue1: 0, Blue2: 0, Blue3: 0, Blue4: 0, Blue5: 0, Blue7: 400, BlueOutpost: 0, BlueBase: 0
[2025-05-20 06:21:10.716]<DEBUG> [DataManager]Send data: {Hero: (1400, 750), Engineer: (1400, 750), Infantry3: (1400, 750), Infantry4: (1400, 750), Infantry5: (1400, 750), Sentry: (2170, 855)}
[2025-05-20 06:21:10.939]<DEBUG> [SerialHandler] <0x0003> GameRobotHp: Red1: 0, Red2: 0, Red3: 0, Red4: 0, Red5: 0, Red7: 0, RedOutpost: 0, RedBase: 0, Blue1: 0, Blue2: 0, Blue3: 0, Blue4: 0, Blue5: 0, Blue7: 400, BlueOutpost: 0, BlueBase: 0
[2025-05-20 06:21:10.996]<DEBUG> [DataManager]Send data: {Hero: (1400, 750), Engineer: (1400, 750), Infantry3: (1400, 750), Infantry4: (1400, 750), Infantry5: (1400, 750), Sentry: (2170, 855)}
[2025-05-20 06:21:11.219]<DEBUG> [SerialHandler] <0x0003> GameRobotHp: Red1: 0, Red2: 0, Red3: 0, Red4: 0, Red5: 0, Red7: 0, RedOutpost: 0, RedBase: 0, Blue1: 0, Blue2: 0, Blue3: 0, Blue4: 0, Blue5: 0, Blue7: 400, BlueOutpost: 0, BlueBase: 0
[2025-05-20 06:21:11.273]<DEBUG> [DataManager]Send data: {Hero: (1400, 750), Engineer: (1400, 750), Infantry3: (1400, 750), Infantry4: (1400, 750), Infantry5: (1400, 750), Sentry: (2170, 855)}
[2025-05-20 06:21:11.522]<DEBUG> [SerialHandler] <0x0003> GameRobotHp: Red1: 0, Red2: 0, Red3: 0, Red4: 0, Red5: 0, Red7: 0, RedOutpost: 0, RedBase: 0, Blue1: 0, Blue2: 0, Blue3: 0, Blue4: 0, Blue5: 0, Blue7: 400, BlueOutpost: 0, BlueBase: 0
[2025-05-20 06:21:11.549]<DEBUG> [DataManager]Send data: {Hero: (1400, 750), Engineer: (1400, 750), Infantry3: (1400, 750), Infantry4: (1400, 750), Infantry5: (1400, 750), Sentry: (2170, 855)}
[2025-05-20 06:21:11.858]<DEBUG> [SerialHandler] <0x0003> GameRobotHp: Red1: 0, Red2: 0, Red3: 0, Red4: 0, Red5: 0, Red7: 0, RedOutpost: 0, RedBase: 0, Blue1: 0, Blue2: 0, Blue3: 0, Blue4: 0, Blue5: 0, Blue7: 400, BlueOutpost: 0, BlueBase: 0
[2025-05-20 06:21:11.914]<DEBUG> [DataManager]Send data: {Hero: (1400, 750), Engineer: (1400, 750), Infantry3: (1400, 750), Infantry4: (1400, 750), Infantry5: (1400, 750), Sentry: (2170, 855)}
[2025-05-20 06:21:12.134]<DEBUG> [SerialHandler] <0x020E> RadarStatus: DoubleDebuffChances: 1,IsDoubleDebuffAble: False
[2025-05-20 06:21:12.190]<DEBUG> [DataManager]Send data: {Hero: (1400, 750), Engineer: (1400, 750), Infantry3: (1400, 750), Infantry4: (1400, 750), Infantry5: (1400, 750), Sentry: (2170, 855)}
[2025-05-20 06:21:12.441]<DEBUG> [SerialHandler] <0x0003> GameRobotHp: Red1: 0, Red2: 0, Red3: 0, Red4: 0, Red5: 0, Red7: 0, RedOutpost: 0, RedBase: 0, Blue1: 0, Blue2: 0, Blue3: 0, Blue4: 0, Blue5: 0, Blue7: 400, BlueOutpost: 0, BlueBase: 0
[2025-05-20 06:21:12.473]<DEBUG> [DataManager]Send data: {Hero: (1400, 750), Engineer: (1400, 750), Infantry3: (1400, 750), Infantry4: (1400, 750), Infantry5: (1400, 750), Sentry: (2170, 855)}
[2025-05-20 06:21:12.712]<DEBUG> [SerialHandler] <0x0003> GameRobotHp: Red1: 0, Red2: 0, Red3: 0, Red4: 0, Red5: 0, Red7: 0, RedOutpost: 0, RedBase: 0, Blue1: 0, Blue2: 0, Blue3: 0, Blue4: 0, Blue5: 0, Blue7: 400, BlueOutpost: 0, BlueBase: 0
[2025-05-20 06:21:12.768]<DEBUG> [DataManager]Send data: {Hero: (1400, 750), Engineer: (1400, 750), Infantry3: (1400, 750), Infantry4: (1400, 750), Infantry5: (1400, 750), Sentry: (2170, 855)}
[2025-05-20 06:21:13.042]<DEBUG> [SerialHandler] <0x0003> GameRobotHp: Red1: 0, Red2: 0, Red3: 0, Red4: 0, Red5: 0, Red7: 0, RedOutpost: 0, RedBase: 0, Blue1: 0, Blue2: 0, Blue3: 0, Blue4: 0, Blue5: 0, Blue7: 400, BlueOutpost: 0, BlueBase: 0
[2025-05-20 06:21:13.043]<DEBUG> [DataManager]Send data: {Hero: (1400, 750), Engineer: (1400, 750), Infantry3: (1400, 750), Infantry4: (1400, 750), Infantry5: (1400, 750), Sentry: (2170, 855)}
[2025-05-20 06:21:13.323]<DEBUG> [SerialHandler] <0x0003> GameRobotHp: Red1: 0, Red2: 0, Red3: 0, Red4: 0, Red5: 0, Red7: 0, RedOutpost: 0, RedBase: 0, Blue1: 0, Blue2: 0, Blue3: 0, Blue4: 0, Blue5: 0, Blue7: 400, BlueOutpost: 0, BlueBase: 0
[2025-05-20 06:21:13.324]<DEBUG> [DataManager]Send data: {Hero: (1400, 750), Engineer: (1400, 750), Infantry3: (1400, 750), Infantry4: (1400, 750), Infantry5: (1400, 750), Sentry: (2170, 855)}
[2025-05-20 06:21:13.606]<DEBUG> [DataManager]Send data: {Hero: (1400, 750), Engineer: (1400, 750), Infantry3: (1400, 750), Infantry4: (1400, 750), Infantry5: (1400, 750), Sentry: (2170, 855)}
[2025-05-20 06:21:13.663]<DEBUG> [SerialHandler] <0x0003> GameRobotHp: Red1: 0, Red2: 0, Red3: 0, Red4: 0, Red5: 0, Red7: 0, RedOutpost: 0, RedBase: 0, Blue1: 0, Blue2: 0, Blue3: 0, Blue4: 0, Blue5: 0, Blue7: 400, BlueOutpost: 0, BlueBase: 0
[2025-05-20 06:21:13.885]<DEBUG> [DataManager]Send data: {Hero: (1400, 750), Engineer: (1400, 750), Infantry3: (1400, 750), Infantry4: (1400, 750), Infantry5: (1400, 750), Sentry: (2170, 855)}
[2025-05-20 06:21:13.940]<DEBUG> [SerialHandler] <0x0003> GameRobotHp: Red1: 0, Red2: 0, Red3: 0, Red4: 0, Red5: 0, Red7: 0, RedOutpost: 0, RedBase: 0, Blue1: 0, Blue2: 0, Blue3: 0, Blue4: 0, Blue5: 0, Blue7: 400, BlueOutpost: 0, BlueBase: 0
[2025-05-20 06:21:14.160]<DEBUG> [DataManager]Send data: {Hero: (1400, 750), Engineer: (1400, 750), Infantry3: (1400, 750), Infantry4: (1400, 750), Infantry5: (1400, 750), Sentry: (2170, 855)}
[2025-05-20 06:21:14.243]<DEBUG> [SerialHandler] <0x0003> GameRobotHp: Red1: 0, Red2: 0, Red3: 0, Red4: 0, Red5: 0, Red7: 0, RedOutpost: 0, RedBase: 0, Blue1: 0, Blue2: 0, Blue3: 0, Blue4: 0, Blue5: 0, Blue7: 400, BlueOutpost: 0, BlueBase: 0
[2025-05-20 06:21:14.436]<DEBUG> [DataManager]Send data: {Hero: (1400, 750), Engineer: (1400, 750), Infantry3: (1400, 750), Infantry4: (1400, 750), Infantry5: (1400, 750), Sentry: (2170, 855)}
[2025-05-20 06:21:14.545]<DEBUG> [SerialHandler] <0x0003> GameRobotHp: Red1: 0, Red2: 0, Red3: 0, Red4: 0, Red5: 0, Red7: 0, RedOutpost: 0, RedBase: 0, Blue1: 0, Blue2: 0, Blue3: 0, Blue4: 0, Blue5: 0, Blue7: 400, BlueOutpost: 0, BlueBase: 0
[2025-05-20 06:21:14.711]<DEBUG> [DataManager]Send data: {Hero: (1400, 750), Engineer: (1400, 750), Infantry3: (1400, 750), Infantry4: (1400, 750), Infantry5: (1400, 750), Sentry: (2170, 855)}
[2025-05-20 06:21:14.821]<DEBUG> [SerialHandler] <0x0003> GameRobotHp: Red1: 0, Red2: 0, Red3: 0, Red4: 0, Red5: 0, Red7: 0, RedOutpost: 0, RedBase: 0, Blue1: 0, Blue2: 0, Blue3: 0, Blue4: 0, Blue5: 0, Blue7: 400, BlueOutpost: 0, BlueBase: 0
[2025-05-20 06:21:14.986]<DEBUG> [DataManager]Send data: {Hero: (1400, 750), Engineer: (1400, 750), Infantry3: (1400, 750), Infantry4: (1400, 750), Infantry5: (1400, 750), Sentry: (2170, 855)}
[2025-05-20 06:21:15.301]<DEBUG> [DataManager]Send data: {Hero: (1400, 750), Engineer: (1400, 750), Infantry3: (1400, 750), Infantry4: (1400, 750), Infantry5: (1400, 750), Sentry: (2170, 855)}
[2025-05-20 06:21:15.451]<DEBUG> [SerialHandler] <0x0003> GameRobotHp: Red1: 0, Red2: 0, Red3: 0, Red4: 0, Red5: 0, Red7: 0, RedOutpost: 0, RedBase: 0, Blue1: 0, Blue2: 0, Blue3: 0, Blue4: 0, Blue5: 0, Blue7: 400, BlueOutpost: 0, BlueBase: 0
[2025-05-20 06:21:15.600]<DEBUG> [DataManager]Send data: {Hero: (1400, 750), Engineer: (1400, 750), Infantry3: (1400, 750), Infantry4: (1400, 750), Infantry5: (1400, 750), Sentry: (2170, 855)}
[2025-05-20 06:21:15.746]<DEBUG> [SerialHandler] <0x0003> GameRobotHp: Red1: 0, Red2: 0, Red3: 0, Red4: 0, Red5: 0, Red7: 0, RedOutpost: 0, RedBase: 0, Blue1: 0, Blue2: 0, Blue3: 0, Blue4: 0, Blue5: 0, Blue7: 400, BlueOutpost: 0, BlueBase: 0
[2025-05-20 06:21:15.890]<DEBUG> [DataManager]Send data: {Hero: (1400, 750), Engineer: (1400, 750), Infantry3: (1400, 750), Infantry4: (1400, 750), Infantry5: (1400, 750), Sentry: (2170, 855)}
[2025-05-20 06:21:16.039]<DEBUG> [SerialHandler] <0x0003> GameRobotHp: Red1: 0, Red2: 0, Red3: 0, Red4: 0, Red5: 0, Red7: 0, RedOutpost: 0, RedBase: 0, Blue1: 0, Blue2: 0, Blue3: 0, Blue4: 0, Blue5: 0, Blue7: 400, BlueOutpost: 0, BlueBase: 0
[2025-05-20 06:21:16.189]<DEBUG> [DataManager]Send data: {Hero: (1400, 750), Engineer: (1400, 750), Infantry3: (1400, 750), Infantry4: (1400, 750), Infantry5: (1400, 750), Sentry: (2170, 855)}
[2025-05-20 06:21:16.333]<DEBUG> [SerialHandler] <0x0003> GameRobotHp: Red1: 0, Red2: 0, Red3: 0, Red4: 0, Red5: 0, Red7: 0, RedOutpost: 0, RedBase: 0, Blue1: 0, Blue2: 0, Blue3: 0, Blue4: 0, Blue5: 0, Blue7: 400, BlueOutpost: 0, BlueBase: 0
[2025-05-20 06:21:16.519]<DEBUG> [DataManager]Send data: {Hero: (1400, 750), Engineer: (1400, 750), Infantry3: (1400, 750), Infantry4: (1400, 750), Infantry5: (1400, 750), Sentry: (2170, 855)}
[2025-05-20 06:21:16.641]<DEBUG> [SerialHandler] <0x0003> GameRobotHp: Red1: 0, Red2: 0, Red3: 0, Red4: 0, Red5: 0, Red7: 0, RedOutpost: 0, RedBase: 0, Blue1: 0, Blue2: 0, Blue3: 0, Blue4: 0, Blue5: 0, Blue7: 400, BlueOutpost: 0, BlueBase: 0
[2025-05-20 06:21:16.810]<DEBUG> [DataManager]Send data: {Hero: (1400, 750), Engineer: (1400, 750), Infantry3: (1400, 750), Infantry4: (1400, 750), Infantry5: (1400, 750), Sentry: (2170, 855)}
[2025-05-20 06:21:16.947]<DEBUG> [SerialHandler] <0x0003> GameRobotHp: Red1: 0, Red2: 0, Red3: 0, Red4: 0, Red5: 0, Red7: 0, RedOutpost: 0, RedBase: 0, Blue1: 0, Blue2: 0, Blue3: 0, Blue4: 0, Blue5: 0, Blue7: 400, BlueOutpost: 0, BlueBase: 0
[2025-05-20 06:21:17.084]<DEBUG> [DataManager]Send data: {Hero: (1400, 750), Engineer: (1400, 750), Infantry3: (1400, 750), Infantry4: (1400, 750), Infantry5: (1400, 750), Sentry: (2170, 855)}
[2025-05-20 06:21:17.226]<DEBUG> [SerialHandler] <0x0003> GameRobotHp: Red1: 0, Red2: 0, Red3: 0, Red4: 0, Red5: 0, Red7: 0, RedOutpost: 0, RedBase: 0, Blue1: 0, Blue2: 0, Blue3: 0, Blue4: 0, Blue5: 0, Blue7: 400, BlueOutpost: 0, BlueBase: 0
[2025-05-20 06:21:17.370]<DEBUG> [DataManager]Send data: {Hero: (1400, 750), Engineer: (1400, 750), Infantry3: (1400, 750), Infantry4: (1400, 750), Infantry5: (1400, 750), Sentry: (2170, 855)}
[2025-05-20 06:21:17.525]<DEBUG> [SerialHandler] <0x0003> GameRobotHp: Red1: 0, Red2: 0, Red3: 0, Red4: 0, Red5: 0, Red7: 0, RedOutpost: 0, RedBase: 0, Blue1: 0, Blue2: 0, Blue3: 0, Blue4: 0, Blue5: 0, Blue7: 400, BlueOutpost: 0, BlueBase: 0
[2025-05-20 06:21:17.672]<DEBUG> [DataManager]Send data: {Hero: (1400, 750), Engineer: (1400, 750), Infantry3: (1400, 750), Infantry4: (1400, 750), Infantry5: (1400, 750), Sentry: (2170, 855)}
[2025-05-20 06:21:17.842]<DEBUG> [SerialHandler] <0x0003> GameRobotHp: Red1: 0, Red2: 0, Red3: 0, Red4: 0, Red5: 0, Red7: 0, RedOutpost: 0, RedBase: 0, Blue1: 0, Blue2: 0, Blue3: 0, Blue4: 0, Blue5: 0, Blue7: 400, BlueOutpost: 0, BlueBase: 0
[2025-05-20 06:21:17.957]<DEBUG> [DataManager]Send data: {Hero: (1400, 750), Engineer: (1400, 750), Infantry3: (1400, 750), Infantry4: (1400, 750), Infantry5: (1400, 750), Sentry: (2170, 855)}
[2025-05-20 06:21:18.136]<DEBUG> [SerialHandler] <0x0101> GameBuff: IsSupplyAreaOccupied: False, IsSupplyAreaOccupied2: False, IsSupplyAreaOccupied3: False, IsLittleEnergyOrganActivated: False, IsBigEnergyOrganActivated: False, IsCentralHighlandOccupied: False, IsTrapezoidalHighlandOccupied: False, EnemyDartHitTime: 0, EnemyDartHitTarget: 0, CenterGainPointStatus: 0
[2025-05-20 06:21:18.307]<DEBUG> [DataManager]Send data: {Hero: (1400, 750), Engineer: (1400, 750), Infantry3: (1400, 750), Infantry4: (1400, 750), Infantry5: (1400, 750), Sentry: (2170, 855)}
[2025-05-20 06:21:18.433]<DEBUG> [SerialHandler] <0x0003> GameRobotHp: Red1: 0, Red2: 0, Red3: 0, Red4: 0, Red5: 0, Red7: 0, RedOutpost: 0, RedBase: 0, Blue1: 0, Blue2: 0, Blue3: 0, Blue4: 0, Blue5: 0, Blue7: 400, BlueOutpost: 0, BlueBase: 0
[2025-05-20 06:21:18.628]<DEBUG> [DataManager]Send data: {Hero: (1400, 750), Engineer: (1400, 750), Infantry3: (1400, 750), Infantry4: (1400, 750), Infantry5: (1400, 750), Sentry: (2170, 855)}
[2025-05-20 06:21:18.749]<DEBUG> [SerialHandler] <0x0003> GameRobotHp: Red1: 0, Red2: 0, Red3: 0, Red4: 0, Red5: 0, Red7: 0, RedOutpost: 0, RedBase: 0, Blue1: 0, Blue2: 0, Blue3: 0, Blue4: 0, Blue5: 0, Blue7: 400, BlueOutpost: 0, BlueBase: 0
[2025-05-20 06:21:18.937]<DEBUG> [DataManager]Send data: {Hero: (1400, 750), Engineer: (1400, 750), Infantry3: (1400, 750), Infantry4: (1400, 750), Infantry5: (1400, 750), Sentry: (2170, 855)}
[2025-05-20 06:21:19.025]<DEBUG> [SerialHandler] <0x0003> GameRobotHp: Red1: 0, Red2: 0, Red3: 0, Red4: 0, Red5: 0, Red7: 0, RedOutpost: 0, RedBase: 0, Blue1: 0, Blue2: 0, Blue3: 0, Blue4: 0, Blue5: 0, Blue7: 400, BlueOutpost: 0, BlueBase: 0
[2025-05-20 06:21:19.141]<DEBUG> [SerialHandler] <0x0101> GameBuff: IsSupplyAreaOccupied: False, IsSupplyAreaOccupied2: False, IsSupplyAreaOccupied3: False, IsLittleEnergyOrganActivated: False, IsBigEnergyOrganActivated: False, IsCentralHighlandOccupied: False, IsTrapezoidalHighlandOccupied: False, EnemyDartHitTime: 0, EnemyDartHitTarget: 0, CenterGainPointStatus: 0
[2025-05-20 06:21:19.228]<DEBUG> [DataManager]Send data: {Hero: (1400, 750), Engineer: (1400, 750), Infantry3: (1400, 750), Infantry4: (1400, 750), Infantry5: (1400, 750), Sentry: (2170, 855)}
[2025-05-20 06:21:19.315]<DEBUG> [SerialHandler] <0x0003> GameRobotHp: Red1: 0, Red2: 0, Red3: 0, Red4: 0, Red5: 0, Red7: 0, RedOutpost: 0, RedBase: 0, Blue1: 0, Blue2: 0, Blue3: 0, Blue4: 0, Blue5: 0, Blue7: 400, BlueOutpost: 0, BlueBase: 0
[2025-05-20 06:21:19.527]<DEBUG> [DataManager]Send data: {Hero: (1400, 750), Engineer: (1400, 750), Infantry3: (1400, 750), Infantry4: (1400, 750), Infantry5: (1400, 750), Sentry: (2170, 855)}
[2025-05-20 06:21:19.642]<DEBUG> [SerialHandler] <0x0003> GameRobotHp: Red1: 0, Red2: 0, Red3: 0, Red4: 0, Red5: 0, Red7: 0, RedOutpost: 0, RedBase: 0, Blue1: 0, Blue2: 0, Blue3: 0, Blue4: 0, Blue5: 0, Blue7: 400, BlueOutpost: 0, BlueBase: 0
[2025-05-20 06:21:19.809]<DEBUG> [DataManager]Send data: {Hero: (1400, 750), Engineer: (1400, 750), Infantry3: (1400, 750), Infantry4: (1400, 750), Infantry5: (1400, 750), Sentry: (2170, 855)}
[2025-05-20 06:21:19.920]<DEBUG> [SerialHandler] <0x0003> GameRobotHp: Red1: 0, Red2: 0, Red3: 0, Red4: 0, Red5: 0, Red7: 0, RedOutpost: 0, RedBase: 0, Blue1: 0, Blue2: 0, Blue3: 0, Blue4: 0, Blue5: 0, Blue7: 400, BlueOutpost: 0, BlueBase: 0
[2025-05-20 06:21:20.092]<DEBUG> [DataManager]Send data: {Hero: (1400, 750), Engineer: (1400, 750), Infantry3: (1400, 750), Infantry4: (1400, 750), Infantry5: (1400, 750), Sentry: (2170, 855)}
[2025-05-20 06:21:20.231]<DEBUG> [SerialHandler] <0x0003> GameRobotHp: Red1: 0, Red2: 0, Red3: 0, Red4: 0, Red5: 0, Red7: 0, RedOutpost: 0, RedBase: 0, Blue1: 0, Blue2: 0, Blue3: 0, Blue4: 0, Blue5: 0, Blue7: 400, BlueOutpost: 0, BlueBase: 0
[2025-05-20 06:21:20.381]<DEBUG> [DataManager]Send data: {Hero: (1400, 750), Engineer: (1400, 750), Infantry3: (1400, 750), Infantry4: (1400, 750), Infantry5: (1400, 750), Sentry: (2170, 855)}
[2025-05-20 06:21:20.544]<DEBUG> [SerialHandler] <0x0003> GameRobotHp: Red1: 0, Red2: 0, Red3: 0, Red4: 0, Red5: 0, Red7: 0, RedOutpost: 0, RedBase: 0, Blue1: 0, Blue2: 0, Blue3: 0, Blue4: 0, Blue5: 0, Blue7: 400, BlueOutpost: 0, BlueBase: 0
[2025-05-20 06:21:20.698]<DEBUG> [DataManager]Send data: {Hero: (1400, 750), Engineer: (1400, 750), Infantry3: (1400, 750), Infantry4: (1400, 750), Infantry5: (1400, 750), Sentry: (2170, 855)}
[2025-05-20 06:21:20.847]<DEBUG> [SerialHandler] <0x0003> GameRobotHp: Red1: 0, Red2: 0, Red3: 0, Red4: 0, Red5: 0, Red7: 0, RedOutpost: 0, RedBase: 0, Blue1: 0, Blue2: 0, Blue3: 0, Blue4: 0, Blue5: 0, Blue7: 400, BlueOutpost: 0, BlueBase: 0
[2025-05-20 06:21:20.996]<DEBUG> [DataManager]Send data: {Hero: (1400, 750), Engineer: (1400, 750), Infantry3: (1400, 750), Infantry4: (1400, 750), Infantry5: (1400, 750), Sentry: (2170, 855)}
[2025-05-20 06:21:21.142]<DEBUG> [SerialHandler] <0x020E> RadarStatus: DoubleDebuffChances: 1,IsDoubleDebuffAble: False
[2025-05-20 06:21:21.289]<DEBUG> [DataManager]Send data: {Hero: (1400, 750), Engineer: (1400, 750), Infantry3: (1400, 750), Infantry4: (1400, 750), Infantry5: (1400, 750), Sentry: (2170, 855)}
[2025-05-20 06:21:21.416]<DEBUG> [SerialHandler] <0x0003> GameRobotHp: Red1: 0, Red2: 0, Red3: 0, Red4: 0, Red5: 0, Red7: 0, RedOutpost: 0, RedBase: 0, Blue1: 0, Blue2: 0, Blue3: 0, Blue4: 0, Blue5: 0, Blue7: 400, BlueOutpost: 0, BlueBase: 0
[2025-05-20 06:21:21.590]<DEBUG> [DataManager]Send data: {Hero: (1400, 750), Engineer: (1400, 750), Infantry3: (1400, 750), Infantry4: (1400, 750), Infantry5: (1400, 750), Sentry: (2170, 855)}
[2025-05-20 06:21:21.720]<DEBUG> [SerialHandler] <0x0003> GameRobotHp: Red1: 0, Red2: 0, Red3: 0, Red4: 0, Red5: 0, Red7: 0, RedOutpost: 0, RedBase: 0, Blue1: 0, Blue2: 0, Blue3: 0, Blue4: 0, Blue5: 0, Blue7: 400, BlueOutpost: 0, BlueBase: 0
[2025-05-20 06:21:21.912]<DEBUG> [DataManager]Send data: {Hero: (1400, 750), Engineer: (1400, 750), Infantry3: (1400, 750), Infantry4: (1400, 750), Infantry5: (1400, 750), Sentry: (2170, 855)}
[2025-05-20 06:21:22.028]<DEBUG> [SerialHandler] <0x0003> GameRobotHp: Red1: 0, Red2: 0, Red3: 0, Red4: 0, Red5: 0, Red7: 0, RedOutpost: 0, RedBase: 0, Blue1: 0, Blue2: 0, Blue3: 0, Blue4: 0, Blue5: 0, Blue7: 400, BlueOutpost: 0, BlueBase: 0
[2025-05-20 06:21:22.118]<DEBUG> [SerialHandler] <0x0001> GameStatus: GameType: 1, GameStage: NotStarted, StageRemainTime: 0, SyncTimestamp: 0
[2025-05-20 06:21:22.209]<DEBUG> [DataManager]Send data: {Hero: (1400, 750), Engineer: (1400, 750), Infantry3: (1400, 750), Infantry4: (1400, 750), Infantry5: (1400, 750), Sentry: (2170, 855)}
[2025-05-20 06:21:22.324]<DEBUG> [SerialHandler] <0x0003> GameRobotHp: Red1: 0, Red2: 0, Red3: 0, Red4: 0, Red5: 0, Red7: 0, RedOutpost: 0, RedBase: 0, Blue1: 0, Blue2: 0, Blue3: 0, Blue4: 0, Blue5: 0, Blue7: 400, BlueOutpost: 0, BlueBase: 0
[2025-05-20 06:21:22.497]<DEBUG> [DataManager]Send data: {Hero: (1400, 750), Engineer: (1400, 750), Infantry3: (1400, 750), Infantry4: (1400, 750), Infantry5: (1400, 750), Sentry: (2170, 855)}
[2025-05-20 06:21:22.634]<DEBUG> [SerialHandler] <0x0003> GameRobotHp: Red1: 0, Red2: 0, Red3: 0, Red4: 0, Red5: 0, Red7: 0, RedOutpost: 0, RedBase: 0, Blue1: 0, Blue2: 0, Blue3: 0, Blue4: 0, Blue5: 0, Blue7: 400, BlueOutpost: 0, BlueBase: 0
[2025-05-20 06:21:22.774]<DEBUG> [DataManager]Send data: {Hero: (1400, 750), Engineer: (1400, 750), Infantry3: (1400, 750), Infantry4: (1400, 750), Infantry5: (1400, 750), Sentry: (2170, 855)}
[2025-05-20 06:21:22.942]<DEBUG> [SerialHandler] <0x0003> GameRobotHp: Red1: 0, Red2: 0, Red3: 0, Red4: 0, Red5: 0, Red7: 0, RedOutpost: 0, RedBase: 0, Blue1: 0, Blue2: 0, Blue3: 0, Blue4: 0, Blue5: 0, Blue7: 400, BlueOutpost: 0, BlueBase: 0
[2025-05-20 06:21:23.057]<DEBUG> [DataManager]Send data: {Hero: (1400, 750), Engineer: (1400, 750), Infantry3: (1400, 750), Infantry4: (1400, 750), Infantry5: (1400, 750), Sentry: (2170, 855)}
[2025-05-20 06:21:23.148]<DEBUG> [SerialHandler] <0x020E> RadarStatus: DoubleDebuffChances: 1,IsDoubleDebuffAble: False
[2025-05-20 06:21:23.235]<DEBUG> [SerialHandler] <0x0003> GameRobotHp: Red1: 0, Red2: 0, Red3: 0, Red4: 0, Red5: 0, Red7: 0, RedOutpost: 0, RedBase: 0, Blue1: 0, Blue2: 0, Blue3: 0, Blue4: 0, Blue5: 0, Blue7: 400, BlueOutpost: 0, BlueBase: 0
[2025-05-20 06:21:23.351]<DEBUG> [DataManager]Send data: {Hero: (1400, 750), Engineer: (1400, 750), Infantry3: (1400, 750), Infantry4: (1400, 750), Infantry5: (1400, 750), Sentry: (2170, 855)}
[2025-05-20 06:21:23.530]<DEBUG> [SerialHandler] <0x0003> GameRobotHp: Red1: 0, Red2: 0, Red3: 0, Red4: 0, Red5: 0, Red7: 0, RedOutpost: 0, RedBase: 0, Blue1: 0, Blue2: 0, Blue3: 0, Blue4: 0, Blue5: 0, Blue7: 400, BlueOutpost: 0, BlueBase: 0
[2025-05-20 06:21:23.646]<DEBUG> [DataManager]Send data: {Hero: (1400, 750), Engineer: (1400, 750), Infantry3: (1400, 750), Infantry4: (1400, 750), Infantry5: (1400, 750), Sentry: (2170, 855)}
[2025-05-20 06:21:23.848]<DEBUG> [SerialHandler] <0x0003> GameRobotHp: Red1: 0, Red2: 0, Red3: 0, Red4: 0, Red5: 0, Red7: 0, RedOutpost: 0, RedBase: 0, Blue1: 0, Blue2: 0, Blue3: 0, Blue4: 0, Blue5: 0, Blue7: 400, BlueOutpost: 0, BlueBase: 0
[2025-05-20 06:21:23.938]<DEBUG> [DataManager]Send data: {Hero: (1400, 750), Engineer: (1400, 750), Infantry3: (1400, 750), Infantry4: (1400, 750), Infantry5: (1400, 750), Sentry: (2170, 855)}
[2025-05-20 06:21:24.234]<DEBUG> [DataManager]Send data: {Hero: (1400, 750), Engineer: (1400, 750), Infantry3: (1400, 750), Infantry4: (1400, 750), Infantry5: (1400, 750), Sentry: (2170, 855)}
[2025-05-20 06:21:24.442]<DEBUG> [SerialHandler] <0x0003> GameRobotHp: Red1: 0, Red2: 0, Red3: 0, Red4: 0, Red5: 0, Red7: 0, RedOutpost: 0, RedBase: 0, Blue1: 0, Blue2: 0, Blue3: 0, Blue4: 0, Blue5: 0, Blue7: 400, BlueOutpost: 0, BlueBase: 0
[2025-05-20 06:21:24.529]<DEBUG> [DataManager]Send data: {Hero: (1400, 750), Engineer: (1400, 750), Infantry3: (1400, 750), Infantry4: (1400, 750), Infantry5: (1400, 750), Sentry: (2170, 855)}
[2025-05-20 06:21:24.725]<DEBUG> [SerialHandler] <0x0003> GameRobotHp: Red1: 0, Red2: 0, Red3: 0, Red4: 0, Red5: 0, Red7: 0, RedOutpost: 0, RedBase: 0, Blue1: 0, Blue2: 0, Blue3: 0, Blue4: 0, Blue5: 0, Blue7: 400, BlueOutpost: 0, BlueBase: 0
[2025-05-20 06:21:24.810]<DEBUG> [DataManager]Send data: {Hero: (1400, 750), Engineer: (1400, 750), Infantry3: (1400, 750), Infantry4: (1400, 750), Infantry5: (1400, 750), Sentry: (2170, 855)}
[2025-05-20 06:21:25.034]<DEBUG> [SerialHandler] <0x0003> GameRobotHp: Red1: 0, Red2: 0, Red3: 0, Red4: 0, Red5: 0, Red7: 0, RedOutpost: 0, RedBase: 0, Blue1: 0, Blue2: 0, Blue3: 0, Blue4: 0, Blue5: 0, Blue7: 400, BlueOutpost: 0, BlueBase: 0
[2025-05-20 06:21:25.091]<DEBUG> [DataManager]Send data: {Hero: (1400, 750), Engineer: (1400, 750), Infantry3: (1400, 750), Infantry4: (1400, 750), Infantry5: (1400, 750), Sentry: (2170, 855)}
[2025-05-20 06:21:25.146]<DEBUG> [SerialHandler] <0x0101> GameBuff: IsSupplyAreaOccupied: False, IsSupplyAreaOccupied2: False, IsSupplyAreaOccupied3: False, IsLittleEnergyOrganActivated: False, IsBigEnergyOrganActivated: False, IsCentralHighlandOccupied: False, IsTrapezoidalHighlandOccupied: False, EnemyDartHitTime: 0, EnemyDartHitTarget: 0, CenterGainPointStatus: 0
[2025-05-20 06:21:25.319]<DEBUG> [SerialHandler] <0x0003> GameRobotHp: Red1: 0, Red2: 0, Red3: 0, Red4: 0, Red5: 0, Red7: 0, RedOutpost: 0, RedBase: 0, Blue1: 0, Blue2: 0, Blue3: 0, Blue4: 0, Blue5: 0, Blue7: 400, BlueOutpost: 0, BlueBase: 0
[2025-05-20 06:21:25.377]<DEBUG> [DataManager]Send data: {Hero: (1400, 750), Engineer: (1400, 750), Infantry3: (1400, 750), Infantry4: (1400, 750), Infantry5: (1400, 750), Sentry: (2170, 855)}
[2025-05-20 06:21:25.639]<DEBUG> [SerialHandler] <0x0003> GameRobotHp: Red1: 0, Red2: 0, Red3: 0, Red4: 0, Red5: 0, Red7: 0, RedOutpost: 0, RedBase: 0, Blue1: 0, Blue2: 0, Blue3: 0, Blue4: 0, Blue5: 0, Blue7: 400, BlueOutpost: 0, BlueBase: 0
[2025-05-20 06:21:25.667]<DEBUG> [DataManager]Send data: {Hero: (1400, 750), Engineer: (1400, 750), Infantry3: (1400, 750), Infantry4: (1400, 750), Infantry5: (1400, 750), Sentry: (2170, 855)}
[2025-05-20 06:21:25.925]<DEBUG> [SerialHandler] <0x0003> GameRobotHp: Red1: 0, Red2: 0, Red3: 0, Red4: 0, Red5: 0, Red7: 0, RedOutpost: 0, RedBase: 0, Blue1: 0, Blue2: 0, Blue3: 0, Blue4: 0, Blue5: 0, Blue7: 400, BlueOutpost: 0, BlueBase: 0
[2025-05-20 06:21:25.953]<DEBUG> [DataManager]Send data: {Hero: (1400, 750), Engineer: (1400, 750), Infantry3: (1400, 750), Infantry4: (1400, 750), Infantry5: (1400, 750), Sentry: (2170, 855)}
[2025-05-20 06:21:26.237]<DEBUG> [SerialHandler] <0x0003> GameRobotHp: Red1: 0, Red2: 0, Red3: 0, Red4: 0, Red5: 0, Red7: 0, RedOutpost: 0, RedBase: 0, Blue1: 0, Blue2: 0, Blue3: 0, Blue4: 0, Blue5: 0, Blue7: 400, BlueOutpost: 0, BlueBase: 0
[2025-05-20 06:21:26.238]<DEBUG> [DataManager]Send data: {Hero: (1400, 750), Engineer: (1400, 750), Infantry3: (1400, 750), Infantry4: (1400, 750), Infantry5: (1400, 750), Sentry: (2170, 855)}
[2025-05-20 06:21:26.518]<DEBUG> [DataManager]Send data: {Hero: (1400, 750), Engineer: (1400, 750), Infantry3: (1400, 750), Infantry4: (1400, 750), Infantry5: (1400, 750), Sentry: (2170, 855)}
[2025-05-20 06:21:26.547]<DEBUG> [SerialHandler] <0x0003> GameRobotHp: Red1: 0, Red2: 0, Red3: 0, Red4: 0, Red5: 0, Red7: 0, RedOutpost: 0, RedBase: 0, Blue1: 0, Blue2: 0, Blue3: 0, Blue4: 0, Blue5: 0, Blue7: 400, BlueOutpost: 0, BlueBase: 0
[2025-05-20 06:21:26.800]<DEBUG> [DataManager]Send data: {Hero: (1400, 750), Engineer: (1400, 750), Infantry3: (1400, 750), Infantry4: (1400, 750), Infantry5: (1400, 750), Sentry: (2170, 855)}
[2025-05-20 06:21:26.830]<DEBUG> [SerialHandler] <0x0003> GameRobotHp: Red1: 0, Red2: 0, Red3: 0, Red4: 0, Red5: 0, Red7: 0, RedOutpost: 0, RedBase: 0, Blue1: 0, Blue2: 0, Blue3: 0, Blue4: 0, Blue5: 0, Blue7: 400, BlueOutpost: 0, BlueBase: 0
[2025-05-20 06:21:27.086]<DEBUG> [DataManager]Send data: {Hero: (1400, 750), Engineer: (1400, 750), Infantry3: (1400, 750), Infantry4: (1400, 750), Infantry5: (1400, 750), Sentry: (2170, 855)}
[2025-05-20 06:21:27.372]<DEBUG> [DataManager]Send data: {Hero: (1400, 750), Engineer: (1400, 750), Infantry3: (1400, 750), Infantry4: (1400, 750), Infantry5: (1400, 750), Sentry: (2170, 855)}
[2025-05-20 06:21:27.430]<DEBUG> [SerialHandler] <0x0003> GameRobotHp: Red1: 0, Red2: 0, Red3: 0, Red4: 0, Red5: 0, Red7: 0, RedOutpost: 0, RedBase: 0, Blue1: 0, Blue2: 0, Blue3: 0, Blue4: 0, Blue5: 0, Blue7: 400, BlueOutpost: 0, BlueBase: 0
[2025-05-20 06:21:27.658]<DEBUG> [DataManager]Send data: {Hero: (1400, 750), Engineer: (1400, 750), Infantry3: (1400, 750), Infantry4: (1400, 750), Infantry5: (1400, 750), Sentry: (2170, 855)}
[2025-05-20 06:21:27.741]<DEBUG> [SerialHandler] <0x0003> GameRobotHp: Red1: 0, Red2: 0, Red3: 0, Red4: 0, Red5: 0, Red7: 0, RedOutpost: 0, RedBase: 0, Blue1: 0, Blue2: 0, Blue3: 0, Blue4: 0, Blue5: 0, Blue7: 400, BlueOutpost: 0, BlueBase: 0
[2025-05-20 06:21:27.938]<DEBUG> [DataManager]Send data: {Hero: (1400, 750), Engineer: (1400, 750), Infantry3: (1400, 750), Infantry4: (1400, 750), Infantry5: (1400, 750), Sentry: (2170, 855)}
[2025-05-20 06:21:28.048]<DEBUG> [SerialHandler] <0x0003> GameRobotHp: Red1: 0, Red2: 0, Red3: 0, Red4: 0, Red5: 0, Red7: 0, RedOutpost: 0, RedBase: 0, Blue1: 0, Blue2: 0, Blue3: 0, Blue4: 0, Blue5: 0, Blue7: 400, BlueOutpost: 0, BlueBase: 0
[2025-05-20 06:21:28.133]<DEBUG> [SerialHandler] <0x0001> GameStatus: GameType: 1, GameStage: NotStarted, StageRemainTime: 0, SyncTimestamp: 0
[2025-05-20 06:21:28.220]<DEBUG> [DataManager]Send data: {Hero: (1400, 750), Engineer: (1400, 750), Infantry3: (1400, 750), Infantry4: (1400, 750), Infantry5: (1400, 750), Sentry: (2170, 855)}
[2025-05-20 06:21:28.332]<DEBUG> [SerialHandler] <0x0003> GameRobotHp: Red1: 0, Red2: 0, Red3: 0, Red4: 0, Red5: 0, Red7: 0, RedOutpost: 0, RedBase: 0, Blue1: 0, Blue2: 0, Blue3: 0, Blue4: 0, Blue5: 0, Blue7: 400, BlueOutpost: 0, BlueBase: 0
[2025-05-20 06:21:28.498]<DEBUG> [DataManager]Send data: {Hero: (1400, 750), Engineer: (1400, 750), Infantry3: (1400, 750), Infantry4: (1400, 750), Infantry5: (1400, 750), Sentry: (2170, 855)}
[2025-05-20 06:21:28.638]<DEBUG> [SerialHandler] <0x0003> GameRobotHp: Red1: 0, Red2: 0, Red3: 0, Red4: 0, Red5: 0, Red7: 0, RedOutpost: 0, RedBase: 0, Blue1: 0, Blue2: 0, Blue3: 0, Blue4: 0, Blue5: 0, Blue7: 400, BlueOutpost: 0, BlueBase: 0
[2025-05-20 06:21:28.780]<DEBUG> [DataManager]Send data: {Hero: (1400, 750), Engineer: (1400, 750), Infantry3: (1400, 750), Infantry4: (1400, 750), Infantry5: (1400, 750), Sentry: (2170, 855)}
[2025-05-20 06:21:28.918]<DEBUG> [SerialHandler] <0x0003> GameRobotHp: Red1: 0, Red2: 0, Red3: 0, Red4: 0, Red5: 0, Red7: 0, RedOutpost: 0, RedBase: 0, Blue1: 0, Blue2: 0, Blue3: 0, Blue4: 0, Blue5: 0, Blue7: 400, BlueOutpost: 0, BlueBase: 0
[2025-05-20 06:21:29.060]<DEBUG> [DataManager]Send data: {Hero: (1400, 750), Engineer: (1400, 750), Infantry3: (1400, 750), Infantry4: (1400, 750), Infantry5: (1400, 750), Sentry: (2170, 855)}
[2025-05-20 06:21:29.145]<DEBUG> [SerialHandler] <0x020E> RadarStatus: DoubleDebuffChances: 1,IsDoubleDebuffAble: False
[2025-05-20 06:21:29.233]<DEBUG> [SerialHandler] <0x0003> GameRobotHp: Red1: 0, Red2: 0, Red3: 0, Red4: 0, Red5: 0, Red7: 0, RedOutpost: 0, RedBase: 0, Blue1: 0, Blue2: 0, Blue3: 0, Blue4: 0, Blue5: 0, Blue7: 400, BlueOutpost: 0, BlueBase: 0
[2025-05-20 06:21:29.350]<DEBUG> [DataManager]Send data: {Hero: (1400, 750), Engineer: (1400, 750), Infantry3: (1400, 750), Infantry4: (1400, 750), Infantry5: (1400, 750), Sentry: (2170, 855)}
[2025-05-20 06:21:29.525]<DEBUG> [SerialHandler] <0x0003> GameRobotHp: Red1: 0, Red2: 0, Red3: 0, Red4: 0, Red5: 0, Red7: 0, RedOutpost: 0, RedBase: 0, Blue1: 0, Blue2: 0, Blue3: 0, Blue4: 0, Blue5: 0, Blue7: 400, BlueOutpost: 0, BlueBase: 0
[2025-05-20 06:21:29.642]<DEBUG> [DataManager]Send data: {Hero: (1400, 750), Engineer: (1400, 750), Infantry3: (1400, 750), Infantry4: (1400, 750), Infantry5: (1400, 750), Sentry: (2170, 855)}
[2025-05-20 06:21:29.842]<DEBUG> [SerialHandler] <0x0003> GameRobotHp: Red1: 0, Red2: 0, Red3: 0, Red4: 0, Red5: 0, Red7: 0, RedOutpost: 0, RedBase: 0, Blue1: 0, Blue2: 0, Blue3: 0, Blue4: 0, Blue5: 0, Blue7: 400, BlueOutpost: 0, BlueBase: 0
[2025-05-20 06:21:29.927]<DEBUG> [DataManager]Send data: {Hero: (1400, 750), Engineer: (1400, 750), Infantry3: (1400, 750), Infantry4: (1400, 750), Infantry5: (1400, 750), Sentry: (2170, 855)}
[2025-05-20 06:21:30.212]<DEBUG> [DataManager]Send data: {Hero: (1400, 750), Engineer: (1400, 750), Infantry3: (1400, 750), Infantry4: (1400, 750), Infantry5: (1400, 750), Sentry: (2170, 855)}
[2025-05-20 06:21:30.435]<DEBUG> [SerialHandler] <0x0003> GameRobotHp: Red1: 0, Red2: 0, Red3: 0, Red4: 0, Red5: 0, Red7: 0, RedOutpost: 0, RedBase: 0, Blue1: 0, Blue2: 0, Blue3: 0, Blue4: 0, Blue5: 0, Blue7: 400, BlueOutpost: 0, BlueBase: 0
[2025-05-20 06:21:30.490]<DEBUG> [DataManager]Send data: {Hero: (1400, 750), Engineer: (1400, 750), Infantry3: (1400, 750), Infantry4: (1400, 750), Infantry5: (1400, 750), Sentry: (2170, 855)}
[2025-05-20 06:21:30.714]<DEBUG> [SerialHandler] <0x0003> GameRobotHp: Red1: 0, Red2: 0, Red3: 0, Red4: 0, Red5: 0, Red7: 0, RedOutpost: 0, RedBase: 0, Blue1: 0, Blue2: 0, Blue3: 0, Blue4: 0, Blue5: 0, Blue7: 400, BlueOutpost: 0, BlueBase: 0
[2025-05-20 06:21:30.770]<DEBUG> [DataManager]Send data: {Hero: (1400, 750), Engineer: (1400, 750), Infantry3: (1400, 750), Infantry4: (1400, 750), Infantry5: (1400, 750), Sentry: (2170, 855)}
[2025-05-20 06:21:31.051]<DEBUG> [SerialHandler] <0x0003> GameRobotHp: Red1: 0, Red2: 0, Red3: 0, Red4: 0, Red5: 0, Red7: 0, RedOutpost: 0, RedBase: 0, Blue1: 0, Blue2: 0, Blue3: 0, Blue4: 0, Blue5: 0, Blue7: 400, BlueOutpost: 0, BlueBase: 0
[2025-05-20 06:21:31.053]<DEBUG> [DataManager]Send data: {Hero: (1400, 750), Engineer: (1400, 750), Infantry3: (1400, 750), Infantry4: (1400, 750), Infantry5: (1400, 750), Sentry: (2170, 855)}
[2025-05-20 06:21:31.136]<DEBUG> [SerialHandler] <0x020E> RadarStatus: DoubleDebuffChances: 1,IsDoubleDebuffAble: False
[2025-05-20 06:21:31.337]<DEBUG> [SerialHandler] <0x0003> GameRobotHp: Red1: 0, Red2: 0, Red3: 0, Red4: 0, Red5: 0, Red7: 0, RedOutpost: 0, RedBase: 0, Blue1: 0, Blue2: 0, Blue3: 0, Blue4: 0, Blue5: 0, Blue7: 400, BlueOutpost: 0, BlueBase: 0
[2025-05-20 06:21:31.339]<DEBUG> [DataManager]Send data: {Hero: (1400, 750), Engineer: (1400, 750), Infantry3: (1400, 750), Infantry4: (1400, 750), Infantry5: (1400, 750), Sentry: (2170, 855)}
[2025-05-20 06:21:31.617]<DEBUG> [DataManager]Send data: {Hero: (1400, 750), Engineer: (1400, 750), Infantry3: (1400, 750), Infantry4: (1400, 750), Infantry5: (1400, 750), Sentry: (2170, 855)}
[2025-05-20 06:21:31.644]<DEBUG> [SerialHandler] <0x0003> GameRobotHp: Red1: 0, Red2: 0, Red3: 0, Red4: 0, Red5: 0, Red7: 0, RedOutpost: 0, RedBase: 0, Blue1: 0, Blue2: 0, Blue3: 0, Blue4: 0, Blue5: 0, Blue7: 400, BlueOutpost: 0, BlueBase: 0
[2025-05-20 06:21:31.902]<DEBUG> [DataManager]Send data: {Hero: (1400, 750), Engineer: (1400, 750), Infantry3: (1400, 750), Infantry4: (1400, 750), Infantry5: (1400, 750), Sentry: (2170, 855)}
[2025-05-20 06:21:31.929]<DEBUG> [SerialHandler] <0x0003> GameRobotHp: Red1: 0, Red2: 0, Red3: 0, Red4: 0, Red5: 0, Red7: 0, RedOutpost: 0, RedBase: 0, Blue1: 0, Blue2: 0, Blue3: 0, Blue4: 0, Blue5: 0, Blue7: 400, BlueOutpost: 0, BlueBase: 0
[2025-05-20 06:21:32.181]<DEBUG> [DataManager]Send data: {Hero: (1400, 750), Engineer: (1400, 750), Infantry3: (1400, 750), Infantry4: (1400, 750), Infantry5: (1400, 750), Sentry: (2170, 855)}
[2025-05-20 06:21:32.238]<DEBUG> [SerialHandler] <0x0003> GameRobotHp: Red1: 0, Red2: 0, Red3: 0, Red4: 0, Red5: 0, Red7: 0, RedOutpost: 0, RedBase: 0, Blue1: 0, Blue2: 0, Blue3: 0, Blue4: 0, Blue5: 0, Blue7: 400, BlueOutpost: 0, BlueBase: 0
[2025-05-20 06:21:32.462]<DEBUG> [DataManager]Send data: {Hero: (1400, 750), Engineer: (1400, 750), Infantry3: (1400, 750), Infantry4: (1400, 750), Infantry5: (1400, 750), Sentry: (2170, 855)}
[2025-05-20 06:21:32.517]<DEBUG> [SerialHandler] <0x0003> GameRobotHp: Red1: 0, Red2: 0, Red3: 0, Red4: 0, Red5: 0, Red7: 0, RedOutpost: 0, RedBase: 0, Blue1: 0, Blue2: 0, Blue3: 0, Blue4: 0, Blue5: 0, Blue7: 400, BlueOutpost: 0, BlueBase: 0
[2025-05-20 06:21:32.741]<DEBUG> [DataManager]Send data: {Hero: (1400, 750), Engineer: (1400, 750), Infantry3: (1400, 750), Infantry4: (1400, 750), Infantry5: (1400, 750), Sentry: (2170, 855)}
[2025-05-20 06:21:32.824]<DEBUG> [SerialHandler] <0x0003> GameRobotHp: Red1: 0, Red2: 0, Red3: 0, Red4: 0, Red5: 0, Red7: 0, RedOutpost: 0, RedBase: 0, Blue1: 0, Blue2: 0, Blue3: 0, Blue4: 0, Blue5: 0, Blue7: 400, BlueOutpost: 0, BlueBase: 0
[2025-05-20 06:21:33.022]<DEBUG> [DataManager]Send data: {Hero: (1400, 750), Engineer: (1400, 750), Infantry3: (1400, 750), Infantry4: (1400, 750), Infantry5: (1400, 750), Sentry: (2170, 855)}
[2025-05-20 06:21:33.303]<DEBUG> [DataManager]Send data: {Hero: (1400, 750), Engineer: (1400, 750), Infantry3: (1400, 750), Infantry4: (1400, 750), Infantry5: (1400, 750), Sentry: (2170, 855)}
[2025-05-20 06:21:33.445]<DEBUG> [SerialHandler] <0x0003> GameRobotHp: Red1: 0, Red2: 0, Red3: 0, Red4: 0, Red5: 0, Red7: 0, RedOutpost: 0, RedBase: 0, Blue1: 0, Blue2: 0, Blue3: 0, Blue4: 0, Blue5: 0, Blue7: 400, BlueOutpost: 0, BlueBase: 0
[2025-05-20 06:21:33.587]<DEBUG> [DataManager]Send data: {Hero: (1400, 750), Engineer: (1400, 750), Infantry3: (1400, 750), Infantry4: (1400, 750), Infantry5: (1400, 750), Sentry: (2170, 855)}
[2025-05-20 06:21:33.729]<DEBUG> [SerialHandler] <0x0003> GameRobotHp: Red1: 0, Red2: 0, Red3: 0, Red4: 0, Red5: 0, Red7: 0, RedOutpost: 0, RedBase: 0, Blue1: 0, Blue2: 0, Blue3: 0, Blue4: 0, Blue5: 0, Blue7: 400, BlueOutpost: 0, BlueBase: 0
[2025-05-20 06:21:33.870]<DEBUG> [DataManager]Send data: {Hero: (1400, 750), Engineer: (1400, 750), Infantry3: (1400, 750), Infantry4: (1400, 750), Infantry5: (1400, 750), Sentry: (2170, 855)}
[2025-05-20 06:21:34.039]<DEBUG> [SerialHandler] <0x0003> GameRobotHp: Red1: 0, Red2: 0, Red3: 0, Red4: 0, Red5: 0, Red7: 0, RedOutpost: 0, RedBase: 0, Blue1: 0, Blue2: 0, Blue3: 0, Blue4: 0, Blue5: 0, Blue7: 400, BlueOutpost: 0, BlueBase: 0
[2025-05-20 06:21:34.124]<DEBUG> [SerialHandler] <0x020E> RadarStatus: DoubleDebuffChances: 1,IsDoubleDebuffAble: False
[2025-05-20 06:21:34.153]<DEBUG> [DataManager]Send data: {Hero: (1400, 750), Engineer: (1400, 750), Infantry3: (1400, 750), Infantry4: (1400, 750), Infantry5: (1400, 750), Sentry: (2170, 855)}
[2025-05-20 06:21:34.318]<DEBUG> [SerialHandler] <0x0003> GameRobotHp: Red1: 0, Red2: 0, Red3: 0, Red4: 0, Red5: 0, Red7: 0, RedOutpost: 0, RedBase: 0, Blue1: 0, Blue2: 0, Blue3: 0, Blue4: 0, Blue5: 0, Blue7: 400, BlueOutpost: 0, BlueBase: 0
[2025-05-20 06:21:34.432]<DEBUG> [DataManager]Send data: {Hero: (1400, 750), Engineer: (1400, 750), Infantry3: (1400, 750), Infantry4: (1400, 750), Infantry5: (1400, 750), Sentry: (2170, 855)}
[2025-05-20 06:21:34.629]<DEBUG> [SerialHandler] <0x0003> GameRobotHp: Red1: 0, Red2: 0, Red3: 0, Red4: 0, Red5: 0, Red7: 0, RedOutpost: 0, RedBase: 0, Blue1: 0, Blue2: 0, Blue3: 0, Blue4: 0, Blue5: 0, Blue7: 400, BlueOutpost: 0, BlueBase: 0
[2025-05-20 06:21:34.714]<DEBUG> [DataManager]Send data: {Hero: (1400, 750), Engineer: (1400, 750), Infantry3: (1400, 750), Infantry4: (1400, 750), Infantry5: (1400, 750), Sentry: (2170, 855)}
[2025-05-20 06:21:34.922]<DEBUG> [SerialHandler] <0x0003> GameRobotHp: Red1: 0, Red2: 0, Red3: 0, Red4: 0, Red5: 0, Red7: 0, RedOutpost: 0, RedBase: 0, Blue1: 0, Blue2: 0, Blue3: 0, Blue4: 0, Blue5: 0, Blue7: 400, BlueOutpost: 0, BlueBase: 0
[2025-05-20 06:21:35.008]<DEBUG> [DataManager]Send data: {Hero: (1400, 750), Engineer: (1400, 750), Infantry3: (1400, 750), Infantry4: (1400, 750), Infantry5: (1400, 750), Sentry: (2170, 855)}
[2025-05-20 06:21:35.220]<DEBUG> [SerialHandler] <0x0003> GameRobotHp: Red1: 0, Red2: 0, Red3: 0, Red4: 0, Red5: 0, Red7: 0, RedOutpost: 0, RedBase: 0, Blue1: 0, Blue2: 0, Blue3: 0, Blue4: 0, Blue5: 0, Blue7: 400, BlueOutpost: 0, BlueBase: 0
[2025-05-20 06:21:35.305]<DEBUG> [DataManager]Send data: {Hero: (1400, 750), Engineer: (1400, 750), Infantry3: (1400, 750), Infantry4: (1400, 750), Infantry5: (1400, 750), Sentry: (2170, 855)}
[2025-05-20 06:21:35.529]<DEBUG> [SerialHandler] <0x0003> GameRobotHp: Red1: 0, Red2: 0, Red3: 0, Red4: 0, Red5: 0, Red7: 0, RedOutpost: 0, RedBase: 0, Blue1: 0, Blue2: 0, Blue3: 0, Blue4: 0, Blue5: 0, Blue7: 400, BlueOutpost: 0, BlueBase: 0
[2025-05-20 06:21:35.586]<DEBUG> [DataManager]Send data: {Hero: (1400, 750), Engineer: (1400, 750), Infantry3: (1400, 750), Infantry4: (1400, 750), Infantry5: (1400, 750), Sentry: (2170, 855)}
[2025-05-20 06:21:35.854]<DEBUG> [SerialHandler] <0x0003> GameRobotHp: Red1: 0, Red2: 0, Red3: 0, Red4: 0, Red5: 0, Red7: 0, RedOutpost: 0, RedBase: 0, Blue1: 0, Blue2: 0, Blue3: 0, Blue4: 0, Blue5: 0, Blue7: 400, BlueOutpost: 0, BlueBase: 0
[2025-05-20 06:21:35.883]<DEBUG> [DataManager]Send data: {Hero: (1400, 750), Engineer: (1400, 750), Infantry3: (1400, 750), Infantry4: (1400, 750), Infantry5: (1400, 750), Sentry: (2170, 855)}
[2025-05-20 06:21:36.139]<DEBUG> [SerialHandler] <0x020E> RadarStatus: DoubleDebuffChances: 1,IsDoubleDebuffAble: False
[2025-05-20 06:21:36.167]<DEBUG> [DataManager]Send data: {Hero: (1400, 750), Engineer: (1400, 750), Infantry3: (1400, 750), Infantry4: (1400, 750), Infantry5: (1400, 750), Sentry: (2170, 855)}
[2025-05-20 06:21:36.417]<DEBUG> [SerialHandler] <0x0003> GameRobotHp: Red1: 0, Red2: 0, Red3: 0, Red4: 0, Red5: 0, Red7: 0, RedOutpost: 0, RedBase: 0, Blue1: 0, Blue2: 0, Blue3: 0, Blue4: 0, Blue5: 0, Blue7: 400, BlueOutpost: 0, BlueBase: 0
[2025-05-20 06:21:36.446]<DEBUG> [DataManager]Send data: {Hero: (1400, 750), Engineer: (1400, 750), Infantry3: (1400, 750), Infantry4: (1400, 750), Infantry5: (1400, 750), Sentry: (2170, 855)}
[2025-05-20 06:21:36.727]<DEBUG> [SerialHandler] <0x0003> GameRobotHp: Red1: 0, Red2: 0, Red3: 0, Red4: 0, Red5: 0, Red7: 0, RedOutpost: 0, RedBase: 0, Blue1: 0, Blue2: 0, Blue3: 0, Blue4: 0, Blue5: 0, Blue7: 400, BlueOutpost: 0, BlueBase: 0
[2025-05-20 06:21:36.729]<DEBUG> [DataManager]Send data: {Hero: (1400, 750), Engineer: (1400, 750), Infantry3: (1400, 750), Infantry4: (1400, 750), Infantry5: (1400, 750), Sentry: (2170, 855)}
[2025-05-20 06:21:37.008]<DEBUG> [DataManager]Send data: {Hero: (1400, 750), Engineer: (1400, 750), Infantry3: (1400, 750), Infantry4: (1400, 750), Infantry5: (1400, 750), Sentry: (2170, 855)}
[2025-05-20 06:21:37.036]<DEBUG> [SerialHandler] <0x0003> GameRobotHp: Red1: 0, Red2: 0, Red3: 0, Red4: 0, Red5: 0, Red7: 0, RedOutpost: 0, RedBase: 0, Blue1: 0, Blue2: 0, Blue3: 0, Blue4: 0, Blue5: 0, Blue7: 400, BlueOutpost: 0, BlueBase: 0
[2025-05-20 06:21:37.149]<DEBUG> [SerialHandler] <0x020E> RadarStatus: DoubleDebuffChances: 1,IsDoubleDebuffAble: False
[2025-05-20 06:21:37.297]<DEBUG> [DataManager]Send data: {Hero: (1400, 750), Engineer: (1400, 750), Infantry3: (1400, 750), Infantry4: (1400, 750), Infantry5: (1400, 750), Sentry: (2170, 855)}
[2025-05-20 06:21:37.352]<DEBUG> [SerialHandler] <0x0003> GameRobotHp: Red1: 0, Red2: 0, Red3: 0, Red4: 0, Red5: 0, Red7: 0, RedOutpost: 0, RedBase: 0, Blue1: 0, Blue2: 0, Blue3: 0, Blue4: 0, Blue5: 0, Blue7: 400, BlueOutpost: 0, BlueBase: 0
[2025-05-20 06:21:37.588]<DEBUG> [DataManager]Send data: {Hero: (1400, 750), Engineer: (1400, 750), Infantry3: (1400, 750), Infantry4: (1400, 750), Infantry5: (1400, 750), Sentry: (2170, 855)}
[2025-05-20 06:21:37.619]<DEBUG> [SerialHandler] <0x0003> GameRobotHp: Red1: 0, Red2: 0, Red3: 0, Red4: 0, Red5: 0, Red7: 0, RedOutpost: 0, RedBase: 0, Blue1: 0, Blue2: 0, Blue3: 0, Blue4: 0, Blue5: 0, Blue7: 400, BlueOutpost: 0, BlueBase: 0
[2025-05-20 06:21:37.892]<DEBUG> [DataManager]Send data: {Hero: (1400, 750), Engineer: (1400, 750), Infantry3: (1400, 750), Infantry4: (1400, 750), Infantry5: (1400, 750), Sentry: (2170, 855)}
[2025-05-20 06:21:37.948]<DEBUG> [SerialHandler] <0x0003> GameRobotHp: Red1: 0, Red2: 0, Red3: 0, Red4: 0, Red5: 0, Red7: 0, RedOutpost: 0, RedBase: 0, Blue1: 0, Blue2: 0, Blue3: 0, Blue4: 0, Blue5: 0, Blue7: 400, BlueOutpost: 0, BlueBase: 0
[2025-05-20 06:21:38.148]<DEBUG> [SerialHandler] <0x0001> GameStatus: GameType: 1, GameStage: NotStarted, StageRemainTime: 0, SyncTimestamp: 0
[2025-05-20 06:21:38.176]<DEBUG> [DataManager]Send data: {Hero: (1400, 750), Engineer: (1400, 750), Infantry3: (1400, 750), Infantry4: (1400, 750), Infantry5: (1400, 750), Sentry: (2170, 855)}
[2025-05-20 06:21:38.232]<DEBUG> [SerialHandler] <0x0003> GameRobotHp: Red1: 0, Red2: 0, Red3: 0, Red4: 0, Red5: 0, Red7: 0, RedOutpost: 0, RedBase: 0, Blue1: 0, Blue2: 0, Blue3: 0, Blue4: 0, Blue5: 0, Blue7: 400, BlueOutpost: 0, BlueBase: 0
[2025-05-20 06:21:38.457]<DEBUG> [DataManager]Send data: {Hero: (1400, 750), Engineer: (1400, 750), Infantry3: (1400, 750), Infantry4: (1400, 750), Infantry5: (1400, 750), Sentry: (2170, 855)}
[2025-05-20 06:21:38.541]<DEBUG> [SerialHandler] <0x0003> GameRobotHp: Red1: 0, Red2: 0, Red3: 0, Red4: 0, Red5: 0, Red7: 0, RedOutpost: 0, RedBase: 0, Blue1: 0, Blue2: 0, Blue3: 0, Blue4: 0, Blue5: 0, Blue7: 400, BlueOutpost: 0, BlueBase: 0
[2025-05-20 06:21:38.734]<DEBUG> [DataManager]Send data: {Hero: (1400, 750), Engineer: (1400, 750), Infantry3: (1400, 750), Infantry4: (1400, 750), Infantry5: (1400, 750), Sentry: (2170, 855)}
[2025-05-20 06:21:38.847]<DEBUG> [SerialHandler] <0x0003> GameRobotHp: Red1: 0, Red2: 0, Red3: 0, Red4: 0, Red5: 0, Red7: 0, RedOutpost: 0, RedBase: 0, Blue1: 0, Blue2: 0, Blue3: 0, Blue4: 0, Blue5: 0, Blue7: 400, BlueOutpost: 0, BlueBase: 0
[2025-05-20 06:21:39.014]<DEBUG> [DataManager]Send data: {Hero: (1400, 750), Engineer: (1400, 750), Infantry3: (1400, 750), Infantry4: (1400, 750), Infantry5: (1400, 750), Sentry: (2170, 855)}
[2025-05-20 06:21:39.310]<DEBUG> [DataManager]Send data: {Hero: (1400, 750), Engineer: (1400, 750), Infantry3: (1400, 750), Infantry4: (1400, 750), Infantry5: (1400, 750), Sentry: (2170, 855)}
[2025-05-20 06:21:39.441]<DEBUG> [SerialHandler] <0x0003> GameRobotHp: Red1: 0, Red2: 0, Red3: 0, Red4: 0, Red5: 0, Red7: 0, RedOutpost: 0, RedBase: 0, Blue1: 0, Blue2: 0, Blue3: 0, Blue4: 0, Blue5: 0, Blue7: 400, BlueOutpost: 0, BlueBase: 0
[2025-05-20 06:21:39.628]<DEBUG> [DataManager]Send data: {Hero: (1400, 750), Engineer: (1400, 750), Infantry3: (1400, 750), Infantry4: (1400, 750), Infantry5: (1400, 750), Sentry: (2170, 855)}
[2025-05-20 06:21:39.717]<DEBUG> [SerialHandler] <0x0003> GameRobotHp: Red1: 0, Red2: 0, Red3: 0, Red4: 0, Red5: 0, Red7: 0, RedOutpost: 0, RedBase: 0, Blue1: 0, Blue2: 0, Blue3: 0, Blue4: 0, Blue5: 0, Blue7: 400, BlueOutpost: 0, BlueBase: 0
[2025-05-20 06:21:39.930]<DEBUG> [DataManager]Send data: {Hero: (1400, 750), Engineer: (1400, 750), Infantry3: (1400, 750), Infantry4: (1400, 750), Infantry5: (1400, 750), Sentry: (2170, 855)}
[2025-05-20 06:21:40.019]<DEBUG> [SerialHandler] <0x0003> GameRobotHp: Red1: 0, Red2: 0, Red3: 0, Red4: 0, Red5: 0, Red7: 0, RedOutpost: 0, RedBase: 0, Blue1: 0, Blue2: 0, Blue3: 0, Blue4: 0, Blue5: 0, Blue7: 400, BlueOutpost: 0, BlueBase: 0
[2025-05-20 06:21:40.138]<DEBUG> [SerialHandler] <0x0001> GameStatus: GameType: 1, GameStage: NotStarted, StageRemainTime: 0, SyncTimestamp: 0
[2025-05-20 06:21:40.223]<DEBUG> [DataManager]Send data: {Hero: (1400, 750), Engineer: (1400, 750), Infantry3: (1400, 750), Infantry4: (1400, 750), Infantry5: (1400, 750), Sentry: (2170, 855)}
[2025-05-20 06:21:40.336]<DEBUG> [SerialHandler] <0x0003> GameRobotHp: Red1: 0, Red2: 0, Red3: 0, Red4: 0, Red5: 0, Red7: 0, RedOutpost: 0, RedBase: 0, Blue1: 0, Blue2: 0, Blue3: 0, Blue4: 0, Blue5: 0, Blue7: 400, BlueOutpost: 0, BlueBase: 0
[2025-05-20 06:21:40.513]<DEBUG> [DataManager]Send data: {Hero: (1400, 750), Engineer: (1400, 750), Infantry3: (1400, 750), Infantry4: (1400, 750), Infantry5: (1400, 750), Sentry: (2170, 855)}
[2025-05-20 06:21:40.625]<DEBUG> [SerialHandler] <0x0003> GameRobotHp: Red1: 0, Red2: 0, Red3: 0, Red4: 0, Red5: 0, Red7: 0, RedOutpost: 0, RedBase: 0, Blue1: 0, Blue2: 0, Blue3: 0, Blue4: 0, Blue5: 0, Blue7: 400, BlueOutpost: 0, BlueBase: 0
[2025-05-20 06:21:40.798]<DEBUG> [DataManager]Send data: {Hero: (1400, 750), Engineer: (1400, 750), Infantry3: (1400, 750), Infantry4: (1400, 750), Infantry5: (1400, 750), Sentry: (2170, 855)}
[2025-05-20 06:21:40.987]<DEBUG> [SerialHandler] <0x0003> GameRobotHp: Red1: 0, Red2: 0, Red3: 0, Red4: 0, Red5: 0, Red7: 0, RedOutpost: 0, RedBase: 0, Blue1: 0, Blue2: 0, Blue3: 0, Blue4: 0, Blue5: 0, Blue7: 400, BlueOutpost: 0, BlueBase: 0
[2025-05-20 06:21:41.143]<DEBUG> [SerialHandler] <0x0101> GameBuff: IsSupplyAreaOccupied: False, IsSupplyAreaOccupied2: False, IsSupplyAreaOccupied3: False, IsLittleEnergyOrganActivated: False, IsBigEnergyOrganActivated: False, IsCentralHighlandOccupied: False, IsTrapezoidalHighlandOccupied: False, EnemyDartHitTime: 0, EnemyDartHitTarget: 0, CenterGainPointStatus: 0
[2025-05-20 06:21:41.380]<DEBUG> [SerialHandler] <0x0003> GameRobotHp: Red1: 0, Red2: 0, Red3: 0, Red4: 0, Red5: 0, Red7: 0, RedOutpost: 0, RedBase: 0, Blue1: 0, Blue2: 0, Blue3: 0, Blue4: 0, Blue5: 0, Blue7: 400, BlueOutpost: 0, BlueBase: 0
[2025-05-20 06:21:41.615]<DEBUG> [SerialHandler] <0x0003> GameRobotHp: Red1: 0, Red2: 0, Red3: 0, Red4: 0, Red5: 0, Red7: 0, RedOutpost: 0, RedBase: 0, Blue1: 0, Blue2: 0, Blue3: 0, Blue4: 0, Blue5: 0, Blue7: 400, BlueOutpost: 0, BlueBase: 0
[2025-05-20 06:21:41.729]<DEBUG> [DataManager]Send data: {Hero: (1400, 750), Engineer: (1400, 750), Infantry3: (1400, 750), Infantry4: (1400, 750), Infantry5: (1400, 750), Sentry: (2170, 855)}
[2025-05-20 06:21:41.813]<DEBUG> [SerialHandler] <0x0003> GameRobotHp: Red1: 0, Red2: 0, Red3: 0, Red4: 0, Red5: 0, Red7: 0, RedOutpost: 0, RedBase: 0, Blue1: 0, Blue2: 0, Blue3: 0, Blue4: 0, Blue5: 0, Blue7: 400, BlueOutpost: 0, BlueBase: 0
