--- Log File Created: 2025-05-22 23:26:19.198 ---
[2025-05-22 23:26:19.593]<DEBUG> [Detector]Robot Inferencer initializing...
[2025-05-22 23:26:19.596]<DEBUG> [Yolov8Inferencer]Model loaded: car_v8n
[2025-05-22 23:26:19.599]<DEBUG> [Yolov8Inferencer]Model class count: 1
[2025-05-22 23:26:19.601]<DEBUG> [Yolov8Inferencer]Model loaded: armor_v8n
[2025-05-22 23:26:19.602]<DEBUG> [Yolov8Inferencer]Model class count: 12
[2025-05-22 23:26:19.603]<DEBUG> [Yolov8Inferencer]Model loaded: armor_v8n
[2025-05-22 23:26:19.604]<DEBUG> [Yolov8Inferencer]Model class count: 12
[2025-05-22 23:26:19.605]<DEBUG> [Yolov8Inferencer]Model loaded: armor_v8n
[2025-05-22 23:26:19.606]<DEBUG> [Yolov8Inferencer]Model class count: 12
[2025-05-22 23:26:19.608]<DEBUG> [Yolov8Inferencer]Model loaded: armor_v8n
[2025-05-22 23:26:19.608]<DEBUG> [Yolov8Inferencer]Model class count: 12
[2025-05-22 23:26:19.609]<DEBUG> [Yolov8Inferencer]Model loaded: armor_v8n
[2025-05-22 23:26:19.610]<DEBUG> [Yolov8Inferencer]Model class count: 12
[2025-05-22 23:26:19.612]<DEBUG> [Yolov8Inferencer]Model loaded: armor_v8n
[2025-05-22 23:26:19.613]<DEBUG> [Yolov8Inferencer]Model class count: 12
[2025-05-22 23:26:19.614]<DEBUG> [Yolov8Inferencer]Model loaded: armor_v8n
[2025-05-22 23:26:19.615]<DEBUG> [Yolov8Inferencer]Model class count: 12
[2025-05-22 23:26:19.616]<DEBUG> [Yolov8Inferencer]Model loaded: armor_v8n
[2025-05-22 23:26:19.617]<DEBUG> [Yolov8Inferencer]Model class count: 12
[2025-05-22 23:26:19.618]<DEBUG> [Yolov8Inferencer]Model loaded: armor_v8n
[2025-05-22 23:26:19.619]<DEBUG> [Yolov8Inferencer]Model class count: 12
[2025-05-22 23:26:19.620]<DEBUG> [Yolov8Inferencer]Model loaded: armor_v8n
[2025-05-22 23:26:19.621]<DEBUG> [Yolov8Inferencer]Model class count: 12
[2025-05-22 23:26:19.622]<DEBUG> [Yolov8Inferencer]Model loaded: armor_v8n
[2025-05-22 23:26:19.623]<DEBUG> [Yolov8Inferencer]Model class count: 12
[2025-05-22 23:26:19.624]<DEBUG> [Yolov8Inferencer]Model loaded: armor_v8n
[2025-05-22 23:26:19.624]<DEBUG> [Yolov8Inferencer]Model class count: 12
[2025-05-22 23:26:19.626]<DEBUG> [Detector]initialized.
[2025-05-22 23:26:25.088]<DEBUG> [WebCameraHandler]Camera devices scanned: 2 devices found.
[2025-05-22 23:26:25.092]<DEBUG> [WebCameraHandler]--- Camera device 0: DECXIN  CAMERA
[2025-05-22 23:26:25.093]<DEBUG> [WebCameraHandler]--- Camera device 1: OBS Virtual Camera
[2025-05-22 23:26:26.888]<DEBUG> [WebCameraHandler]DECXIN  CAMERA opened successfully.
