--- Log File Created: 2025-05-22 22:45:05.750 ---
[2025-05-22 22:45:05.948]<DEBUG> [Detector]Robot Inferencer initializing...
[2025-05-22 22:45:05.951]<DEBUG> [Yolov8Inferencer]Model loaded: car_v8n
[2025-05-22 22:45:05.955]<DEBUG> [Yolov8Inferencer]Model class count: 1
[2025-05-22 22:45:05.956]<DEBUG> [Yolov8Inferencer]Model loaded: armor_v8n
[2025-05-22 22:45:05.956]<DEBUG> [Yolov8Inferencer]Model class count: 12
[2025-05-22 22:45:05.957]<DEBUG> [Yolov8Inferencer]Model loaded: armor_v8n
[2025-05-22 22:45:05.958]<DEBUG> [Yolov8Inferencer]Model class count: 12
[2025-05-22 22:45:05.959]<DEBUG> [Yolov8Inferencer]Model loaded: armor_v8n
[2025-05-22 22:45:05.960]<DEBUG> [Yolov8Inferencer]Model class count: 12
[2025-05-22 22:45:05.961]<DEBUG> [Yolov8Inferencer]Model loaded: armor_v8n
[2025-05-22 22:45:05.962]<DEBUG> [Yolov8Inferencer]Model class count: 12
[2025-05-22 22:45:05.963]<DEBUG> [Yolov8Inferencer]Model loaded: armor_v8n
[2025-05-22 22:45:05.964]<DEBUG> [Yolov8Inferencer]Model class count: 12
[2025-05-22 22:45:05.965]<DEBUG> [Yolov8Inferencer]Model loaded: armor_v8n
[2025-05-22 22:45:05.966]<DEBUG> [Yolov8Inferencer]Model class count: 12
[2025-05-22 22:45:05.967]<DEBUG> [Yolov8Inferencer]Model loaded: armor_v8n
[2025-05-22 22:45:05.968]<DEBUG> [Yolov8Inferencer]Model class count: 12
[2025-05-22 22:45:05.969]<DEBUG> [Yolov8Inferencer]Model loaded: armor_v8n
[2025-05-22 22:45:05.970]<DEBUG> [Yolov8Inferencer]Model class count: 12
[2025-05-22 22:45:05.970]<DEBUG> [Yolov8Inferencer]Model loaded: armor_v8n
[2025-05-22 22:45:05.971]<DEBUG> [Yolov8Inferencer]Model class count: 12
[2025-05-22 22:45:05.972]<DEBUG> [Yolov8Inferencer]Model loaded: armor_v8n
[2025-05-22 22:45:05.973]<DEBUG> [Yolov8Inferencer]Model class count: 12
[2025-05-22 22:45:05.974]<DEBUG> [Yolov8Inferencer]Model loaded: armor_v8n
[2025-05-22 22:45:05.975]<DEBUG> [Yolov8Inferencer]Model class count: 12
[2025-05-22 22:45:05.975]<DEBUG> [Yolov8Inferencer]Model loaded: armor_v8n
[2025-05-22 22:45:05.976]<DEBUG> [Yolov8Inferencer]Model class count: 12
[2025-05-22 22:45:05.977]<DEBUG> [Detector]initialized.
[2025-05-22 22:45:09.301]<DEBUG> [WebCameraHandler]Camera devices scanned: 2 devices found.
[2025-05-22 22:45:09.304]<DEBUG> [WebCameraHandler]--- Camera device 0: DECXIN  CAMERA
[2025-05-22 22:45:09.305]<DEBUG> [WebCameraHandler]--- Camera device 1: OBS Virtual Camera
[2025-05-22 22:45:10.424]<DEBUG> [WebCameraHandler]DECXIN  CAMERA opened successfully.
[2025-05-22 22:45:13.759]<DEBUG> [Detector]Robot Inferencer initializing...
[2025-05-22 22:45:13.760]<DEBUG> [Detector]initialized.
[2025-05-22 22:45:13.761]<DEBUG> [Detector]Detection started.
