--- Log File Created: 2025-05-22 22:31:06.482 ---
[2025-05-22 22:31:06.884]<DEBUG> [Detector]Robot Inferencer initializing...
[2025-05-22 22:31:06.888]<DEBUG> [Yolov8Inferencer]Model loaded: car_v8n
[2025-05-22 22:31:06.892]<DEBUG> [Yolov8Inferencer]Model class count: 1
[2025-05-22 22:31:06.893]<DEBUG> [Yolov8Inferencer]Model loaded: armor_v8n
[2025-05-22 22:31:06.894]<DEBUG> [Yolov8Inferencer]Model class count: 12
[2025-05-22 22:31:06.895]<DEBUG> [Yolov8Inferencer]Model loaded: armor_v8n
[2025-05-22 22:31:06.896]<DEBUG> [Yolov8Inferencer]Model class count: 12
[2025-05-22 22:31:06.897]<DEBUG> [Yolov8Inferencer]Model loaded: armor_v8n
[2025-05-22 22:31:06.898]<DEBUG> [Yolov8Inferencer]Model class count: 12
[2025-05-22 22:31:06.899]<DEBUG> [Yolov8Inferencer]Model loaded: armor_v8n
[2025-05-22 22:31:06.900]<DEBUG> [Yolov8Inferencer]Model class count: 12
[2025-05-22 22:31:06.901]<DEBUG> [Yolov8Inferencer]Model loaded: armor_v8n
[2025-05-22 22:31:06.902]<DEBUG> [Yolov8Inferencer]Model class count: 12
[2025-05-22 22:31:06.903]<DEBUG> [Yolov8Inferencer]Model loaded: armor_v8n
[2025-05-22 22:31:06.904]<DEBUG> [Yolov8Inferencer]Model class count: 12
[2025-05-22 22:31:06.905]<DEBUG> [Yolov8Inferencer]Model loaded: armor_v8n
[2025-05-22 22:31:06.906]<DEBUG> [Yolov8Inferencer]Model class count: 12
[2025-05-22 22:31:06.907]<DEBUG> [Yolov8Inferencer]Model loaded: armor_v8n
[2025-05-22 22:31:06.908]<DEBUG> [Yolov8Inferencer]Model class count: 12
[2025-05-22 22:31:06.909]<DEBUG> [Yolov8Inferencer]Model loaded: armor_v8n
[2025-05-22 22:31:06.910]<DEBUG> [Yolov8Inferencer]Model class count: 12
[2025-05-22 22:31:06.911]<DEBUG> [Yolov8Inferencer]Model loaded: armor_v8n
[2025-05-22 22:31:06.912]<DEBUG> [Yolov8Inferencer]Model class count: 12
[2025-05-22 22:31:06.913]<DEBUG> [Yolov8Inferencer]Model loaded: armor_v8n
[2025-05-22 22:31:06.914]<DEBUG> [Yolov8Inferencer]Model class count: 12
[2025-05-22 22:31:06.915]<DEBUG> [Yolov8Inferencer]Model loaded: armor_v8n
[2025-05-22 22:31:06.916]<DEBUG> [Yolov8Inferencer]Model class count: 12
[2025-05-22 22:31:06.917]<DEBUG> [Detector]initialized.
[2025-05-22 22:31:10.456]<DEBUG> [WebCameraHandler]Camera devices scanned: 2 devices found.
[2025-05-22 22:31:10.460]<DEBUG> [WebCameraHandler]--- Camera device 0: DECXIN  CAMERA
[2025-05-22 22:31:10.461]<DEBUG> [WebCameraHandler]--- Camera device 1: OBS Virtual Camera
[2025-05-22 22:31:11.035]<ERROR> [WebCameraHandler]Failed to open DECXIN  CAMERA.
