--- Log File Created: 2025-05-22 22:21:38.190 ---
[2025-05-22 22:21:38.575]<DEBUG> [Detector]Robot Inferencer initializing...
[2025-05-22 22:21:38.578]<DEBUG> [Yolov8Inferencer]Model loaded: car_v8n
[2025-05-22 22:21:38.581]<DEBUG> [Yolov8Inferencer]Model class count: 1
[2025-05-22 22:21:38.582]<DEBUG> [Yolov8Inferencer]Model loaded: armor_v8n
[2025-05-22 22:21:38.584]<DEBUG> [Yolov8Inferencer]Model class count: 12
[2025-05-22 22:21:38.584]<DEBUG> [Yolov8Inferencer]Model loaded: armor_v8n
[2025-05-22 22:21:38.585]<DEBUG> [Yolov8Inferencer]Model class count: 12
[2025-05-22 22:21:38.586]<DEBUG> [Yolov8Inferencer]Model loaded: armor_v8n
[2025-05-22 22:21:38.588]<DEBUG> [Yolov8Inferencer]Model class count: 12
[2025-05-22 22:21:38.589]<DEBUG> [Yolov8Inferencer]Model loaded: armor_v8n
[2025-05-22 22:21:38.590]<DEBUG> [Yolov8Inferencer]Model class count: 12
[2025-05-22 22:21:38.591]<DEBUG> [Yolov8Inferencer]Model loaded: armor_v8n
[2025-05-22 22:21:38.592]<DEBUG> [Yolov8Inferencer]Model class count: 12
[2025-05-22 22:21:38.593]<DEBUG> [Yolov8Inferencer]Model loaded: armor_v8n
[2025-05-22 22:21:38.594]<DEBUG> [Yolov8Inferencer]Model class count: 12
[2025-05-22 22:21:38.594]<DEBUG> [Yolov8Inferencer]Model loaded: armor_v8n
[2025-05-22 22:21:38.595]<DEBUG> [Yolov8Inferencer]Model class count: 12
[2025-05-22 22:21:38.596]<DEBUG> [Yolov8Inferencer]Model loaded: armor_v8n
[2025-05-22 22:21:38.597]<DEBUG> [Yolov8Inferencer]Model class count: 12
[2025-05-22 22:21:38.598]<DEBUG> [Yolov8Inferencer]Model loaded: armor_v8n
[2025-05-22 22:21:38.600]<DEBUG> [Yolov8Inferencer]Model class count: 12
[2025-05-22 22:21:38.601]<DEBUG> [Yolov8Inferencer]Model loaded: armor_v8n
[2025-05-22 22:21:38.602]<DEBUG> [Yolov8Inferencer]Model class count: 12
[2025-05-22 22:21:38.603]<DEBUG> [Yolov8Inferencer]Model loaded: armor_v8n
[2025-05-22 22:21:38.604]<DEBUG> [Yolov8Inferencer]Model class count: 12
[2025-05-22 22:21:38.605]<DEBUG> [Yolov8Inferencer]Model loaded: armor_v8n
[2025-05-22 22:21:38.606]<DEBUG> [Yolov8Inferencer]Model class count: 12
[2025-05-22 22:21:38.607]<DEBUG> [Detector]initialized.
[2025-05-22 22:21:43.226]<DEBUG> [WebCameraHandler]Camera devices scanned: 2 devices found.
[2025-05-22 22:21:43.228]<DEBUG> [WebCameraHandler]--- Camera device 0: DECXIN  CAMERA
[2025-05-22 22:21:43.229]<DEBUG> [WebCameraHandler]--- Camera device 1: OBS Virtual Camera
[2025-05-22 22:21:44.137]<ERROR> [WebCameraHandler]Failed to open DECXIN  CAMERA.
