--- Log File Created: 2025-05-22 23:52:59.665 ---
[2025-05-22 23:52:59.866]<DEBUG> [Detector]Robot Inferencer initializing...
[2025-05-22 23:52:59.868]<DEBUG> [Yolov8Inferencer]Model loaded: car_v8n
[2025-05-22 23:52:59.871]<DEBUG> [Yolov8Inferencer]Model class count: 1
[2025-05-22 23:52:59.872]<DEBUG> [Yolov8Inferencer]Model loaded: armor_v8n
[2025-05-22 23:52:59.873]<DEBUG> [Yolov8Inferencer]Model class count: 12
[2025-05-22 23:52:59.873]<DEBUG> [Yolov8Inferencer]Model loaded: armor_v8n
[2025-05-22 23:52:59.874]<DEBUG> [Yolov8Inferencer]Model class count: 12
[2025-05-22 23:52:59.875]<DEBUG> [Yolov8Inferencer]Model loaded: armor_v8n
[2025-05-22 23:52:59.876]<DEBUG> [Yolov8Inferencer]Model class count: 12
[2025-05-22 23:52:59.877]<DEBUG> [Yolov8Inferencer]Model loaded: armor_v8n
[2025-05-22 23:52:59.878]<DEBUG> [Yolov8Inferencer]Model class count: 12
[2025-05-22 23:52:59.880]<DEBUG> [Yolov8Inferencer]Model loaded: armor_v8n
[2025-05-22 23:52:59.880]<DEBUG> [Yolov8Inferencer]Model class count: 12
[2025-05-22 23:52:59.881]<DEBUG> [Yolov8Inferencer]Model loaded: armor_v8n
[2025-05-22 23:52:59.882]<DEBUG> [Yolov8Inferencer]Model class count: 12
[2025-05-22 23:52:59.883]<DEBUG> [Yolov8Inferencer]Model loaded: armor_v8n
[2025-05-22 23:52:59.884]<DEBUG> [Yolov8Inferencer]Model class count: 12
[2025-05-22 23:52:59.884]<DEBUG> [Yolov8Inferencer]Model loaded: armor_v8n
[2025-05-22 23:52:59.885]<DEBUG> [Yolov8Inferencer]Model class count: 12
[2025-05-22 23:52:59.886]<DEBUG> [Yolov8Inferencer]Model loaded: armor_v8n
[2025-05-22 23:52:59.887]<DEBUG> [Yolov8Inferencer]Model class count: 12
[2025-05-22 23:52:59.888]<DEBUG> [Yolov8Inferencer]Model loaded: armor_v8n
[2025-05-22 23:52:59.888]<DEBUG> [Yolov8Inferencer]Model class count: 12
[2025-05-22 23:52:59.889]<DEBUG> [Yolov8Inferencer]Model loaded: armor_v8n
[2025-05-22 23:52:59.890]<DEBUG> [Yolov8Inferencer]Model class count: 12
[2025-05-22 23:52:59.891]<DEBUG> [Yolov8Inferencer]Model loaded: armor_v8n
[2025-05-22 23:52:59.892]<DEBUG> [Yolov8Inferencer]Model class count: 12
[2025-05-22 23:52:59.893]<DEBUG> [Detector]initialized.
[2025-05-22 23:53:05.400]<DEBUG> [WebCameraHandler]Camera devices scanned: 3 devices found.
[2025-05-22 23:53:05.403]<DEBUG> [WebCameraHandler]--- Camera device 0: DECXIN  CAMERA
[2025-05-22 23:53:05.404]<DEBUG> [WebCameraHandler]--- Camera device 1: DECXIN  CAMERA 1
[2025-05-22 23:53:05.405]<DEBUG> [WebCameraHandler]--- Camera device 2: OBS Virtual Camera
[2025-05-22 23:53:06.838]<DEBUG> [WebCameraHandler]DECXIN  CAMERA opened successfully.
[2025-05-22 23:53:08.288]<DEBUG> [WebCameraHandler]DECXIN  CAMERA 1 opened successfully.
[2025-05-22 23:53:19.112]<DEBUG> [SerialHandler]Serial port closed.
[2025-05-22 23:53:19.115]<DEBUG> [SerialHandler]Serial port opened: COM6
[2025-05-22 23:53:19.142]<DEBUG> [SerialHandler] <0x0101> GameBuff: IsSupplyAreaOccupied: False, IsSupplyAreaOccupied2: False, IsSupplyAreaOccupied3: False, IsLittleEnergyOrganActivated: False, IsBigEnergyOrganActivated: False, IsCentralHighlandOccupied: False, IsTrapezoidalHighlandOccupied: False, EnemyDartHitTime: 0, EnemyDartHitTarget: 0, CenterGainPointStatus: 0
[2025-05-22 23:53:19.143]<DEBUG> [DataManager]Send data: {Hero: (1400, 750), Engineer: (1400, 750), Infantry3: (1400, 750), Infantry4: (1400, 750), Infantry5: (1400, 750), Sentry: (1400, 750)}
[2025-05-22 23:53:19.288]<DEBUG> [SerialHandler] <0x0003> GameRobotHp: Red1: 0, Red2: 0, Red3: 0, Red4: 0, Red5: 0, Red7: 0, RedOutpost: 0, RedBase: 0, Blue1: 0, Blue2: 0, Blue3: 0, Blue4: 0, Blue5: 0, Blue7: 0, BlueOutpost: 0, BlueBase: 0
[2025-05-22 23:53:19.429]<DEBUG> [DataManager]Send data: {Hero: (1400, 750), Engineer: (1400, 750), Infantry3: (1400, 750), Infantry4: (1400, 750), Infantry5: (1400, 750), Sentry: (1400, 750)}
[2025-05-22 23:53:19.552]<DEBUG> [SerialHandler] <0x0003> GameRobotHp: Red1: 0, Red2: 0, Red3: 0, Red4: 0, Red5: 0, Red7: 0, RedOutpost: 0, RedBase: 0, Blue1: 0, Blue2: 0, Blue3: 0, Blue4: 0, Blue5: 0, Blue7: 0, BlueOutpost: 0, BlueBase: 0
[2025-05-22 23:53:19.676]<DEBUG> [DataManager]Send data: {Hero: (1400, 750), Engineer: (1400, 750), Infantry3: (1400, 750), Infantry4: (1400, 750), Infantry5: (1400, 750), Sentry: (1400, 750)}
[2025-05-22 23:53:19.846]<DEBUG> [SerialHandler] <0x0003> GameRobotHp: Red1: 0, Red2: 0, Red3: 0, Red4: 0, Red5: 0, Red7: 0, RedOutpost: 0, RedBase: 0, Blue1: 0, Blue2: 0, Blue3: 0, Blue4: 0, Blue5: 0, Blue7: 0, BlueOutpost: 0, BlueBase: 0
[2025-05-22 23:53:19.915]<DEBUG> [DataManager]Send data: {Hero: (1400, 750), Engineer: (1400, 750), Infantry3: (1400, 750), Infantry4: (1400, 750), Infantry5: (1400, 750), Sentry: (1400, 750)}
[2025-05-22 23:53:20.152]<DEBUG> [SerialHandler] <0x020E> RadarStatus: DoubleDebuffChances: 0,IsDoubleDebuffAble: False
[2025-05-22 23:53:20.154]<DEBUG> [DataManager]Send data: {Hero: (1400, 750), Engineer: (1400, 750), Infantry3: (1400, 750), Infantry4: (1400, 750), Infantry5: (1400, 750), Sentry: (1400, 750)}
[2025-05-22 23:53:20.379]<DEBUG> [DataManager]Send data: {Hero: (1400, 750), Engineer: (1400, 750), Infantry3: (1400, 750), Infantry4: (1400, 750), Infantry5: (1400, 750), Sentry: (1400, 750)}
[2025-05-22 23:53:20.449]<DEBUG> [SerialHandler] <0x0003> GameRobotHp: Red1: 0, Red2: 0, Red3: 0, Red4: 0, Red5: 0, Red7: 0, RedOutpost: 0, RedBase: 0, Blue1: 0, Blue2: 0, Blue3: 0, Blue4: 0, Blue5: 0, Blue7: 0, BlueOutpost: 0, BlueBase: 0
[2025-05-22 23:53:20.614]<DEBUG> [DataManager]Send data: {Hero: (1400, 750), Engineer: (1400, 750), Infantry3: (1400, 750), Infantry4: (1400, 750), Infantry5: (1400, 750), Sentry: (1400, 750)}
[2025-05-22 23:53:20.743]<DEBUG> [SerialHandler] <0x0003> GameRobotHp: Red1: 0, Red2: 0, Red3: 0, Red4: 0, Red5: 0, Red7: 0, RedOutpost: 0, RedBase: 0, Blue1: 0, Blue2: 0, Blue3: 0, Blue4: 0, Blue5: 0, Blue7: 0, BlueOutpost: 0, BlueBase: 0
[2025-05-22 23:53:20.859]<DEBUG> [DataManager]Send data: {Hero: (1400, 750), Engineer: (1400, 750), Infantry3: (1400, 750), Infantry4: (1400, 750), Infantry5: (1400, 750), Sentry: (1400, 750)}
[2025-05-22 23:53:21.051]<DEBUG> [SerialHandler] <0x0003> GameRobotHp: Red1: 0, Red2: 0, Red3: 0, Red4: 0, Red5: 0, Red7: 0, RedOutpost: 0, RedBase: 0, Blue1: 0, Blue2: 0, Blue3: 0, Blue4: 0, Blue5: 0, Blue7: 0, BlueOutpost: 0, BlueBase: 0
[2025-05-22 23:53:21.099]<DEBUG> [DataManager]Send data: {Hero: (1400, 750), Engineer: (1400, 750), Infantry3: (1400, 750), Infantry4: (1400, 750), Infantry5: (1400, 750), Sentry: (1400, 750)}
[2025-05-22 23:53:21.340]<DEBUG> [SerialHandler] <0x0003> GameRobotHp: Red1: 0, Red2: 0, Red3: 0, Red4: 0, Red5: 0, Red7: 0, RedOutpost: 0, RedBase: 0, Blue1: 0, Blue2: 0, Blue3: 0, Blue4: 0, Blue5: 0, Blue7: 0, BlueOutpost: 0, BlueBase: 0
[2025-05-22 23:53:21.342]<DEBUG> [DataManager]Send data: {Hero: (1400, 750), Engineer: (1400, 750), Infantry3: (1400, 750), Infantry4: (1400, 750), Infantry5: (1400, 750), Sentry: (1400, 750)}
[2025-05-22 23:53:21.580]<DEBUG> [DataManager]Send data: {Hero: (1400, 750), Engineer: (1400, 750), Infantry3: (1400, 750), Infantry4: (1400, 750), Infantry5: (1400, 750), Sentry: (1400, 750)}
[2025-05-22 23:53:21.653]<DEBUG> [SerialHandler] <0x0003> GameRobotHp: Red1: 0, Red2: 0, Red3: 0, Red4: 0, Red5: 0, Red7: 0, RedOutpost: 0, RedBase: 0, Blue1: 0, Blue2: 0, Blue3: 0, Blue4: 0, Blue5: 0, Blue7: 0, BlueOutpost: 0, BlueBase: 0
[2025-05-22 23:53:21.822]<DEBUG> [DataManager]Send data: {Hero: (1400, 750), Engineer: (1400, 750), Infantry3: (1400, 750), Infantry4: (1400, 750), Infantry5: (1400, 750), Sentry: (1400, 750)}
[2025-05-22 23:53:21.964]<DEBUG> [SerialHandler] <0x0003> GameRobotHp: Red1: 0, Red2: 0, Red3: 0, Red4: 0, Red5: 0, Red7: 0, RedOutpost: 0, RedBase: 0, Blue1: 0, Blue2: 0, Blue3: 0, Blue4: 0, Blue5: 0, Blue7: 0, BlueOutpost: 0, BlueBase: 0
[2025-05-22 23:53:22.058]<DEBUG> [DataManager]Send data: {Hero: (1400, 750), Engineer: (1400, 750), Infantry3: (1400, 750), Infantry4: (1400, 750), Infantry5: (1400, 750), Sentry: (1400, 750)}
[2025-05-22 23:53:22.247]<DEBUG> [SerialHandler] <0x0003> GameRobotHp: Red1: 0, Red2: 0, Red3: 0, Red4: 0, Red5: 0, Red7: 0, RedOutpost: 0, RedBase: 0, Blue1: 0, Blue2: 0, Blue3: 0, Blue4: 0, Blue5: 0, Blue7: 0, BlueOutpost: 0, BlueBase: 0
[2025-05-22 23:53:22.293]<DEBUG> [DataManager]Send data: {Hero: (1400, 750), Engineer: (1400, 750), Infantry3: (1400, 750), Infantry4: (1400, 750), Infantry5: (1400, 750), Sentry: (1400, 750)}
[2025-05-22 23:53:22.615]<DEBUG> [Detector]Robot Inferencer initializing...
[2025-05-22 23:53:22.617]<DEBUG> [Detector]initialized.
[2025-05-22 23:53:22.618]<DEBUG> [SerialHandler] <0x0003> GameRobotHp: Red1: 0, Red2: 0, Red3: 0, Red4: 0, Red5: 0, Red7: 0, RedOutpost: 0, RedBase: 0, Blue1: 0, Blue2: 0, Blue3: 0, Blue4: 0, Blue5: 0, Blue7: 0, BlueOutpost: 0, BlueBase: 0
[2025-05-22 23:53:22.619]<DEBUG> [Detector]Detection started.
[2025-05-22 23:53:22.804]<DEBUG> [DataManager]Send data: {Hero: (1400, 750), Engineer: (1400, 750), Infantry3: (1400, 750), Infantry4: (1400, 750), Infantry5: (1400, 750), Sentry: (1400, 750)}
[2025-05-22 23:53:22.847]<DEBUG> [SerialHandler] <0x0003> GameRobotHp: Red1: 0, Red2: 0, Red3: 0, Red4: 0, Red5: 0, Red7: 0, RedOutpost: 0, RedBase: 0, Blue1: 0, Blue2: 0, Blue3: 0, Blue4: 0, Blue5: 0, Blue7: 0, BlueOutpost: 0, BlueBase: 0
[2025-05-22 23:53:23.110]<DEBUG> [DataManager]Send data: {Hero: (1400, 750), Engineer: (1400, 750), Infantry3: (1400, 750), Infantry4: (1400, 750), Infantry5: (1400, 750), Sentry: (1400, 750)}
[2025-05-22 23:53:23.229]<DEBUG> [SerialHandler] <0x0003> GameRobotHp: Red1: 0, Red2: 0, Red3: 0, Red4: 0, Red5: 0, Red7: 0, RedOutpost: 0, RedBase: 0, Blue1: 0, Blue2: 0, Blue3: 0, Blue4: 0, Blue5: 0, Blue7: 0, BlueOutpost: 0, BlueBase: 0
[2025-05-22 23:53:23.418]<DEBUG> [DataManager]Send data: {Hero: (1400, 750), Engineer: (1400, 750), Infantry3: (1400, 750), Infantry4: (1400, 750), Infantry5: (1400, 750), Sentry: (1400, 750)}
[2025-05-22 23:53:23.462]<DEBUG> [SerialHandler] <0x0003> GameRobotHp: Red1: 0, Red2: 0, Red3: 0, Red4: 0, Red5: 0, Red7: 0, RedOutpost: 0, RedBase: 0, Blue1: 0, Blue2: 0, Blue3: 0, Blue4: 0, Blue5: 0, Blue7: 0, BlueOutpost: 0, BlueBase: 0
[2025-05-22 23:53:23.734]<DEBUG> [SerialHandler] <0x0003> GameRobotHp: Red1: 0, Red2: 0, Red3: 0, Red4: 0, Red5: 0, Red7: 0, RedOutpost: 0, RedBase: 0, Blue1: 0, Blue2: 0, Blue3: 0, Blue4: 0, Blue5: 0, Blue7: 0, BlueOutpost: 0, BlueBase: 0
[2025-05-22 23:53:23.736]<DEBUG> [DataManager]Send data: {Hero: (1400, 750), Engineer: (1400, 750), Infantry3: (1400, 750), Infantry4: (1400, 750), Infantry5: (1400, 750), Sentry: (1400, 750)}
[2025-05-22 23:53:24.010]<DEBUG> [DataManager]Send data: {Hero: (1400, 750), Engineer: (1400, 750), Infantry3: (1400, 750), Infantry4: (1400, 750), Infantry5: (1400, 750), Sentry: (1400, 750)}
[2025-05-22 23:53:24.031]<DEBUG> [SerialHandler] <0x0003> GameRobotHp: Red1: 0, Red2: 0, Red3: 0, Red4: 0, Red5: 0, Red7: 0, RedOutpost: 0, RedBase: 0, Blue1: 0, Blue2: 0, Blue3: 0, Blue4: 0, Blue5: 0, Blue7: 0, BlueOutpost: 0, BlueBase: 0
[2025-05-22 23:53:24.151]<DEBUG> [SerialHandler] <0x0001> GameStatus: GameType: 1, GameStage: NotStarted, StageRemainTime: 0, SyncTimestamp: 0
[2025-05-22 23:53:24.324]<DEBUG> [DataManager]Send data: {Hero: (1400, 750), Engineer: (1400, 750), Infantry3: (1400, 750), Infantry4: (1400, 750), Infantry5: (1400, 750), Sentry: (1400, 750)}
[2025-05-22 23:53:24.362]<DEBUG> [SerialHandler] <0x0003> GameRobotHp: Red1: 0, Red2: 0, Red3: 0, Red4: 0, Red5: 0, Red7: 0, RedOutpost: 0, RedBase: 0, Blue1: 0, Blue2: 0, Blue3: 0, Blue4: 0, Blue5: 0, Blue7: 0, BlueOutpost: 0, BlueBase: 0
[2025-05-22 23:53:24.616]<DEBUG> [DataManager]Send data: {Hero: (1400, 750), Engineer: (1400, 750), Infantry3: (1400, 750), Infantry4: (1400, 750), Infantry5: (1400, 750), Sentry: (1400, 750)}
[2025-05-22 23:53:24.642]<DEBUG> [SerialHandler] <0x0003> GameRobotHp: Red1: 0, Red2: 0, Red3: 0, Red4: 0, Red5: 0, Red7: 0, RedOutpost: 0, RedBase: 0, Blue1: 0, Blue2: 0, Blue3: 0, Blue4: 0, Blue5: 0, Blue7: 0, BlueOutpost: 0, BlueBase: 0
[2025-05-22 23:53:24.890]<DEBUG> [DataManager]Send data: {Hero: (1400, 750), Engineer: (1400, 750), Infantry3: (1400, 750), Infantry4: (1400, 750), Infantry5: (1400, 750), Sentry: (1400, 750)}
[2025-05-22 23:53:24.929]<DEBUG> [SerialHandler] <0x0003> GameRobotHp: Red1: 0, Red2: 0, Red3: 0, Red4: 0, Red5: 0, Red7: 0, RedOutpost: 0, RedBase: 0, Blue1: 0, Blue2: 0, Blue3: 0, Blue4: 0, Blue5: 0, Blue7: 0, BlueOutpost: 0, BlueBase: 0
[2025-05-22 23:53:25.150]<DEBUG> [SerialHandler] <0x020E> RadarStatus: DoubleDebuffChances: 0,IsDoubleDebuffAble: False
[2025-05-22 23:53:25.220]<DEBUG> [DataManager]Send data: {Hero: (1400, 750), Engineer: (1400, 750), Infantry3: (1400, 750), Infantry4: (1400, 750), Infantry5: (1400, 750), Sentry: (1400, 750)}
[2025-05-22 23:53:25.233]<DEBUG> [SerialHandler] <0x0003> GameRobotHp: Red1: 0, Red2: 0, Red3: 0, Red4: 0, Red5: 0, Red7: 0, RedOutpost: 0, RedBase: 0, Blue1: 0, Blue2: 0, Blue3: 0, Blue4: 0, Blue5: 0, Blue7: 0, BlueOutpost: 0, BlueBase: 0
[2025-05-22 23:53:25.510]<DEBUG> [DataManager]Send data: {Hero: (1400, 750), Engineer: (1400, 750), Infantry3: (1400, 750), Infantry4: (1400, 750), Infantry5: (1400, 750), Sentry: (1400, 750)}
[2025-05-22 23:53:25.605]<DEBUG> [SerialHandler] <0x0003> GameRobotHp: Red1: 0, Red2: 0, Red3: 0, Red4: 0, Red5: 0, Red7: 0, RedOutpost: 0, RedBase: 0, Blue1: 0, Blue2: 0, Blue3: 0, Blue4: 0, Blue5: 0, Blue7: 0, BlueOutpost: 0, BlueBase: 0
[2025-05-22 23:53:25.838]<DEBUG> [SerialHandler] <0x0003> GameRobotHp: Red1: 0, Red2: 0, Red3: 0, Red4: 0, Red5: 0, Red7: 0, RedOutpost: 0, RedBase: 0, Blue1: 0, Blue2: 0, Blue3: 0, Blue4: 0, Blue5: 0, Blue7: 0, BlueOutpost: 0, BlueBase: 0
[2025-05-22 23:53:25.840]<DEBUG> [DataManager]Send data: {Hero: (1400, 750), Engineer: (1400, 750), Infantry3: (1400, 750), Infantry4: (1400, 750), Infantry5: (1400, 750), Sentry: (1400, 750)}
[2025-05-22 23:53:26.156]<DEBUG> [DataManager]Send data: {Hero: (1400, 750), Engineer: (1400, 750), Infantry3: (1400, 750), Infantry4: (1400, 750), Infantry5: (1400, 750), Sentry: (1400, 750)}
[2025-05-22 23:53:26.433]<DEBUG> [DataManager]Send data: {Hero: (1400, 750), Engineer: (1400, 750), Infantry3: (1400, 750), Infantry4: (1400, 750), Infantry5: (1400, 750), Sentry: (1400, 750)}
[2025-05-22 23:53:26.485]<DEBUG> [SerialHandler] <0x0003> GameRobotHp: Red1: 0, Red2: 0, Red3: 0, Red4: 0, Red5: 0, Red7: 0, RedOutpost: 0, RedBase: 0, Blue1: 0, Blue2: 0, Blue3: 0, Blue4: 0, Blue5: 0, Blue7: 0, BlueOutpost: 0, BlueBase: 0
[2025-05-22 23:53:26.765]<DEBUG> [SerialHandler] <0x0003> GameRobotHp: Red1: 0, Red2: 0, Red3: 0, Red4: 0, Red5: 0, Red7: 0, RedOutpost: 0, RedBase: 0, Blue1: 0, Blue2: 0, Blue3: 0, Blue4: 0, Blue5: 0, Blue7: 0, BlueOutpost: 0, BlueBase: 0
[2025-05-22 23:53:26.766]<DEBUG> [DataManager]Send data: {Hero: (1400, 750), Engineer: (1400, 750), Infantry3: (1400, 750), Infantry4: (1400, 750), Infantry5: (1400, 750), Sentry: (1400, 750)}
[2025-05-22 23:53:27.047]<DEBUG> [DataManager]Send data: {Hero: (1400, 750), Engineer: (1400, 750), Infantry3: (1400, 750), Infantry4: (1400, 750), Infantry5: (1400, 750), Sentry: (1400, 750)}
[2025-05-22 23:53:27.092]<DEBUG> [SerialHandler] <0x0003> GameRobotHp: Red1: 0, Red2: 0, Red3: 0, Red4: 0, Red5: 0, Red7: 0, RedOutpost: 0, RedBase: 0, Blue1: 0, Blue2: 0, Blue3: 0, Blue4: 0, Blue5: 0, Blue7: 0, BlueOutpost: 0, BlueBase: 0
[2025-05-22 23:53:27.167]<DEBUG> [SerialHandler] <0x0001> GameStatus: GameType: 1, GameStage: NotStarted, StageRemainTime: 0, SyncTimestamp: 0
[2025-05-22 23:53:27.593]<DEBUG> [DataManager]Send data: {Hero: (1400, 750), Engineer: (1400, 750), Infantry3: (1400, 750), Infantry4: (1400, 750), Infantry5: (1400, 750), Sentry: (1400, 750)}
[2025-05-22 23:53:27.647]<DEBUG> [SerialHandler] <0x0003> GameRobotHp: Red1: 0, Red2: 0, Red3: 0, Red4: 0, Red5: 0, Red7: 0, RedOutpost: 0, RedBase: 0, Blue1: 0, Blue2: 0, Blue3: 0, Blue4: 0, Blue5: 0, Blue7: 0, BlueOutpost: 0, BlueBase: 0
[2025-05-22 23:53:27.871]<DEBUG> [DataManager]Send data: {Hero: (1400, 750), Engineer: (1400, 750), Infantry3: (1400, 750), Infantry4: (1400, 750), Infantry5: (1400, 750), Sentry: (1400, 750)}
[2025-05-22 23:53:27.958]<DEBUG> [SerialHandler] <0x0003> GameRobotHp: Red1: 0, Red2: 0, Red3: 0, Red4: 0, Red5: 0, Red7: 0, RedOutpost: 0, RedBase: 0, Blue1: 0, Blue2: 0, Blue3: 0, Blue4: 0, Blue5: 0, Blue7: 0, BlueOutpost: 0, BlueBase: 0
[2025-05-22 23:53:28.157]<DEBUG> [SerialHandler] <0x0101> GameBuff: IsSupplyAreaOccupied: False, IsSupplyAreaOccupied2: False, IsSupplyAreaOccupied3: False, IsLittleEnergyOrganActivated: False, IsBigEnergyOrganActivated: False, IsCentralHighlandOccupied: False, IsTrapezoidalHighlandOccupied: False, EnemyDartHitTime: 0, EnemyDartHitTarget: 0, CenterGainPointStatus: 0
[2025-05-22 23:53:28.158]<DEBUG> [SerialHandler] <0x020E> RadarStatus: DoubleDebuffChances: 0,IsDoubleDebuffAble: False
[2025-05-22 23:53:28.159]<DEBUG> [DataManager]Send data: {Hero: (1400, 750), Engineer: (1400, 750), Infantry3: (1400, 750), Infantry4: (1400, 750), Infantry5: (1400, 750), Sentry: (1400, 750)}
[2025-05-22 23:53:28.278]<DEBUG> [SerialHandler] <0x0003> GameRobotHp: Red1: 0, Red2: 0, Red3: 0, Red4: 0, Red5: 0, Red7: 0, RedOutpost: 0, RedBase: 0, Blue1: 0, Blue2: 0, Blue3: 0, Blue4: 0, Blue5: 0, Blue7: 0, BlueOutpost: 0, BlueBase: 0
[2025-05-22 23:53:28.465]<DEBUG> [DataManager]Send data: {Hero: (1400, 750), Engineer: (1400, 750), Infantry3: (1400, 750), Infantry4: (1400, 750), Infantry5: (1400, 750), Sentry: (1400, 750)}
[2025-05-22 23:53:28.562]<DEBUG> [SerialHandler] <0x0003> GameRobotHp: Red1: 0, Red2: 0, Red3: 0, Red4: 0, Red5: 0, Red7: 0, RedOutpost: 0, RedBase: 0, Blue1: 0, Blue2: 0, Blue3: 0, Blue4: 0, Blue5: 0, Blue7: 0, BlueOutpost: 0, BlueBase: 0
[2025-05-22 23:53:28.775]<DEBUG> [DataManager]Send data: {Hero: (1400, 750), Engineer: (1400, 750), Infantry3: (1400, 750), Infantry4: (1400, 750), Infantry5: (1400, 750), Sentry: (1400, 750)}
[2025-05-22 23:53:28.852]<DEBUG> [SerialHandler] <0x0003> GameRobotHp: Red1: 0, Red2: 0, Red3: 0, Red4: 0, Red5: 0, Red7: 0, RedOutpost: 0, RedBase: 0, Blue1: 0, Blue2: 0, Blue3: 0, Blue4: 0, Blue5: 0, Blue7: 0, BlueOutpost: 0, BlueBase: 0
[2025-05-22 23:53:29.093]<DEBUG> [DataManager]Send data: {Hero: (1400, 750), Engineer: (1400, 750), Infantry3: (1400, 750), Infantry4: (1400, 750), Infantry5: (1400, 750), Sentry: (1400, 750)}
[2025-05-22 23:53:29.163]<DEBUG> [SerialHandler] <0x020E> RadarStatus: DoubleDebuffChances: 0,IsDoubleDebuffAble: False
[2025-05-22 23:53:29.418]<DEBUG> [DataManager]Send data: {Hero: (1400, 750), Engineer: (1400, 750), Infantry3: (1400, 750), Infantry4: (1400, 750), Infantry5: (1400, 750), Sentry: (1400, 750)}
[2025-05-22 23:53:29.446]<DEBUG> [SerialHandler] <0x0003> GameRobotHp: Red1: 0, Red2: 0, Red3: 0, Red4: 0, Red5: 0, Red7: 0, RedOutpost: 0, RedBase: 0, Blue1: 0, Blue2: 0, Blue3: 0, Blue4: 0, Blue5: 0, Blue7: 0, BlueOutpost: 0, BlueBase: 0
[2025-05-22 23:53:29.749]<DEBUG> [SerialHandler] <0x0003> GameRobotHp: Red1: 0, Red2: 0, Red3: 0, Red4: 0, Red5: 0, Red7: 0, RedOutpost: 0, RedBase: 0, Blue1: 0, Blue2: 0, Blue3: 0, Blue4: 0, Blue5: 0, Blue7: 0, BlueOutpost: 0, BlueBase: 0
[2025-05-22 23:53:29.750]<DEBUG> [DataManager]Send data: {Hero: (1400, 750), Engineer: (1400, 750), Infantry3: (1400, 750), Infantry4: (1400, 750), Infantry5: (1400, 750), Sentry: (1400, 750)}
[2025-05-22 23:53:30.051]<DEBUG> [SerialHandler] <0x0003> GameRobotHp: Red1: 0, Red2: 0, Red3: 0, Red4: 0, Red5: 0, Red7: 0, RedOutpost: 0, RedBase: 0, Blue1: 0, Blue2: 0, Blue3: 0, Blue4: 0, Blue5: 0, Blue7: 0, BlueOutpost: 0, BlueBase: 0
[2025-05-22 23:53:30.053]<DEBUG> [DataManager]Send data: {Hero: (1400, 750), Engineer: (1400, 750), Infantry3: (1400, 750), Infantry4: (1400, 750), Infantry5: (1400, 750), Sentry: (1400, 750)}
[2025-05-22 23:53:30.175]<DEBUG> [SerialHandler] <0x0101> GameBuff: IsSupplyAreaOccupied: False, IsSupplyAreaOccupied2: False, IsSupplyAreaOccupied3: False, IsLittleEnergyOrganActivated: False, IsBigEnergyOrganActivated: False, IsCentralHighlandOccupied: False, IsTrapezoidalHighlandOccupied: False, EnemyDartHitTime: 0, EnemyDartHitTarget: 0, CenterGainPointStatus: 0
[2025-05-22 23:53:30.343]<DEBUG> [SerialHandler] <0x0003> GameRobotHp: Red1: 0, Red2: 0, Red3: 0, Red4: 0, Red5: 0, Red7: 0, RedOutpost: 0, RedBase: 0, Blue1: 0, Blue2: 0, Blue3: 0, Blue4: 0, Blue5: 0, Blue7: 0, BlueOutpost: 0, BlueBase: 0
[2025-05-22 23:53:30.345]<DEBUG> [DataManager]Send data: {Hero: (1400, 750), Engineer: (1400, 750), Infantry3: (1400, 750), Infantry4: (1400, 750), Infantry5: (1400, 750), Sentry: (1400, 750)}
[2025-05-22 23:53:30.661]<DEBUG> [SerialHandler] <0x0003> GameRobotHp: Red1: 0, Red2: 0, Red3: 0, Red4: 0, Red5: 0, Red7: 0, RedOutpost: 0, RedBase: 0, Blue1: 0, Blue2: 0, Blue3: 0, Blue4: 0, Blue5: 0, Blue7: 0, BlueOutpost: 0, BlueBase: 0
[2025-05-22 23:53:30.662]<DEBUG> [DataManager]Send data: {Hero: (1400, 750), Engineer: (1400, 750), Infantry3: (1400, 750), Infantry4: (1400, 750), Infantry5: (1400, 750), Sentry: (1400, 750)}
[2025-05-22 23:53:30.936]<DEBUG> [SerialHandler] <0x0003> GameRobotHp: Red1: 0, Red2: 0, Red3: 0, Red4: 0, Red5: 0, Red7: 0, RedOutpost: 0, RedBase: 0, Blue1: 0, Blue2: 0, Blue3: 0, Blue4: 0, Blue5: 0, Blue7: 0, BlueOutpost: 0, BlueBase: 0
[2025-05-22 23:53:30.938]<DEBUG> [DataManager]Send data: {Hero: (1400, 750), Engineer: (1400, 750), Infantry3: (1400, 750), Infantry4: (1400, 750), Infantry5: (1400, 750), Sentry: (1400, 750)}
[2025-05-22 23:53:31.160]<DEBUG> [SerialHandler] <0x0001> GameStatus: GameType: 1, GameStage: NotStarted, StageRemainTime: 0, SyncTimestamp: 0
[2025-05-22 23:53:31.220]<DEBUG> [DataManager]Send data: {Hero: (1400, 750), Engineer: (1400, 750), Infantry3: (1400, 750), Infantry4: (1400, 750), Infantry5: (1400, 750), Sentry: (1400, 750)}
[2025-05-22 23:53:31.245]<DEBUG> [SerialHandler] <0x0003> GameRobotHp: Red1: 0, Red2: 0, Red3: 0, Red4: 0, Red5: 0, Red7: 0, RedOutpost: 0, RedBase: 0, Blue1: 0, Blue2: 0, Blue3: 0, Blue4: 0, Blue5: 0, Blue7: 0, BlueOutpost: 0, BlueBase: 0
[2025-05-22 23:53:31.536]<DEBUG> [SerialHandler] <0x0003> GameRobotHp: Red1: 0, Red2: 0, Red3: 0, Red4: 0, Red5: 0, Red7: 0, RedOutpost: 0, RedBase: 0, Blue1: 0, Blue2: 0, Blue3: 0, Blue4: 0, Blue5: 0, Blue7: 0, BlueOutpost: 0, BlueBase: 0
[2025-05-22 23:53:31.538]<DEBUG> [DataManager]Send data: {Hero: (1400, 750), Engineer: (1400, 750), Infantry3: (1400, 750), Infantry4: (1400, 750), Infantry5: (1400, 750), Sentry: (1400, 750)}
[2025-05-22 23:53:31.836]<DEBUG> [SerialHandler] <0x0003> GameRobotHp: Red1: 0, Red2: 0, Red3: 0, Red4: 0, Red5: 0, Red7: 0, RedOutpost: 0, RedBase: 0, Blue1: 0, Blue2: 0, Blue3: 0, Blue4: 0, Blue5: 0, Blue7: 0, BlueOutpost: 0, BlueBase: 0
[2025-05-22 23:53:31.838]<DEBUG> [DataManager]Send data: {Hero: (1400, 750), Engineer: (1400, 750), Infantry3: (1400, 750), Infantry4: (1400, 750), Infantry5: (1400, 750), Sentry: (1400, 750)}
[2025-05-22 23:53:32.151]<DEBUG> [DataManager]Send data: {Hero: (1400, 750), Engineer: (1400, 750), Infantry3: (1400, 750), Infantry4: (1400, 750), Infantry5: (1400, 750), Sentry: (1400, 750)}
[2025-05-22 23:53:32.153]<DEBUG> [SerialHandler] <0x0003> GameRobotHp: Red1: 0, Red2: 0, Red3: 0, Red4: 0, Red5: 0, Red7: 0, RedOutpost: 0, RedBase: 0, Blue1: 0, Blue2: 0, Blue3: 0, Blue4: 0, Blue5: 0, Blue7: 0, BlueOutpost: 0, BlueBase: 0
[2025-05-22 23:53:32.448]<DEBUG> [DataManager]Send data: {Hero: (1400, 750), Engineer: (1400, 750), Infantry3: (1400, 750), Infantry4: (1400, 750), Infantry5: (1400, 750), Sentry: (1400, 750)}
[2025-05-22 23:53:32.450]<DEBUG> [SerialHandler] <0x0003> GameRobotHp: Red1: 0, Red2: 0, Red3: 0, Red4: 0, Red5: 0, Red7: 0, RedOutpost: 0, RedBase: 0, Blue1: 0, Blue2: 0, Blue3: 0, Blue4: 0, Blue5: 0, Blue7: 0, BlueOutpost: 0, BlueBase: 0
[2025-05-22 23:53:32.780]<DEBUG> [SerialHandler] <0x0003> GameRobotHp: Red1: 0, Red2: 0, Red3: 0, Red4: 0, Red5: 0, Red7: 0, RedOutpost: 0, RedBase: 0, Blue1: 0, Blue2: 0, Blue3: 0, Blue4: 0, Blue5: 0, Blue7: 0, BlueOutpost: 0, BlueBase: 0
[2025-05-22 23:53:32.782]<DEBUG> [DataManager]Send data: {Hero: (1400, 750), Engineer: (1400, 750), Infantry3: (1400, 750), Infantry4: (1400, 750), Infantry5: (1400, 750), Sentry: (1400, 750)}
[2025-05-22 23:53:33.036]<DEBUG> [SerialHandler] <0x0003> GameRobotHp: Red1: 0, Red2: 0, Red3: 0, Red4: 0, Red5: 0, Red7: 0, RedOutpost: 0, RedBase: 0, Blue1: 0, Blue2: 0, Blue3: 0, Blue4: 0, Blue5: 0, Blue7: 0, BlueOutpost: 0, BlueBase: 0
[2025-05-22 23:53:33.108]<DEBUG> [DataManager]Send data: {Hero: (1400, 750), Engineer: (1400, 750), Infantry3: (1400, 750), Infantry4: (1400, 750), Infantry5: (1400, 750), Sentry: (1400, 750)}
[2025-05-22 23:53:33.486]<DEBUG> [SerialHandler] <0x0003> GameRobotHp: Red1: 0, Red2: 0, Red3: 0, Red4: 0, Red5: 0, Red7: 0, RedOutpost: 0, RedBase: 0, Blue1: 0, Blue2: 0, Blue3: 0, Blue4: 0, Blue5: 0, Blue7: 0, BlueOutpost: 0, BlueBase: 0
[2025-05-22 23:53:33.655]<DEBUG> [SerialHandler] <0x0003> GameRobotHp: Red1: 0, Red2: 0, Red3: 0, Red4: 0, Red5: 0, Red7: 0, RedOutpost: 0, RedBase: 0, Blue1: 0, Blue2: 0, Blue3: 0, Blue4: 0, Blue5: 0, Blue7: 0, BlueOutpost: 0, BlueBase: 0
[2025-05-22 23:53:33.657]<DEBUG> [DataManager]Send data: {Hero: (1400, 750), Engineer: (1400, 750), Infantry3: (1400, 750), Infantry4: (1400, 750), Infantry5: (1400, 750), Sentry: (1400, 750)}
[2025-05-22 23:53:33.931]<DEBUG> [DataManager]Send data: {Hero: (1400, 750), Engineer: (1400, 750), Infantry3: (1400, 750), Infantry4: (1400, 750), Infantry5: (1400, 750), Sentry: (1400, 750)}
[2025-05-22 23:53:33.961]<DEBUG> [SerialHandler] <0x0003> GameRobotHp: Red1: 0, Red2: 0, Red3: 0, Red4: 0, Red5: 0, Red7: 0, RedOutpost: 0, RedBase: 0, Blue1: 0, Blue2: 0, Blue3: 0, Blue4: 0, Blue5: 0, Blue7: 0, BlueOutpost: 0, BlueBase: 0
[2025-05-22 23:53:34.220]<DEBUG> [DataManager]Send data: {Hero: (1400, 750), Engineer: (1400, 750), Infantry3: (1400, 750), Infantry4: (1400, 750), Infantry5: (1400, 750), Sentry: (1400, 750)}
[2025-05-22 23:53:34.266]<DEBUG> [SerialHandler] <0x0003> GameRobotHp: Red1: 0, Red2: 0, Red3: 0, Red4: 0, Red5: 0, Red7: 0, RedOutpost: 0, RedBase: 0, Blue1: 0, Blue2: 0, Blue3: 0, Blue4: 0, Blue5: 0, Blue7: 0, BlueOutpost: 0, BlueBase: 0
[2025-05-22 23:53:34.515]<DEBUG> [DataManager]Send data: {Hero: (1400, 750), Engineer: (1400, 750), Infantry3: (1400, 750), Infantry4: (1400, 750), Infantry5: (1400, 750), Sentry: (1400, 750)}
[2025-05-22 23:53:34.541]<DEBUG> [SerialHandler] <0x0003> GameRobotHp: Red1: 0, Red2: 0, Red3: 0, Red4: 0, Red5: 0, Red7: 0, RedOutpost: 0, RedBase: 0, Blue1: 0, Blue2: 0, Blue3: 0, Blue4: 0, Blue5: 0, Blue7: 0, BlueOutpost: 0, BlueBase: 0
[2025-05-22 23:53:34.778]<DEBUG> [DataManager]Send data: {Hero: (1400, 750), Engineer: (1400, 750), Infantry3: (1400, 750), Infantry4: (1400, 750), Infantry5: (1400, 750), Sentry: (1400, 750)}
[2025-05-22 23:53:34.844]<DEBUG> [SerialHandler] <0x0003> GameRobotHp: Red1: 0, Red2: 0, Red3: 0, Red4: 0, Red5: 0, Red7: 0, RedOutpost: 0, RedBase: 0, Blue1: 0, Blue2: 0, Blue3: 0, Blue4: 0, Blue5: 0, Blue7: 0, BlueOutpost: 0, BlueBase: 0
[2025-05-22 23:53:35.103]<DEBUG> [DataManager]Send data: {Hero: (1400, 750), Engineer: (1400, 750), Infantry3: (1400, 750), Infantry4: (1400, 750), Infantry5: (1400, 750), Sentry: (1400, 750)}
[2025-05-22 23:53:35.196]<DEBUG> [SerialHandler] <0x0101> GameBuff: IsSupplyAreaOccupied: False, IsSupplyAreaOccupied2: False, IsSupplyAreaOccupied3: False, IsLittleEnergyOrganActivated: False, IsBigEnergyOrganActivated: False, IsCentralHighlandOccupied: False, IsTrapezoidalHighlandOccupied: False, EnemyDartHitTime: 0, EnemyDartHitTarget: 0, CenterGainPointStatus: 0
[2025-05-22 23:53:35.391]<DEBUG> [DataManager]Send data: {Hero: (1400, 750), Engineer: (1400, 750), Infantry3: (1400, 750), Infantry4: (1400, 750), Infantry5: (1400, 750), Sentry: (1400, 750)}
[2025-05-22 23:53:35.435]<DEBUG> [SerialHandler] <0x0003> GameRobotHp: Red1: 0, Red2: 0, Red3: 0, Red4: 0, Red5: 0, Red7: 0, RedOutpost: 0, RedBase: 0, Blue1: 0, Blue2: 0, Blue3: 0, Blue4: 0, Blue5: 0, Blue7: 0, BlueOutpost: 0, BlueBase: 0
[2025-05-22 23:53:35.710]<DEBUG> [DataManager]Send data: {Hero: (1400, 750), Engineer: (1400, 750), Infantry3: (1400, 750), Infantry4: (1400, 750), Infantry5: (1400, 750), Sentry: (1400, 750)}
[2025-05-22 23:53:35.760]<DEBUG> [SerialHandler] <0x0003> GameRobotHp: Red1: 0, Red2: 0, Red3: 0, Red4: 0, Red5: 0, Red7: 0, RedOutpost: 0, RedBase: 0, Blue1: 0, Blue2: 0, Blue3: 0, Blue4: 0, Blue5: 0, Blue7: 0, BlueOutpost: 0, BlueBase: 0
[2025-05-22 23:53:35.987]<DEBUG> [DataManager]Send data: {Hero: (1400, 750), Engineer: (1400, 750), Infantry3: (1400, 750), Infantry4: (1400, 750), Infantry5: (1400, 750), Sentry: (1400, 750)}
[2025-05-22 23:53:36.048]<DEBUG> [SerialHandler] <0x0003> GameRobotHp: Red1: 0, Red2: 0, Red3: 0, Red4: 0, Red5: 0, Red7: 0, RedOutpost: 0, RedBase: 0, Blue1: 0, Blue2: 0, Blue3: 0, Blue4: 0, Blue5: 0, Blue7: 0, BlueOutpost: 0, BlueBase: 0
[2025-05-22 23:53:36.277]<DEBUG> [DataManager]Send data: {Hero: (1400, 750), Engineer: (1400, 750), Infantry3: (1400, 750), Infantry4: (1400, 750), Infantry5: (1400, 750), Sentry: (1400, 750)}
[2025-05-22 23:53:36.329]<DEBUG> [SerialHandler] <0x0003> GameRobotHp: Red1: 0, Red2: 0, Red3: 0, Red4: 0, Red5: 0, Red7: 0, RedOutpost: 0, RedBase: 0, Blue1: 0, Blue2: 0, Blue3: 0, Blue4: 0, Blue5: 0, Blue7: 0, BlueOutpost: 0, BlueBase: 0
[2025-05-22 23:53:36.580]<DEBUG> [DataManager]Send data: {Hero: (1400, 750), Engineer: (1400, 750), Infantry3: (1400, 750), Infantry4: (1400, 750), Infantry5: (1400, 750), Sentry: (1400, 750)}
[2025-05-22 23:53:36.669]<DEBUG> [SerialHandler] <0x0003> GameRobotHp: Red1: 0, Red2: 0, Red3: 0, Red4: 0, Red5: 0, Red7: 0, RedOutpost: 0, RedBase: 0, Blue1: 0, Blue2: 0, Blue3: 0, Blue4: 0, Blue5: 0, Blue7: 0, BlueOutpost: 0, BlueBase: 0
[2025-05-22 23:53:36.867]<DEBUG> [DataManager]Send data: {Hero: (1400, 750), Engineer: (1400, 750), Infantry3: (1400, 750), Infantry4: (1400, 750), Infantry5: (1400, 750), Sentry: (1400, 750)}
[2025-05-22 23:53:36.966]<DEBUG> [SerialHandler] <0x0003> GameRobotHp: Red1: 0, Red2: 0, Red3: 0, Red4: 0, Red5: 0, Red7: 0, RedOutpost: 0, RedBase: 0, Blue1: 0, Blue2: 0, Blue3: 0, Blue4: 0, Blue5: 0, Blue7: 0, BlueOutpost: 0, BlueBase: 0
[2025-05-22 23:53:37.146]<DEBUG> [DataManager]Send data: {Hero: (1400, 750), Engineer: (1400, 750), Infantry3: (1400, 750), Infantry4: (1400, 750), Infantry5: (1400, 750), Sentry: (1400, 750)}
[2025-05-22 23:53:37.268]<DEBUG> [SerialHandler] <0x0003> GameRobotHp: Red1: 0, Red2: 0, Red3: 0, Red4: 0, Red5: 0, Red7: 0, RedOutpost: 0, RedBase: 0, Blue1: 0, Blue2: 0, Blue3: 0, Blue4: 0, Blue5: 0, Blue7: 0, BlueOutpost: 0, BlueBase: 0
[2025-05-22 23:53:37.565]<DEBUG> [SerialHandler] <0x0003> GameRobotHp: Red1: 0, Red2: 0, Red3: 0, Red4: 0, Red5: 0, Red7: 0, RedOutpost: 0, RedBase: 0, Blue1: 0, Blue2: 0, Blue3: 0, Blue4: 0, Blue5: 0, Blue7: 0, BlueOutpost: 0, BlueBase: 0
[2025-05-22 23:53:37.715]<DEBUG> [DataManager]Send data: {Hero: (1400, 750), Engineer: (1400, 750), Infantry3: (1400, 750), Infantry4: (1400, 750), Infantry5: (1400, 750), Sentry: (1400, 750)}
[2025-05-22 23:53:37.882]<DEBUG> [SerialHandler] <0x0003> GameRobotHp: Red1: 0, Red2: 0, Red3: 0, Red4: 0, Red5: 0, Red7: 0, RedOutpost: 0, RedBase: 0, Blue1: 0, Blue2: 0, Blue3: 0, Blue4: 0, Blue5: 0, Blue7: 0, BlueOutpost: 0, BlueBase: 0
[2025-05-22 23:53:38.006]<DEBUG> [DataManager]Send data: {Hero: (1400, 750), Engineer: (1400, 750), Infantry3: (1400, 750), Infantry4: (1400, 750), Infantry5: (1400, 750), Sentry: (1400, 750)}
[2025-05-22 23:53:38.167]<DEBUG> [SerialHandler] <0x0001> GameStatus: GameType: 1, GameStage: NotStarted, StageRemainTime: 0, SyncTimestamp: 0
[2025-05-22 23:53:38.328]<DEBUG> [DataManager]Send data: {Hero: (1400, 750), Engineer: (1400, 750), Infantry3: (1400, 750), Infantry4: (1400, 750), Infantry5: (1400, 750), Sentry: (1400, 750)}
[2025-05-22 23:53:38.445]<DEBUG> [SerialHandler] <0x0003> GameRobotHp: Red1: 0, Red2: 0, Red3: 0, Red4: 0, Red5: 0, Red7: 0, RedOutpost: 0, RedBase: 0, Blue1: 0, Blue2: 0, Blue3: 0, Blue4: 0, Blue5: 0, Blue7: 0, BlueOutpost: 0, BlueBase: 0
[2025-05-22 23:53:38.604]<DEBUG> [DataManager]Send data: {Hero: (1400, 750), Engineer: (1400, 750), Infantry3: (1400, 750), Infantry4: (1400, 750), Infantry5: (1400, 750), Sentry: (1400, 750)}
[2025-05-22 23:53:38.771]<DEBUG> [SerialHandler] <0x0003> GameRobotHp: Red1: 0, Red2: 0, Red3: 0, Red4: 0, Red5: 0, Red7: 0, RedOutpost: 0, RedBase: 0, Blue1: 0, Blue2: 0, Blue3: 0, Blue4: 0, Blue5: 0, Blue7: 0, BlueOutpost: 0, BlueBase: 0
[2025-05-22 23:53:38.924]<DEBUG> [DataManager]Send data: {Hero: (1400, 750), Engineer: (1400, 750), Infantry3: (1400, 750), Infantry4: (1400, 750), Infantry5: (1400, 750), Sentry: (1400, 750)}
[2025-05-22 23:53:39.032]<DEBUG> [SerialHandler] <0x0003> GameRobotHp: Red1: 0, Red2: 0, Red3: 0, Red4: 0, Red5: 0, Red7: 0, RedOutpost: 0, RedBase: 0, Blue1: 0, Blue2: 0, Blue3: 0, Blue4: 0, Blue5: 0, Blue7: 0, BlueOutpost: 0, BlueBase: 0
[2025-05-22 23:53:39.214]<DEBUG> [DataManager]Send data: {Hero: (1400, 750), Engineer: (1400, 750), Infantry3: (1400, 750), Infantry4: (1400, 750), Infantry5: (1400, 750), Sentry: (1400, 750)}
[2025-05-22 23:53:39.346]<DEBUG> [SerialHandler] <0x0003> GameRobotHp: Red1: 0, Red2: 0, Red3: 0, Red4: 0, Red5: 0, Red7: 0, RedOutpost: 0, RedBase: 0, Blue1: 0, Blue2: 0, Blue3: 0, Blue4: 0, Blue5: 0, Blue7: 0, BlueOutpost: 0, BlueBase: 0
[2025-05-22 23:53:39.510]<DEBUG> [DataManager]Send data: {Hero: (1400, 750), Engineer: (1400, 750), Infantry3: (1400, 750), Infantry4: (1400, 750), Infantry5: (1400, 750), Sentry: (1400, 750)}
[2025-05-22 23:53:39.648]<DEBUG> [SerialHandler] <0x0003> GameRobotHp: Red1: 0, Red2: 0, Red3: 0, Red4: 0, Red5: 0, Red7: 0, RedOutpost: 0, RedBase: 0, Blue1: 0, Blue2: 0, Blue3: 0, Blue4: 0, Blue5: 0, Blue7: 0, BlueOutpost: 0, BlueBase: 0
[2025-05-22 23:53:39.778]<DEBUG> [DataManager]Send data: {Hero: (1400, 750), Engineer: (1400, 750), Infantry3: (1400, 750), Infantry4: (1400, 750), Infantry5: (1400, 750), Sentry: (1400, 750)}
[2025-05-22 23:53:39.988]<DEBUG> [SerialHandler] <0x0003> GameRobotHp: Red1: 0, Red2: 0, Red3: 0, Red4: 0, Red5: 0, Red7: 0, RedOutpost: 0, RedBase: 0, Blue1: 0, Blue2: 0, Blue3: 0, Blue4: 0, Blue5: 0, Blue7: 0, BlueOutpost: 0, BlueBase: 0
[2025-05-22 23:53:40.072]<DEBUG> [DataManager]Send data: {Hero: (1400, 750), Engineer: (1400, 750), Infantry3: (1400, 750), Infantry4: (1400, 750), Infantry5: (1400, 750), Sentry: (1400, 750)}
[2025-05-22 23:53:40.163]<DEBUG> [SerialHandler] <0x0101> GameBuff: IsSupplyAreaOccupied: False, IsSupplyAreaOccupied2: False, IsSupplyAreaOccupied3: False, IsLittleEnergyOrganActivated: False, IsBigEnergyOrganActivated: False, IsCentralHighlandOccupied: False, IsTrapezoidalHighlandOccupied: False, EnemyDartHitTime: 0, EnemyDartHitTarget: 0, CenterGainPointStatus: 0
[2025-05-22 23:53:40.260]<DEBUG> [SerialHandler] <0x0003> GameRobotHp: Red1: 0, Red2: 0, Red3: 0, Red4: 0, Red5: 0, Red7: 0, RedOutpost: 0, RedBase: 0, Blue1: 0, Blue2: 0, Blue3: 0, Blue4: 0, Blue5: 0, Blue7: 0, BlueOutpost: 0, BlueBase: 0
