---SerialHandler Log File Created: 2025-05-22 23:53:19.113 ---
[2025-05-22 23:53:19.112]<DEBUG> [SerialHandler]Serial port closed.
[2025-05-22 23:53:19.115]<DEBUG> [SerialHandler]Serial port opened: COM6
[2025-05-22 23:53:19.142]<DEBUG> [SerialHandler] <0x0101> GameBuff: IsSupplyAreaOccupied: False, IsSupplyAreaOccupied2: False, IsSupplyAreaOccupied3: False, IsLittleEnergyOrganActivated: False, IsBigEnergyOrganActivated: False, IsCentralHighlandOccupied: False, IsTrapezoidalHighlandOccupied: False, EnemyDartHitTime: 0, EnemyDartHitTarget: 0, CenterGainPointStatus: 0
[2025-05-22 23:53:19.288]<DEBUG> [SerialHandler] <0x0003> GameRobotHp: Red1: 0, Red2: 0, Red3: 0, Red4: 0, Red5: 0, Red7: 0, RedOutpost: 0, RedBase: 0, Blue1: 0, Blue2: 0, Blue3: 0, Blue4: 0, Blue5: 0, Blue7: 0, BlueOutpost: 0, BlueBase: 0
[2025-05-22 23:53:19.552]<DEBUG> [SerialHandler] <0x0003> GameRobotHp: Red1: 0, Red2: 0, Red3: 0, Red4: 0, Red5: 0, Red7: 0, RedOutpost: 0, RedBase: 0, Blue1: 0, Blue2: 0, Blue3: 0, Blue4: 0, Blue5: 0, Blue7: 0, BlueOutpost: 0, BlueBase: 0
[2025-05-22 23:53:19.846]<DEBUG> [SerialHandler] <0x0003> GameRobotHp: Red1: 0, Red2: 0, Red3: 0, Red4: 0, Red5: 0, Red7: 0, RedOutpost: 0, RedBase: 0, Blue1: 0, Blue2: 0, Blue3: 0, Blue4: 0, Blue5: 0, Blue7: 0, BlueOutpost: 0, BlueBase: 0
[2025-05-22 23:53:20.152]<DEBUG> [SerialHandler] <0x020E> RadarStatus: DoubleDebuffChances: 0,IsDoubleDebuffAble: False
[2025-05-22 23:53:20.449]<DEBUG> [SerialHandler] <0x0003> GameRobotHp: Red1: 0, Red2: 0, Red3: 0, Red4: 0, Red5: 0, Red7: 0, RedOutpost: 0, RedBase: 0, Blue1: 0, Blue2: 0, Blue3: 0, Blue4: 0, Blue5: 0, Blue7: 0, BlueOutpost: 0, BlueBase: 0
[2025-05-22 23:53:20.743]<DEBUG> [SerialHandler] <0x0003> GameRobotHp: Red1: 0, Red2: 0, Red3: 0, Red4: 0, Red5: 0, Red7: 0, RedOutpost: 0, RedBase: 0, Blue1: 0, Blue2: 0, Blue3: 0, Blue4: 0, Blue5: 0, Blue7: 0, BlueOutpost: 0, BlueBase: 0
[2025-05-22 23:53:21.051]<DEBUG> [SerialHandler] <0x0003> GameRobotHp: Red1: 0, Red2: 0, Red3: 0, Red4: 0, Red5: 0, Red7: 0, RedOutpost: 0, RedBase: 0, Blue1: 0, Blue2: 0, Blue3: 0, Blue4: 0, Blue5: 0, Blue7: 0, BlueOutpost: 0, BlueBase: 0
[2025-05-22 23:53:21.340]<DEBUG> [SerialHandler] <0x0003> GameRobotHp: Red1: 0, Red2: 0, Red3: 0, Red4: 0, Red5: 0, Red7: 0, RedOutpost: 0, RedBase: 0, Blue1: 0, Blue2: 0, Blue3: 0, Blue4: 0, Blue5: 0, Blue7: 0, BlueOutpost: 0, BlueBase: 0
[2025-05-22 23:53:21.653]<DEBUG> [SerialHandler] <0x0003> GameRobotHp: Red1: 0, Red2: 0, Red3: 0, Red4: 0, Red5: 0, Red7: 0, RedOutpost: 0, RedBase: 0, Blue1: 0, Blue2: 0, Blue3: 0, Blue4: 0, Blue5: 0, Blue7: 0, BlueOutpost: 0, BlueBase: 0
[2025-05-22 23:53:21.964]<DEBUG> [SerialHandler] <0x0003> GameRobotHp: Red1: 0, Red2: 0, Red3: 0, Red4: 0, Red5: 0, Red7: 0, RedOutpost: 0, RedBase: 0, Blue1: 0, Blue2: 0, Blue3: 0, Blue4: 0, Blue5: 0, Blue7: 0, BlueOutpost: 0, BlueBase: 0
[2025-05-22 23:53:22.247]<DEBUG> [SerialHandler] <0x0003> GameRobotHp: Red1: 0, Red2: 0, Red3: 0, Red4: 0, Red5: 0, Red7: 0, RedOutpost: 0, RedBase: 0, Blue1: 0, Blue2: 0, Blue3: 0, Blue4: 0, Blue5: 0, Blue7: 0, BlueOutpost: 0, BlueBase: 0
[2025-05-22 23:53:22.618]<DEBUG> [SerialHandler] <0x0003> GameRobotHp: Red1: 0, Red2: 0, Red3: 0, Red4: 0, Red5: 0, Red7: 0, RedOutpost: 0, RedBase: 0, Blue1: 0, Blue2: 0, Blue3: 0, Blue4: 0, Blue5: 0, Blue7: 0, BlueOutpost: 0, BlueBase: 0
[2025-05-22 23:53:22.847]<DEBUG> [SerialHandler] <0x0003> GameRobotHp: Red1: 0, Red2: 0, Red3: 0, Red4: 0, Red5: 0, Red7: 0, RedOutpost: 0, RedBase: 0, Blue1: 0, Blue2: 0, Blue3: 0, Blue4: 0, Blue5: 0, Blue7: 0, BlueOutpost: 0, BlueBase: 0
[2025-05-22 23:53:23.229]<DEBUG> [SerialHandler] <0x0003> GameRobotHp: Red1: 0, Red2: 0, Red3: 0, Red4: 0, Red5: 0, Red7: 0, RedOutpost: 0, RedBase: 0, Blue1: 0, Blue2: 0, Blue3: 0, Blue4: 0, Blue5: 0, Blue7: 0, BlueOutpost: 0, BlueBase: 0
[2025-05-22 23:53:23.462]<DEBUG> [SerialHandler] <0x0003> GameRobotHp: Red1: 0, Red2: 0, Red3: 0, Red4: 0, Red5: 0, Red7: 0, RedOutpost: 0, RedBase: 0, Blue1: 0, Blue2: 0, Blue3: 0, Blue4: 0, Blue5: 0, Blue7: 0, BlueOutpost: 0, BlueBase: 0
[2025-05-22 23:53:23.734]<DEBUG> [SerialHandler] <0x0003> GameRobotHp: Red1: 0, Red2: 0, Red3: 0, Red4: 0, Red5: 0, Red7: 0, RedOutpost: 0, RedBase: 0, Blue1: 0, Blue2: 0, Blue3: 0, Blue4: 0, Blue5: 0, Blue7: 0, BlueOutpost: 0, BlueBase: 0
[2025-05-22 23:53:24.031]<DEBUG> [SerialHandler] <0x0003> GameRobotHp: Red1: 0, Red2: 0, Red3: 0, Red4: 0, Red5: 0, Red7: 0, RedOutpost: 0, RedBase: 0, Blue1: 0, Blue2: 0, Blue3: 0, Blue4: 0, Blue5: 0, Blue7: 0, BlueOutpost: 0, BlueBase: 0
[2025-05-22 23:53:24.151]<DEBUG> [SerialHandler] <0x0001> GameStatus: GameType: 1, GameStage: NotStarted, StageRemainTime: 0, SyncTimestamp: 0
[2025-05-22 23:53:24.362]<DEBUG> [SerialHandler] <0x0003> GameRobotHp: Red1: 0, Red2: 0, Red3: 0, Red4: 0, Red5: 0, Red7: 0, RedOutpost: 0, RedBase: 0, Blue1: 0, Blue2: 0, Blue3: 0, Blue4: 0, Blue5: 0, Blue7: 0, BlueOutpost: 0, BlueBase: 0
[2025-05-22 23:53:24.642]<DEBUG> [SerialHandler] <0x0003> GameRobotHp: Red1: 0, Red2: 0, Red3: 0, Red4: 0, Red5: 0, Red7: 0, RedOutpost: 0, RedBase: 0, Blue1: 0, Blue2: 0, Blue3: 0, Blue4: 0, Blue5: 0, Blue7: 0, BlueOutpost: 0, BlueBase: 0
[2025-05-22 23:53:24.929]<DEBUG> [SerialHandler] <0x0003> GameRobotHp: Red1: 0, Red2: 0, Red3: 0, Red4: 0, Red5: 0, Red7: 0, RedOutpost: 0, RedBase: 0, Blue1: 0, Blue2: 0, Blue3: 0, Blue4: 0, Blue5: 0, Blue7: 0, BlueOutpost: 0, BlueBase: 0
[2025-05-22 23:53:25.150]<DEBUG> [SerialHandler] <0x020E> RadarStatus: DoubleDebuffChances: 0,IsDoubleDebuffAble: False
[2025-05-22 23:53:25.233]<DEBUG> [SerialHandler] <0x0003> GameRobotHp: Red1: 0, Red2: 0, Red3: 0, Red4: 0, Red5: 0, Red7: 0, RedOutpost: 0, RedBase: 0, Blue1: 0, Blue2: 0, Blue3: 0, Blue4: 0, Blue5: 0, Blue7: 0, BlueOutpost: 0, BlueBase: 0
[2025-05-22 23:53:25.605]<DEBUG> [SerialHandler] <0x0003> GameRobotHp: Red1: 0, Red2: 0, Red3: 0, Red4: 0, Red5: 0, Red7: 0, RedOutpost: 0, RedBase: 0, Blue1: 0, Blue2: 0, Blue3: 0, Blue4: 0, Blue5: 0, Blue7: 0, BlueOutpost: 0, BlueBase: 0
[2025-05-22 23:53:25.838]<DEBUG> [SerialHandler] <0x0003> GameRobotHp: Red1: 0, Red2: 0, Red3: 0, Red4: 0, Red5: 0, Red7: 0, RedOutpost: 0, RedBase: 0, Blue1: 0, Blue2: 0, Blue3: 0, Blue4: 0, Blue5: 0, Blue7: 0, BlueOutpost: 0, BlueBase: 0
[2025-05-22 23:53:26.485]<DEBUG> [SerialHandler] <0x0003> GameRobotHp: Red1: 0, Red2: 0, Red3: 0, Red4: 0, Red5: 0, Red7: 0, RedOutpost: 0, RedBase: 0, Blue1: 0, Blue2: 0, Blue3: 0, Blue4: 0, Blue5: 0, Blue7: 0, BlueOutpost: 0, BlueBase: 0
[2025-05-22 23:53:26.765]<DEBUG> [SerialHandler] <0x0003> GameRobotHp: Red1: 0, Red2: 0, Red3: 0, Red4: 0, Red5: 0, Red7: 0, RedOutpost: 0, RedBase: 0, Blue1: 0, Blue2: 0, Blue3: 0, Blue4: 0, Blue5: 0, Blue7: 0, BlueOutpost: 0, BlueBase: 0
[2025-05-22 23:53:27.092]<DEBUG> [SerialHandler] <0x0003> GameRobotHp: Red1: 0, Red2: 0, Red3: 0, Red4: 0, Red5: 0, Red7: 0, RedOutpost: 0, RedBase: 0, Blue1: 0, Blue2: 0, Blue3: 0, Blue4: 0, Blue5: 0, Blue7: 0, BlueOutpost: 0, BlueBase: 0
[2025-05-22 23:53:27.167]<DEBUG> [SerialHandler] <0x0001> GameStatus: GameType: 1, GameStage: NotStarted, StageRemainTime: 0, SyncTimestamp: 0
[2025-05-22 23:53:27.647]<DEBUG> [SerialHandler] <0x0003> GameRobotHp: Red1: 0, Red2: 0, Red3: 0, Red4: 0, Red5: 0, Red7: 0, RedOutpost: 0, RedBase: 0, Blue1: 0, Blue2: 0, Blue3: 0, Blue4: 0, Blue5: 0, Blue7: 0, BlueOutpost: 0, BlueBase: 0
[2025-05-22 23:53:27.958]<DEBUG> [SerialHandler] <0x0003> GameRobotHp: Red1: 0, Red2: 0, Red3: 0, Red4: 0, Red5: 0, Red7: 0, RedOutpost: 0, RedBase: 0, Blue1: 0, Blue2: 0, Blue3: 0, Blue4: 0, Blue5: 0, Blue7: 0, BlueOutpost: 0, BlueBase: 0
[2025-05-22 23:53:28.157]<DEBUG> [SerialHandler] <0x0101> GameBuff: IsSupplyAreaOccupied: False, IsSupplyAreaOccupied2: False, IsSupplyAreaOccupied3: False, IsLittleEnergyOrganActivated: False, IsBigEnergyOrganActivated: False, IsCentralHighlandOccupied: False, IsTrapezoidalHighlandOccupied: False, EnemyDartHitTime: 0, EnemyDartHitTarget: 0, CenterGainPointStatus: 0
[2025-05-22 23:53:28.158]<DEBUG> [SerialHandler] <0x020E> RadarStatus: DoubleDebuffChances: 0,IsDoubleDebuffAble: False
[2025-05-22 23:53:28.278]<DEBUG> [SerialHandler] <0x0003> GameRobotHp: Red1: 0, Red2: 0, Red3: 0, Red4: 0, Red5: 0, Red7: 0, RedOutpost: 0, RedBase: 0, Blue1: 0, Blue2: 0, Blue3: 0, Blue4: 0, Blue5: 0, Blue7: 0, BlueOutpost: 0, BlueBase: 0
[2025-05-22 23:53:28.562]<DEBUG> [SerialHandler] <0x0003> GameRobotHp: Red1: 0, Red2: 0, Red3: 0, Red4: 0, Red5: 0, Red7: 0, RedOutpost: 0, RedBase: 0, Blue1: 0, Blue2: 0, Blue3: 0, Blue4: 0, Blue5: 0, Blue7: 0, BlueOutpost: 0, BlueBase: 0
[2025-05-22 23:53:28.852]<DEBUG> [SerialHandler] <0x0003> GameRobotHp: Red1: 0, Red2: 0, Red3: 0, Red4: 0, Red5: 0, Red7: 0, RedOutpost: 0, RedBase: 0, Blue1: 0, Blue2: 0, Blue3: 0, Blue4: 0, Blue5: 0, Blue7: 0, BlueOutpost: 0, BlueBase: 0
[2025-05-22 23:53:29.163]<DEBUG> [SerialHandler] <0x020E> RadarStatus: DoubleDebuffChances: 0,IsDoubleDebuffAble: False
[2025-05-22 23:53:29.446]<DEBUG> [SerialHandler] <0x0003> GameRobotHp: Red1: 0, Red2: 0, Red3: 0, Red4: 0, Red5: 0, Red7: 0, RedOutpost: 0, RedBase: 0, Blue1: 0, Blue2: 0, Blue3: 0, Blue4: 0, Blue5: 0, Blue7: 0, BlueOutpost: 0, BlueBase: 0
[2025-05-22 23:53:29.749]<DEBUG> [SerialHandler] <0x0003> GameRobotHp: Red1: 0, Red2: 0, Red3: 0, Red4: 0, Red5: 0, Red7: 0, RedOutpost: 0, RedBase: 0, Blue1: 0, Blue2: 0, Blue3: 0, Blue4: 0, Blue5: 0, Blue7: 0, BlueOutpost: 0, BlueBase: 0
[2025-05-22 23:53:30.051]<DEBUG> [SerialHandler] <0x0003> GameRobotHp: Red1: 0, Red2: 0, Red3: 0, Red4: 0, Red5: 0, Red7: 0, RedOutpost: 0, RedBase: 0, Blue1: 0, Blue2: 0, Blue3: 0, Blue4: 0, Blue5: 0, Blue7: 0, BlueOutpost: 0, BlueBase: 0
[2025-05-22 23:53:30.175]<DEBUG> [SerialHandler] <0x0101> GameBuff: IsSupplyAreaOccupied: False, IsSupplyAreaOccupied2: False, IsSupplyAreaOccupied3: False, IsLittleEnergyOrganActivated: False, IsBigEnergyOrganActivated: False, IsCentralHighlandOccupied: False, IsTrapezoidalHighlandOccupied: False, EnemyDartHitTime: 0, EnemyDartHitTarget: 0, CenterGainPointStatus: 0
[2025-05-22 23:53:30.343]<DEBUG> [SerialHandler] <0x0003> GameRobotHp: Red1: 0, Red2: 0, Red3: 0, Red4: 0, Red5: 0, Red7: 0, RedOutpost: 0, RedBase: 0, Blue1: 0, Blue2: 0, Blue3: 0, Blue4: 0, Blue5: 0, Blue7: 0, BlueOutpost: 0, BlueBase: 0
[2025-05-22 23:53:30.661]<DEBUG> [SerialHandler] <0x0003> GameRobotHp: Red1: 0, Red2: 0, Red3: 0, Red4: 0, Red5: 0, Red7: 0, RedOutpost: 0, RedBase: 0, Blue1: 0, Blue2: 0, Blue3: 0, Blue4: 0, Blue5: 0, Blue7: 0, BlueOutpost: 0, BlueBase: 0
[2025-05-22 23:53:30.936]<DEBUG> [SerialHandler] <0x0003> GameRobotHp: Red1: 0, Red2: 0, Red3: 0, Red4: 0, Red5: 0, Red7: 0, RedOutpost: 0, RedBase: 0, Blue1: 0, Blue2: 0, Blue3: 0, Blue4: 0, Blue5: 0, Blue7: 0, BlueOutpost: 0, BlueBase: 0
[2025-05-22 23:53:31.160]<DEBUG> [SerialHandler] <0x0001> GameStatus: GameType: 1, GameStage: NotStarted, StageRemainTime: 0, SyncTimestamp: 0
[2025-05-22 23:53:31.245]<DEBUG> [SerialHandler] <0x0003> GameRobotHp: Red1: 0, Red2: 0, Red3: 0, Red4: 0, Red5: 0, Red7: 0, RedOutpost: 0, RedBase: 0, Blue1: 0, Blue2: 0, Blue3: 0, Blue4: 0, Blue5: 0, Blue7: 0, BlueOutpost: 0, BlueBase: 0
[2025-05-22 23:53:31.536]<DEBUG> [SerialHandler] <0x0003> GameRobotHp: Red1: 0, Red2: 0, Red3: 0, Red4: 0, Red5: 0, Red7: 0, RedOutpost: 0, RedBase: 0, Blue1: 0, Blue2: 0, Blue3: 0, Blue4: 0, Blue5: 0, Blue7: 0, BlueOutpost: 0, BlueBase: 0
[2025-05-22 23:53:31.836]<DEBUG> [SerialHandler] <0x0003> GameRobotHp: Red1: 0, Red2: 0, Red3: 0, Red4: 0, Red5: 0, Red7: 0, RedOutpost: 0, RedBase: 0, Blue1: 0, Blue2: 0, Blue3: 0, Blue4: 0, Blue5: 0, Blue7: 0, BlueOutpost: 0, BlueBase: 0
[2025-05-22 23:53:32.153]<DEBUG> [SerialHandler] <0x0003> GameRobotHp: Red1: 0, Red2: 0, Red3: 0, Red4: 0, Red5: 0, Red7: 0, RedOutpost: 0, RedBase: 0, Blue1: 0, Blue2: 0, Blue3: 0, Blue4: 0, Blue5: 0, Blue7: 0, BlueOutpost: 0, BlueBase: 0
[2025-05-22 23:53:32.450]<DEBUG> [SerialHandler] <0x0003> GameRobotHp: Red1: 0, Red2: 0, Red3: 0, Red4: 0, Red5: 0, Red7: 0, RedOutpost: 0, RedBase: 0, Blue1: 0, Blue2: 0, Blue3: 0, Blue4: 0, Blue5: 0, Blue7: 0, BlueOutpost: 0, BlueBase: 0
[2025-05-22 23:53:32.780]<DEBUG> [SerialHandler] <0x0003> GameRobotHp: Red1: 0, Red2: 0, Red3: 0, Red4: 0, Red5: 0, Red7: 0, RedOutpost: 0, RedBase: 0, Blue1: 0, Blue2: 0, Blue3: 0, Blue4: 0, Blue5: 0, Blue7: 0, BlueOutpost: 0, BlueBase: 0
[2025-05-22 23:53:33.036]<DEBUG> [SerialHandler] <0x0003> GameRobotHp: Red1: 0, Red2: 0, Red3: 0, Red4: 0, Red5: 0, Red7: 0, RedOutpost: 0, RedBase: 0, Blue1: 0, Blue2: 0, Blue3: 0, Blue4: 0, Blue5: 0, Blue7: 0, BlueOutpost: 0, BlueBase: 0
[2025-05-22 23:53:33.486]<DEBUG> [SerialHandler] <0x0003> GameRobotHp: Red1: 0, Red2: 0, Red3: 0, Red4: 0, Red5: 0, Red7: 0, RedOutpost: 0, RedBase: 0, Blue1: 0, Blue2: 0, Blue3: 0, Blue4: 0, Blue5: 0, Blue7: 0, BlueOutpost: 0, BlueBase: 0
[2025-05-22 23:53:33.655]<DEBUG> [SerialHandler] <0x0003> GameRobotHp: Red1: 0, Red2: 0, Red3: 0, Red4: 0, Red5: 0, Red7: 0, RedOutpost: 0, RedBase: 0, Blue1: 0, Blue2: 0, Blue3: 0, Blue4: 0, Blue5: 0, Blue7: 0, BlueOutpost: 0, BlueBase: 0
[2025-05-22 23:53:33.961]<DEBUG> [SerialHandler] <0x0003> GameRobotHp: Red1: 0, Red2: 0, Red3: 0, Red4: 0, Red5: 0, Red7: 0, RedOutpost: 0, RedBase: 0, Blue1: 0, Blue2: 0, Blue3: 0, Blue4: 0, Blue5: 0, Blue7: 0, BlueOutpost: 0, BlueBase: 0
[2025-05-22 23:53:34.266]<DEBUG> [SerialHandler] <0x0003> GameRobotHp: Red1: 0, Red2: 0, Red3: 0, Red4: 0, Red5: 0, Red7: 0, RedOutpost: 0, RedBase: 0, Blue1: 0, Blue2: 0, Blue3: 0, Blue4: 0, Blue5: 0, Blue7: 0, BlueOutpost: 0, BlueBase: 0
[2025-05-22 23:53:34.541]<DEBUG> [SerialHandler] <0x0003> GameRobotHp: Red1: 0, Red2: 0, Red3: 0, Red4: 0, Red5: 0, Red7: 0, RedOutpost: 0, RedBase: 0, Blue1: 0, Blue2: 0, Blue3: 0, Blue4: 0, Blue5: 0, Blue7: 0, BlueOutpost: 0, BlueBase: 0
[2025-05-22 23:53:34.844]<DEBUG> [SerialHandler] <0x0003> GameRobotHp: Red1: 0, Red2: 0, Red3: 0, Red4: 0, Red5: 0, Red7: 0, RedOutpost: 0, RedBase: 0, Blue1: 0, Blue2: 0, Blue3: 0, Blue4: 0, Blue5: 0, Blue7: 0, BlueOutpost: 0, BlueBase: 0
[2025-05-22 23:53:35.196]<DEBUG> [SerialHandler] <0x0101> GameBuff: IsSupplyAreaOccupied: False, IsSupplyAreaOccupied2: False, IsSupplyAreaOccupied3: False, IsLittleEnergyOrganActivated: False, IsBigEnergyOrganActivated: False, IsCentralHighlandOccupied: False, IsTrapezoidalHighlandOccupied: False, EnemyDartHitTime: 0, EnemyDartHitTarget: 0, CenterGainPointStatus: 0
[2025-05-22 23:53:35.435]<DEBUG> [SerialHandler] <0x0003> GameRobotHp: Red1: 0, Red2: 0, Red3: 0, Red4: 0, Red5: 0, Red7: 0, RedOutpost: 0, RedBase: 0, Blue1: 0, Blue2: 0, Blue3: 0, Blue4: 0, Blue5: 0, Blue7: 0, BlueOutpost: 0, BlueBase: 0
[2025-05-22 23:53:35.760]<DEBUG> [SerialHandler] <0x0003> GameRobotHp: Red1: 0, Red2: 0, Red3: 0, Red4: 0, Red5: 0, Red7: 0, RedOutpost: 0, RedBase: 0, Blue1: 0, Blue2: 0, Blue3: 0, Blue4: 0, Blue5: 0, Blue7: 0, BlueOutpost: 0, BlueBase: 0
[2025-05-22 23:53:36.048]<DEBUG> [SerialHandler] <0x0003> GameRobotHp: Red1: 0, Red2: 0, Red3: 0, Red4: 0, Red5: 0, Red7: 0, RedOutpost: 0, RedBase: 0, Blue1: 0, Blue2: 0, Blue3: 0, Blue4: 0, Blue5: 0, Blue7: 0, BlueOutpost: 0, BlueBase: 0
[2025-05-22 23:53:36.329]<DEBUG> [SerialHandler] <0x0003> GameRobotHp: Red1: 0, Red2: 0, Red3: 0, Red4: 0, Red5: 0, Red7: 0, RedOutpost: 0, RedBase: 0, Blue1: 0, Blue2: 0, Blue3: 0, Blue4: 0, Blue5: 0, Blue7: 0, BlueOutpost: 0, BlueBase: 0
[2025-05-22 23:53:36.669]<DEBUG> [SerialHandler] <0x0003> GameRobotHp: Red1: 0, Red2: 0, Red3: 0, Red4: 0, Red5: 0, Red7: 0, RedOutpost: 0, RedBase: 0, Blue1: 0, Blue2: 0, Blue3: 0, Blue4: 0, Blue5: 0, Blue7: 0, BlueOutpost: 0, BlueBase: 0
[2025-05-22 23:53:36.966]<DEBUG> [SerialHandler] <0x0003> GameRobotHp: Red1: 0, Red2: 0, Red3: 0, Red4: 0, Red5: 0, Red7: 0, RedOutpost: 0, RedBase: 0, Blue1: 0, Blue2: 0, Blue3: 0, Blue4: 0, Blue5: 0, Blue7: 0, BlueOutpost: 0, BlueBase: 0
[2025-05-22 23:53:37.268]<DEBUG> [SerialHandler] <0x0003> GameRobotHp: Red1: 0, Red2: 0, Red3: 0, Red4: 0, Red5: 0, Red7: 0, RedOutpost: 0, RedBase: 0, Blue1: 0, Blue2: 0, Blue3: 0, Blue4: 0, Blue5: 0, Blue7: 0, BlueOutpost: 0, BlueBase: 0
[2025-05-22 23:53:37.565]<DEBUG> [SerialHandler] <0x0003> GameRobotHp: Red1: 0, Red2: 0, Red3: 0, Red4: 0, Red5: 0, Red7: 0, RedOutpost: 0, RedBase: 0, Blue1: 0, Blue2: 0, Blue3: 0, Blue4: 0, Blue5: 0, Blue7: 0, BlueOutpost: 0, BlueBase: 0
[2025-05-22 23:53:37.882]<DEBUG> [SerialHandler] <0x0003> GameRobotHp: Red1: 0, Red2: 0, Red3: 0, Red4: 0, Red5: 0, Red7: 0, RedOutpost: 0, RedBase: 0, Blue1: 0, Blue2: 0, Blue3: 0, Blue4: 0, Blue5: 0, Blue7: 0, BlueOutpost: 0, BlueBase: 0
[2025-05-22 23:53:38.167]<DEBUG> [SerialHandler] <0x0001> GameStatus: GameType: 1, GameStage: NotStarted, StageRemainTime: 0, SyncTimestamp: 0
[2025-05-22 23:53:38.445]<DEBUG> [SerialHandler] <0x0003> GameRobotHp: Red1: 0, Red2: 0, Red3: 0, Red4: 0, Red5: 0, Red7: 0, RedOutpost: 0, RedBase: 0, Blue1: 0, Blue2: 0, Blue3: 0, Blue4: 0, Blue5: 0, Blue7: 0, BlueOutpost: 0, BlueBase: 0
[2025-05-22 23:53:38.771]<DEBUG> [SerialHandler] <0x0003> GameRobotHp: Red1: 0, Red2: 0, Red3: 0, Red4: 0, Red5: 0, Red7: 0, RedOutpost: 0, RedBase: 0, Blue1: 0, Blue2: 0, Blue3: 0, Blue4: 0, Blue5: 0, Blue7: 0, BlueOutpost: 0, BlueBase: 0
[2025-05-22 23:53:39.032]<DEBUG> [SerialHandler] <0x0003> GameRobotHp: Red1: 0, Red2: 0, Red3: 0, Red4: 0, Red5: 0, Red7: 0, RedOutpost: 0, RedBase: 0, Blue1: 0, Blue2: 0, Blue3: 0, Blue4: 0, Blue5: 0, Blue7: 0, BlueOutpost: 0, BlueBase: 0
[2025-05-22 23:53:39.346]<DEBUG> [SerialHandler] <0x0003> GameRobotHp: Red1: 0, Red2: 0, Red3: 0, Red4: 0, Red5: 0, Red7: 0, RedOutpost: 0, RedBase: 0, Blue1: 0, Blue2: 0, Blue3: 0, Blue4: 0, Blue5: 0, Blue7: 0, BlueOutpost: 0, BlueBase: 0
[2025-05-22 23:53:39.648]<DEBUG> [SerialHandler] <0x0003> GameRobotHp: Red1: 0, Red2: 0, Red3: 0, Red4: 0, Red5: 0, Red7: 0, RedOutpost: 0, RedBase: 0, Blue1: 0, Blue2: 0, Blue3: 0, Blue4: 0, Blue5: 0, Blue7: 0, BlueOutpost: 0, BlueBase: 0
[2025-05-22 23:53:39.988]<DEBUG> [SerialHandler] <0x0003> GameRobotHp: Red1: 0, Red2: 0, Red3: 0, Red4: 0, Red5: 0, Red7: 0, RedOutpost: 0, RedBase: 0, Blue1: 0, Blue2: 0, Blue3: 0, Blue4: 0, Blue5: 0, Blue7: 0, BlueOutpost: 0, BlueBase: 0
[2025-05-22 23:53:40.163]<DEBUG> [SerialHandler] <0x0101> GameBuff: IsSupplyAreaOccupied: False, IsSupplyAreaOccupied2: False, IsSupplyAreaOccupied3: False, IsLittleEnergyOrganActivated: False, IsBigEnergyOrganActivated: False, IsCentralHighlandOccupied: False, IsTrapezoidalHighlandOccupied: False, EnemyDartHitTime: 0, EnemyDartHitTarget: 0, CenterGainPointStatus: 0
[2025-05-22 23:53:40.260]<DEBUG> [SerialHandler] <0x0003> GameRobotHp: Red1: 0, Red2: 0, Red3: 0, Red4: 0, Red5: 0, Red7: 0, RedOutpost: 0, RedBase: 0, Blue1: 0, Blue2: 0, Blue3: 0, Blue4: 0, Blue5: 0, Blue7: 0, BlueOutpost: 0, BlueBase: 0
